

================================================================
== Vitis HLS Report for 'bnn_layer1_xnor'
================================================================
* Date:           Tue Mar  3 20:44:23 2026

* Version:        2024.1 (Build 5069499 on May 21 2024)
* Project:        bbn_layer1_BRAM
* Solution:       hls (Vivado IP Flow Target)
* Product family: zynquplus
* Target device:  xczu3eg-sfvc784-2-e


================================================================
== Performance Estimates
================================================================
+ Timing: 
    * Summary: 
    +--------+---------+----------+------------+
    |  Clock |  Target | Estimated| Uncertainty|
    +--------+---------+----------+------------+
    |ap_clk  |  5.00 ns|  3.650 ns|     1.35 ns|
    +--------+---------+----------+------------+

+ Latency: 
    * Summary: 
    +---------+---------+----------+----------+-----+-----+---------+
    |  Latency (cycles) |  Latency (absolute) |  Interval | Pipeline|
    |   min   |   max   |    min   |    max   | min | max |   Type  |
    +---------+---------+----------+----------+-----+-----+---------+
    |      269|      270|  1.345 us|  1.350 us|  270|  271|       no|
    +---------+---------+----------+----------+-----+-----+---------+

    + Detail: 
        * Instance: 
        +-------------------------------------------------+--------------------------------------+---------+---------+----------+----------+-----+-----+-----------------------------------------------+
        |                                                 |                                      |  Latency (cycles) |  Latency (absolute) |  Interval |                    Pipeline                   |
        |                     Instance                    |                Module                |   min   |   max   |    min   |    max   | min | max |                      Type                     |
        +-------------------------------------------------+--------------------------------------+---------+---------+----------+----------+-----+-----+-----------------------------------------------+
        |grp_bnn_layer1_xnor_Pipeline_NEURON_LOOP_fu_133  |bnn_layer1_xnor_Pipeline_NEURON_LOOP  |      261|      261|  1.305 us|  1.305 us|  257|  257|  loop auto-rewind stp(delay=0 clock cycles(s))|
        |grp_bnn_layer1_xnor_Pipeline_LOAD_LOOP_fu_143    |bnn_layer1_xnor_Pipeline_LOAD_LOOP    |      259|      259|  1.295 us|  1.295 us|  257|  257|  loop auto-rewind stp(delay=0 clock cycles(s))|
        +-------------------------------------------------+--------------------------------------+---------+---------+----------+----------+-----+-----+-----------------------------------------------+

        * Loop: 
        N/A

============================================================
+ Verbose Summary: Synthesis Manager
============================================================
InlineROM: 1
ExposeGlobal: 0
============================================================
+ Verbose Summary: CDFG Model
============================================================
IsTopModel: 1
ResetActiveHigh: 1
IsCombinational: 0
IsDatapathOnly: 0
HasWiredReturn: 1
HasMFsm: 0
HasVarLatency: 1
IsPipeline: 0
IsRtlPipelined: 0
IsInstanceOverlapped: 0
IsDontTouch: 0
HasImplIP: 0
IsGatedGlobalClock: 0


============================================================
+ Verbose Summary: Schedule
============================================================
* Number of FSM states : 19
* Pipeline : 0
* Dataflow Pipeline: 0

* FSM state transitions: 
1 --> 2 10 
2 --> 3 
3 --> 4 
4 --> 5 
5 --> 6 
6 --> 7 
7 --> 8 
8 --> 9 
9 --> 19 
10 --> 11 
11 --> 12 
12 --> 13 
13 --> 14 
14 --> 15 
15 --> 16 
16 --> 17 
17 --> 18 
18 --> 19 
19 --> 

* FSM state operations: 

State 1 <SV = 0> <Delay = 1.00>
ST_1 : Operation 20 [1/1] (0.00ns)   --->   "%spectopmodule_ln3 = spectopmodule void @_ssdm_op_SpecTopModule, void @empty_13" [bnn_layer1.cpp:3]   --->   Operation 20 'spectopmodule' 'spectopmodule_ln3' <Predicate = true> <Delay = 0.00>
ST_1 : Operation 21 [1/1] (0.00ns)   --->   "%specinterface_ln0 = specinterface void @_ssdm_op_SpecInterface, i16 %gmem0, void @empty, i32 0, i32 0, void @empty_0, i32 0, i32 256, void @empty_1, void @empty_2, void @empty_0, i32 16, i32 16, i32 16, i32 16, void @empty_0, void @empty_0, i32 4294967295, i32 0, i32 0"   --->   Operation 21 'specinterface' 'specinterface_ln0' <Predicate = true> <Delay = 0.00>
ST_1 : Operation 22 [1/1] (0.00ns)   --->   "%specbitsmap_ln0 = specbitsmap void @_ssdm_op_SpecBitsMap, i16 %gmem0"   --->   Operation 22 'specbitsmap' 'specbitsmap_ln0' <Predicate = true> <Delay = 0.00>
ST_1 : Operation 23 [1/1] (0.00ns)   --->   "%specinterface_ln0 = specinterface void @_ssdm_op_SpecInterface, i1024 %gmem1, void @empty, i32 0, i32 0, void @empty_0, i32 0, i32 256, void @empty_3, void @empty_2, void @empty_0, i32 16, i32 16, i32 16, i32 16, void @empty_0, void @empty_0, i32 4294967295, i32 0, i32 0"   --->   Operation 23 'specinterface' 'specinterface_ln0' <Predicate = true> <Delay = 0.00>
ST_1 : Operation 24 [1/1] (0.00ns)   --->   "%specbitsmap_ln0 = specbitsmap void @_ssdm_op_SpecBitsMap, i1024 %gmem1"   --->   Operation 24 'specbitsmap' 'specbitsmap_ln0' <Predicate = true> <Delay = 0.00>
ST_1 : Operation 25 [1/1] (0.00ns)   --->   "%specbitsmap_ln0 = specbitsmap void @_ssdm_op_SpecBitsMap, i784 %input_r"   --->   Operation 25 'specbitsmap' 'specbitsmap_ln0' <Predicate = true> <Delay = 0.00>
ST_1 : Operation 26 [1/1] (0.00ns)   --->   "%specinterface_ln0 = specinterface void @_ssdm_op_SpecInterface, i784 %input_r, void @empty_4, i32 4294967295, i32 4294967295, void @empty_5, i32 0, i32 0, void @empty_6, void @empty_7, void @empty_0, i32 0, i32 0, i32 0, i32 0, void @empty_0, void @empty_0, i32 4294967295, i32 0, i32 0"   --->   Operation 26 'specinterface' 'specinterface_ln0' <Predicate = true> <Delay = 0.00>
ST_1 : Operation 27 [1/1] (0.00ns)   --->   "%specinterface_ln0 = specinterface void @_ssdm_op_SpecInterface, i784 %input_r, void @empty_8, i32 4294967295, i32 4294967295, void @empty_0, i32 0, i32 0, void @empty_0, void @empty_0, void @empty_0, i32 0, i32 0, i32 0, i32 0, void @empty_0, void @empty_0, i32 4294967295, i32 0, i32 0"   --->   Operation 27 'specinterface' 'specinterface_ln0' <Predicate = true> <Delay = 0.00>
ST_1 : Operation 28 [1/1] (0.00ns)   --->   "%specinterface_ln0 = specinterface void @_ssdm_op_SpecInterface, i64 %output_r, void @empty_4, i32 0, i32 0, void @empty_0, i32 0, i32 0, void @empty_6, void @empty_9, void @empty_0, i32 0, i32 0, i32 0, i32 0, void @empty_0, void @empty_10, i32 4294967295, i32 0, i32 0"   --->   Operation 28 'specinterface' 'specinterface_ln0' <Predicate = true> <Delay = 0.00>
ST_1 : Operation 29 [1/1] (0.00ns)   --->   "%specinterface_ln0 = specinterface void @_ssdm_op_SpecInterface, i64 %output_r, void @empty_8, i32 0, i32 0, void @empty_0, i32 0, i32 0, void @empty_0, void @empty_0, void @empty_0, i32 0, i32 0, i32 0, i32 0, void @empty_0, void @empty_10, i32 4294967295, i32 0, i32 0"   --->   Operation 29 'specinterface' 'specinterface_ln0' <Predicate = true> <Delay = 0.00>
ST_1 : Operation 30 [1/1] (0.00ns)   --->   "%specinterface_ln0 = specinterface void @_ssdm_op_SpecInterface, i64 %weights, void @empty_4, i32 0, i32 0, void @empty_0, i32 0, i32 0, void @empty_6, void @empty_11, void @empty_0, i32 0, i32 0, i32 0, i32 0, void @empty_0, void @empty_10, i32 4294967295, i32 0, i32 0"   --->   Operation 30 'specinterface' 'specinterface_ln0' <Predicate = true> <Delay = 0.00>
ST_1 : Operation 31 [1/1] (0.00ns)   --->   "%specinterface_ln0 = specinterface void @_ssdm_op_SpecInterface, i64 %weights, void @empty_8, i32 0, i32 0, void @empty_0, i32 0, i32 0, void @empty_0, void @empty_0, void @empty_0, i32 0, i32 0, i32 0, i32 0, void @empty_0, void @empty_10, i32 4294967295, i32 0, i32 0"   --->   Operation 31 'specinterface' 'specinterface_ln0' <Predicate = true> <Delay = 0.00>
ST_1 : Operation 32 [1/1] (0.00ns)   --->   "%specbitsmap_ln0 = specbitsmap void @_ssdm_op_SpecBitsMap, i1 %load_weights"   --->   Operation 32 'specbitsmap' 'specbitsmap_ln0' <Predicate = true> <Delay = 0.00>
ST_1 : Operation 33 [1/1] (0.00ns)   --->   "%specinterface_ln0 = specinterface void @_ssdm_op_SpecInterface, i1 %load_weights, void @empty_4, i32 4294967295, i32 4294967295, void @empty_5, i32 0, i32 0, void @empty_6, void @empty_12, void @empty_0, i32 0, i32 0, i32 0, i32 0, void @empty_0, void @empty_0, i32 4294967295, i32 0, i32 0"   --->   Operation 33 'specinterface' 'specinterface_ln0' <Predicate = true> <Delay = 0.00>
ST_1 : Operation 34 [1/1] (0.00ns)   --->   "%specinterface_ln0 = specinterface void @_ssdm_op_SpecInterface, i1 %load_weights, void @empty_8, i32 4294967295, i32 4294967295, void @empty_0, i32 0, i32 0, void @empty_0, void @empty_0, void @empty_0, i32 0, i32 0, i32 0, i32 0, void @empty_0, void @empty_0, i32 4294967295, i32 0, i32 0"   --->   Operation 34 'specinterface' 'specinterface_ln0' <Predicate = true> <Delay = 0.00>
ST_1 : Operation 35 [1/1] (0.00ns)   --->   "%specinterface_ln0 = specinterface void @_ssdm_op_SpecInterface, i32 0, void @empty_4, i32 0, i32 0, void @empty_0, i32 0, i32 0, void @empty_6, void @empty_0, void @empty_0, i32 0, i32 0, i32 0, i32 0, void @empty_0, void @empty_0, i32 4294967295, i32 0, i32 0"   --->   Operation 35 'specinterface' 'specinterface_ln0' <Predicate = true> <Delay = 0.00>
ST_1 : Operation 36 [1/1] (1.00ns)   --->   "%load_weights_read = read i1 @_ssdm_op_Read.s_axilite.i1, i1 %load_weights" [bnn_layer1.cpp:4]   --->   Operation 36 'read' 'load_weights_read' <Predicate = true> <Delay = 1.00> <CoreInst = "s_axilite">   --->   Core 120 's_axilite' <Latency = 0> <II = 1> <Delay = 1.00> <Adapter> <Opcode : 'read' 'write'>
ST_1 : Operation 37 [1/1] (1.00ns)   --->   "%weights_read = read i64 @_ssdm_op_Read.s_axilite.i64, i64 %weights" [bnn_layer1.cpp:4]   --->   Operation 37 'read' 'weights_read' <Predicate = true> <Delay = 1.00> <CoreInst = "s_axilite">   --->   Core 120 's_axilite' <Latency = 0> <II = 1> <Delay = 1.00> <Adapter> <Opcode : 'read' 'write'>
ST_1 : Operation 38 [1/1] (1.00ns)   --->   "%output_r_read = read i64 @_ssdm_op_Read.s_axilite.i64, i64 %output_r" [bnn_layer1.cpp:4]   --->   Operation 38 'read' 'output_r_read' <Predicate = true> <Delay = 1.00> <CoreInst = "s_axilite">   --->   Core 120 's_axilite' <Latency = 0> <II = 1> <Delay = 1.00> <Adapter> <Opcode : 'read' 'write'>
ST_1 : Operation 39 [1/1] (1.00ns)   --->   "%input_r_read = read i784 @_ssdm_op_Read.s_axilite.i784, i784 %input_r" [bnn_layer1.cpp:4]   --->   Operation 39 'read' 'input_r_read' <Predicate = true> <Delay = 1.00> <CoreInst = "s_axilite">   --->   Core 120 's_axilite' <Latency = 0> <II = 1> <Delay = 1.00> <Adapter> <Opcode : 'read' 'write'>
ST_1 : Operation 40 [1/1] (0.00ns)   --->   "%specmemcore_ln18 = specmemcore void @_ssdm_op_SpecMemCore, i784 %local_weights, i64 666, i64 22, i64 18446744073709551615" [bnn_layer1.cpp:18]   --->   Operation 40 'specmemcore' 'specmemcore_ln18' <Predicate = true> <Delay = 0.00>
ST_1 : Operation 41 [1/1] (0.00ns)   --->   "%br_ln21 = br i1 %load_weights_read, void %NEURON_LOOP, void %LOAD_LOOP" [bnn_layer1.cpp:21]   --->   Operation 41 'br' 'br_ln21' <Predicate = true> <Delay = 0.00>
ST_1 : Operation 42 [1/1] (0.00ns)   --->   "%trunc_ln1 = partselect i63 @_ssdm_op_PartSelect.i63.i64.i32.i32, i64 %output_r_read, i32 1, i32 63" [bnn_layer1.cpp:30]   --->   Operation 42 'partselect' 'trunc_ln1' <Predicate = (!load_weights_read)> <Delay = 0.00>
ST_1 : Operation 43 [1/1] (0.00ns)   --->   "%trunc_ln = partselect i57 @_ssdm_op_PartSelect.i57.i64.i32.i32, i64 %weights_read, i32 7, i32 63" [bnn_layer1.cpp:22]   --->   Operation 43 'partselect' 'trunc_ln' <Predicate = (load_weights_read)> <Delay = 0.00>

State 2 <SV = 1> <Delay = 3.65>
ST_2 : Operation 44 [1/1] (0.00ns)   --->   "%sext_ln30 = sext i63 %trunc_ln1" [bnn_layer1.cpp:30]   --->   Operation 44 'sext' 'sext_ln30' <Predicate = true> <Delay = 0.00>
ST_2 : Operation 45 [1/1] (0.00ns)   --->   "%gmem0_addr = getelementptr i16 %gmem0, i64 %sext_ln30" [bnn_layer1.cpp:30]   --->   Operation 45 'getelementptr' 'gmem0_addr' <Predicate = true> <Delay = 0.00>
ST_2 : Operation 46 [1/1] (3.65ns)   --->   "%empty_21 = writereq i1 @_ssdm_op_WriteReq.m_axi.p1i16, i16 %gmem0_addr, i64 256" [bnn_layer1.cpp:30]   --->   Operation 46 'writereq' 'empty_21' <Predicate = true> <Delay = 3.65> <CoreInst = "m_axi">   --->   Core 119 'm_axi' <Latency = 0> <II = 1> <Delay = 1.00> <Adapter> <Opcode : 'read' 'write' 'readreq' 'writereq' 'writeresp'>

State 3 <SV = 2> <Delay = 0.00>
ST_3 : Operation 47 [2/2] (0.00ns)   --->   "%call_ln30 = call void @bnn_layer1_xnor_Pipeline_NEURON_LOOP, i16 %gmem0, i63 %trunc_ln1, i784 %input_r_read, i784 %local_weights" [bnn_layer1.cpp:30]   --->   Operation 47 'call' 'call_ln30' <Predicate = true> <Delay = 0.00> <CoreType = "Generic">   --->   Core 0 '' <Latency = 0> <II = 1> <Delay = 1.00> <Generic> <Opcode : >

State 4 <SV = 3> <Delay = 0.00>
ST_4 : Operation 48 [1/2] (0.00ns)   --->   "%call_ln30 = call void @bnn_layer1_xnor_Pipeline_NEURON_LOOP, i16 %gmem0, i63 %trunc_ln1, i784 %input_r_read, i784 %local_weights" [bnn_layer1.cpp:30]   --->   Operation 48 'call' 'call_ln30' <Predicate = true> <Delay = 0.00> <CoreType = "Generic">   --->   Core 0 '' <Latency = 0> <II = 1> <Delay = 1.00> <Generic> <Opcode : >

State 5 <SV = 4> <Delay = 3.65>
ST_5 : Operation 49 [5/5] (3.65ns)   --->   "%empty_22 = writeresp i1 @_ssdm_op_WriteResp.m_axi.p1i16, i16 %gmem0_addr" [bnn_layer1.cpp:46]   --->   Operation 49 'writeresp' 'empty_22' <Predicate = true> <Delay = 3.65> <CoreInst = "m_axi">   --->   Core 119 'm_axi' <Latency = 0> <II = 1> <Delay = 1.00> <Adapter> <Opcode : 'read' 'write' 'readreq' 'writereq' 'writeresp'>

State 6 <SV = 5> <Delay = 3.65>
ST_6 : Operation 50 [4/5] (3.65ns)   --->   "%empty_22 = writeresp i1 @_ssdm_op_WriteResp.m_axi.p1i16, i16 %gmem0_addr" [bnn_layer1.cpp:46]   --->   Operation 50 'writeresp' 'empty_22' <Predicate = true> <Delay = 3.65> <CoreInst = "m_axi">   --->   Core 119 'm_axi' <Latency = 0> <II = 1> <Delay = 1.00> <Adapter> <Opcode : 'read' 'write' 'readreq' 'writereq' 'writeresp'>

State 7 <SV = 6> <Delay = 3.65>
ST_7 : Operation 51 [3/5] (3.65ns)   --->   "%empty_22 = writeresp i1 @_ssdm_op_WriteResp.m_axi.p1i16, i16 %gmem0_addr" [bnn_layer1.cpp:46]   --->   Operation 51 'writeresp' 'empty_22' <Predicate = true> <Delay = 3.65> <CoreInst = "m_axi">   --->   Core 119 'm_axi' <Latency = 0> <II = 1> <Delay = 1.00> <Adapter> <Opcode : 'read' 'write' 'readreq' 'writereq' 'writeresp'>

State 8 <SV = 7> <Delay = 3.65>
ST_8 : Operation 52 [2/5] (3.65ns)   --->   "%empty_22 = writeresp i1 @_ssdm_op_WriteResp.m_axi.p1i16, i16 %gmem0_addr" [bnn_layer1.cpp:46]   --->   Operation 52 'writeresp' 'empty_22' <Predicate = true> <Delay = 3.65> <CoreInst = "m_axi">   --->   Core 119 'm_axi' <Latency = 0> <II = 1> <Delay = 1.00> <Adapter> <Opcode : 'read' 'write' 'readreq' 'writereq' 'writeresp'>

State 9 <SV = 8> <Delay = 3.65>
ST_9 : Operation 53 [1/5] (3.65ns)   --->   "%empty_22 = writeresp i1 @_ssdm_op_WriteResp.m_axi.p1i16, i16 %gmem0_addr" [bnn_layer1.cpp:46]   --->   Operation 53 'writeresp' 'empty_22' <Predicate = true> <Delay = 3.65> <CoreInst = "m_axi">   --->   Core 119 'm_axi' <Latency = 0> <II = 1> <Delay = 1.00> <Adapter> <Opcode : 'read' 'write' 'readreq' 'writereq' 'writeresp'>
ST_9 : Operation 54 [1/1] (0.00ns)   --->   "%br_ln46 = br void %if.end28" [bnn_layer1.cpp:46]   --->   Operation 54 'br' 'br_ln46' <Predicate = true> <Delay = 0.00>

State 10 <SV = 1> <Delay = 3.65>
ST_10 : Operation 55 [1/1] (0.00ns)   --->   "%sext_ln22 = sext i57 %trunc_ln" [bnn_layer1.cpp:22]   --->   Operation 55 'sext' 'sext_ln22' <Predicate = true> <Delay = 0.00>
ST_10 : Operation 56 [1/1] (0.00ns)   --->   "%gmem1_addr = getelementptr i1024 %gmem1, i64 %sext_ln22" [bnn_layer1.cpp:22]   --->   Operation 56 'getelementptr' 'gmem1_addr' <Predicate = true> <Delay = 0.00>
ST_10 : Operation 57 [8/8] (3.65ns)   --->   "%empty = readreq i1 @_ssdm_op_ReadReq.m_axi.p1i1024, i1024 %gmem1_addr, i64 256" [bnn_layer1.cpp:22]   --->   Operation 57 'readreq' 'empty' <Predicate = true> <Delay = 3.65> <CoreInst = "m_axi">   --->   Core 119 'm_axi' <Latency = 0> <II = 1> <Delay = 1.00> <Adapter> <Opcode : 'read' 'write' 'readreq' 'writereq' 'writeresp'>

State 11 <SV = 2> <Delay = 3.65>
ST_11 : Operation 58 [7/8] (3.65ns)   --->   "%empty = readreq i1 @_ssdm_op_ReadReq.m_axi.p1i1024, i1024 %gmem1_addr, i64 256" [bnn_layer1.cpp:22]   --->   Operation 58 'readreq' 'empty' <Predicate = true> <Delay = 3.65> <CoreInst = "m_axi">   --->   Core 119 'm_axi' <Latency = 0> <II = 1> <Delay = 1.00> <Adapter> <Opcode : 'read' 'write' 'readreq' 'writereq' 'writeresp'>

State 12 <SV = 3> <Delay = 3.65>
ST_12 : Operation 59 [6/8] (3.65ns)   --->   "%empty = readreq i1 @_ssdm_op_ReadReq.m_axi.p1i1024, i1024 %gmem1_addr, i64 256" [bnn_layer1.cpp:22]   --->   Operation 59 'readreq' 'empty' <Predicate = true> <Delay = 3.65> <CoreInst = "m_axi">   --->   Core 119 'm_axi' <Latency = 0> <II = 1> <Delay = 1.00> <Adapter> <Opcode : 'read' 'write' 'readreq' 'writereq' 'writeresp'>

State 13 <SV = 4> <Delay = 3.65>
ST_13 : Operation 60 [5/8] (3.65ns)   --->   "%empty = readreq i1 @_ssdm_op_ReadReq.m_axi.p1i1024, i1024 %gmem1_addr, i64 256" [bnn_layer1.cpp:22]   --->   Operation 60 'readreq' 'empty' <Predicate = true> <Delay = 3.65> <CoreInst = "m_axi">   --->   Core 119 'm_axi' <Latency = 0> <II = 1> <Delay = 1.00> <Adapter> <Opcode : 'read' 'write' 'readreq' 'writereq' 'writeresp'>

State 14 <SV = 5> <Delay = 3.65>
ST_14 : Operation 61 [4/8] (3.65ns)   --->   "%empty = readreq i1 @_ssdm_op_ReadReq.m_axi.p1i1024, i1024 %gmem1_addr, i64 256" [bnn_layer1.cpp:22]   --->   Operation 61 'readreq' 'empty' <Predicate = true> <Delay = 3.65> <CoreInst = "m_axi">   --->   Core 119 'm_axi' <Latency = 0> <II = 1> <Delay = 1.00> <Adapter> <Opcode : 'read' 'write' 'readreq' 'writereq' 'writeresp'>

State 15 <SV = 6> <Delay = 3.65>
ST_15 : Operation 62 [3/8] (3.65ns)   --->   "%empty = readreq i1 @_ssdm_op_ReadReq.m_axi.p1i1024, i1024 %gmem1_addr, i64 256" [bnn_layer1.cpp:22]   --->   Operation 62 'readreq' 'empty' <Predicate = true> <Delay = 3.65> <CoreInst = "m_axi">   --->   Core 119 'm_axi' <Latency = 0> <II = 1> <Delay = 1.00> <Adapter> <Opcode : 'read' 'write' 'readreq' 'writereq' 'writeresp'>

State 16 <SV = 7> <Delay = 3.65>
ST_16 : Operation 63 [2/8] (3.65ns)   --->   "%empty = readreq i1 @_ssdm_op_ReadReq.m_axi.p1i1024, i1024 %gmem1_addr, i64 256" [bnn_layer1.cpp:22]   --->   Operation 63 'readreq' 'empty' <Predicate = true> <Delay = 3.65> <CoreInst = "m_axi">   --->   Core 119 'm_axi' <Latency = 0> <II = 1> <Delay = 1.00> <Adapter> <Opcode : 'read' 'write' 'readreq' 'writereq' 'writeresp'>

State 17 <SV = 8> <Delay = 3.65>
ST_17 : Operation 64 [1/8] (3.65ns)   --->   "%empty = readreq i1 @_ssdm_op_ReadReq.m_axi.p1i1024, i1024 %gmem1_addr, i64 256" [bnn_layer1.cpp:22]   --->   Operation 64 'readreq' 'empty' <Predicate = true> <Delay = 3.65> <CoreInst = "m_axi">   --->   Core 119 'm_axi' <Latency = 0> <II = 1> <Delay = 1.00> <Adapter> <Opcode : 'read' 'write' 'readreq' 'writereq' 'writeresp'>

State 18 <SV = 9> <Delay = 0.00>
ST_18 : Operation 65 [2/2] (0.00ns)   --->   "%call_ln22 = call void @bnn_layer1_xnor_Pipeline_LOAD_LOOP, i1024 %gmem1, i57 %trunc_ln, i784 %local_weights" [bnn_layer1.cpp:22]   --->   Operation 65 'call' 'call_ln22' <Predicate = true> <Delay = 0.00> <CoreType = "Generic">   --->   Core 0 '' <Latency = 0> <II = 1> <Delay = 1.00> <Generic> <Opcode : >

State 19 <SV = 10> <Delay = 0.00>
ST_19 : Operation 66 [1/2] (0.00ns)   --->   "%call_ln22 = call void @bnn_layer1_xnor_Pipeline_LOAD_LOOP, i1024 %gmem1, i57 %trunc_ln, i784 %local_weights" [bnn_layer1.cpp:22]   --->   Operation 66 'call' 'call_ln22' <Predicate = (load_weights_read)> <Delay = 0.00> <CoreType = "Generic">   --->   Core 0 '' <Latency = 0> <II = 1> <Delay = 1.00> <Generic> <Opcode : >
ST_19 : Operation 67 [1/1] (0.00ns)   --->   "%br_ln0 = br void %if.end28"   --->   Operation 67 'br' 'br_ln0' <Predicate = (load_weights_read)> <Delay = 0.00>
ST_19 : Operation 68 [1/1] (0.00ns)   --->   "%ret_ln46 = ret" [bnn_layer1.cpp:46]   --->   Operation 68 'ret' 'ret_ln46' <Predicate = true> <Delay = 0.00>


============================================================
+ Verbose Summary: Binding
============================================================
STG Binding: 
---------------- STG Properties BEGIN ----------------
- Is combinational: 0
- Is one-state seq: 0
- Is datapath-only: 0
- Is pipelined: 0
- Is top level: 1
Port [ Return ] is wired: 1; IO mode=ap_ctrl_hs:ce=0
Port [ gmem0]:  wired=1; compound=1; hidden=0; nouse=0; global=0; static=0; extern=0; dir=1; type=4; pingpong=0; private_global=0; IO mode=m_axi:ce=0
Port [ gmem1]:  wired=1; compound=1; hidden=0; nouse=0; global=0; static=0; extern=0; dir=0; type=4; pingpong=0; private_global=0; IO mode=m_axi:ce=0
Port [ input_r]:  wired=1; compound=0; hidden=0; nouse=0; global=0; static=0; extern=0; dir=0; type=0; pingpong=0; private_global=0; IO mode=ap_none:ce=0
Port [ output_r]:  wired=1; compound=0; hidden=0; nouse=0; global=0; static=0; extern=0; dir=0; type=0; pingpong=0; private_global=0; IO mode=ap_none:ce=0
Port [ weights]:  wired=1; compound=0; hidden=0; nouse=0; global=0; static=0; extern=0; dir=0; type=0; pingpong=0; private_global=0; IO mode=ap_none:ce=0
Port [ load_weights]:  wired=1; compound=0; hidden=0; nouse=0; global=0; static=0; extern=0; dir=0; type=0; pingpong=0; private_global=0; IO mode=ap_none:ce=0
Port [ local_weights]:  wired=0; compound=1; hidden=1; nouse=0; global=1; static=1; extern=0; dir=2; type=1; pingpong=0; private_global=1; MemPort=[10]; IO mode=ap_memory:ce=0
---------------- STG Properties END ------------------

---------------- Datapath Model BEGIN ----------------

<LifeTime>
<method=bitvector/>
spectopmodule_ln3 (spectopmodule) [ 00000000000000000000]
specinterface_ln0 (specinterface) [ 00000000000000000000]
specbitsmap_ln0   (specbitsmap  ) [ 00000000000000000000]
specinterface_ln0 (specinterface) [ 00000000000000000000]
specbitsmap_ln0   (specbitsmap  ) [ 00000000000000000000]
specbitsmap_ln0   (specbitsmap  ) [ 00000000000000000000]
specinterface_ln0 (specinterface) [ 00000000000000000000]
specinterface_ln0 (specinterface) [ 00000000000000000000]
specinterface_ln0 (specinterface) [ 00000000000000000000]
specinterface_ln0 (specinterface) [ 00000000000000000000]
specinterface_ln0 (specinterface) [ 00000000000000000000]
specinterface_ln0 (specinterface) [ 00000000000000000000]
specbitsmap_ln0   (specbitsmap  ) [ 00000000000000000000]
specinterface_ln0 (specinterface) [ 00000000000000000000]
specinterface_ln0 (specinterface) [ 00000000000000000000]
specinterface_ln0 (specinterface) [ 00000000000000000000]
load_weights_read (read         ) [ 01111111111111111111]
weights_read      (read         ) [ 00000000000000000000]
output_r_read     (read         ) [ 00000000000000000000]
input_r_read      (read         ) [ 00111000000000000000]
specmemcore_ln18  (specmemcore  ) [ 00000000000000000000]
br_ln21           (br           ) [ 00000000000000000000]
trunc_ln1         (partselect   ) [ 00111000000000000000]
trunc_ln          (partselect   ) [ 00111111111111111111]
sext_ln30         (sext         ) [ 00000000000000000000]
gmem0_addr        (getelementptr) [ 00011111110000000000]
empty_21          (writereq     ) [ 00000000000000000000]
call_ln30         (call         ) [ 00000000000000000000]
empty_22          (writeresp    ) [ 00000000000000000000]
br_ln46           (br           ) [ 00000000000000000000]
sext_ln22         (sext         ) [ 00000000000000000000]
gmem1_addr        (getelementptr) [ 00000000000111111100]
empty             (readreq      ) [ 00000000000000000000]
call_ln22         (call         ) [ 00000000000000000000]
br_ln0            (br           ) [ 00000000000000000000]
ret_ln46          (ret          ) [ 00000000000000000000]
</LifeTime>

<model>

<comp_list>
<comp id="0" class="1000" name="gmem0">
<pin_list>
<pin id="1" dir="1" index="0" bw="1" slack="0"/>
</pin_list>
<bind>
<StgValue><ssdm name="gmem0"/></StgValue>
</bind>
</comp>

<comp id="2" class="1000" name="gmem1">
<pin_list>
<pin id="3" dir="1" index="0" bw="1" slack="0"/>
</pin_list>
<bind>
<StgValue><ssdm name="gmem1"/></StgValue>
</bind>
</comp>

<comp id="4" class="1000" name="input_r">
<pin_list>
<pin id="5" dir="1" index="0" bw="1" slack="0"/>
</pin_list>
<bind>
<StgValue><ssdm name="input_r"/></StgValue>
</bind>
</comp>

<comp id="6" class="1000" name="output_r">
<pin_list>
<pin id="7" dir="1" index="0" bw="1" slack="0"/>
</pin_list>
<bind>
<StgValue><ssdm name="output_r"/></StgValue>
</bind>
</comp>

<comp id="8" class="1000" name="weights">
<pin_list>
<pin id="9" dir="1" index="0" bw="1" slack="0"/>
</pin_list>
<bind>
<StgValue><ssdm name="weights"/></StgValue>
</bind>
</comp>

<comp id="10" class="1000" name="load_weights">
<pin_list>
<pin id="11" dir="1" index="0" bw="1" slack="0"/>
</pin_list>
<bind>
<StgValue><ssdm name="load_weights"/></StgValue>
</bind>
</comp>

<comp id="12" class="1000" name="local_weights">
<pin_list>
<pin id="13" dir="1" index="0" bw="1" slack="0"/>
</pin_list>
<bind>
<StgValue><ssdm name="local_weights"/><MemPortTyVec>1 0 </MemPortTyVec>
</StgValue>
</bind>
</comp>

<comp id="14" class="1001" name="const_14">
<pin_list>
<pin id="15" dir="1" index="0" bw="1" slack="2147483647"/>
</pin_list>
<bind>
<StgValue><ssdm name="_ssdm_op_SpecTopModule"/></StgValue>
</bind>
</comp>

<comp id="16" class="1001" name="const_16">
<pin_list>
<pin id="17" dir="1" index="0" bw="1" slack="2147483647"/>
</pin_list>
<bind>
<StgValue><ssdm name="empty_13"/></StgValue>
</bind>
</comp>

<comp id="18" class="1001" name="const_18">
<pin_list>
<pin id="19" dir="1" index="0" bw="1" slack="2147483647"/>
</pin_list>
<bind>
<StgValue><ssdm name="_ssdm_op_SpecInterface"/></StgValue>
</bind>
</comp>

<comp id="20" class="1001" name="const_20">
<pin_list>
<pin id="21" dir="1" index="0" bw="1" slack="2147483647"/>
</pin_list>
<bind>
<StgValue><ssdm name="empty"/></StgValue>
</bind>
</comp>

<comp id="22" class="1001" name="const_22">
<pin_list>
<pin id="23" dir="1" index="0" bw="1" slack="2147483647"/>
</pin_list>
<bind>
<StgValue><ssdm name=""/></StgValue>
</bind>
</comp>

<comp id="24" class="1001" name="const_24">
<pin_list>
<pin id="25" dir="1" index="0" bw="1" slack="2147483647"/>
</pin_list>
<bind>
<StgValue><ssdm name="empty_0"/></StgValue>
</bind>
</comp>

<comp id="26" class="1001" name="const_26">
<pin_list>
<pin id="27" dir="1" index="0" bw="1" slack="2147483647"/>
</pin_list>
<bind>
<StgValue><ssdm name=""/></StgValue>
</bind>
</comp>

<comp id="28" class="1001" name="const_28">
<pin_list>
<pin id="29" dir="1" index="0" bw="1" slack="2147483647"/>
</pin_list>
<bind>
<StgValue><ssdm name="empty_1"/></StgValue>
</bind>
</comp>

<comp id="30" class="1001" name="const_30">
<pin_list>
<pin id="31" dir="1" index="0" bw="1" slack="2147483647"/>
</pin_list>
<bind>
<StgValue><ssdm name="empty_2"/></StgValue>
</bind>
</comp>

<comp id="32" class="1001" name="const_32">
<pin_list>
<pin id="33" dir="1" index="0" bw="1" slack="2147483647"/>
</pin_list>
<bind>
<StgValue><ssdm name=""/></StgValue>
</bind>
</comp>

<comp id="34" class="1001" name="const_34">
<pin_list>
<pin id="35" dir="1" index="0" bw="1" slack="2147483647"/>
</pin_list>
<bind>
<StgValue><ssdm name=""/></StgValue>
</bind>
</comp>

<comp id="36" class="1001" name="const_36">
<pin_list>
<pin id="37" dir="1" index="0" bw="1" slack="2147483647"/>
</pin_list>
<bind>
<StgValue><ssdm name="_ssdm_op_SpecBitsMap"/></StgValue>
</bind>
</comp>

<comp id="38" class="1001" name="const_38">
<pin_list>
<pin id="39" dir="1" index="0" bw="1" slack="2147483647"/>
</pin_list>
<bind>
<StgValue><ssdm name="empty_3"/></StgValue>
</bind>
</comp>

<comp id="40" class="1001" name="const_40">
<pin_list>
<pin id="41" dir="1" index="0" bw="1" slack="2147483647"/>
</pin_list>
<bind>
<StgValue><ssdm name="empty_4"/></StgValue>
</bind>
</comp>

<comp id="42" class="1001" name="const_42">
<pin_list>
<pin id="43" dir="1" index="0" bw="1" slack="2147483647"/>
</pin_list>
<bind>
<StgValue><ssdm name="empty_5"/></StgValue>
</bind>
</comp>

<comp id="44" class="1001" name="const_44">
<pin_list>
<pin id="45" dir="1" index="0" bw="1" slack="2147483647"/>
</pin_list>
<bind>
<StgValue><ssdm name="empty_6"/></StgValue>
</bind>
</comp>

<comp id="46" class="1001" name="const_46">
<pin_list>
<pin id="47" dir="1" index="0" bw="1" slack="2147483647"/>
</pin_list>
<bind>
<StgValue><ssdm name="empty_7"/></StgValue>
</bind>
</comp>

<comp id="48" class="1001" name="const_48">
<pin_list>
<pin id="49" dir="1" index="0" bw="1" slack="2147483647"/>
</pin_list>
<bind>
<StgValue><ssdm name="empty_8"/></StgValue>
</bind>
</comp>

<comp id="50" class="1001" name="const_50">
<pin_list>
<pin id="51" dir="1" index="0" bw="1" slack="2147483647"/>
</pin_list>
<bind>
<StgValue><ssdm name="empty_9"/></StgValue>
</bind>
</comp>

<comp id="52" class="1001" name="const_52">
<pin_list>
<pin id="53" dir="1" index="0" bw="1" slack="2147483647"/>
</pin_list>
<bind>
<StgValue><ssdm name="empty_10"/></StgValue>
</bind>
</comp>

<comp id="54" class="1001" name="const_54">
<pin_list>
<pin id="55" dir="1" index="0" bw="1" slack="2147483647"/>
</pin_list>
<bind>
<StgValue><ssdm name="empty_11"/></StgValue>
</bind>
</comp>

<comp id="56" class="1001" name="const_56">
<pin_list>
<pin id="57" dir="1" index="0" bw="1" slack="2147483647"/>
</pin_list>
<bind>
<StgValue><ssdm name="empty_12"/></StgValue>
</bind>
</comp>

<comp id="58" class="1001" name="const_58">
<pin_list>
<pin id="59" dir="1" index="0" bw="1" slack="0"/>
</pin_list>
<bind>
<StgValue><ssdm name="_ssdm_op_Read.s_axilite.i1"/></StgValue>
</bind>
</comp>

<comp id="60" class="1001" name="const_60">
<pin_list>
<pin id="61" dir="1" index="0" bw="1" slack="0"/>
</pin_list>
<bind>
<StgValue><ssdm name="_ssdm_op_Read.s_axilite.i64"/></StgValue>
</bind>
</comp>

<comp id="62" class="1001" name="const_62">
<pin_list>
<pin id="63" dir="1" index="0" bw="1" slack="0"/>
</pin_list>
<bind>
<StgValue><ssdm name="_ssdm_op_Read.s_axilite.i784"/></StgValue>
</bind>
</comp>

<comp id="64" class="1001" name="const_64">
<pin_list>
<pin id="65" dir="1" index="0" bw="1" slack="2147483647"/>
</pin_list>
<bind>
<StgValue><ssdm name="_ssdm_op_SpecMemCore"/></StgValue>
</bind>
</comp>

<comp id="66" class="1001" name="const_66">
<pin_list>
<pin id="67" dir="1" index="0" bw="1" slack="2147483647"/>
</pin_list>
<bind>
<StgValue><ssdm name=""/></StgValue>
</bind>
</comp>

<comp id="68" class="1001" name="const_68">
<pin_list>
<pin id="69" dir="1" index="0" bw="1" slack="2147483647"/>
</pin_list>
<bind>
<StgValue><ssdm name=""/></StgValue>
</bind>
</comp>

<comp id="70" class="1001" name="const_70">
<pin_list>
<pin id="71" dir="1" index="0" bw="1" slack="2147483647"/>
</pin_list>
<bind>
<StgValue><ssdm name=""/></StgValue>
</bind>
</comp>

<comp id="72" class="1001" name="const_72">
<pin_list>
<pin id="73" dir="1" index="0" bw="1" slack="0"/>
</pin_list>
<bind>
<StgValue><ssdm name="_ssdm_op_PartSelect.i63.i64.i32.i32"/></StgValue>
</bind>
</comp>

<comp id="74" class="1001" name="const_74">
<pin_list>
<pin id="75" dir="1" index="0" bw="1" slack="0"/>
</pin_list>
<bind>
<StgValue><ssdm name=""/></StgValue>
</bind>
</comp>

<comp id="76" class="1001" name="const_76">
<pin_list>
<pin id="77" dir="1" index="0" bw="1" slack="0"/>
</pin_list>
<bind>
<StgValue><ssdm name=""/></StgValue>
</bind>
</comp>

<comp id="78" class="1001" name="const_78">
<pin_list>
<pin id="79" dir="1" index="0" bw="1" slack="0"/>
</pin_list>
<bind>
<StgValue><ssdm name="_ssdm_op_PartSelect.i57.i64.i32.i32"/></StgValue>
</bind>
</comp>

<comp id="80" class="1001" name="const_80">
<pin_list>
<pin id="81" dir="1" index="0" bw="1" slack="0"/>
</pin_list>
<bind>
<StgValue><ssdm name=""/></StgValue>
</bind>
</comp>

<comp id="82" class="1001" name="const_82">
<pin_list>
<pin id="83" dir="1" index="0" bw="1" slack="0"/>
</pin_list>
<bind>
<StgValue><ssdm name="_ssdm_op_WriteReq.m_axi.p1i16"/></StgValue>
</bind>
</comp>

<comp id="84" class="1001" name="const_84">
<pin_list>
<pin id="85" dir="1" index="0" bw="1" slack="0"/>
</pin_list>
<bind>
<StgValue><ssdm name=""/></StgValue>
</bind>
</comp>

<comp id="86" class="1001" name="const_86">
<pin_list>
<pin id="87" dir="1" index="0" bw="1" slack="0"/>
</pin_list>
<bind>
<StgValue><ssdm name="bnn_layer1_xnor_Pipeline_NEURON_LOOP"/></StgValue>
</bind>
</comp>

<comp id="88" class="1001" name="const_88">
<pin_list>
<pin id="89" dir="1" index="0" bw="1" slack="0"/>
</pin_list>
<bind>
<StgValue><ssdm name="_ssdm_op_WriteResp.m_axi.p1i16"/></StgValue>
</bind>
</comp>

<comp id="90" class="1001" name="const_90">
<pin_list>
<pin id="91" dir="1" index="0" bw="1" slack="0"/>
</pin_list>
<bind>
<StgValue><ssdm name="_ssdm_op_ReadReq.m_axi.p1i1024"/></StgValue>
</bind>
</comp>

<comp id="92" class="1001" name="const_92">
<pin_list>
<pin id="93" dir="1" index="0" bw="1" slack="0"/>
</pin_list>
<bind>
<StgValue><ssdm name="bnn_layer1_xnor_Pipeline_LOAD_LOOP"/></StgValue>
</bind>
</comp>

<comp id="94" class="1004" name="load_weights_read_read_fu_94">
<pin_list>
<pin id="95" dir="0" index="0" bw="1" slack="0"/>
<pin id="96" dir="0" index="1" bw="1" slack="0"/>
<pin id="97" dir="1" index="2" bw="1" slack="10"/>
</pin_list>
<bind>
<opcode="read(1150) " fcode="read"/>
<opset="load_weights_read/1 "/>
</bind>
</comp>

<comp id="100" class="1004" name="weights_read_read_fu_100">
<pin_list>
<pin id="101" dir="0" index="0" bw="64" slack="0"/>
<pin id="102" dir="0" index="1" bw="64" slack="0"/>
<pin id="103" dir="1" index="2" bw="64" slack="0"/>
</pin_list>
<bind>
<opcode="read(1150) " fcode="read"/>
<opset="weights_read/1 "/>
</bind>
</comp>

<comp id="106" class="1004" name="output_r_read_read_fu_106">
<pin_list>
<pin id="107" dir="0" index="0" bw="64" slack="0"/>
<pin id="108" dir="0" index="1" bw="64" slack="0"/>
<pin id="109" dir="1" index="2" bw="64" slack="0"/>
</pin_list>
<bind>
<opcode="read(1150) " fcode="read"/>
<opset="output_r_read/1 "/>
</bind>
</comp>

<comp id="112" class="1004" name="input_r_read_read_fu_112">
<pin_list>
<pin id="113" dir="0" index="0" bw="784" slack="0"/>
<pin id="114" dir="0" index="1" bw="784" slack="0"/>
<pin id="115" dir="1" index="2" bw="784" slack="2"/>
</pin_list>
<bind>
<opcode="read(1150) " fcode="read"/>
<opset="input_r_read/1 "/>
</bind>
</comp>

<comp id="118" class="1004" name="grp_writeresp_fu_118">
<pin_list>
<pin id="119" dir="0" index="0" bw="1" slack="0"/>
<pin id="120" dir="0" index="1" bw="16" slack="0"/>
<pin id="121" dir="0" index="2" bw="10" slack="0"/>
<pin id="122" dir="1" index="3" bw="1" slack="2147483647"/>
</pin_list>
<bind>
<opcode="writereq(1155) writeresp(1158) " fcode="writeresp"/>
<opset="empty_21/2 empty_22/5 "/>
</bind>
</comp>

<comp id="126" class="1004" name="grp_readreq_fu_126">
<pin_list>
<pin id="127" dir="0" index="0" bw="1" slack="0"/>
<pin id="128" dir="0" index="1" bw="1024" slack="0"/>
<pin id="129" dir="0" index="2" bw="10" slack="0"/>
<pin id="130" dir="1" index="3" bw="1" slack="2147483647"/>
</pin_list>
<bind>
<opcode="readreq(1154) " fcode="readreq"/>
<opset="empty/10 "/>
</bind>
</comp>

<comp id="133" class="1004" name="grp_bnn_layer1_xnor_Pipeline_NEURON_LOOP_fu_133">
<pin_list>
<pin id="134" dir="0" index="0" bw="0" slack="0"/>
<pin id="135" dir="0" index="1" bw="16" slack="0"/>
<pin id="136" dir="0" index="2" bw="63" slack="2"/>
<pin id="137" dir="0" index="3" bw="784" slack="2"/>
<pin id="138" dir="0" index="4" bw="784" slack="0"/>
<pin id="139" dir="1" index="5" bw="0" slack="2147483647"/>
</pin_list>
<bind>
<opcode="call(48) " fcode="call"/>
<opset="call_ln30/3 "/>
</bind>
</comp>

<comp id="143" class="1004" name="grp_bnn_layer1_xnor_Pipeline_LOAD_LOOP_fu_143">
<pin_list>
<pin id="144" dir="0" index="0" bw="0" slack="0"/>
<pin id="145" dir="0" index="1" bw="1024" slack="0"/>
<pin id="146" dir="0" index="2" bw="57" slack="9"/>
<pin id="147" dir="0" index="3" bw="784" slack="0"/>
<pin id="148" dir="1" index="4" bw="0" slack="2147483647"/>
</pin_list>
<bind>
<opcode="call(48) " fcode="call"/>
<opset="call_ln22/18 "/>
</bind>
</comp>

<comp id="152" class="1004" name="trunc_ln1_fu_152">
<pin_list>
<pin id="153" dir="0" index="0" bw="63" slack="0"/>
<pin id="154" dir="0" index="1" bw="64" slack="0"/>
<pin id="155" dir="0" index="2" bw="1" slack="0"/>
<pin id="156" dir="0" index="3" bw="7" slack="0"/>
<pin id="157" dir="1" index="4" bw="63" slack="1"/>
</pin_list>
<bind>
<opcode="partselect(1002) " fcode="partselect"/>
<opset="trunc_ln1/1 "/>
</bind>
</comp>

<comp id="162" class="1004" name="trunc_ln_fu_162">
<pin_list>
<pin id="163" dir="0" index="0" bw="57" slack="0"/>
<pin id="164" dir="0" index="1" bw="64" slack="0"/>
<pin id="165" dir="0" index="2" bw="4" slack="0"/>
<pin id="166" dir="0" index="3" bw="7" slack="0"/>
<pin id="167" dir="1" index="4" bw="57" slack="1"/>
</pin_list>
<bind>
<opcode="partselect(1002) " fcode="partselect"/>
<opset="trunc_ln/1 "/>
</bind>
</comp>

<comp id="172" class="1004" name="sext_ln30_fu_172">
<pin_list>
<pin id="173" dir="0" index="0" bw="63" slack="1"/>
<pin id="174" dir="1" index="1" bw="64" slack="0"/>
</pin_list>
<bind>
<opcode="sext(35) " fcode="sext"/>
<opset="sext_ln30/2 "/>
</bind>
</comp>

<comp id="175" class="1004" name="gmem0_addr_fu_175">
<pin_list>
<pin id="176" dir="0" index="0" bw="16" slack="0"/>
<pin id="177" dir="0" index="1" bw="63" slack="0"/>
<pin id="178" dir="1" index="2" bw="16" slack="0"/>
</pin_list>
<bind>
<opcode="getelementptr(29) " fcode="getelementptr"/>
<opset="gmem0_addr/2 "/>
</bind>
</comp>

<comp id="182" class="1004" name="sext_ln22_fu_182">
<pin_list>
<pin id="183" dir="0" index="0" bw="57" slack="1"/>
<pin id="184" dir="1" index="1" bw="64" slack="0"/>
</pin_list>
<bind>
<opcode="sext(35) " fcode="sext"/>
<opset="sext_ln22/10 "/>
</bind>
</comp>

<comp id="185" class="1004" name="gmem1_addr_fu_185">
<pin_list>
<pin id="186" dir="0" index="0" bw="1024" slack="0"/>
<pin id="187" dir="0" index="1" bw="57" slack="0"/>
<pin id="188" dir="1" index="2" bw="1024" slack="0"/>
</pin_list>
<bind>
<opcode="getelementptr(29) " fcode="getelementptr"/>
<opset="gmem1_addr/10 "/>
</bind>
</comp>

<comp id="192" class="1005" name="load_weights_read_reg_192">
<pin_list>
<pin id="193" dir="0" index="0" bw="1" slack="10"/>
<pin id="194" dir="1" index="1" bw="1" slack="2147483647"/>
</pin_list>
<bind>
<opset="load_weights_read "/>
</bind>
</comp>

<comp id="196" class="1005" name="input_r_read_reg_196">
<pin_list>
<pin id="197" dir="0" index="0" bw="784" slack="2"/>
<pin id="198" dir="1" index="1" bw="784" slack="2"/>
</pin_list>
<bind>
<opset="input_r_read "/>
</bind>
</comp>

<comp id="201" class="1005" name="trunc_ln1_reg_201">
<pin_list>
<pin id="202" dir="0" index="0" bw="63" slack="1"/>
<pin id="203" dir="1" index="1" bw="63" slack="1"/>
</pin_list>
<bind>
<opset="trunc_ln1 "/>
</bind>
</comp>

<comp id="207" class="1005" name="trunc_ln_reg_207">
<pin_list>
<pin id="208" dir="0" index="0" bw="57" slack="1"/>
<pin id="209" dir="1" index="1" bw="57" slack="1"/>
</pin_list>
<bind>
<opset="trunc_ln "/>
</bind>
</comp>

<comp id="213" class="1005" name="gmem0_addr_reg_213">
<pin_list>
<pin id="214" dir="0" index="0" bw="16" slack="3"/>
<pin id="215" dir="1" index="1" bw="16" slack="3"/>
</pin_list>
<bind>
<opset="gmem0_addr "/>
</bind>
</comp>

<comp id="218" class="1005" name="gmem1_addr_reg_218">
<pin_list>
<pin id="219" dir="0" index="0" bw="1024" slack="1"/>
<pin id="220" dir="1" index="1" bw="1024" slack="1"/>
</pin_list>
<bind>
<opset="gmem1_addr "/>
</bind>
</comp>

</comp_list>

<net_list>
<net id="98"><net_src comp="58" pin="0"/><net_sink comp="94" pin=0"/></net>

<net id="99"><net_src comp="10" pin="0"/><net_sink comp="94" pin=1"/></net>

<net id="104"><net_src comp="60" pin="0"/><net_sink comp="100" pin=0"/></net>

<net id="105"><net_src comp="8" pin="0"/><net_sink comp="100" pin=1"/></net>

<net id="110"><net_src comp="60" pin="0"/><net_sink comp="106" pin=0"/></net>

<net id="111"><net_src comp="6" pin="0"/><net_sink comp="106" pin=1"/></net>

<net id="116"><net_src comp="62" pin="0"/><net_sink comp="112" pin=0"/></net>

<net id="117"><net_src comp="4" pin="0"/><net_sink comp="112" pin=1"/></net>

<net id="123"><net_src comp="82" pin="0"/><net_sink comp="118" pin=0"/></net>

<net id="124"><net_src comp="84" pin="0"/><net_sink comp="118" pin=2"/></net>

<net id="125"><net_src comp="88" pin="0"/><net_sink comp="118" pin=0"/></net>

<net id="131"><net_src comp="90" pin="0"/><net_sink comp="126" pin=0"/></net>

<net id="132"><net_src comp="84" pin="0"/><net_sink comp="126" pin=2"/></net>

<net id="140"><net_src comp="86" pin="0"/><net_sink comp="133" pin=0"/></net>

<net id="141"><net_src comp="0" pin="0"/><net_sink comp="133" pin=1"/></net>

<net id="142"><net_src comp="12" pin="0"/><net_sink comp="133" pin=4"/></net>

<net id="149"><net_src comp="92" pin="0"/><net_sink comp="143" pin=0"/></net>

<net id="150"><net_src comp="2" pin="0"/><net_sink comp="143" pin=1"/></net>

<net id="151"><net_src comp="12" pin="0"/><net_sink comp="143" pin=3"/></net>

<net id="158"><net_src comp="72" pin="0"/><net_sink comp="152" pin=0"/></net>

<net id="159"><net_src comp="106" pin="2"/><net_sink comp="152" pin=1"/></net>

<net id="160"><net_src comp="74" pin="0"/><net_sink comp="152" pin=2"/></net>

<net id="161"><net_src comp="76" pin="0"/><net_sink comp="152" pin=3"/></net>

<net id="168"><net_src comp="78" pin="0"/><net_sink comp="162" pin=0"/></net>

<net id="169"><net_src comp="100" pin="2"/><net_sink comp="162" pin=1"/></net>

<net id="170"><net_src comp="80" pin="0"/><net_sink comp="162" pin=2"/></net>

<net id="171"><net_src comp="76" pin="0"/><net_sink comp="162" pin=3"/></net>

<net id="179"><net_src comp="0" pin="0"/><net_sink comp="175" pin=0"/></net>

<net id="180"><net_src comp="172" pin="1"/><net_sink comp="175" pin=1"/></net>

<net id="181"><net_src comp="175" pin="2"/><net_sink comp="118" pin=1"/></net>

<net id="189"><net_src comp="2" pin="0"/><net_sink comp="185" pin=0"/></net>

<net id="190"><net_src comp="182" pin="1"/><net_sink comp="185" pin=1"/></net>

<net id="191"><net_src comp="185" pin="2"/><net_sink comp="126" pin=1"/></net>

<net id="195"><net_src comp="94" pin="2"/><net_sink comp="192" pin=0"/></net>

<net id="199"><net_src comp="112" pin="2"/><net_sink comp="196" pin=0"/></net>

<net id="200"><net_src comp="196" pin="1"/><net_sink comp="133" pin=3"/></net>

<net id="204"><net_src comp="152" pin="4"/><net_sink comp="201" pin=0"/></net>

<net id="205"><net_src comp="201" pin="1"/><net_sink comp="172" pin=0"/></net>

<net id="206"><net_src comp="201" pin="1"/><net_sink comp="133" pin=2"/></net>

<net id="210"><net_src comp="162" pin="4"/><net_sink comp="207" pin=0"/></net>

<net id="211"><net_src comp="207" pin="1"/><net_sink comp="182" pin=0"/></net>

<net id="212"><net_src comp="207" pin="1"/><net_sink comp="143" pin=2"/></net>

<net id="216"><net_src comp="175" pin="2"/><net_sink comp="213" pin=0"/></net>

<net id="217"><net_src comp="213" pin="1"/><net_sink comp="118" pin=1"/></net>

<net id="221"><net_src comp="185" pin="2"/><net_sink comp="218" pin=0"/></net>

<net id="222"><net_src comp="218" pin="1"/><net_sink comp="126" pin=1"/></net>

</net_list>

</model> 
---------------- Datapath Model END ------------------

* FSMD analyzer results:
  - Output states:
	Port: gmem0 | {2 3 4 5 6 7 8 9 }
	Port: local_weights | {18 19 }
 - Input state : 
	Port: bnn_layer1_xnor : gmem1 | {10 11 12 13 14 15 16 17 18 19 }
	Port: bnn_layer1_xnor : input_r | {1 }
	Port: bnn_layer1_xnor : output_r | {1 }
	Port: bnn_layer1_xnor : weights | {1 }
	Port: bnn_layer1_xnor : load_weights | {1 }
	Port: bnn_layer1_xnor : local_weights | {3 4 }
  - Chain level:
	State 1
	State 2
		gmem0_addr : 1
		empty_21 : 2
	State 3
	State 4
	State 5
	State 6
	State 7
	State 8
	State 9
	State 10
		gmem1_addr : 1
		empty : 2
	State 11
	State 12
	State 13
	State 14
	State 15
	State 16
	State 17
	State 18
	State 19


============================================================
+ Verbose Summary: Datapath Resource usage 
============================================================

* Functional unit list:
|----------|-------------------------------------------------|---------|---------|---------|
| Operation|                 Functional Unit                 |  Delay  |    FF   |   LUT   |
|----------|-------------------------------------------------|---------|---------|---------|
|   call   | grp_bnn_layer1_xnor_Pipeline_NEURON_LOOP_fu_133 |  0.427  |   1165  |   5399  |
|          |  grp_bnn_layer1_xnor_Pipeline_LOAD_LOOP_fu_143  |    0    |   867   |    32   |
|----------|-------------------------------------------------|---------|---------|---------|
|          |           load_weights_read_read_fu_94          |    0    |    0    |    0    |
|   read   |             weights_read_read_fu_100            |    0    |    0    |    0    |
|          |            output_r_read_read_fu_106            |    0    |    0    |    0    |
|          |             input_r_read_read_fu_112            |    0    |    0    |    0    |
|----------|-------------------------------------------------|---------|---------|---------|
| writeresp|               grp_writeresp_fu_118              |    0    |    0    |    0    |
|----------|-------------------------------------------------|---------|---------|---------|
|  readreq |                grp_readreq_fu_126               |    0    |    0    |    0    |
|----------|-------------------------------------------------|---------|---------|---------|
|partselect|                 trunc_ln1_fu_152                |    0    |    0    |    0    |
|          |                 trunc_ln_fu_162                 |    0    |    0    |    0    |
|----------|-------------------------------------------------|---------|---------|---------|
|   sext   |                 sext_ln30_fu_172                |    0    |    0    |    0    |
|          |                 sext_ln22_fu_182                |    0    |    0    |    0    |
|----------|-------------------------------------------------|---------|---------|---------|
|   Total  |                                                 |  0.427  |   2032  |   5431  |
|----------|-------------------------------------------------|---------|---------|---------|

Memories:
+-------------+--------+--------+--------+
|             |  BRAM  |   FF   |   LUT  |
+-------------+--------+--------+--------+
|local_weights|   22   |    0   |    0   |
+-------------+--------+--------+--------+
|    Total    |   22   |    0   |    0   |
+-------------+--------+--------+--------+

* Register list:
+-------------------------+--------+
|                         |   FF   |
+-------------------------+--------+
|    gmem0_addr_reg_213   |   16   |
|    gmem1_addr_reg_218   |  1024  |
|   input_r_read_reg_196  |   784  |
|load_weights_read_reg_192|    1   |
|    trunc_ln1_reg_201    |   63   |
|     trunc_ln_reg_207    |   57   |
+-------------------------+--------+
|          Total          |  1945  |
+-------------------------+--------+

* Multiplexer (MUX) list: 
|----------------------|------|------|------|--------||---------||---------||---------|
|         Comp         |  Pin | Size |  BW  | S x BW ||  Delay  ||    FF   ||   LUT   |
|----------------------|------|------|------|--------||---------||---------||---------|
| grp_writeresp_fu_118 |  p0  |   2  |   1  |    2   |
| grp_writeresp_fu_118 |  p1  |   2  |  16  |   32   ||    0    ||    9    |
|  grp_readreq_fu_126  |  p1  |   2  | 1024 |  2048  ||    0    ||    9    |
|----------------------|------|------|------|--------||---------||---------||---------|
|         Total        |      |      |      |  2082  ||  1.281  ||    0    ||    18   |
|----------------------|------|------|------|--------||---------||---------||---------|



* Summary:
+-----------+--------+--------+--------+--------+
|           |  BRAM  |  Delay |   FF   |   LUT  |
+-----------+--------+--------+--------+--------+
|  Function |    -   |    0   |  2032  |  5431  |
|   Memory  |   22   |    -   |    0   |    0   |
|Multiplexer|    -   |    1   |    0   |   18   |
|  Register |    -   |    -   |  1945  |    -   |
+-----------+--------+--------+--------+--------+
|   Total   |   22   |    1   |  3977  |  5449  |
+-----------+--------+--------+--------+--------+
