

================================================================
== Vitis HLS Report for 'bnn_layer1_xnor_Pipeline_LOAD_LOOP'
================================================================
* Date:           Tue Mar  3 20:44:23 2026

* Version:        2024.1 (Build 5069499 on May 21 2024)
* Project:        bbn_layer1_BRAM
* Solution:       hls (Vivado IP Flow Target)
* Product family: zynquplus
* Target device:  xczu3eg-sfvc784-2-e


================================================================
== Performance Estimates
================================================================
+ Timing: 
    * Summary: 
    +--------+---------+----------+------------+
    |  Clock |  Target | Estimated| Uncertainty|
    +--------+---------+----------+------------+
    |ap_clk  |  5.00 ns|  3.650 ns|     1.35 ns|
    +--------+---------+----------+------------+

+ Latency: 
    * Summary: 
    +---------+---------+----------+----------+-----+-----+-----------------------------------------------+
    |  Latency (cycles) |  Latency (absolute) |  Interval |                    Pipeline                   |
    |   min   |   max   |    min   |    max   | min | max |                      Type                     |
    +---------+---------+----------+----------+-----+-----+-----------------------------------------------+
    |      259|      259|  1.295 us|  1.295 us|  257|  257|  loop auto-rewind stp(delay=0 clock cycles(s))|
    +---------+---------+----------+----------+-----+-----+-----------------------------------------------+

    + Detail: 
        * Instance: 
        N/A

        * Loop: 
        +-------------+---------+---------+----------+-----------+-----------+------+----------+
        |             |  Latency (cycles) | Iteration|  Initiation Interval  | Trip |          |
        |  Loop Name  |   min   |   max   |  Latency |  achieved |   target  | Count| Pipelined|
        +-------------+---------+---------+----------+-----------+-----------+------+----------+
        |- LOAD_LOOP  |      257|      257|         3|          1|          1|   256|       yes|
        +-------------+---------+---------+----------+-----------+-----------+------+----------+

============================================================
+ Verbose Summary: Synthesis Manager
============================================================
InlineROM: 1
ExposeGlobal: 0
============================================================
+ Verbose Summary: CDFG Model
============================================================
IsTopModel: 0
ResetActiveHigh: 1
IsCombinational: 0
IsDatapathOnly: 0
HasWiredReturn: 1
HasMFsm: 2
HasVarLatency: 1
IsPipeline: 0
IsRtlPipelined: 0
IsInstanceOverlapped: 0
IsDontTouch: 0
HasImplIP: 0
IsGatedGlobalClock: 0

+ Individual pipeline summary: 
  * Pipeline-0: initiation interval (II) = 1, depth = 3


============================================================
+ Verbose Summary: Schedule
============================================================
* Number of FSM states : 3
* Pipeline : 1
  Pipeline-0 : II = 1, D = 3, States = { 1 2 3 }
* Dataflow Pipeline: 0

* FSM state transitions: 
1 --> 2 
2 --> 3 
3 --> 

* FSM state operations: 

State 1 <SV = 0> <Delay = 1.63>
ST_1 : Operation 6 [1/1] (0.00ns)   --->   "%n = alloca i32 1" [bnn_layer1.cpp:22]   --->   Operation 6 'alloca' 'n' <Predicate = true> <Delay = 0.00>
ST_1 : Operation 7 [1/1] (0.00ns)   --->   "%sext_ln22_read = read i57 @_ssdm_op_Read.ap_auto.i57, i57 %sext_ln22"   --->   Operation 7 'read' 'sext_ln22_read' <Predicate = true> <Delay = 0.00>
ST_1 : Operation 8 [1/1] (0.00ns)   --->   "%sext_ln22_cast = sext i57 %sext_ln22_read"   --->   Operation 8 'sext' 'sext_ln22_cast' <Predicate = true> <Delay = 0.00>
ST_1 : Operation 9 [1/1] (0.00ns)   --->   "%specmemcore_ln0 = specmemcore void @_ssdm_op_SpecMemCore, i784 %local_weights, i64 666, i64 22, i64 18446744073709551615"   --->   Operation 9 'specmemcore' 'specmemcore_ln0' <Predicate = true> <Delay = 0.00>
ST_1 : Operation 10 [1/1] (0.00ns)   --->   "%specinterface_ln0 = specinterface void @_ssdm_op_SpecInterface, i1024 %gmem1, void @empty, i32 0, i32 0, void @empty_0, i32 0, i32 256, void @empty_3, void @empty_2, void @empty_0, i32 16, i32 16, i32 16, i32 16, void @empty_0, void @empty_0, i32 4294967295, i32 0, i32 0"   --->   Operation 10 'specinterface' 'specinterface_ln0' <Predicate = true> <Delay = 0.00>
ST_1 : Operation 11 [1/1] (0.42ns)   --->   "%store_ln22 = store i9 0, i9 %n" [bnn_layer1.cpp:22]   --->   Operation 11 'store' 'store_ln22' <Predicate = true> <Delay = 0.42>
ST_1 : Operation 12 [1/1] (0.00ns)   --->   "%br_ln0 = br void %for.inc"   --->   Operation 12 'br' 'br_ln0' <Predicate = true> <Delay = 0.00>
ST_1 : Operation 13 [1/1] (0.00ns)   --->   "%n_2 = load i9 %n" [bnn_layer1.cpp:22]   --->   Operation 13 'load' 'n_2' <Predicate = true> <Delay = 0.00>
ST_1 : Operation 14 [1/1] (0.00ns)   --->   "%specbitsmap_ln0 = specbitsmap void @_ssdm_op_SpecBitsMap, i1024 %gmem1"   --->   Operation 14 'specbitsmap' 'specbitsmap_ln0' <Predicate = true> <Delay = 0.00>
ST_1 : Operation 15 [1/1] (0.77ns)   --->   "%icmp_ln22 = icmp_eq  i9 %n_2, i9 256" [bnn_layer1.cpp:22]   --->   Operation 15 'icmp' 'icmp_ln22' <Predicate = true> <Delay = 0.77> <CoreInst = "Cmp">   --->   Core 9 'Cmp' <Latency = 0> <II = 1> <Delay = 0.77> <FuncUnit> <Opcode : 'seteq' 'setne' 'setle' 'setge' 'setlt' 'setgt'> <InPorts = 2> <OutPorts = 1>
ST_1 : Operation 16 [1/1] (0.77ns)   --->   "%add_ln22 = add i9 %n_2, i9 1" [bnn_layer1.cpp:22]   --->   Operation 16 'add' 'add_ln22' <Predicate = true> <Delay = 0.77> <CoreInst = "Adder">   --->   Core 1 'Adder' <Latency = 0> <II = 1> <Delay = 0.77> <FuncUnit> <Opcode : 'add' 'sub'> <InPorts = 2> <OutPorts = 1>
ST_1 : Operation 17 [1/1] (0.00ns)   --->   "%br_ln22 = br i1 %icmp_ln22, void %for.inc.split, void %if.end28.loopexit2.exitStub" [bnn_layer1.cpp:22]   --->   Operation 17 'br' 'br_ln22' <Predicate = true> <Delay = 0.00>
ST_1 : Operation 18 [1/1] (0.42ns)   --->   "%store_ln22 = store i9 %add_ln22, i9 %n" [bnn_layer1.cpp:22]   --->   Operation 18 'store' 'store_ln22' <Predicate = (!icmp_ln22)> <Delay = 0.42>

State 2 <SV = 1> <Delay = 3.65>
ST_2 : Operation 19 [1/1] (0.00ns)   --->   "%gmem1_addr = getelementptr i1024 %gmem1, i64 %sext_ln22_cast" [bnn_layer1.cpp:22]   --->   Operation 19 'getelementptr' 'gmem1_addr' <Predicate = true> <Delay = 0.00>
ST_2 : Operation 20 [1/1] (3.65ns)   --->   "%gmem1_addr_read = read i1024 @_ssdm_op_Read.m_axi.p1i1024, i1024 %gmem1_addr" [bnn_layer1.cpp:24]   --->   Operation 20 'read' 'gmem1_addr_read' <Predicate = true> <Delay = 3.65> <CoreInst = "m_axi">   --->   Core 119 'm_axi' <Latency = 0> <II = 1> <Delay = 1.00> <Adapter> <Opcode : 'read' 'write' 'readreq' 'writereq' 'writeresp'>
ST_2 : Operation 21 [1/1] (0.00ns)   --->   "%trunc_ln24 = trunc i1024 %gmem1_addr_read" [bnn_layer1.cpp:24]   --->   Operation 21 'trunc' 'trunc_ln24' <Predicate = true> <Delay = 0.00>
ST_2 : Operation 29 [1/1] (0.42ns)   --->   "%ret_ln0 = ret"   --->   Operation 29 'ret' 'ret_ln0' <Predicate = (icmp_ln22)> <Delay = 0.42>

State 3 <SV = 2> <Delay = 1.23>
ST_3 : Operation 22 [1/1] (0.00ns)   --->   "%zext_ln22 = zext i9 %n_2" [bnn_layer1.cpp:22]   --->   Operation 22 'zext' 'zext_ln22' <Predicate = true> <Delay = 0.00>
ST_3 : Operation 23 [1/1] (0.00ns)   --->   "%specpipeline_ln23 = specpipeline void @_ssdm_op_SpecPipeline, i32 1, i32 0, i32 0, i32 0, void @empty_0" [bnn_layer1.cpp:23]   --->   Operation 23 'specpipeline' 'specpipeline_ln23' <Predicate = true> <Delay = 0.00>
ST_3 : Operation 24 [1/1] (0.00ns)   --->   "%speclooptripcount_ln22 = speclooptripcount void @_ssdm_op_SpecLoopTripCount, i64 256, i64 256, i64 256" [bnn_layer1.cpp:22]   --->   Operation 24 'speclooptripcount' 'speclooptripcount_ln22' <Predicate = true> <Delay = 0.00>
ST_3 : Operation 25 [1/1] (0.00ns)   --->   "%specloopname_ln22 = specloopname void @_ssdm_op_SpecLoopName, void @empty_15" [bnn_layer1.cpp:22]   --->   Operation 25 'specloopname' 'specloopname_ln22' <Predicate = true> <Delay = 0.00>
ST_3 : Operation 26 [1/1] (0.00ns)   --->   "%local_weights_addr = getelementptr i784 %local_weights, i64 0, i64 %zext_ln22" [bnn_layer1.cpp:24]   --->   Operation 26 'getelementptr' 'local_weights_addr' <Predicate = true> <Delay = 0.00>
ST_3 : Operation 27 [1/1] (1.23ns)   --->   "%store_ln24 = store i784 %trunc_ln24, i8 %local_weights_addr" [bnn_layer1.cpp:24]   --->   Operation 27 'store' 'store_ln24' <Predicate = true> <Delay = 1.23> <CoreInst = "RAM_2P_BRAM">   --->   Core 93 'RAM_2P_BRAM' <Latency = 1> <II = 1> <Delay = 1.23> <Storage> <Opcode : 'load' 'store'> <Ports = 2> <Width = 784> <Depth = 256> <RAM>
ST_3 : Operation 28 [1/1] (0.00ns)   --->   "%br_ln22 = br void %for.inc" [bnn_layer1.cpp:22]   --->   Operation 28 'br' 'br_ln22' <Predicate = true> <Delay = 0.00>


============================================================
+ Verbose Summary: Timing violations
============================================================
Target clock period: 5.000ns, clock uncertainty: 1.350ns.

 <State 1>: 1.630ns
The critical path consists of the following:
	'store' operation 0 bit ('store_ln22', bnn_layer1.cpp:22) of constant 0 on local variable 'n', bnn_layer1.cpp:22 [9]  (0.427 ns)
	'load' operation 9 bit ('n', bnn_layer1.cpp:22) on local variable 'n', bnn_layer1.cpp:22 [12]  (0.000 ns)
	'icmp' operation 1 bit ('icmp_ln22', bnn_layer1.cpp:22) [14]  (0.776 ns)
	'store' operation 0 bit ('store_ln22', bnn_layer1.cpp:22) of variable 'add_ln22', bnn_layer1.cpp:22 on local variable 'n', bnn_layer1.cpp:22 [27]  (0.427 ns)

 <State 2>: 3.650ns
The critical path consists of the following:
	'getelementptr' operation 1024 bit ('gmem1_addr', bnn_layer1.cpp:22) [18]  (0.000 ns)
	bus read operation ('gmem1_addr_read', bnn_layer1.cpp:24) on port 'gmem1' (bnn_layer1.cpp:24) [24]  (3.650 ns)

 <State 3>: 1.237ns
The critical path consists of the following:
	'getelementptr' operation 8 bit ('local_weights_addr', bnn_layer1.cpp:24) [23]  (0.000 ns)
	'store' operation 0 bit ('store_ln24', bnn_layer1.cpp:24) of variable 'trunc_ln24', bnn_layer1.cpp:24 on array 'local_weights' [26]  (1.237 ns)


============================================================
+ Verbose Summary: Binding
============================================================
N/A
* FSMD analyzer results:
  - Output states:
 - Input state : 
  - Chain level:
	State 1
	State 2
	State 3


============================================================
+ Verbose Summary: Datapath Resource usage 
============================================================
N/A
