

================================================================
== Vitis HLS Report for 'bnn_top_Pipeline_L3_LOAD'
================================================================
* Date:           Fri Mar 13 20:30:11 2026

* Version:        2024.1 (Build 5069499 on May 21 2024)
* Project:        bnn_top
* Solution:       hls (Vivado IP Flow Target)
* Product family: zynquplus
* Target device:  xczu3eg-sfvc784-2-e


================================================================
== Performance Estimates
================================================================
+ Timing: 
    * Summary: 
    +--------+---------+----------+------------+
    |  Clock |  Target | Estimated| Uncertainty|
    +--------+---------+----------+------------+
    |ap_clk  |  3.00 ns|  2.190 ns|     0.81 ns|
    +--------+---------+----------+------------+

+ Latency: 
    * Summary: 
    +---------+---------+-----------+-----------+-----+-----+-----------------------------------------------+
    |  Latency (cycles) |   Latency (absolute)  |  Interval |                    Pipeline                   |
    |   min   |   max   |    min    |    max    | min | max |                      Type                     |
    +---------+---------+-----------+-----------+-----+-----+-----------------------------------------------+
    |       13|       13|  39.000 ns|  39.000 ns|   11|   11|  loop auto-rewind stp(delay=0 clock cycles(s))|
    +---------+---------+-----------+-----------+-----+-----+-----------------------------------------------+

    + Detail: 
        * Instance: 
        N/A

        * Loop: 
        +-----------+---------+---------+----------+-----------+-----------+------+----------+
        |           |  Latency (cycles) | Iteration|  Initiation Interval  | Trip |          |
        | Loop Name |   min   |   max   |  Latency |  achieved |   target  | Count| Pipelined|
        +-----------+---------+---------+----------+-----------+-----------+------+----------+
        |- L3_LOAD  |       11|       11|         3|          1|          1|    10|       yes|
        +-----------+---------+---------+----------+-----------+-----------+------+----------+

============================================================
+ Verbose Summary: Synthesis Manager
============================================================
InlineROM: 1
ExposeGlobal: 0
============================================================
+ Verbose Summary: CDFG Model
============================================================
IsTopModel: 0
ResetActiveHigh: 1
IsCombinational: 0
IsDatapathOnly: 0
HasWiredReturn: 1
HasMFsm: 2
HasVarLatency: 1
IsPipeline: 0
IsRtlPipelined: 0
IsInstanceOverlapped: 0
IsDontTouch: 0
HasImplIP: 0
IsGatedGlobalClock: 0

+ Individual pipeline summary: 
  * Pipeline-0: initiation interval (II) = 1, depth = 3


============================================================
+ Verbose Summary: Schedule
============================================================
* Number of FSM states : 3
* Pipeline : 1
  Pipeline-0 : II = 1, D = 3, States = { 1 2 3 }
* Dataflow Pipeline: 0

* FSM state transitions: 
1 --> 2 
2 --> 3 
3 --> 

* FSM state operations: 

State 1 <SV = 0> <Delay = 1.65>
ST_1 : Operation 6 [1/1] (0.00ns)   --->   "%n = alloca i32 1" [bnn_top.cpp:43]   --->   Operation 6 'alloca' 'n' <Predicate = true> <Delay = 0.00>
ST_1 : Operation 7 [1/1] (0.00ns)   --->   "%sext_ln43_read = read i59 @_ssdm_op_Read.ap_auto.i59, i59 %sext_ln43"   --->   Operation 7 'read' 'sext_ln43_read' <Predicate = true> <Delay = 0.00>
ST_1 : Operation 8 [1/1] (0.00ns)   --->   "%sext_ln43_cast = sext i59 %sext_ln43_read"   --->   Operation 8 'sext' 'sext_ln43_cast' <Predicate = true> <Delay = 0.00>
ST_1 : Operation 9 [1/1] (0.00ns)   --->   "%specmemcore_ln0 = specmemcore void @_ssdm_op_SpecMemCore, i256 %local_l3_weights, i64 666, i64 22, i64 18446744073709551615"   --->   Operation 9 'specmemcore' 'specmemcore_ln0' <Predicate = true> <Delay = 0.00>
ST_1 : Operation 10 [1/1] (0.00ns)   --->   "%specinterface_ln0 = specinterface void @_ssdm_op_SpecInterface, i256 %gmem2, void @empty, i32 0, i32 0, void @empty_0, i32 0, i32 10, void @empty_4, void @empty_2, void @empty_0, i32 16, i32 16, i32 16, i32 16, void @empty_0, void @empty_0, i32 4294967295, i32 0, i32 0"   --->   Operation 10 'specinterface' 'specinterface_ln0' <Predicate = true> <Delay = 0.00>
ST_1 : Operation 11 [1/1] (0.42ns)   --->   "%store_ln43 = store i4 0, i4 %n" [bnn_top.cpp:43]   --->   Operation 11 'store' 'store_ln43' <Predicate = true> <Delay = 0.42>
ST_1 : Operation 12 [1/1] (0.00ns)   --->   "%br_ln0 = br void %for.inc26"   --->   Operation 12 'br' 'br_ln0' <Predicate = true> <Delay = 0.00>
ST_1 : Operation 13 [1/1] (0.00ns)   --->   "%n_1 = load i4 %n" [bnn_top.cpp:43]   --->   Operation 13 'load' 'n_1' <Predicate = true> <Delay = 0.00>
ST_1 : Operation 14 [1/1] (0.00ns)   --->   "%specbitsmap_ln0 = specbitsmap void @_ssdm_op_SpecBitsMap, i256 %gmem2"   --->   Operation 14 'specbitsmap' 'specbitsmap_ln0' <Predicate = true> <Delay = 0.00>
ST_1 : Operation 15 [1/1] (0.79ns)   --->   "%icmp_ln43 = icmp_eq  i4 %n_1, i4 10" [bnn_top.cpp:43]   --->   Operation 15 'icmp' 'icmp_ln43' <Predicate = true> <Delay = 0.79> <CoreInst = "Cmp">   --->   Core 9 'Cmp' <Latency = 0> <II = 1> <Delay = 0.79> <FuncUnit> <Opcode : 'seteq' 'setne' 'setle' 'setge' 'setlt' 'setgt'> <InPorts = 2> <OutPorts = 1>
ST_1 : Operation 16 [1/1] (0.79ns)   --->   "%add_ln43 = add i4 %n_1, i4 1" [bnn_top.cpp:43]   --->   Operation 16 'add' 'add_ln43' <Predicate = true> <Delay = 0.79> <CoreInst = "Adder">   --->   Core 1 'Adder' <Latency = 0> <II = 1> <Delay = 0.79> <FuncUnit> <Opcode : 'add' 'sub'> <InPorts = 2> <OutPorts = 1>
ST_1 : Operation 17 [1/1] (0.00ns)   --->   "%br_ln43 = br i1 %icmp_ln43, void %for.inc26.split, void %if.end170.loopexit2.exitStub" [bnn_top.cpp:43]   --->   Operation 17 'br' 'br_ln43' <Predicate = true> <Delay = 0.00>
ST_1 : Operation 18 [1/1] (0.42ns)   --->   "%store_ln43 = store i4 %add_ln43, i4 %n" [bnn_top.cpp:43]   --->   Operation 18 'store' 'store_ln43' <Predicate = (!icmp_ln43)> <Delay = 0.42>

State 2 <SV = 1> <Delay = 2.19>
ST_2 : Operation 19 [1/1] (0.00ns)   --->   "%gmem2_addr = getelementptr i256 %gmem2, i64 %sext_ln43_cast" [bnn_top.cpp:43]   --->   Operation 19 'getelementptr' 'gmem2_addr' <Predicate = true> <Delay = 0.00>
ST_2 : Operation 20 [1/1] (2.19ns)   --->   "%gmem2_addr_read = read i256 @_ssdm_op_Read.m_axi.p1i256, i256 %gmem2_addr" [bnn_top.cpp:46]   --->   Operation 20 'read' 'gmem2_addr_read' <Predicate = true> <Delay = 2.19> <CoreInst = "m_axi">   --->   Core 119 'm_axi' <Latency = 0> <II = 1> <Delay = 1.00> <Adapter> <Opcode : 'read' 'write' 'readreq' 'writereq' 'writeresp'>
ST_2 : Operation 28 [1/1] (0.42ns)   --->   "%ret_ln0 = ret"   --->   Operation 28 'ret' 'ret_ln0' <Predicate = (icmp_ln43)> <Delay = 0.42>

State 3 <SV = 2> <Delay = 1.23>
ST_3 : Operation 21 [1/1] (0.00ns)   --->   "%zext_ln43 = zext i4 %n_1" [bnn_top.cpp:43]   --->   Operation 21 'zext' 'zext_ln43' <Predicate = true> <Delay = 0.00>
ST_3 : Operation 22 [1/1] (0.00ns)   --->   "%specpipeline_ln45 = specpipeline void @_ssdm_op_SpecPipeline, i32 1, i32 0, i32 0, i32 0, void @empty_0" [bnn_top.cpp:45]   --->   Operation 22 'specpipeline' 'specpipeline_ln45' <Predicate = true> <Delay = 0.00>
ST_3 : Operation 23 [1/1] (0.00ns)   --->   "%speclooptripcount_ln43 = speclooptripcount void @_ssdm_op_SpecLoopTripCount, i64 10, i64 10, i64 10" [bnn_top.cpp:43]   --->   Operation 23 'speclooptripcount' 'speclooptripcount_ln43' <Predicate = true> <Delay = 0.00>
ST_3 : Operation 24 [1/1] (0.00ns)   --->   "%specloopname_ln43 = specloopname void @_ssdm_op_SpecLoopName, void @empty_21" [bnn_top.cpp:43]   --->   Operation 24 'specloopname' 'specloopname_ln43' <Predicate = true> <Delay = 0.00>
ST_3 : Operation 25 [1/1] (0.00ns)   --->   "%local_l3_weights_addr = getelementptr i256 %local_l3_weights, i64 0, i64 %zext_ln43" [bnn_top.cpp:46]   --->   Operation 25 'getelementptr' 'local_l3_weights_addr' <Predicate = true> <Delay = 0.00>
ST_3 : Operation 26 [1/1] (1.23ns)   --->   "%store_ln46 = store i256 %gmem2_addr_read, i4 %local_l3_weights_addr" [bnn_top.cpp:46]   --->   Operation 26 'store' 'store_ln46' <Predicate = true> <Delay = 1.23> <CoreInst = "RAM_2P_BRAM">   --->   Core 93 'RAM_2P_BRAM' <Latency = 1> <II = 1> <Delay = 1.23> <Storage> <Opcode : 'load' 'store'> <Ports = 2> <Width = 256> <Depth = 10> <RAM>
ST_3 : Operation 27 [1/1] (0.00ns)   --->   "%br_ln43 = br void %for.inc26" [bnn_top.cpp:43]   --->   Operation 27 'br' 'br_ln43' <Predicate = true> <Delay = 0.00>


============================================================
+ Verbose Summary: Binding
============================================================
STG Binding: 
---------------- STG Properties BEGIN ----------------
- Is combinational: 0
- Is one-state seq: 0
- Is datapath-only: 0
- Is pipelined: 0
- Is top level: 0
Port [ Return ] is wired: 1; IO mode=ap_ctrl_hs:ce=0
Port [ gmem2]:  wired=1; compound=1; hidden=0; nouse=0; global=0; static=0; extern=0; dir=0; type=4; pingpong=0; private_global=0; IO mode=m_axi:ce=0
Port [ sext_ln43]:  wired=1; compound=0; hidden=0; nouse=0; global=0; static=0; extern=0; dir=0; type=0; pingpong=0; private_global=0; IO mode=ap_none:ce=0
Port [ local_l3_weights]:  wired=1; compound=1; hidden=0; nouse=0; global=1; static=1; extern=0; dir=1; type=1; pingpong=0; private_global=0; MemPort=[30]; IO mode=ap_memory:ce=0
---------------- STG Properties END ------------------

---------------- Datapath Model BEGIN ----------------

<LifeTime>
<method=bitvector/>
n                      (alloca           ) [ 0100]
sext_ln43_read         (read             ) [ 0000]
sext_ln43_cast         (sext             ) [ 0110]
specmemcore_ln0        (specmemcore      ) [ 0000]
specinterface_ln0      (specinterface    ) [ 0000]
store_ln43             (store            ) [ 0000]
br_ln0                 (br               ) [ 0000]
n_1                    (load             ) [ 0111]
specbitsmap_ln0        (specbitsmap      ) [ 0000]
icmp_ln43              (icmp             ) [ 0110]
add_ln43               (add              ) [ 0000]
br_ln43                (br               ) [ 0000]
store_ln43             (store            ) [ 0000]
gmem2_addr             (getelementptr    ) [ 0000]
gmem2_addr_read        (read             ) [ 0101]
zext_ln43              (zext             ) [ 0000]
specpipeline_ln45      (specpipeline     ) [ 0000]
speclooptripcount_ln43 (speclooptripcount) [ 0000]
specloopname_ln43      (specloopname     ) [ 0000]
local_l3_weights_addr  (getelementptr    ) [ 0000]
store_ln46             (store            ) [ 0000]
br_ln43                (br               ) [ 0000]
ret_ln0                (ret              ) [ 0000]
</LifeTime>

<model>

<comp_list>
<comp id="0" class="1000" name="gmem2">
<pin_list>
<pin id="1" dir="1" index="0" bw="1" slack="0"/>
</pin_list>
<bind>
<StgValue><ssdm name="gmem2"/></StgValue>
</bind>
</comp>

<comp id="2" class="1000" name="sext_ln43">
<pin_list>
<pin id="3" dir="1" index="0" bw="1" slack="0"/>
</pin_list>
<bind>
<StgValue><ssdm name="sext_ln43"/></StgValue>
</bind>
</comp>

<comp id="4" class="1000" name="local_l3_weights">
<pin_list>
<pin id="5" dir="1" index="0" bw="1" slack="0"/>
</pin_list>
<bind>
<StgValue><ssdm name="local_l3_weights"/><MemPortTyVec>3 0 </MemPortTyVec>
</StgValue>
</bind>
</comp>

<comp id="6" class="1001" name="const_6">
<pin_list>
<pin id="7" dir="1" index="0" bw="1" slack="0"/>
</pin_list>
<bind>
<StgValue><ssdm name=""/></StgValue>
</bind>
</comp>

<comp id="8" class="1001" name="const_8">
<pin_list>
<pin id="9" dir="1" index="0" bw="1" slack="0"/>
</pin_list>
<bind>
<StgValue><ssdm name="_ssdm_op_Read.ap_auto.i59"/></StgValue>
</bind>
</comp>

<comp id="10" class="1001" name="const_10">
<pin_list>
<pin id="11" dir="1" index="0" bw="1" slack="2147483647"/>
</pin_list>
<bind>
<StgValue><ssdm name="_ssdm_op_SpecMemCore"/></StgValue>
</bind>
</comp>

<comp id="12" class="1001" name="const_12">
<pin_list>
<pin id="13" dir="1" index="0" bw="1" slack="2147483647"/>
</pin_list>
<bind>
<StgValue><ssdm name=""/></StgValue>
</bind>
</comp>

<comp id="14" class="1001" name="const_14">
<pin_list>
<pin id="15" dir="1" index="0" bw="1" slack="2147483647"/>
</pin_list>
<bind>
<StgValue><ssdm name=""/></StgValue>
</bind>
</comp>

<comp id="16" class="1001" name="const_16">
<pin_list>
<pin id="17" dir="1" index="0" bw="1" slack="2147483647"/>
</pin_list>
<bind>
<StgValue><ssdm name=""/></StgValue>
</bind>
</comp>

<comp id="18" class="1001" name="const_18">
<pin_list>
<pin id="19" dir="1" index="0" bw="1" slack="2147483647"/>
</pin_list>
<bind>
<StgValue><ssdm name="_ssdm_op_SpecInterface"/></StgValue>
</bind>
</comp>

<comp id="20" class="1001" name="const_20">
<pin_list>
<pin id="21" dir="1" index="0" bw="1" slack="2147483647"/>
</pin_list>
<bind>
<StgValue><ssdm name="empty"/></StgValue>
</bind>
</comp>

<comp id="22" class="1001" name="const_22">
<pin_list>
<pin id="23" dir="1" index="0" bw="1" slack="2147483647"/>
</pin_list>
<bind>
<StgValue><ssdm name=""/></StgValue>
</bind>
</comp>

<comp id="24" class="1001" name="const_24">
<pin_list>
<pin id="25" dir="1" index="0" bw="1" slack="2147483647"/>
</pin_list>
<bind>
<StgValue><ssdm name="empty_0"/></StgValue>
</bind>
</comp>

<comp id="26" class="1001" name="const_26">
<pin_list>
<pin id="27" dir="1" index="0" bw="1" slack="2147483647"/>
</pin_list>
<bind>
<StgValue><ssdm name=""/></StgValue>
</bind>
</comp>

<comp id="28" class="1001" name="const_28">
<pin_list>
<pin id="29" dir="1" index="0" bw="1" slack="2147483647"/>
</pin_list>
<bind>
<StgValue><ssdm name="empty_4"/></StgValue>
</bind>
</comp>

<comp id="30" class="1001" name="const_30">
<pin_list>
<pin id="31" dir="1" index="0" bw="1" slack="2147483647"/>
</pin_list>
<bind>
<StgValue><ssdm name="empty_2"/></StgValue>
</bind>
</comp>

<comp id="32" class="1001" name="const_32">
<pin_list>
<pin id="33" dir="1" index="0" bw="1" slack="2147483647"/>
</pin_list>
<bind>
<StgValue><ssdm name=""/></StgValue>
</bind>
</comp>

<comp id="34" class="1001" name="const_34">
<pin_list>
<pin id="35" dir="1" index="0" bw="1" slack="2147483647"/>
</pin_list>
<bind>
<StgValue><ssdm name=""/></StgValue>
</bind>
</comp>

<comp id="36" class="1001" name="const_36">
<pin_list>
<pin id="37" dir="1" index="0" bw="1" slack="0"/>
</pin_list>
<bind>
<StgValue><ssdm name=""/></StgValue>
</bind>
</comp>

<comp id="38" class="1001" name="const_38">
<pin_list>
<pin id="39" dir="1" index="0" bw="1" slack="2147483647"/>
</pin_list>
<bind>
<StgValue><ssdm name="_ssdm_op_SpecBitsMap"/></StgValue>
</bind>
</comp>

<comp id="40" class="1001" name="const_40">
<pin_list>
<pin id="41" dir="1" index="0" bw="1" slack="0"/>
</pin_list>
<bind>
<StgValue><ssdm name=""/></StgValue>
</bind>
</comp>

<comp id="42" class="1001" name="const_42">
<pin_list>
<pin id="43" dir="1" index="0" bw="1" slack="0"/>
</pin_list>
<bind>
<StgValue><ssdm name=""/></StgValue>
</bind>
</comp>

<comp id="44" class="1001" name="const_44">
<pin_list>
<pin id="45" dir="1" index="0" bw="1" slack="0"/>
</pin_list>
<bind>
<StgValue><ssdm name="_ssdm_op_Read.m_axi.p1i256"/></StgValue>
</bind>
</comp>

<comp id="46" class="1001" name="const_46">
<pin_list>
<pin id="47" dir="1" index="0" bw="1" slack="2147483647"/>
</pin_list>
<bind>
<StgValue><ssdm name="_ssdm_op_SpecPipeline"/></StgValue>
</bind>
</comp>

<comp id="48" class="1001" name="const_48">
<pin_list>
<pin id="49" dir="1" index="0" bw="1" slack="2147483647"/>
</pin_list>
<bind>
<StgValue><ssdm name="_ssdm_op_SpecLoopTripCount"/></StgValue>
</bind>
</comp>

<comp id="50" class="1001" name="const_50">
<pin_list>
<pin id="51" dir="1" index="0" bw="1" slack="2147483647"/>
</pin_list>
<bind>
<StgValue><ssdm name=""/></StgValue>
</bind>
</comp>

<comp id="52" class="1001" name="const_52">
<pin_list>
<pin id="53" dir="1" index="0" bw="1" slack="2147483647"/>
</pin_list>
<bind>
<StgValue><ssdm name="_ssdm_op_SpecLoopName"/></StgValue>
</bind>
</comp>

<comp id="54" class="1001" name="const_54">
<pin_list>
<pin id="55" dir="1" index="0" bw="1" slack="2147483647"/>
</pin_list>
<bind>
<StgValue><ssdm name="empty_21"/></StgValue>
</bind>
</comp>

<comp id="56" class="1001" name="const_56">
<pin_list>
<pin id="57" dir="1" index="0" bw="1" slack="0"/>
</pin_list>
<bind>
<StgValue><ssdm name=""/></StgValue>
</bind>
</comp>

<comp id="58" class="1004" name="n_fu_58">
<pin_list>
<pin id="59" dir="0" index="0" bw="1" slack="0"/>
<pin id="60" dir="1" index="1" bw="4" slack="0"/>
</pin_list>
<bind>
<opcode="alloca(26) " fcode="alloca"/>
<opset="n/1 "/>
</bind>
</comp>

<comp id="62" class="1004" name="sext_ln43_read_read_fu_62">
<pin_list>
<pin id="63" dir="0" index="0" bw="59" slack="0"/>
<pin id="64" dir="0" index="1" bw="59" slack="0"/>
<pin id="65" dir="1" index="2" bw="59" slack="0"/>
</pin_list>
<bind>
<opcode="read(1150) " fcode="read"/>
<opset="sext_ln43_read/1 "/>
</bind>
</comp>

<comp id="68" class="1004" name="gmem2_addr_read_read_fu_68">
<pin_list>
<pin id="69" dir="0" index="0" bw="256" slack="0"/>
<pin id="70" dir="0" index="1" bw="256" slack="0"/>
<pin id="71" dir="1" index="2" bw="256" slack="1"/>
</pin_list>
<bind>
<opcode="read(1150) " fcode="read"/>
<opset="gmem2_addr_read/2 "/>
</bind>
</comp>

<comp id="73" class="1004" name="local_l3_weights_addr_gep_fu_73">
<pin_list>
<pin id="74" dir="0" index="0" bw="256" slack="0"/>
<pin id="75" dir="0" index="1" bw="1" slack="0"/>
<pin id="76" dir="0" index="2" bw="4" slack="0"/>
<pin id="77" dir="1" index="3" bw="4" slack="0"/>
</pin_list>
<bind>
<opcode="getelementptr(29) " fcode="getelementptr"/>
<opset="local_l3_weights_addr/3 "/>
</bind>
</comp>

<comp id="80" class="1004" name="store_ln46_access_fu_80">
<pin_list>
<pin id="81" dir="0" index="0" bw="4" slack="2147483647"/>
<pin id="82" dir="0" index="1" bw="256" slack="2147483647"/>
<pin id="83" dir="0" index="2" bw="0" slack="0"/>
<pin id="85" dir="0" index="4" bw="4" slack="1"/>
<pin id="86" dir="0" index="5" bw="256" slack="2147483647"/>
<pin id="87" dir="0" index="6" bw="0" slack="2147483647"/>
<pin id="84" dir="1" index="3" bw="256" slack="2147483647"/>
<pin id="88" dir="1" index="7" bw="256" slack="2147483647"/>
</pin_list>
<bind>
<opcode="store(28) " fcode="store"/>
<opset="store_ln46/3 "/>
</bind>
</comp>

<comp id="90" class="1004" name="sext_ln43_cast_fu_90">
<pin_list>
<pin id="91" dir="0" index="0" bw="59" slack="0"/>
<pin id="92" dir="1" index="1" bw="64" slack="1"/>
</pin_list>
<bind>
<opcode="sext(35) " fcode="sext"/>
<opset="sext_ln43_cast/1 "/>
</bind>
</comp>

<comp id="94" class="1004" name="store_ln43_store_fu_94">
<pin_list>
<pin id="95" dir="0" index="0" bw="1" slack="0"/>
<pin id="96" dir="0" index="1" bw="4" slack="0"/>
<pin id="97" dir="1" index="2" bw="0" slack="2147483647"/>
</pin_list>
<bind>
<opcode="store(28) " fcode="store"/>
<opset="store_ln43/1 "/>
</bind>
</comp>

<comp id="99" class="1004" name="n_1_load_fu_99">
<pin_list>
<pin id="100" dir="0" index="0" bw="4" slack="0"/>
<pin id="101" dir="1" index="1" bw="4" slack="0"/>
</pin_list>
<bind>
<opcode="load(27) " fcode="load"/>
<opset="n_1/1 "/>
</bind>
</comp>

<comp id="102" class="1004" name="icmp_ln43_fu_102">
<pin_list>
<pin id="103" dir="0" index="0" bw="4" slack="0"/>
<pin id="104" dir="0" index="1" bw="4" slack="0"/>
<pin id="105" dir="1" index="2" bw="1" slack="1"/>
</pin_list>
<bind>
<opcode="icmp(45) " fcode="icmp"/>
<opset="icmp_ln43/1 "/>
</bind>
</comp>

<comp id="108" class="1004" name="add_ln43_fu_108">
<pin_list>
<pin id="109" dir="0" index="0" bw="4" slack="0"/>
<pin id="110" dir="0" index="1" bw="1" slack="0"/>
<pin id="111" dir="1" index="2" bw="4" slack="0"/>
</pin_list>
<bind>
<opcode="add(8) " fcode="add"/>
<opset="add_ln43/1 "/>
</bind>
</comp>

<comp id="114" class="1004" name="store_ln43_store_fu_114">
<pin_list>
<pin id="115" dir="0" index="0" bw="4" slack="0"/>
<pin id="116" dir="0" index="1" bw="4" slack="0"/>
<pin id="117" dir="1" index="2" bw="0" slack="2147483647"/>
</pin_list>
<bind>
<opcode="store(28) " fcode="store"/>
<opset="store_ln43/1 "/>
</bind>
</comp>

<comp id="119" class="1004" name="gmem2_addr_fu_119">
<pin_list>
<pin id="120" dir="0" index="0" bw="256" slack="0"/>
<pin id="121" dir="0" index="1" bw="59" slack="1"/>
<pin id="122" dir="1" index="2" bw="256" slack="0"/>
</pin_list>
<bind>
<opcode="getelementptr(29) " fcode="getelementptr"/>
<opset="gmem2_addr/2 "/>
</bind>
</comp>

<comp id="125" class="1004" name="zext_ln43_fu_125">
<pin_list>
<pin id="126" dir="0" index="0" bw="4" slack="2"/>
<pin id="127" dir="1" index="1" bw="64" slack="0"/>
</pin_list>
<bind>
<opcode="zext(34) " fcode="zext"/>
<opset="zext_ln43/3 "/>
</bind>
</comp>

<comp id="129" class="1005" name="n_reg_129">
<pin_list>
<pin id="130" dir="0" index="0" bw="4" slack="0"/>
<pin id="131" dir="1" index="1" bw="4" slack="0"/>
</pin_list>
<bind>
<opset="n "/>
</bind>
</comp>

<comp id="136" class="1005" name="sext_ln43_cast_reg_136">
<pin_list>
<pin id="137" dir="0" index="0" bw="64" slack="1"/>
<pin id="138" dir="1" index="1" bw="64" slack="1"/>
</pin_list>
<bind>
<opset="sext_ln43_cast "/>
</bind>
</comp>

<comp id="141" class="1005" name="n_1_reg_141">
<pin_list>
<pin id="142" dir="0" index="0" bw="4" slack="2"/>
<pin id="143" dir="1" index="1" bw="4" slack="2"/>
</pin_list>
<bind>
<opset="n_1 "/>
</bind>
</comp>

<comp id="146" class="1005" name="icmp_ln43_reg_146">
<pin_list>
<pin id="147" dir="0" index="0" bw="1" slack="1"/>
<pin id="148" dir="1" index="1" bw="1" slack="2147483647"/>
</pin_list>
<bind>
<opset="icmp_ln43 "/>
</bind>
</comp>

<comp id="150" class="1005" name="gmem2_addr_read_reg_150">
<pin_list>
<pin id="151" dir="0" index="0" bw="256" slack="1"/>
<pin id="152" dir="1" index="1" bw="256" slack="1"/>
</pin_list>
<bind>
<opset="gmem2_addr_read "/>
</bind>
</comp>

</comp_list>

<net_list>
<net id="61"><net_src comp="6" pin="0"/><net_sink comp="58" pin=0"/></net>

<net id="66"><net_src comp="8" pin="0"/><net_sink comp="62" pin=0"/></net>

<net id="67"><net_src comp="2" pin="0"/><net_sink comp="62" pin=1"/></net>

<net id="72"><net_src comp="44" pin="0"/><net_sink comp="68" pin=0"/></net>

<net id="78"><net_src comp="4" pin="0"/><net_sink comp="73" pin=0"/></net>

<net id="79"><net_src comp="56" pin="0"/><net_sink comp="73" pin=1"/></net>

<net id="89"><net_src comp="73" pin="3"/><net_sink comp="80" pin=2"/></net>

<net id="93"><net_src comp="62" pin="2"/><net_sink comp="90" pin=0"/></net>

<net id="98"><net_src comp="36" pin="0"/><net_sink comp="94" pin=0"/></net>

<net id="106"><net_src comp="99" pin="1"/><net_sink comp="102" pin=0"/></net>

<net id="107"><net_src comp="40" pin="0"/><net_sink comp="102" pin=1"/></net>

<net id="112"><net_src comp="99" pin="1"/><net_sink comp="108" pin=0"/></net>

<net id="113"><net_src comp="42" pin="0"/><net_sink comp="108" pin=1"/></net>

<net id="118"><net_src comp="108" pin="2"/><net_sink comp="114" pin=0"/></net>

<net id="123"><net_src comp="0" pin="0"/><net_sink comp="119" pin=0"/></net>

<net id="124"><net_src comp="119" pin="2"/><net_sink comp="68" pin=1"/></net>

<net id="128"><net_src comp="125" pin="1"/><net_sink comp="73" pin=2"/></net>

<net id="132"><net_src comp="58" pin="1"/><net_sink comp="129" pin=0"/></net>

<net id="133"><net_src comp="129" pin="1"/><net_sink comp="94" pin=1"/></net>

<net id="134"><net_src comp="129" pin="1"/><net_sink comp="99" pin=0"/></net>

<net id="135"><net_src comp="129" pin="1"/><net_sink comp="114" pin=1"/></net>

<net id="139"><net_src comp="90" pin="1"/><net_sink comp="136" pin=0"/></net>

<net id="140"><net_src comp="136" pin="1"/><net_sink comp="119" pin=1"/></net>

<net id="144"><net_src comp="99" pin="1"/><net_sink comp="141" pin=0"/></net>

<net id="145"><net_src comp="141" pin="1"/><net_sink comp="125" pin=0"/></net>

<net id="149"><net_src comp="102" pin="2"/><net_sink comp="146" pin=0"/></net>

<net id="153"><net_src comp="68" pin="2"/><net_sink comp="150" pin=0"/></net>

<net id="154"><net_src comp="150" pin="1"/><net_sink comp="80" pin=4"/></net>

</net_list>

</model> 
---------------- Datapath Model END ------------------

* FSMD analyzer results:
  - Output states:
	Port: local_l3_weights | {3 }
 - Input state : 
	Port: bnn_top_Pipeline_L3_LOAD : gmem2 | {2 }
	Port: bnn_top_Pipeline_L3_LOAD : sext_ln43 | {1 }
  - Chain level:
	State 1
		store_ln43 : 1
		n_1 : 1
		icmp_ln43 : 2
		add_ln43 : 2
		br_ln43 : 3
		store_ln43 : 3
	State 2
		gmem2_addr_read : 1
	State 3
		local_l3_weights_addr : 1
		store_ln46 : 2


============================================================
+ Verbose Summary: Datapath Resource usage 
============================================================

* Functional unit list:
|----------|----------------------------|---------|---------|
| Operation|       Functional Unit      |    FF   |   LUT   |
|----------|----------------------------|---------|---------|
|   icmp   |      icmp_ln43_fu_102      |    0    |    12   |
|----------|----------------------------|---------|---------|
|    add   |       add_ln43_fu_108      |    0    |    12   |
|----------|----------------------------|---------|---------|
|   read   |  sext_ln43_read_read_fu_62 |    0    |    0    |
|          | gmem2_addr_read_read_fu_68 |    0    |    0    |
|----------|----------------------------|---------|---------|
|   sext   |    sext_ln43_cast_fu_90    |    0    |    0    |
|----------|----------------------------|---------|---------|
|   zext   |      zext_ln43_fu_125      |    0    |    0    |
|----------|----------------------------|---------|---------|
|   Total  |                            |    0    |    24   |
|----------|----------------------------|---------|---------|

Memories:
N/A

* Register list:
+-----------------------+--------+
|                       |   FF   |
+-----------------------+--------+
|gmem2_addr_read_reg_150|   256  |
|   icmp_ln43_reg_146   |    1   |
|      n_1_reg_141      |    4   |
|       n_reg_129       |    4   |
| sext_ln43_cast_reg_136|   64   |
+-----------------------+--------+
|         Total         |   329  |
+-----------------------+--------+

* Multiplexer (MUX) list: 
|--------|------|------|------|--------|
|  Comp  |  Pin | Size |  BW  | S x BW |
|--------|------|------|------|--------|
|  Total |      |      |      |    0   |
|--------|------|------|------|--------|



* Summary:
+-----------+--------+--------+
|           |   FF   |   LUT  |
+-----------+--------+--------+
|  Function |    0   |   24   |
|   Memory  |    -   |    -   |
|Multiplexer|    -   |    -   |
|  Register |   329  |    -   |
+-----------+--------+--------+
|   Total   |   329  |   24   |
+-----------+--------+--------+
