

================================================================
== Vitis HLS Report for 'bnn_top_Pipeline_L1_LOAD'
================================================================
* Date:           Fri Mar 13 20:30:11 2026

* Version:        2024.1 (Build 5069499 on May 21 2024)
* Project:        bnn_top
* Solution:       hls (Vivado IP Flow Target)
* Product family: zynquplus
* Target device:  xczu3eg-sfvc784-2-e


================================================================
== Performance Estimates
================================================================
+ Timing: 
    * Summary: 
    +--------+---------+----------+------------+
    |  Clock |  Target | Estimated| Uncertainty|
    +--------+---------+----------+------------+
    |ap_clk  |  3.00 ns|  2.190 ns|     0.81 ns|
    +--------+---------+----------+------------+

+ Latency: 
    * Summary: 
    +---------+---------+----------+----------+-----+-----+-----------------------------------------------+
    |  Latency (cycles) |  Latency (absolute) |  Interval |                    Pipeline                   |
    |   min   |   max   |    min   |    max   | min | max |                      Type                     |
    +---------+---------+----------+----------+-----+-----+-----------------------------------------------+
    |      259|      259|  0.777 us|  0.777 us|  257|  257|  loop auto-rewind stp(delay=0 clock cycles(s))|
    +---------+---------+----------+----------+-----+-----+-----------------------------------------------+

    + Detail: 
        * Instance: 
        N/A

        * Loop: 
        +-----------+---------+---------+----------+-----------+-----------+------+----------+
        |           |  Latency (cycles) | Iteration|  Initiation Interval  | Trip |          |
        | Loop Name |   min   |   max   |  Latency |  achieved |   target  | Count| Pipelined|
        +-----------+---------+---------+----------+-----------+-----------+------+----------+
        |- L1_LOAD  |      257|      257|         3|          1|          1|   256|       yes|
        +-----------+---------+---------+----------+-----------+-----------+------+----------+

============================================================
+ Verbose Summary: Synthesis Manager
============================================================
InlineROM: 1
ExposeGlobal: 0
============================================================
+ Verbose Summary: CDFG Model
============================================================
IsTopModel: 0
ResetActiveHigh: 1
IsCombinational: 0
IsDatapathOnly: 0
HasWiredReturn: 1
HasMFsm: 2
HasVarLatency: 1
IsPipeline: 0
IsRtlPipelined: 0
IsInstanceOverlapped: 0
IsDontTouch: 0
HasImplIP: 0
IsGatedGlobalClock: 0

+ Individual pipeline summary: 
  * Pipeline-0: initiation interval (II) = 1, depth = 3


============================================================
+ Verbose Summary: Schedule
============================================================
* Number of FSM states : 3
* Pipeline : 1
  Pipeline-0 : II = 1, D = 3, States = { 1 2 3 }
* Dataflow Pipeline: 0

* FSM state transitions: 
1 --> 2 
2 --> 3 
3 --> 

* FSM state operations: 

State 1 <SV = 0> <Delay = 1.63>
ST_1 : Operation 6 [1/1] (0.00ns)   --->   "%n = alloca i32 1" [bnn_top.cpp:33]   --->   Operation 6 'alloca' 'n' <Predicate = true> <Delay = 0.00>
ST_1 : Operation 7 [1/1] (0.00ns)   --->   "%sext_ln33_read = read i57 @_ssdm_op_Read.ap_auto.i57, i57 %sext_ln33"   --->   Operation 7 'read' 'sext_ln33_read' <Predicate = true> <Delay = 0.00>
ST_1 : Operation 8 [1/1] (0.00ns)   --->   "%sext_ln33_cast = sext i57 %sext_ln33_read"   --->   Operation 8 'sext' 'sext_ln33_cast' <Predicate = true> <Delay = 0.00>
ST_1 : Operation 9 [1/1] (0.00ns)   --->   "%specmemcore_ln0 = specmemcore void @_ssdm_op_SpecMemCore, i784 %bnn_top_stream_ap_uint_ap_uint_ap_uint_ap_uint_ap_uint_local_l1_weights_1, i64 666, i64 22, i64 18446744073709551615"   --->   Operation 9 'specmemcore' 'specmemcore_ln0' <Predicate = true> <Delay = 0.00>
ST_1 : Operation 10 [1/1] (0.00ns)   --->   "%specmemcore_ln0 = specmemcore void @_ssdm_op_SpecMemCore, i784 %bnn_top_stream_ap_uint_ap_uint_ap_uint_ap_uint_ap_uint_local_l1_weights, i64 666, i64 22, i64 18446744073709551615"   --->   Operation 10 'specmemcore' 'specmemcore_ln0' <Predicate = true> <Delay = 0.00>
ST_1 : Operation 11 [1/1] (0.00ns)   --->   "%specinterface_ln0 = specinterface void @_ssdm_op_SpecInterface, i1024 %gmem0, void @empty, i32 0, i32 0, void @empty_0, i32 0, i32 256, void @empty_1, void @empty_2, void @empty_0, i32 16, i32 16, i32 16, i32 16, void @empty_0, void @empty_0, i32 4294967295, i32 0, i32 0"   --->   Operation 11 'specinterface' 'specinterface_ln0' <Predicate = true> <Delay = 0.00>
ST_1 : Operation 12 [1/1] (0.42ns)   --->   "%store_ln33 = store i9 0, i9 %n" [bnn_top.cpp:33]   --->   Operation 12 'store' 'store_ln33' <Predicate = true> <Delay = 0.42>
ST_1 : Operation 13 [1/1] (0.00ns)   --->   "%br_ln0 = br void %for.inc"   --->   Operation 13 'br' 'br_ln0' <Predicate = true> <Delay = 0.00>
ST_1 : Operation 14 [1/1] (0.00ns)   --->   "%n_3 = load i9 %n" [bnn_top.cpp:33]   --->   Operation 14 'load' 'n_3' <Predicate = true> <Delay = 0.00>
ST_1 : Operation 15 [1/1] (0.00ns)   --->   "%specbitsmap_ln0 = specbitsmap void @_ssdm_op_SpecBitsMap, i1024 %gmem0"   --->   Operation 15 'specbitsmap' 'specbitsmap_ln0' <Predicate = true> <Delay = 0.00>
ST_1 : Operation 16 [1/1] (0.77ns)   --->   "%icmp_ln33 = icmp_eq  i9 %n_3, i9 256" [bnn_top.cpp:33]   --->   Operation 16 'icmp' 'icmp_ln33' <Predicate = true> <Delay = 0.77> <CoreInst = "Cmp">   --->   Core 9 'Cmp' <Latency = 0> <II = 1> <Delay = 0.77> <FuncUnit> <Opcode : 'seteq' 'setne' 'setle' 'setge' 'setlt' 'setgt'> <InPorts = 2> <OutPorts = 1>
ST_1 : Operation 17 [1/1] (0.77ns)   --->   "%add_ln33 = add i9 %n_3, i9 1" [bnn_top.cpp:33]   --->   Operation 17 'add' 'add_ln33' <Predicate = true> <Delay = 0.77> <CoreInst = "Adder">   --->   Core 1 'Adder' <Latency = 0> <II = 1> <Delay = 0.77> <FuncUnit> <Opcode : 'add' 'sub'> <InPorts = 2> <OutPorts = 1>
ST_1 : Operation 18 [1/1] (0.00ns)   --->   "%br_ln33 = br i1 %icmp_ln33, void %for.inc.split, void %L2_LOAD.exitStub" [bnn_top.cpp:33]   --->   Operation 18 'br' 'br_ln33' <Predicate = true> <Delay = 0.00>
ST_1 : Operation 19 [1/1] (0.00ns)   --->   "%trunc_ln33 = trunc i9 %n_3" [bnn_top.cpp:33]   --->   Operation 19 'trunc' 'trunc_ln33' <Predicate = (!icmp_ln33)> <Delay = 0.00>
ST_1 : Operation 20 [1/1] (0.00ns)   --->   "%lshr_ln = partselect i7 @_ssdm_op_PartSelect.i7.i9.i32.i32, i9 %n_3, i32 1, i32 7" [bnn_top.cpp:33]   --->   Operation 20 'partselect' 'lshr_ln' <Predicate = (!icmp_ln33)> <Delay = 0.00>
ST_1 : Operation 21 [1/1] (0.00ns)   --->   "%br_ln36 = br i1 %trunc_ln33, void %arrayidx4.case.0, void %arrayidx4.case.1" [bnn_top.cpp:36]   --->   Operation 21 'br' 'br_ln36' <Predicate = (!icmp_ln33)> <Delay = 0.00>
ST_1 : Operation 22 [1/1] (0.42ns)   --->   "%store_ln33 = store i9 %add_ln33, i9 %n" [bnn_top.cpp:33]   --->   Operation 22 'store' 'store_ln33' <Predicate = (!icmp_ln33)> <Delay = 0.42>
ST_1 : Operation 23 [1/1] (0.00ns)   --->   "%br_ln33 = br void %for.inc" [bnn_top.cpp:33]   --->   Operation 23 'br' 'br_ln33' <Predicate = (!icmp_ln33)> <Delay = 0.00>

State 2 <SV = 1> <Delay = 2.19>
ST_2 : Operation 24 [1/1] (0.00ns)   --->   "%gmem0_addr = getelementptr i1024 %gmem0, i64 %sext_ln33_cast" [bnn_top.cpp:33]   --->   Operation 24 'getelementptr' 'gmem0_addr' <Predicate = true> <Delay = 0.00>
ST_2 : Operation 25 [1/1] (2.19ns)   --->   "%gmem0_addr_read = read i1024 @_ssdm_op_Read.m_axi.p1i1024, i1024 %gmem0_addr" [bnn_top.cpp:36]   --->   Operation 25 'read' 'gmem0_addr_read' <Predicate = true> <Delay = 2.19> <CoreInst = "m_axi">   --->   Core 119 'm_axi' <Latency = 0> <II = 1> <Delay = 1.00> <Adapter> <Opcode : 'read' 'write' 'readreq' 'writereq' 'writeresp'>
ST_2 : Operation 26 [1/1] (0.00ns)   --->   "%trunc_ln36 = trunc i1024 %gmem0_addr_read" [bnn_top.cpp:36]   --->   Operation 26 'trunc' 'trunc_ln36' <Predicate = true> <Delay = 0.00>
ST_2 : Operation 37 [1/1] (0.42ns)   --->   "%ret_ln0 = ret"   --->   Operation 37 'ret' 'ret_ln0' <Predicate = (icmp_ln33)> <Delay = 0.42>

State 3 <SV = 2> <Delay = 1.23>
ST_3 : Operation 27 [1/1] (0.00ns)   --->   "%specpipeline_ln35 = specpipeline void @_ssdm_op_SpecPipeline, i32 1, i32 0, i32 0, i32 0, void @empty_0" [bnn_top.cpp:35]   --->   Operation 27 'specpipeline' 'specpipeline_ln35' <Predicate = true> <Delay = 0.00>
ST_3 : Operation 28 [1/1] (0.00ns)   --->   "%speclooptripcount_ln33 = speclooptripcount void @_ssdm_op_SpecLoopTripCount, i64 256, i64 256, i64 256" [bnn_top.cpp:33]   --->   Operation 28 'speclooptripcount' 'speclooptripcount_ln33' <Predicate = true> <Delay = 0.00>
ST_3 : Operation 29 [1/1] (0.00ns)   --->   "%specloopname_ln33 = specloopname void @_ssdm_op_SpecLoopName, void @empty_23" [bnn_top.cpp:33]   --->   Operation 29 'specloopname' 'specloopname_ln33' <Predicate = true> <Delay = 0.00>
ST_3 : Operation 30 [1/1] (0.00ns)   --->   "%zext_ln33 = zext i7 %lshr_ln" [bnn_top.cpp:33]   --->   Operation 30 'zext' 'zext_ln33' <Predicate = true> <Delay = 0.00>
ST_3 : Operation 31 [1/1] (0.00ns)   --->   "%bnn_top_stream_ap_uint_ap_uint_ap_uint_ap_uint_ap_uint_local_l1_weights_1_ad = getelementptr i784 %bnn_top_stream_ap_uint_ap_uint_ap_uint_ap_uint_ap_uint_local_l1_weights_1, i64 0, i64 %zext_ln33" [bnn_top.cpp:36]   --->   Operation 31 'getelementptr' 'bnn_top_stream_ap_uint_ap_uint_ap_uint_ap_uint_ap_uint_local_l1_weights_1_ad' <Predicate = true> <Delay = 0.00>
ST_3 : Operation 32 [1/1] (0.00ns)   --->   "%bnn_top_stream_ap_uint_ap_uint_ap_uint_ap_uint_ap_uint_local_l1_weights_addr = getelementptr i784 %bnn_top_stream_ap_uint_ap_uint_ap_uint_ap_uint_ap_uint_local_l1_weights, i64 0, i64 %zext_ln33" [bnn_top.cpp:36]   --->   Operation 32 'getelementptr' 'bnn_top_stream_ap_uint_ap_uint_ap_uint_ap_uint_ap_uint_local_l1_weights_addr' <Predicate = true> <Delay = 0.00>
ST_3 : Operation 33 [1/1] (1.23ns)   --->   "%store_ln36 = store i784 %trunc_ln36, i7 %bnn_top_stream_ap_uint_ap_uint_ap_uint_ap_uint_ap_uint_local_l1_weights_1_ad" [bnn_top.cpp:36]   --->   Operation 33 'store' 'store_ln36' <Predicate = (!trunc_ln33)> <Delay = 1.23> <CoreInst = "RAM_2P_BRAM">   --->   Core 93 'RAM_2P_BRAM' <Latency = 1> <II = 1> <Delay = 1.23> <Storage> <Opcode : 'load' 'store'> <Ports = 2> <Width = 784> <Depth = 128> <RAM>
ST_3 : Operation 34 [1/1] (0.00ns)   --->   "%br_ln36 = br void %arrayidx4.exit" [bnn_top.cpp:36]   --->   Operation 34 'br' 'br_ln36' <Predicate = (!trunc_ln33)> <Delay = 0.00>
ST_3 : Operation 35 [1/1] (1.23ns)   --->   "%store_ln36 = store i784 %trunc_ln36, i7 %bnn_top_stream_ap_uint_ap_uint_ap_uint_ap_uint_ap_uint_local_l1_weights_addr" [bnn_top.cpp:36]   --->   Operation 35 'store' 'store_ln36' <Predicate = (trunc_ln33)> <Delay = 1.23> <CoreInst = "RAM_2P_BRAM">   --->   Core 93 'RAM_2P_BRAM' <Latency = 1> <II = 1> <Delay = 1.23> <Storage> <Opcode : 'load' 'store'> <Ports = 2> <Width = 784> <Depth = 128> <RAM>
ST_3 : Operation 36 [1/1] (0.00ns)   --->   "%br_ln36 = br void %arrayidx4.exit" [bnn_top.cpp:36]   --->   Operation 36 'br' 'br_ln36' <Predicate = (trunc_ln33)> <Delay = 0.00>


============================================================
+ Verbose Summary: Binding
============================================================
STG Binding: 
---------------- STG Properties BEGIN ----------------
- Is combinational: 0
- Is one-state seq: 0
- Is datapath-only: 0
- Is pipelined: 0
- Is top level: 0
Port [ Return ] is wired: 1; IO mode=ap_ctrl_hs:ce=0
Port [ gmem0]:  wired=1; compound=1; hidden=0; nouse=0; global=0; static=0; extern=0; dir=0; type=4; pingpong=0; private_global=0; IO mode=m_axi:ce=0
Port [ sext_ln33]:  wired=1; compound=0; hidden=0; nouse=0; global=0; static=0; extern=0; dir=0; type=0; pingpong=0; private_global=0; IO mode=ap_none:ce=0
Port [ bnn_top_stream_ap_uint_ap_uint_ap_uint_ap_uint_ap_uint_local_l1_weights_1]:  wired=1; compound=1; hidden=0; nouse=0; global=1; static=1; extern=0; dir=1; type=1; pingpong=0; private_global=0; MemPort=[30]; IO mode=ap_memory:ce=0
Port [ bnn_top_stream_ap_uint_ap_uint_ap_uint_ap_uint_ap_uint_local_l1_weights]:  wired=1; compound=1; hidden=0; nouse=0; global=1; static=1; extern=0; dir=1; type=1; pingpong=0; private_global=0; MemPort=[30]; IO mode=ap_memory:ce=0
---------------- STG Properties END ------------------

---------------- Datapath Model BEGIN ----------------

<LifeTime>
<method=bitvector/>
n                                                                            (alloca           ) [ 0100]
sext_ln33_read                                                               (read             ) [ 0000]
sext_ln33_cast                                                               (sext             ) [ 0110]
specmemcore_ln0                                                              (specmemcore      ) [ 0000]
specmemcore_ln0                                                              (specmemcore      ) [ 0000]
specinterface_ln0                                                            (specinterface    ) [ 0000]
store_ln33                                                                   (store            ) [ 0000]
br_ln0                                                                       (br               ) [ 0000]
n_3                                                                          (load             ) [ 0000]
specbitsmap_ln0                                                              (specbitsmap      ) [ 0000]
icmp_ln33                                                                    (icmp             ) [ 0110]
add_ln33                                                                     (add              ) [ 0000]
br_ln33                                                                      (br               ) [ 0000]
trunc_ln33                                                                   (trunc            ) [ 0111]
lshr_ln                                                                      (partselect       ) [ 0111]
br_ln36                                                                      (br               ) [ 0000]
store_ln33                                                                   (store            ) [ 0000]
br_ln33                                                                      (br               ) [ 0000]
gmem0_addr                                                                   (getelementptr    ) [ 0000]
gmem0_addr_read                                                              (read             ) [ 0000]
trunc_ln36                                                                   (trunc            ) [ 0101]
specpipeline_ln35                                                            (specpipeline     ) [ 0000]
speclooptripcount_ln33                                                       (speclooptripcount) [ 0000]
specloopname_ln33                                                            (specloopname     ) [ 0000]
zext_ln33                                                                    (zext             ) [ 0000]
bnn_top_stream_ap_uint_ap_uint_ap_uint_ap_uint_ap_uint_local_l1_weights_1_ad (getelementptr    ) [ 0000]
bnn_top_stream_ap_uint_ap_uint_ap_uint_ap_uint_ap_uint_local_l1_weights_addr (getelementptr    ) [ 0000]
store_ln36                                                                   (store            ) [ 0000]
br_ln36                                                                      (br               ) [ 0000]
store_ln36                                                                   (store            ) [ 0000]
br_ln36                                                                      (br               ) [ 0000]
ret_ln0                                                                      (ret              ) [ 0000]
</LifeTime>

<model>

<comp_list>
<comp id="0" class="1000" name="gmem0">
<pin_list>
<pin id="1" dir="1" index="0" bw="1" slack="0"/>
</pin_list>
<bind>
<StgValue><ssdm name="gmem0"/></StgValue>
</bind>
</comp>

<comp id="2" class="1000" name="sext_ln33">
<pin_list>
<pin id="3" dir="1" index="0" bw="1" slack="0"/>
</pin_list>
<bind>
<StgValue><ssdm name="sext_ln33"/></StgValue>
</bind>
</comp>

<comp id="4" class="1000" name="bnn_top_stream_ap_uint_ap_uint_ap_uint_ap_uint_ap_uint_local_l1_weights_1">
<pin_list>
<pin id="5" dir="1" index="0" bw="1" slack="0"/>
</pin_list>
<bind>
<StgValue><ssdm name="bnn_top_stream_ap_uint_ap_uint_ap_uint_ap_uint_ap_uint_local_l1_weights_1"/><MemPortTyVec>3 0 </MemPortTyVec>
</StgValue>
</bind>
</comp>

<comp id="6" class="1000" name="bnn_top_stream_ap_uint_ap_uint_ap_uint_ap_uint_ap_uint_local_l1_weights">
<pin_list>
<pin id="7" dir="1" index="0" bw="1" slack="0"/>
</pin_list>
<bind>
<StgValue><ssdm name="bnn_top_stream_ap_uint_ap_uint_ap_uint_ap_uint_ap_uint_local_l1_weights"/><MemPortTyVec>3 0 </MemPortTyVec>
</StgValue>
</bind>
</comp>

<comp id="8" class="1001" name="const_8">
<pin_list>
<pin id="9" dir="1" index="0" bw="1" slack="0"/>
</pin_list>
<bind>
<StgValue><ssdm name=""/></StgValue>
</bind>
</comp>

<comp id="10" class="1001" name="const_10">
<pin_list>
<pin id="11" dir="1" index="0" bw="1" slack="0"/>
</pin_list>
<bind>
<StgValue><ssdm name="_ssdm_op_Read.ap_auto.i57"/></StgValue>
</bind>
</comp>

<comp id="12" class="1001" name="const_12">
<pin_list>
<pin id="13" dir="1" index="0" bw="1" slack="2147483647"/>
</pin_list>
<bind>
<StgValue><ssdm name="_ssdm_op_SpecMemCore"/></StgValue>
</bind>
</comp>

<comp id="14" class="1001" name="const_14">
<pin_list>
<pin id="15" dir="1" index="0" bw="1" slack="2147483647"/>
</pin_list>
<bind>
<StgValue><ssdm name=""/></StgValue>
</bind>
</comp>

<comp id="16" class="1001" name="const_16">
<pin_list>
<pin id="17" dir="1" index="0" bw="1" slack="2147483647"/>
</pin_list>
<bind>
<StgValue><ssdm name=""/></StgValue>
</bind>
</comp>

<comp id="18" class="1001" name="const_18">
<pin_list>
<pin id="19" dir="1" index="0" bw="1" slack="2147483647"/>
</pin_list>
<bind>
<StgValue><ssdm name=""/></StgValue>
</bind>
</comp>

<comp id="20" class="1001" name="const_20">
<pin_list>
<pin id="21" dir="1" index="0" bw="1" slack="2147483647"/>
</pin_list>
<bind>
<StgValue><ssdm name="_ssdm_op_SpecInterface"/></StgValue>
</bind>
</comp>

<comp id="22" class="1001" name="const_22">
<pin_list>
<pin id="23" dir="1" index="0" bw="1" slack="2147483647"/>
</pin_list>
<bind>
<StgValue><ssdm name="empty"/></StgValue>
</bind>
</comp>

<comp id="24" class="1001" name="const_24">
<pin_list>
<pin id="25" dir="1" index="0" bw="1" slack="2147483647"/>
</pin_list>
<bind>
<StgValue><ssdm name=""/></StgValue>
</bind>
</comp>

<comp id="26" class="1001" name="const_26">
<pin_list>
<pin id="27" dir="1" index="0" bw="1" slack="2147483647"/>
</pin_list>
<bind>
<StgValue><ssdm name="empty_0"/></StgValue>
</bind>
</comp>

<comp id="28" class="1001" name="const_28">
<pin_list>
<pin id="29" dir="1" index="0" bw="1" slack="2147483647"/>
</pin_list>
<bind>
<StgValue><ssdm name=""/></StgValue>
</bind>
</comp>

<comp id="30" class="1001" name="const_30">
<pin_list>
<pin id="31" dir="1" index="0" bw="1" slack="2147483647"/>
</pin_list>
<bind>
<StgValue><ssdm name="empty_1"/></StgValue>
</bind>
</comp>

<comp id="32" class="1001" name="const_32">
<pin_list>
<pin id="33" dir="1" index="0" bw="1" slack="2147483647"/>
</pin_list>
<bind>
<StgValue><ssdm name="empty_2"/></StgValue>
</bind>
</comp>

<comp id="34" class="1001" name="const_34">
<pin_list>
<pin id="35" dir="1" index="0" bw="1" slack="2147483647"/>
</pin_list>
<bind>
<StgValue><ssdm name=""/></StgValue>
</bind>
</comp>

<comp id="36" class="1001" name="const_36">
<pin_list>
<pin id="37" dir="1" index="0" bw="1" slack="2147483647"/>
</pin_list>
<bind>
<StgValue><ssdm name=""/></StgValue>
</bind>
</comp>

<comp id="38" class="1001" name="const_38">
<pin_list>
<pin id="39" dir="1" index="0" bw="1" slack="0"/>
</pin_list>
<bind>
<StgValue><ssdm name=""/></StgValue>
</bind>
</comp>

<comp id="40" class="1001" name="const_40">
<pin_list>
<pin id="41" dir="1" index="0" bw="1" slack="2147483647"/>
</pin_list>
<bind>
<StgValue><ssdm name="_ssdm_op_SpecBitsMap"/></StgValue>
</bind>
</comp>

<comp id="42" class="1001" name="const_42">
<pin_list>
<pin id="43" dir="1" index="0" bw="1" slack="0"/>
</pin_list>
<bind>
<StgValue><ssdm name=""/></StgValue>
</bind>
</comp>

<comp id="44" class="1001" name="const_44">
<pin_list>
<pin id="45" dir="1" index="0" bw="1" slack="0"/>
</pin_list>
<bind>
<StgValue><ssdm name=""/></StgValue>
</bind>
</comp>

<comp id="46" class="1001" name="const_46">
<pin_list>
<pin id="47" dir="1" index="0" bw="1" slack="0"/>
</pin_list>
<bind>
<StgValue><ssdm name="_ssdm_op_PartSelect.i7.i9.i32.i32"/></StgValue>
</bind>
</comp>

<comp id="48" class="1001" name="const_48">
<pin_list>
<pin id="49" dir="1" index="0" bw="1" slack="0"/>
</pin_list>
<bind>
<StgValue><ssdm name=""/></StgValue>
</bind>
</comp>

<comp id="50" class="1001" name="const_50">
<pin_list>
<pin id="51" dir="1" index="0" bw="1" slack="0"/>
</pin_list>
<bind>
<StgValue><ssdm name="_ssdm_op_Read.m_axi.p1i1024"/></StgValue>
</bind>
</comp>

<comp id="52" class="1001" name="const_52">
<pin_list>
<pin id="53" dir="1" index="0" bw="1" slack="2147483647"/>
</pin_list>
<bind>
<StgValue><ssdm name="_ssdm_op_SpecPipeline"/></StgValue>
</bind>
</comp>

<comp id="54" class="1001" name="const_54">
<pin_list>
<pin id="55" dir="1" index="0" bw="1" slack="2147483647"/>
</pin_list>
<bind>
<StgValue><ssdm name="_ssdm_op_SpecLoopTripCount"/></StgValue>
</bind>
</comp>

<comp id="56" class="1001" name="const_56">
<pin_list>
<pin id="57" dir="1" index="0" bw="1" slack="2147483647"/>
</pin_list>
<bind>
<StgValue><ssdm name=""/></StgValue>
</bind>
</comp>

<comp id="58" class="1001" name="const_58">
<pin_list>
<pin id="59" dir="1" index="0" bw="1" slack="2147483647"/>
</pin_list>
<bind>
<StgValue><ssdm name="_ssdm_op_SpecLoopName"/></StgValue>
</bind>
</comp>

<comp id="60" class="1001" name="const_60">
<pin_list>
<pin id="61" dir="1" index="0" bw="1" slack="2147483647"/>
</pin_list>
<bind>
<StgValue><ssdm name="empty_23"/></StgValue>
</bind>
</comp>

<comp id="62" class="1001" name="const_62">
<pin_list>
<pin id="63" dir="1" index="0" bw="1" slack="0"/>
</pin_list>
<bind>
<StgValue><ssdm name=""/></StgValue>
</bind>
</comp>

<comp id="64" class="1004" name="n_fu_64">
<pin_list>
<pin id="65" dir="0" index="0" bw="1" slack="0"/>
<pin id="66" dir="1" index="1" bw="9" slack="0"/>
</pin_list>
<bind>
<opcode="alloca(26) " fcode="alloca"/>
<opset="n/1 "/>
</bind>
</comp>

<comp id="68" class="1004" name="sext_ln33_read_read_fu_68">
<pin_list>
<pin id="69" dir="0" index="0" bw="57" slack="0"/>
<pin id="70" dir="0" index="1" bw="57" slack="0"/>
<pin id="71" dir="1" index="2" bw="57" slack="0"/>
</pin_list>
<bind>
<opcode="read(1150) " fcode="read"/>
<opset="sext_ln33_read/1 "/>
</bind>
</comp>

<comp id="74" class="1004" name="gmem0_addr_read_read_fu_74">
<pin_list>
<pin id="75" dir="0" index="0" bw="1024" slack="0"/>
<pin id="76" dir="0" index="1" bw="1024" slack="0"/>
<pin id="77" dir="1" index="2" bw="1024" slack="0"/>
</pin_list>
<bind>
<opcode="read(1150) " fcode="read"/>
<opset="gmem0_addr_read/2 "/>
</bind>
</comp>

<comp id="79" class="1004" name="bnn_top_stream_ap_uint_ap_uint_ap_uint_ap_uint_ap_uint_local_l1_weights_1_ad_gep_fu_79">
<pin_list>
<pin id="80" dir="0" index="0" bw="784" slack="0"/>
<pin id="81" dir="0" index="1" bw="1" slack="0"/>
<pin id="82" dir="0" index="2" bw="7" slack="0"/>
<pin id="83" dir="1" index="3" bw="7" slack="0"/>
</pin_list>
<bind>
<opcode="getelementptr(29) " fcode="getelementptr"/>
<opset="bnn_top_stream_ap_uint_ap_uint_ap_uint_ap_uint_ap_uint_local_l1_weights_1_ad/3 "/>
</bind>
</comp>

<comp id="86" class="1004" name="bnn_top_stream_ap_uint_ap_uint_ap_uint_ap_uint_ap_uint_local_l1_weights_addr_gep_fu_86">
<pin_list>
<pin id="87" dir="0" index="0" bw="784" slack="0"/>
<pin id="88" dir="0" index="1" bw="1" slack="0"/>
<pin id="89" dir="0" index="2" bw="7" slack="0"/>
<pin id="90" dir="1" index="3" bw="7" slack="0"/>
</pin_list>
<bind>
<opcode="getelementptr(29) " fcode="getelementptr"/>
<opset="bnn_top_stream_ap_uint_ap_uint_ap_uint_ap_uint_ap_uint_local_l1_weights_addr/3 "/>
</bind>
</comp>

<comp id="93" class="1004" name="store_ln36_access_fu_93">
<pin_list>
<pin id="94" dir="0" index="0" bw="7" slack="2147483647"/>
<pin id="95" dir="0" index="1" bw="784" slack="2147483647"/>
<pin id="96" dir="0" index="2" bw="0" slack="0"/>
<pin id="98" dir="0" index="4" bw="7" slack="1"/>
<pin id="99" dir="0" index="5" bw="784" slack="2147483647"/>
<pin id="100" dir="0" index="6" bw="0" slack="2147483647"/>
<pin id="97" dir="1" index="3" bw="784" slack="2147483647"/>
<pin id="101" dir="1" index="7" bw="784" slack="2147483647"/>
</pin_list>
<bind>
<opcode="store(28) " fcode="store"/>
<opset="store_ln36/3 "/>
</bind>
</comp>

<comp id="103" class="1004" name="store_ln36_access_fu_103">
<pin_list>
<pin id="104" dir="0" index="0" bw="7" slack="2147483647"/>
<pin id="105" dir="0" index="1" bw="784" slack="2147483647"/>
<pin id="106" dir="0" index="2" bw="0" slack="0"/>
<pin id="108" dir="0" index="4" bw="7" slack="1"/>
<pin id="109" dir="0" index="5" bw="784" slack="2147483647"/>
<pin id="110" dir="0" index="6" bw="0" slack="2147483647"/>
<pin id="107" dir="1" index="3" bw="784" slack="2147483647"/>
<pin id="111" dir="1" index="7" bw="784" slack="2147483647"/>
</pin_list>
<bind>
<opcode="store(28) " fcode="store"/>
<opset="store_ln36/3 "/>
</bind>
</comp>

<comp id="113" class="1004" name="sext_ln33_cast_fu_113">
<pin_list>
<pin id="114" dir="0" index="0" bw="57" slack="0"/>
<pin id="115" dir="1" index="1" bw="64" slack="1"/>
</pin_list>
<bind>
<opcode="sext(35) " fcode="sext"/>
<opset="sext_ln33_cast/1 "/>
</bind>
</comp>

<comp id="117" class="1004" name="store_ln33_store_fu_117">
<pin_list>
<pin id="118" dir="0" index="0" bw="1" slack="0"/>
<pin id="119" dir="0" index="1" bw="9" slack="0"/>
<pin id="120" dir="1" index="2" bw="0" slack="2147483647"/>
</pin_list>
<bind>
<opcode="store(28) " fcode="store"/>
<opset="store_ln33/1 "/>
</bind>
</comp>

<comp id="122" class="1004" name="n_3_load_fu_122">
<pin_list>
<pin id="123" dir="0" index="0" bw="9" slack="0"/>
<pin id="124" dir="1" index="1" bw="9" slack="0"/>
</pin_list>
<bind>
<opcode="load(27) " fcode="load"/>
<opset="n_3/1 "/>
</bind>
</comp>

<comp id="125" class="1004" name="icmp_ln33_fu_125">
<pin_list>
<pin id="126" dir="0" index="0" bw="9" slack="0"/>
<pin id="127" dir="0" index="1" bw="9" slack="0"/>
<pin id="128" dir="1" index="2" bw="1" slack="1"/>
</pin_list>
<bind>
<opcode="icmp(45) " fcode="icmp"/>
<opset="icmp_ln33/1 "/>
</bind>
</comp>

<comp id="131" class="1004" name="add_ln33_fu_131">
<pin_list>
<pin id="132" dir="0" index="0" bw="9" slack="0"/>
<pin id="133" dir="0" index="1" bw="1" slack="0"/>
<pin id="134" dir="1" index="2" bw="9" slack="0"/>
</pin_list>
<bind>
<opcode="add(8) " fcode="add"/>
<opset="add_ln33/1 "/>
</bind>
</comp>

<comp id="137" class="1004" name="trunc_ln33_fu_137">
<pin_list>
<pin id="138" dir="0" index="0" bw="9" slack="0"/>
<pin id="139" dir="1" index="1" bw="1" slack="2"/>
</pin_list>
<bind>
<opcode="trunc(33) " fcode="trunc"/>
<opset="trunc_ln33/1 "/>
</bind>
</comp>

<comp id="141" class="1004" name="lshr_ln_fu_141">
<pin_list>
<pin id="142" dir="0" index="0" bw="7" slack="0"/>
<pin id="143" dir="0" index="1" bw="9" slack="0"/>
<pin id="144" dir="0" index="2" bw="1" slack="0"/>
<pin id="145" dir="0" index="3" bw="4" slack="0"/>
<pin id="146" dir="1" index="4" bw="7" slack="2"/>
</pin_list>
<bind>
<opcode="partselect(1002) " fcode="partselect"/>
<opset="lshr_ln/1 "/>
</bind>
</comp>

<comp id="151" class="1004" name="store_ln33_store_fu_151">
<pin_list>
<pin id="152" dir="0" index="0" bw="9" slack="0"/>
<pin id="153" dir="0" index="1" bw="9" slack="0"/>
<pin id="154" dir="1" index="2" bw="0" slack="2147483647"/>
</pin_list>
<bind>
<opcode="store(28) " fcode="store"/>
<opset="store_ln33/1 "/>
</bind>
</comp>

<comp id="156" class="1004" name="gmem0_addr_fu_156">
<pin_list>
<pin id="157" dir="0" index="0" bw="1024" slack="0"/>
<pin id="158" dir="0" index="1" bw="57" slack="1"/>
<pin id="159" dir="1" index="2" bw="1024" slack="0"/>
</pin_list>
<bind>
<opcode="getelementptr(29) " fcode="getelementptr"/>
<opset="gmem0_addr/2 "/>
</bind>
</comp>

<comp id="162" class="1004" name="trunc_ln36_fu_162">
<pin_list>
<pin id="163" dir="0" index="0" bw="1024" slack="0"/>
<pin id="164" dir="1" index="1" bw="784" slack="1"/>
</pin_list>
<bind>
<opcode="trunc(33) " fcode="trunc"/>
<opset="trunc_ln36/2 "/>
</bind>
</comp>

<comp id="166" class="1004" name="zext_ln33_fu_166">
<pin_list>
<pin id="167" dir="0" index="0" bw="7" slack="2"/>
<pin id="168" dir="1" index="1" bw="64" slack="0"/>
</pin_list>
<bind>
<opcode="zext(34) " fcode="zext"/>
<opset="zext_ln33/3 "/>
</bind>
</comp>

<comp id="171" class="1005" name="n_reg_171">
<pin_list>
<pin id="172" dir="0" index="0" bw="9" slack="0"/>
<pin id="173" dir="1" index="1" bw="9" slack="0"/>
</pin_list>
<bind>
<opset="n "/>
</bind>
</comp>

<comp id="178" class="1005" name="sext_ln33_cast_reg_178">
<pin_list>
<pin id="179" dir="0" index="0" bw="64" slack="1"/>
<pin id="180" dir="1" index="1" bw="64" slack="1"/>
</pin_list>
<bind>
<opset="sext_ln33_cast "/>
</bind>
</comp>

<comp id="183" class="1005" name="icmp_ln33_reg_183">
<pin_list>
<pin id="184" dir="0" index="0" bw="1" slack="1"/>
<pin id="185" dir="1" index="1" bw="1" slack="2147483647"/>
</pin_list>
<bind>
<opset="icmp_ln33 "/>
</bind>
</comp>

<comp id="187" class="1005" name="trunc_ln33_reg_187">
<pin_list>
<pin id="188" dir="0" index="0" bw="1" slack="2"/>
<pin id="189" dir="1" index="1" bw="1" slack="2147483647"/>
</pin_list>
<bind>
<opset="trunc_ln33 "/>
</bind>
</comp>

<comp id="191" class="1005" name="lshr_ln_reg_191">
<pin_list>
<pin id="192" dir="0" index="0" bw="7" slack="2"/>
<pin id="193" dir="1" index="1" bw="7" slack="2"/>
</pin_list>
<bind>
<opset="lshr_ln "/>
</bind>
</comp>

<comp id="196" class="1005" name="trunc_ln36_reg_196">
<pin_list>
<pin id="197" dir="0" index="0" bw="784" slack="1"/>
<pin id="198" dir="1" index="1" bw="784" slack="1"/>
</pin_list>
<bind>
<opset="trunc_ln36 "/>
</bind>
</comp>

</comp_list>

<net_list>
<net id="67"><net_src comp="8" pin="0"/><net_sink comp="64" pin=0"/></net>

<net id="72"><net_src comp="10" pin="0"/><net_sink comp="68" pin=0"/></net>

<net id="73"><net_src comp="2" pin="0"/><net_sink comp="68" pin=1"/></net>

<net id="78"><net_src comp="50" pin="0"/><net_sink comp="74" pin=0"/></net>

<net id="84"><net_src comp="4" pin="0"/><net_sink comp="79" pin=0"/></net>

<net id="85"><net_src comp="62" pin="0"/><net_sink comp="79" pin=1"/></net>

<net id="91"><net_src comp="6" pin="0"/><net_sink comp="86" pin=0"/></net>

<net id="92"><net_src comp="62" pin="0"/><net_sink comp="86" pin=1"/></net>

<net id="102"><net_src comp="79" pin="3"/><net_sink comp="93" pin=2"/></net>

<net id="112"><net_src comp="86" pin="3"/><net_sink comp="103" pin=2"/></net>

<net id="116"><net_src comp="68" pin="2"/><net_sink comp="113" pin=0"/></net>

<net id="121"><net_src comp="38" pin="0"/><net_sink comp="117" pin=0"/></net>

<net id="129"><net_src comp="122" pin="1"/><net_sink comp="125" pin=0"/></net>

<net id="130"><net_src comp="42" pin="0"/><net_sink comp="125" pin=1"/></net>

<net id="135"><net_src comp="122" pin="1"/><net_sink comp="131" pin=0"/></net>

<net id="136"><net_src comp="44" pin="0"/><net_sink comp="131" pin=1"/></net>

<net id="140"><net_src comp="122" pin="1"/><net_sink comp="137" pin=0"/></net>

<net id="147"><net_src comp="46" pin="0"/><net_sink comp="141" pin=0"/></net>

<net id="148"><net_src comp="122" pin="1"/><net_sink comp="141" pin=1"/></net>

<net id="149"><net_src comp="8" pin="0"/><net_sink comp="141" pin=2"/></net>

<net id="150"><net_src comp="48" pin="0"/><net_sink comp="141" pin=3"/></net>

<net id="155"><net_src comp="131" pin="2"/><net_sink comp="151" pin=0"/></net>

<net id="160"><net_src comp="0" pin="0"/><net_sink comp="156" pin=0"/></net>

<net id="161"><net_src comp="156" pin="2"/><net_sink comp="74" pin=1"/></net>

<net id="165"><net_src comp="74" pin="2"/><net_sink comp="162" pin=0"/></net>

<net id="169"><net_src comp="166" pin="1"/><net_sink comp="79" pin=2"/></net>

<net id="170"><net_src comp="166" pin="1"/><net_sink comp="86" pin=2"/></net>

<net id="174"><net_src comp="64" pin="1"/><net_sink comp="171" pin=0"/></net>

<net id="175"><net_src comp="171" pin="1"/><net_sink comp="117" pin=1"/></net>

<net id="176"><net_src comp="171" pin="1"/><net_sink comp="122" pin=0"/></net>

<net id="177"><net_src comp="171" pin="1"/><net_sink comp="151" pin=1"/></net>

<net id="181"><net_src comp="113" pin="1"/><net_sink comp="178" pin=0"/></net>

<net id="182"><net_src comp="178" pin="1"/><net_sink comp="156" pin=1"/></net>

<net id="186"><net_src comp="125" pin="2"/><net_sink comp="183" pin=0"/></net>

<net id="190"><net_src comp="137" pin="1"/><net_sink comp="187" pin=0"/></net>

<net id="194"><net_src comp="141" pin="4"/><net_sink comp="191" pin=0"/></net>

<net id="195"><net_src comp="191" pin="1"/><net_sink comp="166" pin=0"/></net>

<net id="199"><net_src comp="162" pin="1"/><net_sink comp="196" pin=0"/></net>

<net id="200"><net_src comp="196" pin="1"/><net_sink comp="93" pin=4"/></net>

<net id="201"><net_src comp="196" pin="1"/><net_sink comp="103" pin=4"/></net>

</net_list>

</model> 
---------------- Datapath Model END ------------------

* FSMD analyzer results:
  - Output states:
	Port: bnn_top_stream_ap_uint_ap_uint_ap_uint_ap_uint_ap_uint_local_l1_weights_1 | {3 }
	Port: bnn_top_stream_ap_uint_ap_uint_ap_uint_ap_uint_ap_uint_local_l1_weights | {3 }
 - Input state : 
	Port: bnn_top_Pipeline_L1_LOAD : gmem0 | {2 }
	Port: bnn_top_Pipeline_L1_LOAD : sext_ln33 | {1 }
  - Chain level:
	State 1
		store_ln33 : 1
		n_3 : 1
		icmp_ln33 : 2
		add_ln33 : 2
		br_ln33 : 3
		trunc_ln33 : 2
		lshr_ln : 2
		br_ln36 : 3
		store_ln33 : 3
	State 2
		gmem0_addr_read : 1
		trunc_ln36 : 1
	State 3
		bnn_top_stream_ap_uint_ap_uint_ap_uint_ap_uint_ap_uint_local_l1_weights_1_ad : 1
		bnn_top_stream_ap_uint_ap_uint_ap_uint_ap_uint_ap_uint_local_l1_weights_addr : 1
		store_ln36 : 2
		store_ln36 : 2


============================================================
+ Verbose Summary: Datapath Resource usage 
============================================================

* Functional unit list:
|----------|----------------------------|---------|---------|
| Operation|       Functional Unit      |    FF   |   LUT   |
|----------|----------------------------|---------|---------|
|   icmp   |      icmp_ln33_fu_125      |    0    |    16   |
|----------|----------------------------|---------|---------|
|    add   |       add_ln33_fu_131      |    0    |    16   |
|----------|----------------------------|---------|---------|
|   read   |  sext_ln33_read_read_fu_68 |    0    |    0    |
|          | gmem0_addr_read_read_fu_74 |    0    |    0    |
|----------|----------------------------|---------|---------|
|   sext   |    sext_ln33_cast_fu_113   |    0    |    0    |
|----------|----------------------------|---------|---------|
|   trunc  |      trunc_ln33_fu_137     |    0    |    0    |
|          |      trunc_ln36_fu_162     |    0    |    0    |
|----------|----------------------------|---------|---------|
|partselect|       lshr_ln_fu_141       |    0    |    0    |
|----------|----------------------------|---------|---------|
|   zext   |      zext_ln33_fu_166      |    0    |    0    |
|----------|----------------------------|---------|---------|
|   Total  |                            |    0    |    32   |
|----------|----------------------------|---------|---------|

Memories:
N/A

* Register list:
+----------------------+--------+
|                      |   FF   |
+----------------------+--------+
|   icmp_ln33_reg_183  |    1   |
|    lshr_ln_reg_191   |    7   |
|       n_reg_171      |    9   |
|sext_ln33_cast_reg_178|   64   |
|  trunc_ln33_reg_187  |    1   |
|  trunc_ln36_reg_196  |   784  |
+----------------------+--------+
|         Total        |   866  |
+----------------------+--------+

* Multiplexer (MUX) list: 
|--------|------|------|------|--------|
|  Comp  |  Pin | Size |  BW  | S x BW |
|--------|------|------|------|--------|
|  Total |      |      |      |    0   |
|--------|------|------|------|--------|



* Summary:
+-----------+--------+--------+
|           |   FF   |   LUT  |
+-----------+--------+--------+
|  Function |    0   |   32   |
|   Memory  |    -   |    -   |
|Multiplexer|    -   |    -   |
|  Register |   866  |    -   |
+-----------+--------+--------+
|   Total   |   866  |   32   |
+-----------+--------+--------+
