

================================================================
== Vitis HLS Report for 'bnn_layer1_xnor_Pipeline_POPCOUNT_LOOP'
================================================================
* Date:           Fri Mar 13 00:11:27 2026

* Version:        2024.1 (Build 5069499 on May 21 2024)
* Project:        bnn_layer1
* Solution:       hls (Vivado IP Flow Target)
* Product family: zynquplus
* Target device:  xczu3eg-sfvc784-2-e


================================================================
== Performance Estimates
================================================================
+ Timing: 
    * Summary: 
    +--------+---------+----------+------------+
    |  Clock |  Target | Estimated| Uncertainty|
    +--------+---------+----------+------------+
    |ap_clk  |  5.00 ns|  1.641 ns|     1.35 ns|
    +--------+---------+----------+------------+

+ Latency: 
    * Summary: 
    +---------+---------+----------+----------+-----+-----+-----------------------------------------------+
    |  Latency (cycles) |  Latency (absolute) |  Interval |                    Pipeline                   |
    |   min   |   max   |    min   |    max   | min | max |                      Type                     |
    +---------+---------+----------+----------+-----+-----+-----------------------------------------------+
    |      786|      786|  3.930 us|  3.930 us|  785|  785|  loop auto-rewind stp(delay=0 clock cycles(s))|
    +---------+---------+----------+----------+-----+-----+-----------------------------------------------+

    + Detail: 
        * Instance: 
        N/A

        * Loop: 
        +-----------------+---------+---------+----------+-----------+-----------+------+----------+
        |                 |  Latency (cycles) | Iteration|  Initiation Interval  | Trip |          |
        |    Loop Name    |   min   |   max   |  Latency |  achieved |   target  | Count| Pipelined|
        +-----------------+---------+---------+----------+-----------+-----------+------+----------+
        |- POPCOUNT_LOOP  |      784|      784|         1|          1|          1|   784|       yes|
        +-----------------+---------+---------+----------+-----------+-----------+------+----------+

============================================================
+ Verbose Summary: Synthesis Manager
============================================================
InlineROM: 1
ExposeGlobal: 0
============================================================
+ Verbose Summary: CDFG Model
============================================================
IsTopModel: 0
ResetActiveHigh: 1
IsCombinational: 0
IsDatapathOnly: 0
HasWiredReturn: 1
HasMFsm: 2
HasVarLatency: 1
IsPipeline: 0
IsRtlPipelined: 0
IsInstanceOverlapped: 0
IsDontTouch: 0
HasImplIP: 0
IsGatedGlobalClock: 0

+ Individual pipeline summary: 
  * Pipeline-0: initiation interval (II) = 1, depth = 1


============================================================
+ Verbose Summary: Schedule
============================================================
* Number of FSM states : 1
* Pipeline : 1
  Pipeline-0 : II = 1, D = 1, States = { 1 }
* Dataflow Pipeline: 0

* FSM state transitions: 
1 --> 

* FSM state operations: 

State 1 <SV = 0> <Delay = 1.64>
ST_1 : Operation 4 [1/1] (0.00ns)   --->   "%count = alloca i32 1" [bnn_layer1.cpp:20]   --->   Operation 4 'alloca' 'count' <Predicate = true> <Delay = 0.00>
ST_1 : Operation 5 [1/1] (0.00ns)   --->   "%i = alloca i32 1" [bnn_layer1.cpp:21]   --->   Operation 5 'alloca' 'i' <Predicate = true> <Delay = 0.00>
ST_1 : Operation 6 [1/1] (0.00ns)   --->   "%xnor_result_read = read i784 @_ssdm_op_Read.ap_auto.i784, i784 %xnor_result"   --->   Operation 6 'read' 'xnor_result_read' <Predicate = true> <Delay = 0.00>
ST_1 : Operation 7 [1/1] (0.42ns)   --->   "%store_ln21 = store i10 0, i10 %i" [bnn_layer1.cpp:21]   --->   Operation 7 'store' 'store_ln21' <Predicate = true> <Delay = 0.42>
ST_1 : Operation 8 [1/1] (0.42ns)   --->   "%store_ln20 = store i10 0, i10 %count" [bnn_layer1.cpp:20]   --->   Operation 8 'store' 'store_ln20' <Predicate = true> <Delay = 0.42>
ST_1 : Operation 9 [1/1] (0.00ns)   --->   "%br_ln0 = br void %for.inc"   --->   Operation 9 'br' 'br_ln0' <Predicate = true> <Delay = 0.00>
ST_1 : Operation 10 [1/1] (0.00ns)   --->   "%i_1 = load i10 %i" [bnn_layer1.cpp:21]   --->   Operation 10 'load' 'i_1' <Predicate = true> <Delay = 0.00>
ST_1 : Operation 11 [1/1] (0.78ns)   --->   "%icmp_ln21 = icmp_eq  i10 %i_1, i10 784" [bnn_layer1.cpp:21]   --->   Operation 11 'icmp' 'icmp_ln21' <Predicate = true> <Delay = 0.78> <CoreInst = "Cmp">   --->   Core 9 'Cmp' <Latency = 0> <II = 1> <Delay = 0.78> <FuncUnit> <Opcode : 'seteq' 'setne' 'setle' 'setge' 'setlt' 'setgt'> <InPorts = 2> <OutPorts = 1>
ST_1 : Operation 12 [1/1] (0.78ns)   --->   "%i_2 = add i10 %i_1, i10 1" [bnn_layer1.cpp:21]   --->   Operation 12 'add' 'i_2' <Predicate = true> <Delay = 0.78> <CoreInst = "Adder">   --->   Core 1 'Adder' <Latency = 0> <II = 1> <Delay = 0.78> <FuncUnit> <Opcode : 'add' 'sub'> <InPorts = 2> <OutPorts = 1>
ST_1 : Operation 13 [1/1] (0.00ns)   --->   "%br_ln21 = br i1 %icmp_ln21, void %for.inc.split, void %for.inc9.exitStub" [bnn_layer1.cpp:21]   --->   Operation 13 'br' 'br_ln21' <Predicate = true> <Delay = 0.00>
ST_1 : Operation 14 [1/1] (0.00ns)   --->   "%count_load = load i10 %count" [bnn_layer1.cpp:24]   --->   Operation 14 'load' 'count_load' <Predicate = (!icmp_ln21)> <Delay = 0.00>
ST_1 : Operation 15 [1/1] (0.00ns)   --->   "%zext_ln21 = zext i10 %i_1" [bnn_layer1.cpp:21]   --->   Operation 15 'zext' 'zext_ln21' <Predicate = (!icmp_ln21)> <Delay = 0.00>
ST_1 : Operation 16 [1/1] (0.00ns)   --->   "%specpipeline_ln20 = specpipeline void @_ssdm_op_SpecPipeline, i32 4294967295, i32 0, i32 0, i32 0, void @empty_0" [bnn_layer1.cpp:20]   --->   Operation 16 'specpipeline' 'specpipeline_ln20' <Predicate = (!icmp_ln21)> <Delay = 0.00>
ST_1 : Operation 17 [1/1] (0.00ns)   --->   "%speclooptripcount_ln20 = speclooptripcount void @_ssdm_op_SpecLoopTripCount, i64 784, i64 784, i64 784" [bnn_layer1.cpp:20]   --->   Operation 17 'speclooptripcount' 'speclooptripcount_ln20' <Predicate = (!icmp_ln21)> <Delay = 0.00>
ST_1 : Operation 18 [1/1] (0.00ns)   --->   "%specloopname_ln21 = specloopname void @_ssdm_op_SpecLoopName, void @empty_10" [bnn_layer1.cpp:21]   --->   Operation 18 'specloopname' 'specloopname_ln21' <Predicate = (!icmp_ln21)> <Delay = 0.00>
ST_1 : Operation 19 [1/1] (0.00ns)   --->   "%tmp = bitselect i1 @_ssdm_op_BitSelect.i1.i784.i32, i784 %xnor_result_read, i32 %zext_ln21" [bnn_layer1.cpp:24]   --->   Operation 19 'bitselect' 'tmp' <Predicate = (!icmp_ln21)> <Delay = 0.00>
ST_1 : Operation 20 [1/1] (0.00ns)   --->   "%zext_ln24 = zext i1 %tmp" [bnn_layer1.cpp:24]   --->   Operation 20 'zext' 'zext_ln24' <Predicate = (!icmp_ln21)> <Delay = 0.00>
ST_1 : Operation 21 [1/1] (0.78ns)   --->   "%count_1 = add i10 %zext_ln24, i10 %count_load" [bnn_layer1.cpp:24]   --->   Operation 21 'add' 'count_1' <Predicate = (!icmp_ln21)> <Delay = 0.78> <CoreInst = "Adder">   --->   Core 1 'Adder' <Latency = 0> <II = 1> <Delay = 0.78> <FuncUnit> <Opcode : 'add' 'sub'> <InPorts = 2> <OutPorts = 1>
ST_1 : Operation 22 [1/1] (0.42ns)   --->   "%store_ln21 = store i10 %i_2, i10 %i" [bnn_layer1.cpp:21]   --->   Operation 22 'store' 'store_ln21' <Predicate = (!icmp_ln21)> <Delay = 0.42>
ST_1 : Operation 23 [1/1] (0.42ns)   --->   "%store_ln20 = store i10 %count_1, i10 %count" [bnn_layer1.cpp:20]   --->   Operation 23 'store' 'store_ln20' <Predicate = (!icmp_ln21)> <Delay = 0.42>
ST_1 : Operation 24 [1/1] (0.00ns)   --->   "%br_ln21 = br void %for.inc" [bnn_layer1.cpp:21]   --->   Operation 24 'br' 'br_ln21' <Predicate = (!icmp_ln21)> <Delay = 0.00>
ST_1 : Operation 25 [1/1] (0.00ns)   --->   "%count_load_1 = load i10 %count"   --->   Operation 25 'load' 'count_load_1' <Predicate = (icmp_ln21)> <Delay = 0.00>
ST_1 : Operation 26 [1/1] (0.00ns)   --->   "%write_ln0 = write void @_ssdm_op_Write.ap_auto.i10P0A, i10 %count_out, i10 %count_load_1"   --->   Operation 26 'write' 'write_ln0' <Predicate = (icmp_ln21)> <Delay = 0.00>
ST_1 : Operation 27 [1/1] (0.42ns)   --->   "%ret_ln0 = ret"   --->   Operation 27 'ret' 'ret_ln0' <Predicate = (icmp_ln21)> <Delay = 0.42>


============================================================
+ Verbose Summary: Timing violations
============================================================
Target clock period: 5.000ns, clock uncertainty: 1.350ns.

 <State 1>: 1.641ns
The critical path consists of the following:
	'store' operation 0 bit ('store_ln21', bnn_layer1.cpp:21) of constant 0 on local variable 'i', bnn_layer1.cpp:21 [6]  (0.427 ns)
	'load' operation 10 bit ('i', bnn_layer1.cpp:21) on local variable 'i', bnn_layer1.cpp:21 [10]  (0.000 ns)
	'add' operation 10 bit ('i', bnn_layer1.cpp:21) [12]  (0.787 ns)
	'store' operation 0 bit ('store_ln21', bnn_layer1.cpp:21) of variable 'i', bnn_layer1.cpp:21 on local variable 'i', bnn_layer1.cpp:21 [23]  (0.427 ns)


============================================================
+ Verbose Summary: Binding
============================================================
N/A
* FSMD analyzer results:
  - Output states:
 - Input state : 
  - Chain level:
	State 1


============================================================
+ Verbose Summary: Datapath Resource usage 
============================================================
N/A
