

================================================================
== Vitis HLS Report for 'bnn_layer1_xnor'
================================================================
* Date:           Fri Mar 13 00:11:29 2026

* Version:        2024.1 (Build 5069499 on May 21 2024)
* Project:        bnn_layer1
* Solution:       hls (Vivado IP Flow Target)
* Product family: zynquplus
* Target device:  xczu3eg-sfvc784-2-e


================================================================
== Performance Estimates
================================================================
+ Timing: 
    * Summary: 
    +--------+---------+----------+------------+
    |  Clock |  Target | Estimated| Uncertainty|
    +--------+---------+----------+------------+
    |ap_clk  |  5.00 ns|  3.650 ns|     1.35 ns|
    +--------+---------+----------+------------+

+ Latency: 
    * Summary: 
    +---------+---------+----------+----------+--------+--------+---------+
    |  Latency (cycles) |  Latency (absolute) |     Interval    | Pipeline|
    |   min   |   max   |    min   |    max   |   min  |   max  |   Type  |
    +---------+---------+----------+----------+--------+--------+---------+
    |   204041|   204041|  1.020 ms|  1.020 ms|  204042|  204042|       no|
    +---------+---------+----------+----------+--------+--------+---------+

    + Detail: 
        * Instance: 
        +---------------------------------------------------+----------------------------------------+---------+---------+----------+----------+-----+-----+-----------------------------------------------+
        |                                                   |                                        |  Latency (cycles) |  Latency (absolute) |  Interval |                    Pipeline                   |
        |                      Instance                     |                 Module                 |   min   |   max   |    min   |    max   | min | max |                      Type                     |
        +---------------------------------------------------+----------------------------------------+---------+---------+----------+----------+-----+-----+-----------------------------------------------+
        |grp_bnn_layer1_xnor_Pipeline_POPCOUNT_LOOP_fu_151  |bnn_layer1_xnor_Pipeline_POPCOUNT_LOOP  |      786|      786|  3.930 us|  3.930 us|  785|  785|  loop auto-rewind stp(delay=0 clock cycles(s))|
        +---------------------------------------------------+----------------------------------------+---------+---------+----------+----------+-----+-----+-----------------------------------------------+

        * Loop: 
        +---------------+---------+---------+----------+-----------+-----------+------+----------+
        |               |  Latency (cycles) | Iteration|  Initiation Interval  | Trip |          |
        |   Loop Name   |   min   |   max   |  Latency |  achieved |   target  | Count| Pipelined|
        +---------------+---------+---------+----------+-----------+-----------+------+----------+
        |- NEURON_LOOP  |   204032|   204032|       797|          -|          -|   256|        no|
        +---------------+---------+---------+----------+-----------+-----------+------+----------+



================================================================
== Utilization Estimates
================================================================
* Summary: 
+-----------------+---------+-----+--------+-------+-----+
|       Name      | BRAM_18K| DSP |   FF   |  LUT  | URAM|
+-----------------+---------+-----+--------+-------+-----+
|DSP              |        -|    -|       -|      -|    -|
|Expression       |        -|    -|       0|   4282|    -|
|FIFO             |        -|    -|       -|      -|    -|
|Instance         |      114|    -|    3003|   3157|    0|
|Memory           |        -|    -|       -|      -|    -|
|Multiplexer      |        -|    -|       0|    160|    -|
|Register         |        -|    -|    3175|      -|    -|
+-----------------+---------+-----+--------+-------+-----+
|Total            |      114|    0|    6178|   7599|    0|
+-----------------+---------+-----+--------+-------+-----+
|Available        |      432|  360|  141120|  70560|    0|
+-----------------+---------+-----+--------+-------+-----+
|Utilization (%)  |       26|    0|       4|     10|    0|
+-----------------+---------+-----+--------+-------+-----+

+ Detail: 
    * Instance: 
    +---------------------------------------------------+----------------------------------------+---------+----+------+------+-----+
    |                      Instance                     |                 Module                 | BRAM_18K| DSP|  FF  |  LUT | URAM|
    +---------------------------------------------------+----------------------------------------+---------+----+------+------+-----+
    |grp_bnn_layer1_xnor_Pipeline_POPCOUNT_LOOP_fu_151  |bnn_layer1_xnor_Pipeline_POPCOUNT_LOOP  |        0|   0|    22|    96|    0|
    |control_s_axi_U                                    |control_s_axi                           |        0|   0|   176|   296|    0|
    |gmem_m_axi_U                                       |gmem_m_axi                              |      114|   0|  2805|  2765|    0|
    +---------------------------------------------------+----------------------------------------+---------+----+------+------+-----+
    |Total                                              |                                        |      114|   0|  3003|  3157|    0|
    +---------------------------------------------------+----------------------------------------+---------+----+------+------+-----+

    * DSP: 
    N/A

    * Memory: 
    N/A

    * FIFO: 
    N/A

    * Expression: 
    +-----------------------+----------+----+---+------+------------+------------+
    |     Variable Name     | Operation| DSP| FF|  LUT | Bitwidth P0| Bitwidth P1|
    +-----------------------+----------+----+---+------+------------+------------+
    |add_ln13_fu_191_p2     |         +|   0|  0|    16|           9|           1|
    |add_ln28_1_fu_207_p2   |         +|   0|  0|    71|          64|          64|
    |add_ln28_fu_257_p2     |         +|   0|  0|    18|          11|          11|
    |icmp_ln13_fu_185_p2    |      icmp|   0|  0|    17|           9|          10|
    |shl_ln28_1_fu_291_p2   |       shl|   0|  0|  2171|        1024|        1024|
    |shl_ln28_fu_274_p2     |       shl|   0|  0|   423|           2|         128|
    |xnor_result_fu_240_p2  |       xor|   0|  0|   783|         784|         784|
    |xor_ln17_fu_234_p2     |       xor|   0|  0|   783|         784|           2|
    +-----------------------+----------+----+---+------+------------+------------+
    |Total                  |          |   0|  0|  4282|        2687|        2024|
    +-----------------------+----------+----+---+------+------------+------------+

    * Multiplexer: 
    +---------------+-----+-----------+-----+-----------+
    |      Name     | LUT | Input Size| Bits| Total Bits|
    +---------------+-----+-----------+-----+-----------+
    |ap_NS_fsm      |  106|         21|    1|         21|
    |gmem_blk_n_AR  |    9|          2|    1|          2|
    |gmem_blk_n_AW  |    9|          2|    1|          2|
    |gmem_blk_n_B   |    9|          2|    1|          2|
    |gmem_blk_n_R   |    9|          2|    1|          2|
    |gmem_blk_n_W   |    9|          2|    1|          2|
    |n_fu_98        |    9|          2|    9|         18|
    +---------------+-----+-----------+-----+-----------+
    |Total          |  160|         33|   15|         49|
    +---------------+-----+-----------+-----+-----------+

    * Register: 
    +----------------------------------------------------------------+------+----+------+-----------+
    |                              Name                              |  FF  | LUT| Bits | Const Bits|
    +----------------------------------------------------------------+------+----+------+-----------+
    |ap_CS_fsm                                                       |    20|   0|    20|          0|
    |gmem_addr_read_reg_355                                          |  1024|   0|  1024|          0|
    |grp_bnn_layer1_xnor_Pipeline_POPCOUNT_LOOP_fu_151_ap_start_reg  |     1|   0|     1|          0|
    |n_fu_98                                                         |     9|   0|     9|          0|
    |output_r_read_reg_314                                           |    64|   0|    64|          0|
    |shl_ln28_1_reg_370                                              |  1024|   0|  1024|          0|
    |shl_ln28_reg_365                                                |   128|   0|   128|          0|
    |trunc_ln28_1_reg_350                                            |    57|   0|    57|          0|
    |trunc_ln28_reg_344                                              |     7|   0|     7|          0|
    |trunc_ln_reg_325                                                |    57|   0|    57|          0|
    |xnor_result_reg_360                                             |   784|   0|   784|          0|
    +----------------------------------------------------------------+------+----+------+-----------+
    |Total                                                           |  3175|   0|  3175|          0|
    +----------------------------------------------------------------+------+----+------+-----------+



================================================================
== Interface
================================================================
* Summary: 
+-----------------------+-----+------+------------+-----------------+--------------+
|       RTL Ports       | Dir | Bits |  Protocol  |  Source Object  |    C Type    |
+-----------------------+-----+------+------------+-----------------+--------------+
|s_axi_control_AWVALID  |   in|     1|       s_axi|          control|        scalar|
|s_axi_control_AWREADY  |  out|     1|       s_axi|          control|        scalar|
|s_axi_control_AWADDR   |   in|     6|       s_axi|          control|        scalar|
|s_axi_control_WVALID   |   in|     1|       s_axi|          control|        scalar|
|s_axi_control_WREADY   |  out|     1|       s_axi|          control|        scalar|
|s_axi_control_WDATA    |   in|    32|       s_axi|          control|        scalar|
|s_axi_control_WSTRB    |   in|     4|       s_axi|          control|        scalar|
|s_axi_control_ARVALID  |   in|     1|       s_axi|          control|        scalar|
|s_axi_control_ARREADY  |  out|     1|       s_axi|          control|        scalar|
|s_axi_control_ARADDR   |   in|     6|       s_axi|          control|        scalar|
|s_axi_control_RVALID   |  out|     1|       s_axi|          control|        scalar|
|s_axi_control_RREADY   |   in|     1|       s_axi|          control|        scalar|
|s_axi_control_RDATA    |  out|    32|       s_axi|          control|        scalar|
|s_axi_control_RRESP    |  out|     2|       s_axi|          control|        scalar|
|s_axi_control_BVALID   |  out|     1|       s_axi|          control|        scalar|
|s_axi_control_BREADY   |   in|     1|       s_axi|          control|        scalar|
|s_axi_control_BRESP    |  out|     2|       s_axi|          control|        scalar|
|ap_clk                 |   in|     1|  ap_ctrl_hs|  bnn_layer1_xnor|  return value|
|ap_rst_n               |   in|     1|  ap_ctrl_hs|  bnn_layer1_xnor|  return value|
|interrupt              |  out|     1|  ap_ctrl_hs|  bnn_layer1_xnor|  return value|
|m_axi_gmem_AWVALID     |  out|     1|       m_axi|             gmem|       pointer|
|m_axi_gmem_AWREADY     |   in|     1|       m_axi|             gmem|       pointer|
|m_axi_gmem_AWADDR      |  out|    64|       m_axi|             gmem|       pointer|
|m_axi_gmem_AWID        |  out|     1|       m_axi|             gmem|       pointer|
|m_axi_gmem_AWLEN       |  out|     8|       m_axi|             gmem|       pointer|
|m_axi_gmem_AWSIZE      |  out|     3|       m_axi|             gmem|       pointer|
|m_axi_gmem_AWBURST     |  out|     2|       m_axi|             gmem|       pointer|
|m_axi_gmem_AWLOCK      |  out|     2|       m_axi|             gmem|       pointer|
|m_axi_gmem_AWCACHE     |  out|     4|       m_axi|             gmem|       pointer|
|m_axi_gmem_AWPROT      |  out|     3|       m_axi|             gmem|       pointer|
|m_axi_gmem_AWQOS       |  out|     4|       m_axi|             gmem|       pointer|
|m_axi_gmem_AWREGION    |  out|     4|       m_axi|             gmem|       pointer|
|m_axi_gmem_AWUSER      |  out|     1|       m_axi|             gmem|       pointer|
|m_axi_gmem_WVALID      |  out|     1|       m_axi|             gmem|       pointer|
|m_axi_gmem_WREADY      |   in|     1|       m_axi|             gmem|       pointer|
|m_axi_gmem_WDATA       |  out|  1024|       m_axi|             gmem|       pointer|
|m_axi_gmem_WSTRB       |  out|   128|       m_axi|             gmem|       pointer|
|m_axi_gmem_WLAST       |  out|     1|       m_axi|             gmem|       pointer|
|m_axi_gmem_WID         |  out|     1|       m_axi|             gmem|       pointer|
|m_axi_gmem_WUSER       |  out|     1|       m_axi|             gmem|       pointer|
|m_axi_gmem_ARVALID     |  out|     1|       m_axi|             gmem|       pointer|
|m_axi_gmem_ARREADY     |   in|     1|       m_axi|             gmem|       pointer|
|m_axi_gmem_ARADDR      |  out|    64|       m_axi|             gmem|       pointer|
|m_axi_gmem_ARID        |  out|     1|       m_axi|             gmem|       pointer|
|m_axi_gmem_ARLEN       |  out|     8|       m_axi|             gmem|       pointer|
|m_axi_gmem_ARSIZE      |  out|     3|       m_axi|             gmem|       pointer|
|m_axi_gmem_ARBURST     |  out|     2|       m_axi|             gmem|       pointer|
|m_axi_gmem_ARLOCK      |  out|     2|       m_axi|             gmem|       pointer|
|m_axi_gmem_ARCACHE     |  out|     4|       m_axi|             gmem|       pointer|
|m_axi_gmem_ARPROT      |  out|     3|       m_axi|             gmem|       pointer|
|m_axi_gmem_ARQOS       |  out|     4|       m_axi|             gmem|       pointer|
|m_axi_gmem_ARREGION    |  out|     4|       m_axi|             gmem|       pointer|
|m_axi_gmem_ARUSER      |  out|     1|       m_axi|             gmem|       pointer|
|m_axi_gmem_RVALID      |   in|     1|       m_axi|             gmem|       pointer|
|m_axi_gmem_RREADY      |  out|     1|       m_axi|             gmem|       pointer|
|m_axi_gmem_RDATA       |   in|  1024|       m_axi|             gmem|       pointer|
|m_axi_gmem_RLAST       |   in|     1|       m_axi|             gmem|       pointer|
|m_axi_gmem_RID         |   in|     1|       m_axi|             gmem|       pointer|
|m_axi_gmem_RUSER       |   in|     1|       m_axi|             gmem|       pointer|
|m_axi_gmem_RRESP       |   in|     2|       m_axi|             gmem|       pointer|
|m_axi_gmem_BVALID      |   in|     1|       m_axi|             gmem|       pointer|
|m_axi_gmem_BREADY      |  out|     1|       m_axi|             gmem|       pointer|
|m_axi_gmem_BRESP       |   in|     2|       m_axi|             gmem|       pointer|
|m_axi_gmem_BID         |   in|     1|       m_axi|             gmem|       pointer|
|m_axi_gmem_BUSER       |   in|     1|       m_axi|             gmem|       pointer|
|input_r                |   in|   784|     ap_none|          input_r|        scalar|
+-----------------------+-----+------+------------+-----------------+--------------+

============================================================
+ Verbose Summary: Synthesis Manager
============================================================
InlineROM: 1
ExposeGlobal: 0
============================================================
+ Verbose Summary: CDFG Model
============================================================
IsTopModel: 1
ResetActiveHigh: 1
IsCombinational: 2
IsDatapathOnly: 2
HasWiredReturn: 1
HasMFsm: 0
HasVarLatency: 1
IsPipeline: 0
IsRtlPipelined: 0
IsInstanceOverlapped: 0
IsDontTouch: 0
HasImplIP: 0
IsGatedGlobalClock: 0


============================================================
+ Verbose Summary: Schedule
============================================================
* Number of FSM states : 20
* Pipeline : 0
* Dataflow Pipeline: 0

* FSM state transitions: 
1 --> 2 
2 --> 3 
3 --> 4 
4 --> 5 
5 --> 6 
6 --> 7 
7 --> 8 
8 --> 9 
9 --> 10 
10 --> 11 
11 --> 12 
12 --> 13 
13 --> 14 
14 --> 15 
15 --> 16 
16 --> 17 
17 --> 18 
18 --> 19 
19 --> 20 
20 --> 10 

* FSM state operations: 

State 1 <SV = 0> <Delay = 1.00>
ST_1 : Operation 21 [1/1] (0.00ns)   --->   "%n = alloca i32 1" [bnn_layer1.cpp:13]   --->   Operation 21 'alloca' 'n' <Predicate = true> <Delay = 0.00>
ST_1 : Operation 22 [1/1] (1.00ns)   --->   "%weights_read = read i64 @_ssdm_op_Read.s_axilite.i64, i64 %weights"   --->   Operation 22 'read' 'weights_read' <Predicate = true> <Delay = 1.00> <CoreInst = "s_axilite">   --->   Core 120 's_axilite' <Latency = 0> <II = 1> <Delay = 1.00> <Adapter> <Opcode : 'read' 'write'>
ST_1 : Operation 23 [1/1] (1.00ns)   --->   "%output_r_read = read i64 @_ssdm_op_Read.s_axilite.i64, i64 %output_r"   --->   Operation 23 'read' 'output_r_read' <Predicate = true> <Delay = 1.00> <CoreInst = "s_axilite">   --->   Core 120 's_axilite' <Latency = 0> <II = 1> <Delay = 1.00> <Adapter> <Opcode : 'read' 'write'>
ST_1 : Operation 24 [1/1] (0.00ns)   --->   "%count_loc = alloca i64 1"   --->   Operation 24 'alloca' 'count_loc' <Predicate = true> <Delay = 0.00>
ST_1 : Operation 25 [1/1] (0.00ns)   --->   "%trunc_ln = partselect i57 @_ssdm_op_PartSelect.i57.i64.i32.i32, i64 %weights_read, i32 7, i32 63" [bnn_layer1.cpp:13]   --->   Operation 25 'partselect' 'trunc_ln' <Predicate = true> <Delay = 0.00>
ST_1 : Operation 26 [1/1] (0.42ns)   --->   "%store_ln13 = store i9 0, i9 %n" [bnn_layer1.cpp:13]   --->   Operation 26 'store' 'store_ln13' <Predicate = true> <Delay = 0.42>

State 2 <SV = 1> <Delay = 3.65>
ST_2 : Operation 27 [1/1] (0.00ns)   --->   "%sext_ln13 = sext i57 %trunc_ln" [bnn_layer1.cpp:13]   --->   Operation 27 'sext' 'sext_ln13' <Predicate = true> <Delay = 0.00>
ST_2 : Operation 28 [1/1] (0.00ns)   --->   "%gmem_addr = getelementptr i1024 %gmem, i64 %sext_ln13" [bnn_layer1.cpp:13]   --->   Operation 28 'getelementptr' 'gmem_addr' <Predicate = true> <Delay = 0.00>
ST_2 : Operation 29 [8/8] (3.65ns)   --->   "%empty = readreq i1 @_ssdm_op_ReadReq.m_axi.p1i1024, i64 %gmem_addr, i64 256" [bnn_layer1.cpp:13]   --->   Operation 29 'readreq' 'empty' <Predicate = true> <Delay = 3.65> <CoreInst = "m_axi">   --->   Core 119 'm_axi' <Latency = 0> <II = 1> <Delay = 1.00> <Adapter> <Opcode : 'read' 'write' 'readreq' 'writereq' 'writeresp'>

State 3 <SV = 2> <Delay = 3.65>
ST_3 : Operation 30 [7/8] (3.65ns)   --->   "%empty = readreq i1 @_ssdm_op_ReadReq.m_axi.p1i1024, i64 %gmem_addr, i64 256" [bnn_layer1.cpp:13]   --->   Operation 30 'readreq' 'empty' <Predicate = true> <Delay = 3.65> <CoreInst = "m_axi">   --->   Core 119 'm_axi' <Latency = 0> <II = 1> <Delay = 1.00> <Adapter> <Opcode : 'read' 'write' 'readreq' 'writereq' 'writeresp'>

State 4 <SV = 3> <Delay = 3.65>
ST_4 : Operation 31 [6/8] (3.65ns)   --->   "%empty = readreq i1 @_ssdm_op_ReadReq.m_axi.p1i1024, i64 %gmem_addr, i64 256" [bnn_layer1.cpp:13]   --->   Operation 31 'readreq' 'empty' <Predicate = true> <Delay = 3.65> <CoreInst = "m_axi">   --->   Core 119 'm_axi' <Latency = 0> <II = 1> <Delay = 1.00> <Adapter> <Opcode : 'read' 'write' 'readreq' 'writereq' 'writeresp'>

State 5 <SV = 4> <Delay = 3.65>
ST_5 : Operation 32 [5/8] (3.65ns)   --->   "%empty = readreq i1 @_ssdm_op_ReadReq.m_axi.p1i1024, i64 %gmem_addr, i64 256" [bnn_layer1.cpp:13]   --->   Operation 32 'readreq' 'empty' <Predicate = true> <Delay = 3.65> <CoreInst = "m_axi">   --->   Core 119 'm_axi' <Latency = 0> <II = 1> <Delay = 1.00> <Adapter> <Opcode : 'read' 'write' 'readreq' 'writereq' 'writeresp'>

State 6 <SV = 5> <Delay = 3.65>
ST_6 : Operation 33 [4/8] (3.65ns)   --->   "%empty = readreq i1 @_ssdm_op_ReadReq.m_axi.p1i1024, i64 %gmem_addr, i64 256" [bnn_layer1.cpp:13]   --->   Operation 33 'readreq' 'empty' <Predicate = true> <Delay = 3.65> <CoreInst = "m_axi">   --->   Core 119 'm_axi' <Latency = 0> <II = 1> <Delay = 1.00> <Adapter> <Opcode : 'read' 'write' 'readreq' 'writereq' 'writeresp'>

State 7 <SV = 6> <Delay = 3.65>
ST_7 : Operation 34 [3/8] (3.65ns)   --->   "%empty = readreq i1 @_ssdm_op_ReadReq.m_axi.p1i1024, i64 %gmem_addr, i64 256" [bnn_layer1.cpp:13]   --->   Operation 34 'readreq' 'empty' <Predicate = true> <Delay = 3.65> <CoreInst = "m_axi">   --->   Core 119 'm_axi' <Latency = 0> <II = 1> <Delay = 1.00> <Adapter> <Opcode : 'read' 'write' 'readreq' 'writereq' 'writeresp'>

State 8 <SV = 7> <Delay = 3.65>
ST_8 : Operation 35 [2/8] (3.65ns)   --->   "%empty = readreq i1 @_ssdm_op_ReadReq.m_axi.p1i1024, i64 %gmem_addr, i64 256" [bnn_layer1.cpp:13]   --->   Operation 35 'readreq' 'empty' <Predicate = true> <Delay = 3.65> <CoreInst = "m_axi">   --->   Core 119 'm_axi' <Latency = 0> <II = 1> <Delay = 1.00> <Adapter> <Opcode : 'read' 'write' 'readreq' 'writereq' 'writeresp'>

State 9 <SV = 8> <Delay = 3.65>
ST_9 : Operation 36 [1/1] (0.00ns)   --->   "%input_r_read = read i784 @_ssdm_op_Read.ap_auto.i784, i784 %input_r"   --->   Operation 36 'read' 'input_r_read' <Predicate = true> <Delay = 0.00>
ST_9 : Operation 37 [1/1] (0.00ns)   --->   "%spectopmodule_ln3 = spectopmodule void @_ssdm_op_SpecTopModule, void @empty_9" [bnn_layer1.cpp:3]   --->   Operation 37 'spectopmodule' 'spectopmodule_ln3' <Predicate = true> <Delay = 0.00>
ST_9 : Operation 38 [1/1] (0.00ns)   --->   "%specinterface_ln0 = specinterface void @_ssdm_op_SpecInterface, i1024 %gmem, void @empty, i32 0, i32 0, void @empty_0, i32 0, i32 4, void @empty_1, void @empty_2, void @empty_0, i32 16, i32 16, i32 16, i32 16, void @empty_0, void @empty_0, i32 4294967295, i32 0, i32 0"   --->   Operation 38 'specinterface' 'specinterface_ln0' <Predicate = true> <Delay = 0.00>
ST_9 : Operation 39 [1/1] (0.00ns)   --->   "%specbitsmap_ln0 = specbitsmap void @_ssdm_op_SpecBitsMap, i1024 %gmem"   --->   Operation 39 'specbitsmap' 'specbitsmap_ln0' <Predicate = true> <Delay = 0.00>
ST_9 : Operation 40 [1/1] (0.00ns)   --->   "%specbitsmap_ln0 = specbitsmap void @_ssdm_op_SpecBitsMap, i784 %input_r"   --->   Operation 40 'specbitsmap' 'specbitsmap_ln0' <Predicate = true> <Delay = 0.00>
ST_9 : Operation 41 [1/1] (0.00ns)   --->   "%specinterface_ln0 = specinterface void @_ssdm_op_SpecInterface, i784 %input_r, void @empty_3, i32 0, i32 0, void @empty_0, i32 0, i32 0, void @empty_0, void @empty_0, void @empty_0, i32 0, i32 0, i32 0, i32 0, void @empty_0, void @empty_0, i32 4294967295, i32 0, i32 0"   --->   Operation 41 'specinterface' 'specinterface_ln0' <Predicate = true> <Delay = 0.00>
ST_9 : Operation 42 [1/1] (0.00ns)   --->   "%specinterface_ln0 = specinterface void @_ssdm_op_SpecInterface, i64 %output_r, void @empty_4, i32 0, i32 0, void @empty_0, i32 0, i32 0, void @empty_5, void @empty_6, void @empty_0, i32 0, i32 0, i32 0, i32 0, void @empty_0, void @empty_7, i32 4294967295, i32 0, i32 0"   --->   Operation 42 'specinterface' 'specinterface_ln0' <Predicate = true> <Delay = 0.00>
ST_9 : Operation 43 [1/1] (0.00ns)   --->   "%specinterface_ln0 = specinterface void @_ssdm_op_SpecInterface, i64 %output_r, void @empty_3, i32 0, i32 0, void @empty_0, i32 0, i32 0, void @empty_0, void @empty_0, void @empty_0, i32 0, i32 0, i32 0, i32 0, void @empty_0, void @empty_7, i32 4294967295, i32 0, i32 0"   --->   Operation 43 'specinterface' 'specinterface_ln0' <Predicate = true> <Delay = 0.00>
ST_9 : Operation 44 [1/1] (0.00ns)   --->   "%specinterface_ln0 = specinterface void @_ssdm_op_SpecInterface, i64 %weights, void @empty_4, i32 0, i32 0, void @empty_0, i32 0, i32 0, void @empty_5, void @empty_8, void @empty_0, i32 0, i32 0, i32 0, i32 0, void @empty_0, void @empty_7, i32 4294967295, i32 0, i32 0"   --->   Operation 44 'specinterface' 'specinterface_ln0' <Predicate = true> <Delay = 0.00>
ST_9 : Operation 45 [1/1] (0.00ns)   --->   "%specinterface_ln0 = specinterface void @_ssdm_op_SpecInterface, i64 %weights, void @empty_3, i32 0, i32 0, void @empty_0, i32 0, i32 0, void @empty_0, void @empty_0, void @empty_0, i32 0, i32 0, i32 0, i32 0, void @empty_0, void @empty_7, i32 4294967295, i32 0, i32 0"   --->   Operation 45 'specinterface' 'specinterface_ln0' <Predicate = true> <Delay = 0.00>
ST_9 : Operation 46 [1/1] (0.00ns)   --->   "%specinterface_ln0 = specinterface void @_ssdm_op_SpecInterface, i32 0, void @empty_4, i32 0, i32 0, void @empty_0, i32 0, i32 0, void @empty_5, void @empty_0, void @empty_0, i32 0, i32 0, i32 0, i32 0, void @empty_0, void @empty_0, i32 4294967295, i32 0, i32 0"   --->   Operation 46 'specinterface' 'specinterface_ln0' <Predicate = true> <Delay = 0.00>
ST_9 : Operation 47 [1/8] (3.65ns)   --->   "%empty = readreq i1 @_ssdm_op_ReadReq.m_axi.p1i1024, i64 %gmem_addr, i64 256" [bnn_layer1.cpp:13]   --->   Operation 47 'readreq' 'empty' <Predicate = true> <Delay = 3.65> <CoreInst = "m_axi">   --->   Core 119 'm_axi' <Latency = 0> <II = 1> <Delay = 1.00> <Adapter> <Opcode : 'read' 'write' 'readreq' 'writereq' 'writeresp'>
ST_9 : Operation 48 [1/1] (0.00ns)   --->   "%br_ln13 = br void %POPCOUNT_LOOP" [bnn_layer1.cpp:13]   --->   Operation 48 'br' 'br_ln13' <Predicate = true> <Delay = 0.00>

State 10 <SV = 9> <Delay = 1.20>
ST_10 : Operation 49 [1/1] (0.00ns)   --->   "%n_1 = load i9 %n" [bnn_layer1.cpp:28]   --->   Operation 49 'load' 'n_1' <Predicate = true> <Delay = 0.00>
ST_10 : Operation 50 [1/1] (0.77ns)   --->   "%icmp_ln13 = icmp_eq  i9 %n_1, i9 256" [bnn_layer1.cpp:13]   --->   Operation 50 'icmp' 'icmp_ln13' <Predicate = true> <Delay = 0.77> <CoreInst = "Cmp">   --->   Core 9 'Cmp' <Latency = 0> <II = 1> <Delay = 0.78> <FuncUnit> <Opcode : 'seteq' 'setne' 'setle' 'setge' 'setlt' 'setgt'> <InPorts = 2> <OutPorts = 1>
ST_10 : Operation 51 [1/1] (0.77ns)   --->   "%add_ln13 = add i9 %n_1, i9 1" [bnn_layer1.cpp:13]   --->   Operation 51 'add' 'add_ln13' <Predicate = true> <Delay = 0.77> <CoreInst = "Adder">   --->   Core 1 'Adder' <Latency = 0> <II = 1> <Delay = 0.77> <FuncUnit> <Opcode : 'add' 'sub'> <InPorts = 2> <OutPorts = 1>
ST_10 : Operation 52 [1/1] (0.00ns)   --->   "%br_ln13 = br i1 %icmp_ln13, void %POPCOUNT_LOOP.split, void %for.end11" [bnn_layer1.cpp:13]   --->   Operation 52 'br' 'br_ln13' <Predicate = true> <Delay = 0.00>
ST_10 : Operation 53 [1/1] (0.00ns) (grouped into LUT with out node add_ln28_1)   --->   "%shl_ln28_3 = shl i9 %n_1, i9 1" [bnn_layer1.cpp:28]   --->   Operation 53 'shl' 'shl_ln28_3' <Predicate = (!icmp_ln13)> <Delay = 0.00>
ST_10 : Operation 54 [1/1] (0.00ns) (grouped into LUT with out node add_ln28_1)   --->   "%zext_ln28 = zext i9 %shl_ln28_3" [bnn_layer1.cpp:28]   --->   Operation 54 'zext' 'zext_ln28' <Predicate = (!icmp_ln13)> <Delay = 0.00>
ST_10 : Operation 55 [1/1] (1.08ns) (out node of the LUT)   --->   "%add_ln28_1 = add i64 %zext_ln28, i64 %output_r_read" [bnn_layer1.cpp:28]   --->   Operation 55 'add' 'add_ln28_1' <Predicate = (!icmp_ln13)> <Delay = 1.08> <CoreInst = "Adder">   --->   Core 1 'Adder' <Latency = 0> <II = 1> <Delay = 1.08> <FuncUnit> <Opcode : 'add' 'sub'> <InPorts = 2> <OutPorts = 1>
ST_10 : Operation 56 [1/1] (0.00ns)   --->   "%trunc_ln28 = trunc i64 %add_ln28_1" [bnn_layer1.cpp:28]   --->   Operation 56 'trunc' 'trunc_ln28' <Predicate = (!icmp_ln13)> <Delay = 0.00>
ST_10 : Operation 57 [1/1] (0.00ns)   --->   "%trunc_ln28_1 = partselect i57 @_ssdm_op_PartSelect.i57.i64.i32.i32, i64 %add_ln28_1, i32 7, i32 63" [bnn_layer1.cpp:28]   --->   Operation 57 'partselect' 'trunc_ln28_1' <Predicate = (!icmp_ln13)> <Delay = 0.00>
ST_10 : Operation 58 [1/1] (0.42ns)   --->   "%store_ln13 = store i9 %add_ln13, i9 %n" [bnn_layer1.cpp:13]   --->   Operation 58 'store' 'store_ln13' <Predicate = (!icmp_ln13)> <Delay = 0.42>
ST_10 : Operation 59 [1/1] (0.00ns)   --->   "%ret_ln30 = ret" [bnn_layer1.cpp:30]   --->   Operation 59 'ret' 'ret_ln30' <Predicate = (icmp_ln13)> <Delay = 0.00>

State 11 <SV = 10> <Delay = 3.65>
ST_11 : Operation 60 [1/1] (3.65ns)   --->   "%gmem_addr_read = read i1024 @_ssdm_op_Read.m_axi.p1i1024, i64 %gmem_addr" [bnn_layer1.cpp:17]   --->   Operation 60 'read' 'gmem_addr_read' <Predicate = true> <Delay = 3.65> <CoreInst = "m_axi">   --->   Core 119 'm_axi' <Latency = 0> <II = 1> <Delay = 1.00> <Adapter> <Opcode : 'read' 'write' 'readreq' 'writereq' 'writeresp'>

State 12 <SV = 11> <Delay = 1.59>
ST_12 : Operation 61 [1/1] (0.00ns) (grouped into LUT with out node xnor_result)   --->   "%trunc_ln17 = trunc i1024 %gmem_addr_read" [bnn_layer1.cpp:17]   --->   Operation 61 'trunc' 'trunc_ln17' <Predicate = true> <Delay = 0.00>
ST_12 : Operation 62 [1/1] (0.00ns) (grouped into LUT with out node xnor_result)   --->   "%xor_ln17 = xor i784 %trunc_ln17, i784 101745825697019260773923519755878567461315282017759829107608914364075275235254395622580447400994175578963163918967182013639660669771108475957692810857098847138903161308502419410142185759152435680068435915159402496058513611411689167650815" [bnn_layer1.cpp:17]   --->   Operation 62 'xor' 'xor_ln17' <Predicate = true> <Delay = 0.00> <CoreInst = "LogicGate">   --->   Core 74 'LogicGate' <Latency = 0> <II = 1> <Delay = 0.37> <FuncUnit> <Opcode : 'and' 'or' 'xor'> <InPorts = 2> <OutPorts = 1>
ST_12 : Operation 63 [1/1] (0.37ns) (out node of the LUT)   --->   "%xnor_result = xor i784 %input_r_read, i784 %xor_ln17" [bnn_layer1.cpp:17]   --->   Operation 63 'xor' 'xnor_result' <Predicate = true> <Delay = 0.37> <CoreInst = "LogicGate">   --->   Core 74 'LogicGate' <Latency = 0> <II = 1> <Delay = 0.37> <FuncUnit> <Opcode : 'and' 'or' 'xor'> <InPorts = 2> <OutPorts = 1>
ST_12 : Operation 64 [2/2] (1.21ns)   --->   "%call_ln17 = call void @bnn_layer1_xnor_Pipeline_POPCOUNT_LOOP, i784 %xnor_result, i10 %count_loc" [bnn_layer1.cpp:17]   --->   Operation 64 'call' 'call_ln17' <Predicate = true> <Delay = 1.21> <CoreType = "Generic">   --->   Core 0 '' <Latency = 0> <II = 1> <Delay = 1.00> <Generic> <Opcode : >

State 13 <SV = 12> <Delay = 1.64>
ST_13 : Operation 65 [1/2] (1.64ns)   --->   "%call_ln17 = call void @bnn_layer1_xnor_Pipeline_POPCOUNT_LOOP, i784 %xnor_result, i10 %count_loc" [bnn_layer1.cpp:17]   --->   Operation 65 'call' 'call_ln17' <Predicate = true> <Delay = 1.64> <CoreType = "Generic">   --->   Core 0 '' <Latency = 0> <II = 1> <Delay = 1.00> <Generic> <Opcode : >

State 14 <SV = 13> <Delay = 3.65>
ST_14 : Operation 66 [1/1] (0.00ns)   --->   "%count_loc_load = load i10 %count_loc"   --->   Operation 66 'load' 'count_loc_load' <Predicate = true> <Delay = 0.00>
ST_14 : Operation 67 [1/1] (0.00ns)   --->   "%shl_ln28_4 = bitconcatenate i11 @_ssdm_op_BitConcatenate.i11.i10.i1, i10 %count_loc_load, i1 0" [bnn_layer1.cpp:28]   --->   Operation 67 'bitconcatenate' 'shl_ln28_4' <Predicate = true> <Delay = 0.00>
ST_14 : Operation 68 [1/1] (0.79ns)   --->   "%add_ln28 = add i11 %shl_ln28_4, i11 1264" [bnn_layer1.cpp:28]   --->   Operation 68 'add' 'add_ln28' <Predicate = true> <Delay = 0.79> <CoreInst = "Adder">   --->   Core 1 'Adder' <Latency = 0> <II = 1> <Delay = 0.79> <FuncUnit> <Opcode : 'add' 'sub'> <InPorts = 2> <OutPorts = 1>
ST_14 : Operation 69 [1/1] (0.00ns)   --->   "%sext_ln28_1 = sext i11 %add_ln28" [bnn_layer1.cpp:28]   --->   Operation 69 'sext' 'sext_ln28_1' <Predicate = true> <Delay = 0.00>
ST_14 : Operation 70 [1/1] (0.00ns)   --->   "%zext_ln28_2 = zext i16 %sext_ln28_1" [bnn_layer1.cpp:28]   --->   Operation 70 'zext' 'zext_ln28_2' <Predicate = true> <Delay = 0.00>
ST_14 : Operation 71 [1/1] (0.00ns)   --->   "%zext_ln28_1 = zext i7 %trunc_ln28" [bnn_layer1.cpp:28]   --->   Operation 71 'zext' 'zext_ln28_1' <Predicate = true> <Delay = 0.00>
ST_14 : Operation 72 [1/1] (0.73ns)   --->   "%shl_ln28 = shl i128 3, i128 %zext_ln28_1" [bnn_layer1.cpp:28]   --->   Operation 72 'shl' 'shl_ln28' <Predicate = true> <Delay = 0.73> <CoreInst = "Shifter">   --->   Core 75 'Shifter' <Latency = 0> <II = 1> <Delay = 1.51> <FuncUnit> <Opcode : 'shl' 'lshr' 'ashr'> <InPorts = 2> <OutPorts = 1>
ST_14 : Operation 73 [1/1] (0.00ns)   --->   "%shl_ln28_2 = bitconcatenate i10 @_ssdm_op_BitConcatenate.i10.i7.i3, i7 %trunc_ln28, i3 0" [bnn_layer1.cpp:28]   --->   Operation 73 'bitconcatenate' 'shl_ln28_2' <Predicate = true> <Delay = 0.00>
ST_14 : Operation 74 [1/1] (0.00ns)   --->   "%zext_ln28_3 = zext i10 %shl_ln28_2" [bnn_layer1.cpp:28]   --->   Operation 74 'zext' 'zext_ln28_3' <Predicate = true> <Delay = 0.00>
ST_14 : Operation 75 [1/1] (0.90ns)   --->   "%shl_ln28_1 = shl i1024 %zext_ln28_2, i1024 %zext_ln28_3" [bnn_layer1.cpp:28]   --->   Operation 75 'shl' 'shl_ln28_1' <Predicate = true> <Delay = 0.90> <CoreInst = "Shifter">   --->   Core 75 'Shifter' <Latency = 0> <II = 1> <Delay = 1.88> <FuncUnit> <Opcode : 'shl' 'lshr' 'ashr'> <InPorts = 2> <OutPorts = 1>
ST_14 : Operation 76 [1/1] (0.00ns)   --->   "%sext_ln28 = sext i57 %trunc_ln28_1" [bnn_layer1.cpp:28]   --->   Operation 76 'sext' 'sext_ln28' <Predicate = true> <Delay = 0.00>
ST_14 : Operation 77 [1/1] (0.00ns)   --->   "%gmem_addr_1 = getelementptr i1024 %gmem, i64 %sext_ln28" [bnn_layer1.cpp:28]   --->   Operation 77 'getelementptr' 'gmem_addr_1' <Predicate = true> <Delay = 0.00>
ST_14 : Operation 78 [1/1] (3.65ns)   --->   "%empty_17 = writereq i1 @_ssdm_op_WriteReq.m_axi.p1i1024, i64 %gmem_addr_1, i64 1" [bnn_layer1.cpp:28]   --->   Operation 78 'writereq' 'empty_17' <Predicate = true> <Delay = 3.65> <CoreInst = "m_axi">   --->   Core 119 'm_axi' <Latency = 0> <II = 1> <Delay = 1.00> <Adapter> <Opcode : 'read' 'write' 'readreq' 'writereq' 'writeresp'>

State 15 <SV = 14> <Delay = 3.65>
ST_15 : Operation 79 [1/1] (3.65ns)   --->   "%write_ln28 = write void @_ssdm_op_Write.m_axi.p1i1024, i64 %gmem_addr_1, i1024 %shl_ln28_1, i128 %shl_ln28" [bnn_layer1.cpp:28]   --->   Operation 79 'write' 'write_ln28' <Predicate = true> <Delay = 3.65> <CoreInst = "m_axi">   --->   Core 119 'm_axi' <Latency = 0> <II = 1> <Delay = 1.00> <Adapter> <Opcode : 'read' 'write' 'readreq' 'writereq' 'writeresp'>

State 16 <SV = 15> <Delay = 3.65>
ST_16 : Operation 80 [5/5] (3.65ns)   --->   "%empty_18 = writeresp i1 @_ssdm_op_WriteResp.m_axi.p1i1024, i64 %gmem_addr_1" [bnn_layer1.cpp:28]   --->   Operation 80 'writeresp' 'empty_18' <Predicate = true> <Delay = 3.65> <CoreInst = "m_axi">   --->   Core 119 'm_axi' <Latency = 0> <II = 1> <Delay = 1.00> <Adapter> <Opcode : 'read' 'write' 'readreq' 'writereq' 'writeresp'>

State 17 <SV = 16> <Delay = 3.65>
ST_17 : Operation 81 [4/5] (3.65ns)   --->   "%empty_18 = writeresp i1 @_ssdm_op_WriteResp.m_axi.p1i1024, i64 %gmem_addr_1" [bnn_layer1.cpp:28]   --->   Operation 81 'writeresp' 'empty_18' <Predicate = true> <Delay = 3.65> <CoreInst = "m_axi">   --->   Core 119 'm_axi' <Latency = 0> <II = 1> <Delay = 1.00> <Adapter> <Opcode : 'read' 'write' 'readreq' 'writereq' 'writeresp'>

State 18 <SV = 17> <Delay = 3.65>
ST_18 : Operation 82 [3/5] (3.65ns)   --->   "%empty_18 = writeresp i1 @_ssdm_op_WriteResp.m_axi.p1i1024, i64 %gmem_addr_1" [bnn_layer1.cpp:28]   --->   Operation 82 'writeresp' 'empty_18' <Predicate = true> <Delay = 3.65> <CoreInst = "m_axi">   --->   Core 119 'm_axi' <Latency = 0> <II = 1> <Delay = 1.00> <Adapter> <Opcode : 'read' 'write' 'readreq' 'writereq' 'writeresp'>

State 19 <SV = 18> <Delay = 3.65>
ST_19 : Operation 83 [2/5] (3.65ns)   --->   "%empty_18 = writeresp i1 @_ssdm_op_WriteResp.m_axi.p1i1024, i64 %gmem_addr_1" [bnn_layer1.cpp:28]   --->   Operation 83 'writeresp' 'empty_18' <Predicate = true> <Delay = 3.65> <CoreInst = "m_axi">   --->   Core 119 'm_axi' <Latency = 0> <II = 1> <Delay = 1.00> <Adapter> <Opcode : 'read' 'write' 'readreq' 'writereq' 'writeresp'>

State 20 <SV = 19> <Delay = 3.65>
ST_20 : Operation 84 [1/1] (0.00ns)   --->   "%speclooptripcount_ln13 = speclooptripcount void @_ssdm_op_SpecLoopTripCount, i64 256, i64 256, i64 256" [bnn_layer1.cpp:13]   --->   Operation 84 'speclooptripcount' 'speclooptripcount_ln13' <Predicate = true> <Delay = 0.00>
ST_20 : Operation 85 [1/1] (0.00ns)   --->   "%specloopname_ln13 = specloopname void @_ssdm_op_SpecLoopName, void @empty_11" [bnn_layer1.cpp:13]   --->   Operation 85 'specloopname' 'specloopname_ln13' <Predicate = true> <Delay = 0.00>
ST_20 : Operation 86 [1/5] (3.65ns)   --->   "%empty_18 = writeresp i1 @_ssdm_op_WriteResp.m_axi.p1i1024, i64 %gmem_addr_1" [bnn_layer1.cpp:28]   --->   Operation 86 'writeresp' 'empty_18' <Predicate = true> <Delay = 3.65> <CoreInst = "m_axi">   --->   Core 119 'm_axi' <Latency = 0> <II = 1> <Delay = 1.00> <Adapter> <Opcode : 'read' 'write' 'readreq' 'writereq' 'writeresp'>
ST_20 : Operation 87 [1/1] (0.00ns)   --->   "%br_ln13 = br void %POPCOUNT_LOOP" [bnn_layer1.cpp:13]   --->   Operation 87 'br' 'br_ln13' <Predicate = true> <Delay = 0.00>


============================================================
+ Verbose Summary: Binding
============================================================
STG Binding: 
---------------- STG Properties BEGIN ----------------
- Is combinational: 0
- Is one-state seq: 0
- Is datapath-only: 0
- Is pipelined: 0
- Is top level: 1
Port [ Return ] is wired: 1; IO mode=ap_ctrl_hs:ce=0
Port [ gmem]:  wired=1; compound=1; hidden=0; nouse=0; global=0; static=0; extern=0; dir=2; type=4; pingpong=0; private_global=0; IO mode=m_axi:ce=0
Port [ input_r]:  wired=1; compound=0; hidden=0; nouse=0; global=0; static=0; extern=0; dir=0; type=0; pingpong=0; private_global=0; IO mode=ap_none:ce=0
Port [ output_r]:  wired=1; compound=0; hidden=0; nouse=0; global=0; static=0; extern=0; dir=0; type=0; pingpong=0; private_global=0; IO mode=ap_none:ce=0
Port [ weights]:  wired=1; compound=0; hidden=0; nouse=0; global=0; static=0; extern=0; dir=0; type=0; pingpong=0; private_global=0; IO mode=ap_none:ce=0
---------------- STG Properties END ------------------

---------------- Datapath Model BEGIN ----------------

<LifeTime>
<method=bitvector/>
n                      (alloca           ) [ 011111111111111111111]
weights_read           (read             ) [ 000000000000000000000]
output_r_read          (read             ) [ 001111111111111111111]
count_loc              (alloca           ) [ 001111111111111111111]
trunc_ln               (partselect       ) [ 001000000000000000000]
store_ln13             (store            ) [ 000000000000000000000]
sext_ln13              (sext             ) [ 000000000000000000000]
gmem_addr              (getelementptr    ) [ 000111111111111111111]
input_r_read           (read             ) [ 000000000011111111111]
spectopmodule_ln3      (spectopmodule    ) [ 000000000000000000000]
specinterface_ln0      (specinterface    ) [ 000000000000000000000]
specbitsmap_ln0        (specbitsmap      ) [ 000000000000000000000]
specbitsmap_ln0        (specbitsmap      ) [ 000000000000000000000]
specinterface_ln0      (specinterface    ) [ 000000000000000000000]
specinterface_ln0      (specinterface    ) [ 000000000000000000000]
specinterface_ln0      (specinterface    ) [ 000000000000000000000]
specinterface_ln0      (specinterface    ) [ 000000000000000000000]
specinterface_ln0      (specinterface    ) [ 000000000000000000000]
specinterface_ln0      (specinterface    ) [ 000000000000000000000]
empty                  (readreq          ) [ 000000000000000000000]
br_ln13                (br               ) [ 000000000000000000000]
n_1                    (load             ) [ 000000000000000000000]
icmp_ln13              (icmp             ) [ 000000000011111111111]
add_ln13               (add              ) [ 000000000000000000000]
br_ln13                (br               ) [ 000000000000000000000]
shl_ln28_3             (shl              ) [ 000000000000000000000]
zext_ln28              (zext             ) [ 000000000000000000000]
add_ln28_1             (add              ) [ 000000000000000000000]
trunc_ln28             (trunc            ) [ 000000000001111000000]
trunc_ln28_1           (partselect       ) [ 000000000001111000000]
store_ln13             (store            ) [ 000000000000000000000]
ret_ln30               (ret              ) [ 000000000000000000000]
gmem_addr_read         (read             ) [ 000000000000100000000]
trunc_ln17             (trunc            ) [ 000000000000000000000]
xor_ln17               (xor              ) [ 000000000000000000000]
xnor_result            (xor              ) [ 000000000000010000000]
call_ln17              (call             ) [ 000000000000000000000]
count_loc_load         (load             ) [ 000000000000000000000]
shl_ln28_4             (bitconcatenate   ) [ 000000000000000000000]
add_ln28               (add              ) [ 000000000000000000000]
sext_ln28_1            (sext             ) [ 000000000000000000000]
zext_ln28_2            (zext             ) [ 000000000000000000000]
zext_ln28_1            (zext             ) [ 000000000000000000000]
shl_ln28               (shl              ) [ 000000000000000100000]
shl_ln28_2             (bitconcatenate   ) [ 000000000000000000000]
zext_ln28_3            (zext             ) [ 000000000000000000000]
shl_ln28_1             (shl              ) [ 000000000000000100000]
sext_ln28              (sext             ) [ 000000000000000000000]
gmem_addr_1            (getelementptr    ) [ 000000000000000111111]
empty_17               (writereq         ) [ 000000000000000000000]
write_ln28             (write            ) [ 000000000000000000000]
speclooptripcount_ln13 (speclooptripcount) [ 000000000000000000000]
specloopname_ln13      (specloopname     ) [ 000000000000000000000]
empty_18               (writeresp        ) [ 000000000000000000000]
br_ln13                (br               ) [ 000000000000000000000]
</LifeTime>

<model>

<comp_list>
<comp id="0" class="1000" name="gmem">
<pin_list>
<pin id="1" dir="1" index="0" bw="1" slack="0"/>
</pin_list>
<bind>
<StgValue><ssdm name="gmem"/></StgValue>
</bind>
</comp>

<comp id="2" class="1000" name="input_r">
<pin_list>
<pin id="3" dir="1" index="0" bw="1" slack="0"/>
</pin_list>
<bind>
<StgValue><ssdm name="input_r"/></StgValue>
</bind>
</comp>

<comp id="4" class="1000" name="output_r">
<pin_list>
<pin id="5" dir="1" index="0" bw="1" slack="0"/>
</pin_list>
<bind>
<StgValue><ssdm name="output_r"/></StgValue>
</bind>
</comp>

<comp id="6" class="1000" name="weights">
<pin_list>
<pin id="7" dir="1" index="0" bw="1" slack="0"/>
</pin_list>
<bind>
<StgValue><ssdm name="weights"/></StgValue>
</bind>
</comp>

<comp id="8" class="1001" name="const_8">
<pin_list>
<pin id="9" dir="1" index="0" bw="1" slack="0"/>
</pin_list>
<bind>
<StgValue><ssdm name=""/></StgValue>
</bind>
</comp>

<comp id="10" class="1001" name="const_10">
<pin_list>
<pin id="11" dir="1" index="0" bw="1" slack="0"/>
</pin_list>
<bind>
<StgValue><ssdm name="_ssdm_op_Read.s_axilite.i64"/></StgValue>
</bind>
</comp>

<comp id="12" class="1001" name="const_12">
<pin_list>
<pin id="13" dir="1" index="0" bw="1" slack="0"/>
</pin_list>
<bind>
<StgValue><ssdm name=""/></StgValue>
</bind>
</comp>

<comp id="14" class="1001" name="const_14">
<pin_list>
<pin id="15" dir="1" index="0" bw="1" slack="0"/>
</pin_list>
<bind>
<StgValue><ssdm name="_ssdm_op_PartSelect.i57.i64.i32.i32"/></StgValue>
</bind>
</comp>

<comp id="16" class="1001" name="const_16">
<pin_list>
<pin id="17" dir="1" index="0" bw="1" slack="0"/>
</pin_list>
<bind>
<StgValue><ssdm name=""/></StgValue>
</bind>
</comp>

<comp id="18" class="1001" name="const_18">
<pin_list>
<pin id="19" dir="1" index="0" bw="1" slack="0"/>
</pin_list>
<bind>
<StgValue><ssdm name=""/></StgValue>
</bind>
</comp>

<comp id="20" class="1001" name="const_20">
<pin_list>
<pin id="21" dir="1" index="0" bw="1" slack="0"/>
</pin_list>
<bind>
<StgValue><ssdm name=""/></StgValue>
</bind>
</comp>

<comp id="22" class="1001" name="const_22">
<pin_list>
<pin id="23" dir="1" index="0" bw="1" slack="0"/>
</pin_list>
<bind>
<StgValue><ssdm name="_ssdm_op_ReadReq.m_axi.p1i1024"/></StgValue>
</bind>
</comp>

<comp id="24" class="1001" name="const_24">
<pin_list>
<pin id="25" dir="1" index="0" bw="1" slack="0"/>
</pin_list>
<bind>
<StgValue><ssdm name=""/></StgValue>
</bind>
</comp>

<comp id="26" class="1001" name="const_26">
<pin_list>
<pin id="27" dir="1" index="0" bw="1" slack="0"/>
</pin_list>
<bind>
<StgValue><ssdm name="_ssdm_op_Read.ap_auto.i784"/></StgValue>
</bind>
</comp>

<comp id="28" class="1001" name="const_28">
<pin_list>
<pin id="29" dir="1" index="0" bw="1" slack="2147483647"/>
</pin_list>
<bind>
<StgValue><ssdm name="_ssdm_op_SpecTopModule"/></StgValue>
</bind>
</comp>

<comp id="30" class="1001" name="const_30">
<pin_list>
<pin id="31" dir="1" index="0" bw="1" slack="2147483647"/>
</pin_list>
<bind>
<StgValue><ssdm name="empty_9"/></StgValue>
</bind>
</comp>

<comp id="32" class="1001" name="const_32">
<pin_list>
<pin id="33" dir="1" index="0" bw="1" slack="2147483647"/>
</pin_list>
<bind>
<StgValue><ssdm name="_ssdm_op_SpecInterface"/></StgValue>
</bind>
</comp>

<comp id="34" class="1001" name="const_34">
<pin_list>
<pin id="35" dir="1" index="0" bw="1" slack="2147483647"/>
</pin_list>
<bind>
<StgValue><ssdm name="empty"/></StgValue>
</bind>
</comp>

<comp id="36" class="1001" name="const_36">
<pin_list>
<pin id="37" dir="1" index="0" bw="1" slack="2147483647"/>
</pin_list>
<bind>
<StgValue><ssdm name=""/></StgValue>
</bind>
</comp>

<comp id="38" class="1001" name="const_38">
<pin_list>
<pin id="39" dir="1" index="0" bw="1" slack="2147483647"/>
</pin_list>
<bind>
<StgValue><ssdm name="empty_0"/></StgValue>
</bind>
</comp>

<comp id="40" class="1001" name="const_40">
<pin_list>
<pin id="41" dir="1" index="0" bw="1" slack="2147483647"/>
</pin_list>
<bind>
<StgValue><ssdm name=""/></StgValue>
</bind>
</comp>

<comp id="42" class="1001" name="const_42">
<pin_list>
<pin id="43" dir="1" index="0" bw="1" slack="2147483647"/>
</pin_list>
<bind>
<StgValue><ssdm name="empty_1"/></StgValue>
</bind>
</comp>

<comp id="44" class="1001" name="const_44">
<pin_list>
<pin id="45" dir="1" index="0" bw="1" slack="2147483647"/>
</pin_list>
<bind>
<StgValue><ssdm name="empty_2"/></StgValue>
</bind>
</comp>

<comp id="46" class="1001" name="const_46">
<pin_list>
<pin id="47" dir="1" index="0" bw="1" slack="2147483647"/>
</pin_list>
<bind>
<StgValue><ssdm name=""/></StgValue>
</bind>
</comp>

<comp id="48" class="1001" name="const_48">
<pin_list>
<pin id="49" dir="1" index="0" bw="1" slack="2147483647"/>
</pin_list>
<bind>
<StgValue><ssdm name=""/></StgValue>
</bind>
</comp>

<comp id="50" class="1001" name="const_50">
<pin_list>
<pin id="51" dir="1" index="0" bw="1" slack="2147483647"/>
</pin_list>
<bind>
<StgValue><ssdm name="_ssdm_op_SpecBitsMap"/></StgValue>
</bind>
</comp>

<comp id="52" class="1001" name="const_52">
<pin_list>
<pin id="53" dir="1" index="0" bw="1" slack="2147483647"/>
</pin_list>
<bind>
<StgValue><ssdm name="empty_3"/></StgValue>
</bind>
</comp>

<comp id="54" class="1001" name="const_54">
<pin_list>
<pin id="55" dir="1" index="0" bw="1" slack="2147483647"/>
</pin_list>
<bind>
<StgValue><ssdm name="empty_4"/></StgValue>
</bind>
</comp>

<comp id="56" class="1001" name="const_56">
<pin_list>
<pin id="57" dir="1" index="0" bw="1" slack="2147483647"/>
</pin_list>
<bind>
<StgValue><ssdm name="empty_5"/></StgValue>
</bind>
</comp>

<comp id="58" class="1001" name="const_58">
<pin_list>
<pin id="59" dir="1" index="0" bw="1" slack="2147483647"/>
</pin_list>
<bind>
<StgValue><ssdm name="empty_6"/></StgValue>
</bind>
</comp>

<comp id="60" class="1001" name="const_60">
<pin_list>
<pin id="61" dir="1" index="0" bw="1" slack="2147483647"/>
</pin_list>
<bind>
<StgValue><ssdm name="empty_7"/></StgValue>
</bind>
</comp>

<comp id="62" class="1001" name="const_62">
<pin_list>
<pin id="63" dir="1" index="0" bw="1" slack="2147483647"/>
</pin_list>
<bind>
<StgValue><ssdm name="empty_8"/></StgValue>
</bind>
</comp>

<comp id="64" class="1001" name="const_64">
<pin_list>
<pin id="65" dir="1" index="0" bw="1" slack="0"/>
</pin_list>
<bind>
<StgValue><ssdm name=""/></StgValue>
</bind>
</comp>

<comp id="66" class="1001" name="const_66">
<pin_list>
<pin id="67" dir="1" index="0" bw="1" slack="0"/>
</pin_list>
<bind>
<StgValue><ssdm name=""/></StgValue>
</bind>
</comp>

<comp id="68" class="1001" name="const_68">
<pin_list>
<pin id="69" dir="1" index="0" bw="1" slack="0"/>
</pin_list>
<bind>
<StgValue><ssdm name="_ssdm_op_Read.m_axi.p1i1024"/></StgValue>
</bind>
</comp>

<comp id="70" class="1001" name="const_70">
<pin_list>
<pin id="71" dir="1" index="0" bw="1" slack="0"/>
</pin_list>
<bind>
<StgValue><ssdm name=""/></StgValue>
</bind>
</comp>

<comp id="72" class="1001" name="const_72">
<pin_list>
<pin id="73" dir="1" index="0" bw="1" slack="0"/>
</pin_list>
<bind>
<StgValue><ssdm name="bnn_layer1_xnor_Pipeline_POPCOUNT_LOOP"/></StgValue>
</bind>
</comp>

<comp id="74" class="1001" name="const_74">
<pin_list>
<pin id="75" dir="1" index="0" bw="1" slack="0"/>
</pin_list>
<bind>
<StgValue><ssdm name="_ssdm_op_BitConcatenate.i11.i10.i1"/></StgValue>
</bind>
</comp>

<comp id="76" class="1001" name="const_76">
<pin_list>
<pin id="77" dir="1" index="0" bw="1" slack="0"/>
</pin_list>
<bind>
<StgValue><ssdm name=""/></StgValue>
</bind>
</comp>

<comp id="78" class="1001" name="const_78">
<pin_list>
<pin id="79" dir="1" index="0" bw="1" slack="0"/>
</pin_list>
<bind>
<StgValue><ssdm name=""/></StgValue>
</bind>
</comp>

<comp id="80" class="1001" name="const_80">
<pin_list>
<pin id="81" dir="1" index="0" bw="1" slack="0"/>
</pin_list>
<bind>
<StgValue><ssdm name=""/></StgValue>
</bind>
</comp>

<comp id="82" class="1001" name="const_82">
<pin_list>
<pin id="83" dir="1" index="0" bw="1" slack="0"/>
</pin_list>
<bind>
<StgValue><ssdm name="_ssdm_op_BitConcatenate.i10.i7.i3"/></StgValue>
</bind>
</comp>

<comp id="84" class="1001" name="const_84">
<pin_list>
<pin id="85" dir="1" index="0" bw="1" slack="0"/>
</pin_list>
<bind>
<StgValue><ssdm name=""/></StgValue>
</bind>
</comp>

<comp id="86" class="1001" name="const_86">
<pin_list>
<pin id="87" dir="1" index="0" bw="1" slack="0"/>
</pin_list>
<bind>
<StgValue><ssdm name="_ssdm_op_WriteReq.m_axi.p1i1024"/></StgValue>
</bind>
</comp>

<comp id="88" class="1001" name="const_88">
<pin_list>
<pin id="89" dir="1" index="0" bw="1" slack="0"/>
</pin_list>
<bind>
<StgValue><ssdm name="_ssdm_op_Write.m_axi.p1i1024"/></StgValue>
</bind>
</comp>

<comp id="90" class="1001" name="const_90">
<pin_list>
<pin id="91" dir="1" index="0" bw="1" slack="0"/>
</pin_list>
<bind>
<StgValue><ssdm name="_ssdm_op_WriteResp.m_axi.p1i1024"/></StgValue>
</bind>
</comp>

<comp id="92" class="1001" name="const_92">
<pin_list>
<pin id="93" dir="1" index="0" bw="1" slack="2147483647"/>
</pin_list>
<bind>
<StgValue><ssdm name="_ssdm_op_SpecLoopTripCount"/></StgValue>
</bind>
</comp>

<comp id="94" class="1001" name="const_94">
<pin_list>
<pin id="95" dir="1" index="0" bw="1" slack="2147483647"/>
</pin_list>
<bind>
<StgValue><ssdm name="_ssdm_op_SpecLoopName"/></StgValue>
</bind>
</comp>

<comp id="96" class="1001" name="const_96">
<pin_list>
<pin id="97" dir="1" index="0" bw="1" slack="2147483647"/>
</pin_list>
<bind>
<StgValue><ssdm name="empty_11"/></StgValue>
</bind>
</comp>

<comp id="98" class="1004" name="n_fu_98">
<pin_list>
<pin id="99" dir="0" index="0" bw="1" slack="0"/>
<pin id="100" dir="1" index="1" bw="9" slack="0"/>
</pin_list>
<bind>
<opcode="alloca(26) " fcode="alloca"/>
<opset="n/1 "/>
</bind>
</comp>

<comp id="102" class="1004" name="count_loc_fu_102">
<pin_list>
<pin id="103" dir="0" index="0" bw="1" slack="0"/>
<pin id="104" dir="1" index="1" bw="10" slack="11"/>
</pin_list>
<bind>
<opcode="alloca(26) " fcode="alloca"/>
<opset="count_loc/1 "/>
</bind>
</comp>

<comp id="106" class="1004" name="weights_read_read_fu_106">
<pin_list>
<pin id="107" dir="0" index="0" bw="64" slack="0"/>
<pin id="108" dir="0" index="1" bw="64" slack="0"/>
<pin id="109" dir="1" index="2" bw="64" slack="0"/>
</pin_list>
<bind>
<opcode="read(1150) " fcode="read"/>
<opset="weights_read/1 "/>
</bind>
</comp>

<comp id="112" class="1004" name="output_r_read_read_fu_112">
<pin_list>
<pin id="113" dir="0" index="0" bw="64" slack="0"/>
<pin id="114" dir="0" index="1" bw="64" slack="0"/>
<pin id="115" dir="1" index="2" bw="64" slack="9"/>
</pin_list>
<bind>
<opcode="read(1150) " fcode="read"/>
<opset="output_r_read/1 "/>
</bind>
</comp>

<comp id="118" class="1004" name="grp_readreq_fu_118">
<pin_list>
<pin id="119" dir="0" index="0" bw="1" slack="0"/>
<pin id="120" dir="0" index="1" bw="1024" slack="0"/>
<pin id="121" dir="0" index="2" bw="10" slack="0"/>
<pin id="122" dir="1" index="3" bw="1" slack="2147483647"/>
</pin_list>
<bind>
<opcode="readreq(1154) " fcode="readreq"/>
<opset="empty/2 "/>
</bind>
</comp>

<comp id="125" class="1004" name="input_r_read_read_fu_125">
<pin_list>
<pin id="126" dir="0" index="0" bw="784" slack="0"/>
<pin id="127" dir="0" index="1" bw="784" slack="0"/>
<pin id="128" dir="1" index="2" bw="784" slack="3"/>
</pin_list>
<bind>
<opcode="read(1150) " fcode="read"/>
<opset="input_r_read/9 "/>
</bind>
</comp>

<comp id="131" class="1004" name="gmem_addr_read_read_fu_131">
<pin_list>
<pin id="132" dir="0" index="0" bw="1024" slack="0"/>
<pin id="133" dir="0" index="1" bw="1024" slack="9"/>
<pin id="134" dir="1" index="2" bw="1024" slack="1"/>
</pin_list>
<bind>
<opcode="read(1150) " fcode="read"/>
<opset="gmem_addr_read/11 "/>
</bind>
</comp>

<comp id="136" class="1004" name="grp_writeresp_fu_136">
<pin_list>
<pin id="137" dir="0" index="0" bw="1" slack="0"/>
<pin id="138" dir="0" index="1" bw="1024" slack="0"/>
<pin id="139" dir="0" index="2" bw="1" slack="0"/>
<pin id="140" dir="1" index="3" bw="1" slack="2147483647"/>
</pin_list>
<bind>
<opcode="writereq(1155) writeresp(1158) " fcode="writeresp"/>
<opset="empty_17/14 empty_18/16 "/>
</bind>
</comp>

<comp id="143" class="1004" name="write_ln28_write_fu_143">
<pin_list>
<pin id="144" dir="0" index="0" bw="0" slack="0"/>
<pin id="145" dir="0" index="1" bw="1024" slack="1"/>
<pin id="146" dir="0" index="2" bw="1024" slack="1"/>
<pin id="147" dir="0" index="3" bw="128" slack="1"/>
<pin id="148" dir="1" index="4" bw="0" slack="2147483647"/>
</pin_list>
<bind>
<opcode="write(1151) " fcode="write"/>
<opset="write_ln28/15 "/>
</bind>
</comp>

<comp id="151" class="1004" name="grp_bnn_layer1_xnor_Pipeline_POPCOUNT_LOOP_fu_151">
<pin_list>
<pin id="152" dir="0" index="0" bw="0" slack="0"/>
<pin id="153" dir="0" index="1" bw="784" slack="0"/>
<pin id="154" dir="0" index="2" bw="10" slack="11"/>
<pin id="155" dir="1" index="3" bw="0" slack="2147483647"/>
</pin_list>
<bind>
<opcode="call(48) " fcode="call"/>
<opset="call_ln17/12 "/>
</bind>
</comp>

<comp id="157" class="1004" name="trunc_ln_fu_157">
<pin_list>
<pin id="158" dir="0" index="0" bw="57" slack="0"/>
<pin id="159" dir="0" index="1" bw="64" slack="0"/>
<pin id="160" dir="0" index="2" bw="4" slack="0"/>
<pin id="161" dir="0" index="3" bw="7" slack="0"/>
<pin id="162" dir="1" index="4" bw="57" slack="1"/>
</pin_list>
<bind>
<opcode="partselect(1002) " fcode="partselect"/>
<opset="trunc_ln/1 "/>
</bind>
</comp>

<comp id="167" class="1004" name="store_ln13_store_fu_167">
<pin_list>
<pin id="168" dir="0" index="0" bw="1" slack="0"/>
<pin id="169" dir="0" index="1" bw="9" slack="0"/>
<pin id="170" dir="1" index="2" bw="0" slack="2147483647"/>
</pin_list>
<bind>
<opcode="store(28) " fcode="store"/>
<opset="store_ln13/1 "/>
</bind>
</comp>

<comp id="172" class="1004" name="sext_ln13_fu_172">
<pin_list>
<pin id="173" dir="0" index="0" bw="57" slack="1"/>
<pin id="174" dir="1" index="1" bw="64" slack="0"/>
</pin_list>
<bind>
<opcode="sext(35) " fcode="sext"/>
<opset="sext_ln13/2 "/>
</bind>
</comp>

<comp id="175" class="1004" name="gmem_addr_fu_175">
<pin_list>
<pin id="176" dir="0" index="0" bw="64" slack="0"/>
<pin id="177" dir="0" index="1" bw="64" slack="0"/>
<pin id="178" dir="1" index="2" bw="64" slack="0"/>
</pin_list>
<bind>
<opcode="getelementptr(29) " fcode="getelementptr"/>
<opset="gmem_addr/2 "/>
</bind>
</comp>

<comp id="182" class="1004" name="n_1_load_fu_182">
<pin_list>
<pin id="183" dir="0" index="0" bw="9" slack="9"/>
<pin id="184" dir="1" index="1" bw="9" slack="0"/>
</pin_list>
<bind>
<opcode="load(27) " fcode="load"/>
<opset="n_1/10 "/>
</bind>
</comp>

<comp id="185" class="1004" name="icmp_ln13_fu_185">
<pin_list>
<pin id="186" dir="0" index="0" bw="9" slack="0"/>
<pin id="187" dir="0" index="1" bw="9" slack="0"/>
<pin id="188" dir="1" index="2" bw="1" slack="2147483647"/>
</pin_list>
<bind>
<opcode="icmp(45) " fcode="icmp"/>
<opset="icmp_ln13/10 "/>
</bind>
</comp>

<comp id="191" class="1004" name="add_ln13_fu_191">
<pin_list>
<pin id="192" dir="0" index="0" bw="9" slack="0"/>
<pin id="193" dir="0" index="1" bw="1" slack="0"/>
<pin id="194" dir="1" index="2" bw="9" slack="0"/>
</pin_list>
<bind>
<opcode="add(8) " fcode="add"/>
<opset="add_ln13/10 "/>
</bind>
</comp>

<comp id="197" class="1004" name="shl_ln28_3_fu_197">
<pin_list>
<pin id="198" dir="0" index="0" bw="9" slack="0"/>
<pin id="199" dir="0" index="1" bw="1" slack="0"/>
<pin id="200" dir="1" index="2" bw="9" slack="0"/>
</pin_list>
<bind>
<opcode="shl(20) " fcode="shl"/>
<opset="shl_ln28_3/10 "/>
</bind>
</comp>

<comp id="203" class="1004" name="zext_ln28_fu_203">
<pin_list>
<pin id="204" dir="0" index="0" bw="9" slack="0"/>
<pin id="205" dir="1" index="1" bw="64" slack="0"/>
</pin_list>
<bind>
<opcode="zext(34) " fcode="zext"/>
<opset="zext_ln28/10 "/>
</bind>
</comp>

<comp id="207" class="1004" name="add_ln28_1_fu_207">
<pin_list>
<pin id="208" dir="0" index="0" bw="9" slack="0"/>
<pin id="209" dir="0" index="1" bw="64" slack="9"/>
<pin id="210" dir="1" index="2" bw="64" slack="0"/>
</pin_list>
<bind>
<opcode="add(8) " fcode="add"/>
<opset="add_ln28_1/10 "/>
</bind>
</comp>

<comp id="212" class="1004" name="trunc_ln28_fu_212">
<pin_list>
<pin id="213" dir="0" index="0" bw="64" slack="0"/>
<pin id="214" dir="1" index="1" bw="7" slack="4"/>
</pin_list>
<bind>
<opcode="trunc(33) " fcode="trunc"/>
<opset="trunc_ln28/10 "/>
</bind>
</comp>

<comp id="216" class="1004" name="trunc_ln28_1_fu_216">
<pin_list>
<pin id="217" dir="0" index="0" bw="57" slack="0"/>
<pin id="218" dir="0" index="1" bw="64" slack="0"/>
<pin id="219" dir="0" index="2" bw="4" slack="0"/>
<pin id="220" dir="0" index="3" bw="7" slack="0"/>
<pin id="221" dir="1" index="4" bw="57" slack="4"/>
</pin_list>
<bind>
<opcode="partselect(1002) " fcode="partselect"/>
<opset="trunc_ln28_1/10 "/>
</bind>
</comp>

<comp id="226" class="1004" name="store_ln13_store_fu_226">
<pin_list>
<pin id="227" dir="0" index="0" bw="9" slack="0"/>
<pin id="228" dir="0" index="1" bw="9" slack="9"/>
<pin id="229" dir="1" index="2" bw="0" slack="2147483647"/>
</pin_list>
<bind>
<opcode="store(28) " fcode="store"/>
<opset="store_ln13/10 "/>
</bind>
</comp>

<comp id="231" class="1004" name="trunc_ln17_fu_231">
<pin_list>
<pin id="232" dir="0" index="0" bw="1024" slack="1"/>
<pin id="233" dir="1" index="1" bw="784" slack="0"/>
</pin_list>
<bind>
<opcode="trunc(33) " fcode="trunc"/>
<opset="trunc_ln17/12 "/>
</bind>
</comp>

<comp id="234" class="1004" name="xor_ln17_fu_234">
<pin_list>
<pin id="235" dir="0" index="0" bw="784" slack="0"/>
<pin id="236" dir="0" index="1" bw="784" slack="0"/>
<pin id="237" dir="1" index="2" bw="784" slack="0"/>
</pin_list>
<bind>
<opcode="xor(25) " fcode="xor"/>
<opset="xor_ln17/12 "/>
</bind>
</comp>

<comp id="240" class="1004" name="xnor_result_fu_240">
<pin_list>
<pin id="241" dir="0" index="0" bw="784" slack="3"/>
<pin id="242" dir="0" index="1" bw="784" slack="0"/>
<pin id="243" dir="1" index="2" bw="784" slack="0"/>
</pin_list>
<bind>
<opcode="xor(25) " fcode="xor"/>
<opset="xnor_result/12 "/>
</bind>
</comp>

<comp id="246" class="1004" name="count_loc_load_load_fu_246">
<pin_list>
<pin id="247" dir="0" index="0" bw="10" slack="13"/>
<pin id="248" dir="1" index="1" bw="10" slack="0"/>
</pin_list>
<bind>
<opcode="load(27) " fcode="load"/>
<opset="count_loc_load/14 "/>
</bind>
</comp>

<comp id="249" class="1004" name="shl_ln28_4_fu_249">
<pin_list>
<pin id="250" dir="0" index="0" bw="11" slack="0"/>
<pin id="251" dir="0" index="1" bw="10" slack="0"/>
<pin id="252" dir="0" index="2" bw="1" slack="0"/>
<pin id="253" dir="1" index="3" bw="11" slack="0"/>
</pin_list>
<bind>
<opcode="bitconcatenate(1004) " fcode="bitconcatenate"/>
<opset="shl_ln28_4/14 "/>
</bind>
</comp>

<comp id="257" class="1004" name="add_ln28_fu_257">
<pin_list>
<pin id="258" dir="0" index="0" bw="11" slack="0"/>
<pin id="259" dir="0" index="1" bw="11" slack="0"/>
<pin id="260" dir="1" index="2" bw="11" slack="0"/>
</pin_list>
<bind>
<opcode="add(8) " fcode="add"/>
<opset="add_ln28/14 "/>
</bind>
</comp>

<comp id="263" class="1004" name="sext_ln28_1_fu_263">
<pin_list>
<pin id="264" dir="0" index="0" bw="11" slack="0"/>
<pin id="265" dir="1" index="1" bw="16" slack="0"/>
</pin_list>
<bind>
<opcode="sext(35) " fcode="sext"/>
<opset="sext_ln28_1/14 "/>
</bind>
</comp>

<comp id="267" class="1004" name="zext_ln28_2_fu_267">
<pin_list>
<pin id="268" dir="0" index="0" bw="11" slack="0"/>
<pin id="269" dir="1" index="1" bw="1024" slack="0"/>
</pin_list>
<bind>
<opcode="zext(34) " fcode="zext"/>
<opset="zext_ln28_2/14 "/>
</bind>
</comp>

<comp id="271" class="1004" name="zext_ln28_1_fu_271">
<pin_list>
<pin id="272" dir="0" index="0" bw="7" slack="4"/>
<pin id="273" dir="1" index="1" bw="128" slack="0"/>
</pin_list>
<bind>
<opcode="zext(34) " fcode="zext"/>
<opset="zext_ln28_1/14 "/>
</bind>
</comp>

<comp id="274" class="1004" name="shl_ln28_fu_274">
<pin_list>
<pin id="275" dir="0" index="0" bw="3" slack="0"/>
<pin id="276" dir="0" index="1" bw="7" slack="0"/>
<pin id="277" dir="1" index="2" bw="128" slack="1"/>
</pin_list>
<bind>
<opcode="shl(20) " fcode="shl"/>
<opset="shl_ln28/14 "/>
</bind>
</comp>

<comp id="280" class="1004" name="shl_ln28_2_fu_280">
<pin_list>
<pin id="281" dir="0" index="0" bw="10" slack="0"/>
<pin id="282" dir="0" index="1" bw="7" slack="4"/>
<pin id="283" dir="0" index="2" bw="1" slack="0"/>
<pin id="284" dir="1" index="3" bw="10" slack="0"/>
</pin_list>
<bind>
<opcode="bitconcatenate(1004) " fcode="bitconcatenate"/>
<opset="shl_ln28_2/14 "/>
</bind>
</comp>

<comp id="287" class="1004" name="zext_ln28_3_fu_287">
<pin_list>
<pin id="288" dir="0" index="0" bw="10" slack="0"/>
<pin id="289" dir="1" index="1" bw="1024" slack="0"/>
</pin_list>
<bind>
<opcode="zext(34) " fcode="zext"/>
<opset="zext_ln28_3/14 "/>
</bind>
</comp>

<comp id="291" class="1004" name="shl_ln28_1_fu_291">
<pin_list>
<pin id="292" dir="0" index="0" bw="16" slack="0"/>
<pin id="293" dir="0" index="1" bw="10" slack="0"/>
<pin id="294" dir="1" index="2" bw="1024" slack="1"/>
</pin_list>
<bind>
<opcode="shl(20) " fcode="shl"/>
<opset="shl_ln28_1/14 "/>
</bind>
</comp>

<comp id="297" class="1004" name="sext_ln28_fu_297">
<pin_list>
<pin id="298" dir="0" index="0" bw="57" slack="4"/>
<pin id="299" dir="1" index="1" bw="64" slack="0"/>
</pin_list>
<bind>
<opcode="sext(35) " fcode="sext"/>
<opset="sext_ln28/14 "/>
</bind>
</comp>

<comp id="300" class="1004" name="gmem_addr_1_fu_300">
<pin_list>
<pin id="301" dir="0" index="0" bw="64" slack="0"/>
<pin id="302" dir="0" index="1" bw="64" slack="0"/>
<pin id="303" dir="1" index="2" bw="64" slack="0"/>
</pin_list>
<bind>
<opcode="getelementptr(29) " fcode="getelementptr"/>
<opset="gmem_addr_1/14 "/>
</bind>
</comp>

<comp id="307" class="1005" name="n_reg_307">
<pin_list>
<pin id="308" dir="0" index="0" bw="9" slack="0"/>
<pin id="309" dir="1" index="1" bw="9" slack="0"/>
</pin_list>
<bind>
<opset="n "/>
</bind>
</comp>

<comp id="314" class="1005" name="output_r_read_reg_314">
<pin_list>
<pin id="315" dir="0" index="0" bw="64" slack="9"/>
<pin id="316" dir="1" index="1" bw="64" slack="9"/>
</pin_list>
<bind>
<opset="output_r_read "/>
</bind>
</comp>

<comp id="319" class="1005" name="count_loc_reg_319">
<pin_list>
<pin id="320" dir="0" index="0" bw="10" slack="11"/>
<pin id="321" dir="1" index="1" bw="10" slack="11"/>
</pin_list>
<bind>
<opset="count_loc "/>
</bind>
</comp>

<comp id="325" class="1005" name="trunc_ln_reg_325">
<pin_list>
<pin id="326" dir="0" index="0" bw="57" slack="1"/>
<pin id="327" dir="1" index="1" bw="57" slack="1"/>
</pin_list>
<bind>
<opset="trunc_ln "/>
</bind>
</comp>

<comp id="330" class="1005" name="gmem_addr_reg_330">
<pin_list>
<pin id="331" dir="0" index="0" bw="1024" slack="1"/>
<pin id="332" dir="1" index="1" bw="1024" slack="1"/>
</pin_list>
<bind>
<opset="gmem_addr "/>
</bind>
</comp>

<comp id="336" class="1005" name="input_r_read_reg_336">
<pin_list>
<pin id="337" dir="0" index="0" bw="784" slack="3"/>
<pin id="338" dir="1" index="1" bw="784" slack="3"/>
</pin_list>
<bind>
<opset="input_r_read "/>
</bind>
</comp>

<comp id="344" class="1005" name="trunc_ln28_reg_344">
<pin_list>
<pin id="345" dir="0" index="0" bw="7" slack="4"/>
<pin id="346" dir="1" index="1" bw="7" slack="4"/>
</pin_list>
<bind>
<opset="trunc_ln28 "/>
</bind>
</comp>

<comp id="350" class="1005" name="trunc_ln28_1_reg_350">
<pin_list>
<pin id="351" dir="0" index="0" bw="57" slack="4"/>
<pin id="352" dir="1" index="1" bw="57" slack="4"/>
</pin_list>
<bind>
<opset="trunc_ln28_1 "/>
</bind>
</comp>

<comp id="355" class="1005" name="gmem_addr_read_reg_355">
<pin_list>
<pin id="356" dir="0" index="0" bw="1024" slack="1"/>
<pin id="357" dir="1" index="1" bw="1024" slack="1"/>
</pin_list>
<bind>
<opset="gmem_addr_read "/>
</bind>
</comp>

<comp id="360" class="1005" name="xnor_result_reg_360">
<pin_list>
<pin id="361" dir="0" index="0" bw="784" slack="1"/>
<pin id="362" dir="1" index="1" bw="784" slack="1"/>
</pin_list>
<bind>
<opset="xnor_result "/>
</bind>
</comp>

<comp id="365" class="1005" name="shl_ln28_reg_365">
<pin_list>
<pin id="366" dir="0" index="0" bw="128" slack="1"/>
<pin id="367" dir="1" index="1" bw="128" slack="1"/>
</pin_list>
<bind>
<opset="shl_ln28 "/>
</bind>
</comp>

<comp id="370" class="1005" name="shl_ln28_1_reg_370">
<pin_list>
<pin id="371" dir="0" index="0" bw="1024" slack="1"/>
<pin id="372" dir="1" index="1" bw="1024" slack="1"/>
</pin_list>
<bind>
<opset="shl_ln28_1 "/>
</bind>
</comp>

<comp id="375" class="1005" name="gmem_addr_1_reg_375">
<pin_list>
<pin id="376" dir="0" index="0" bw="1024" slack="1"/>
<pin id="377" dir="1" index="1" bw="1024" slack="1"/>
</pin_list>
<bind>
<opset="gmem_addr_1 "/>
</bind>
</comp>

</comp_list>

<net_list>
<net id="101"><net_src comp="8" pin="0"/><net_sink comp="98" pin=0"/></net>

<net id="105"><net_src comp="12" pin="0"/><net_sink comp="102" pin=0"/></net>

<net id="110"><net_src comp="10" pin="0"/><net_sink comp="106" pin=0"/></net>

<net id="111"><net_src comp="6" pin="0"/><net_sink comp="106" pin=1"/></net>

<net id="116"><net_src comp="10" pin="0"/><net_sink comp="112" pin=0"/></net>

<net id="117"><net_src comp="4" pin="0"/><net_sink comp="112" pin=1"/></net>

<net id="123"><net_src comp="22" pin="0"/><net_sink comp="118" pin=0"/></net>

<net id="124"><net_src comp="24" pin="0"/><net_sink comp="118" pin=2"/></net>

<net id="129"><net_src comp="26" pin="0"/><net_sink comp="125" pin=0"/></net>

<net id="130"><net_src comp="2" pin="0"/><net_sink comp="125" pin=1"/></net>

<net id="135"><net_src comp="68" pin="0"/><net_sink comp="131" pin=0"/></net>

<net id="141"><net_src comp="86" pin="0"/><net_sink comp="136" pin=0"/></net>

<net id="142"><net_src comp="12" pin="0"/><net_sink comp="136" pin=2"/></net>

<net id="149"><net_src comp="88" pin="0"/><net_sink comp="143" pin=0"/></net>

<net id="150"><net_src comp="90" pin="0"/><net_sink comp="136" pin=0"/></net>

<net id="156"><net_src comp="72" pin="0"/><net_sink comp="151" pin=0"/></net>

<net id="163"><net_src comp="14" pin="0"/><net_sink comp="157" pin=0"/></net>

<net id="164"><net_src comp="106" pin="2"/><net_sink comp="157" pin=1"/></net>

<net id="165"><net_src comp="16" pin="0"/><net_sink comp="157" pin=2"/></net>

<net id="166"><net_src comp="18" pin="0"/><net_sink comp="157" pin=3"/></net>

<net id="171"><net_src comp="20" pin="0"/><net_sink comp="167" pin=0"/></net>

<net id="179"><net_src comp="0" pin="0"/><net_sink comp="175" pin=0"/></net>

<net id="180"><net_src comp="172" pin="1"/><net_sink comp="175" pin=1"/></net>

<net id="181"><net_src comp="175" pin="2"/><net_sink comp="118" pin=1"/></net>

<net id="189"><net_src comp="182" pin="1"/><net_sink comp="185" pin=0"/></net>

<net id="190"><net_src comp="64" pin="0"/><net_sink comp="185" pin=1"/></net>

<net id="195"><net_src comp="182" pin="1"/><net_sink comp="191" pin=0"/></net>

<net id="196"><net_src comp="66" pin="0"/><net_sink comp="191" pin=1"/></net>

<net id="201"><net_src comp="182" pin="1"/><net_sink comp="197" pin=0"/></net>

<net id="202"><net_src comp="66" pin="0"/><net_sink comp="197" pin=1"/></net>

<net id="206"><net_src comp="197" pin="2"/><net_sink comp="203" pin=0"/></net>

<net id="211"><net_src comp="203" pin="1"/><net_sink comp="207" pin=0"/></net>

<net id="215"><net_src comp="207" pin="2"/><net_sink comp="212" pin=0"/></net>

<net id="222"><net_src comp="14" pin="0"/><net_sink comp="216" pin=0"/></net>

<net id="223"><net_src comp="207" pin="2"/><net_sink comp="216" pin=1"/></net>

<net id="224"><net_src comp="16" pin="0"/><net_sink comp="216" pin=2"/></net>

<net id="225"><net_src comp="18" pin="0"/><net_sink comp="216" pin=3"/></net>

<net id="230"><net_src comp="191" pin="2"/><net_sink comp="226" pin=0"/></net>

<net id="238"><net_src comp="231" pin="1"/><net_sink comp="234" pin=0"/></net>

<net id="239"><net_src comp="70" pin="0"/><net_sink comp="234" pin=1"/></net>

<net id="244"><net_src comp="234" pin="2"/><net_sink comp="240" pin=1"/></net>

<net id="245"><net_src comp="240" pin="2"/><net_sink comp="151" pin=1"/></net>

<net id="254"><net_src comp="74" pin="0"/><net_sink comp="249" pin=0"/></net>

<net id="255"><net_src comp="246" pin="1"/><net_sink comp="249" pin=1"/></net>

<net id="256"><net_src comp="76" pin="0"/><net_sink comp="249" pin=2"/></net>

<net id="261"><net_src comp="249" pin="3"/><net_sink comp="257" pin=0"/></net>

<net id="262"><net_src comp="78" pin="0"/><net_sink comp="257" pin=1"/></net>

<net id="266"><net_src comp="257" pin="2"/><net_sink comp="263" pin=0"/></net>

<net id="270"><net_src comp="263" pin="1"/><net_sink comp="267" pin=0"/></net>

<net id="278"><net_src comp="80" pin="0"/><net_sink comp="274" pin=0"/></net>

<net id="279"><net_src comp="271" pin="1"/><net_sink comp="274" pin=1"/></net>

<net id="285"><net_src comp="82" pin="0"/><net_sink comp="280" pin=0"/></net>

<net id="286"><net_src comp="84" pin="0"/><net_sink comp="280" pin=2"/></net>

<net id="290"><net_src comp="280" pin="3"/><net_sink comp="287" pin=0"/></net>

<net id="295"><net_src comp="267" pin="1"/><net_sink comp="291" pin=0"/></net>

<net id="296"><net_src comp="287" pin="1"/><net_sink comp="291" pin=1"/></net>

<net id="304"><net_src comp="0" pin="0"/><net_sink comp="300" pin=0"/></net>

<net id="305"><net_src comp="297" pin="1"/><net_sink comp="300" pin=1"/></net>

<net id="306"><net_src comp="300" pin="2"/><net_sink comp="136" pin=1"/></net>

<net id="310"><net_src comp="98" pin="1"/><net_sink comp="307" pin=0"/></net>

<net id="311"><net_src comp="307" pin="1"/><net_sink comp="167" pin=1"/></net>

<net id="312"><net_src comp="307" pin="1"/><net_sink comp="182" pin=0"/></net>

<net id="313"><net_src comp="307" pin="1"/><net_sink comp="226" pin=1"/></net>

<net id="317"><net_src comp="112" pin="2"/><net_sink comp="314" pin=0"/></net>

<net id="318"><net_src comp="314" pin="1"/><net_sink comp="207" pin=1"/></net>

<net id="322"><net_src comp="102" pin="1"/><net_sink comp="319" pin=0"/></net>

<net id="323"><net_src comp="319" pin="1"/><net_sink comp="151" pin=2"/></net>

<net id="324"><net_src comp="319" pin="1"/><net_sink comp="246" pin=0"/></net>

<net id="328"><net_src comp="157" pin="4"/><net_sink comp="325" pin=0"/></net>

<net id="329"><net_src comp="325" pin="1"/><net_sink comp="172" pin=0"/></net>

<net id="333"><net_src comp="175" pin="2"/><net_sink comp="330" pin=0"/></net>

<net id="334"><net_src comp="330" pin="1"/><net_sink comp="118" pin=1"/></net>

<net id="335"><net_src comp="330" pin="1"/><net_sink comp="131" pin=1"/></net>

<net id="339"><net_src comp="125" pin="2"/><net_sink comp="336" pin=0"/></net>

<net id="340"><net_src comp="336" pin="1"/><net_sink comp="240" pin=0"/></net>

<net id="347"><net_src comp="212" pin="1"/><net_sink comp="344" pin=0"/></net>

<net id="348"><net_src comp="344" pin="1"/><net_sink comp="271" pin=0"/></net>

<net id="349"><net_src comp="344" pin="1"/><net_sink comp="280" pin=1"/></net>

<net id="353"><net_src comp="216" pin="4"/><net_sink comp="350" pin=0"/></net>

<net id="354"><net_src comp="350" pin="1"/><net_sink comp="297" pin=0"/></net>

<net id="358"><net_src comp="131" pin="2"/><net_sink comp="355" pin=0"/></net>

<net id="359"><net_src comp="355" pin="1"/><net_sink comp="231" pin=0"/></net>

<net id="363"><net_src comp="240" pin="2"/><net_sink comp="360" pin=0"/></net>

<net id="364"><net_src comp="360" pin="1"/><net_sink comp="151" pin=1"/></net>

<net id="368"><net_src comp="274" pin="2"/><net_sink comp="365" pin=0"/></net>

<net id="369"><net_src comp="365" pin="1"/><net_sink comp="143" pin=3"/></net>

<net id="373"><net_src comp="291" pin="2"/><net_sink comp="370" pin=0"/></net>

<net id="374"><net_src comp="370" pin="1"/><net_sink comp="143" pin=2"/></net>

<net id="378"><net_src comp="300" pin="2"/><net_sink comp="375" pin=0"/></net>

<net id="379"><net_src comp="375" pin="1"/><net_sink comp="143" pin=1"/></net>

<net id="380"><net_src comp="375" pin="1"/><net_sink comp="136" pin=1"/></net>

</net_list>

</model> 
---------------- Datapath Model END ------------------

* FSMD analyzer results:
  - Output states:
	Port: gmem | {14 15 16 17 18 19 20 }
 - Input state : 
	Port: bnn_layer1_xnor : gmem | {2 3 4 5 6 7 8 9 11 }
	Port: bnn_layer1_xnor : input_r | {9 }
	Port: bnn_layer1_xnor : output_r | {1 }
	Port: bnn_layer1_xnor : weights | {1 }
  - Chain level:
	State 1
		store_ln13 : 1
	State 2
		gmem_addr : 1
		empty : 2
	State 3
	State 4
	State 5
	State 6
	State 7
	State 8
	State 9
	State 10
		icmp_ln13 : 1
		add_ln13 : 1
		br_ln13 : 2
		shl_ln28_3 : 1
		zext_ln28 : 1
		add_ln28_1 : 2
		trunc_ln28 : 3
		trunc_ln28_1 : 3
		store_ln13 : 2
	State 11
	State 12
		xor_ln17 : 1
		xnor_result : 1
		call_ln17 : 1
	State 13
	State 14
		shl_ln28_4 : 1
		add_ln28 : 2
		sext_ln28_1 : 3
		zext_ln28_2 : 4
		shl_ln28 : 1
		zext_ln28_3 : 1
		shl_ln28_1 : 5
		gmem_addr_1 : 1
		empty_17 : 2
	State 15
	State 16
	State 17
	State 18
	State 19
	State 20


============================================================
+ Verbose Summary: Datapath Resource usage 
============================================================

* Functional unit list:
|----------|---------------------------------------------------|---------|---------|
| Operation|                  Functional Unit                  |    FF   |   LUT   |
|----------|---------------------------------------------------|---------|---------|
|    xor   |                  xor_ln17_fu_234                  |    0    |   783   |
|          |                 xnor_result_fu_240                |    0    |   783   |
|----------|---------------------------------------------------|---------|---------|
|          |                  add_ln13_fu_191                  |    0    |    16   |
|    add   |                 add_ln28_1_fu_207                 |    0    |    71   |
|          |                  add_ln28_fu_257                  |    0    |    18   |
|----------|---------------------------------------------------|---------|---------|
|   call   | grp_bnn_layer1_xnor_Pipeline_POPCOUNT_LOOP_fu_151 |    20   |    51   |
|----------|---------------------------------------------------|---------|---------|
|          |                 shl_ln28_3_fu_197                 |    0    |    0    |
|    shl   |                  shl_ln28_fu_274                  |    0    |    14   |
|          |                 shl_ln28_1_fu_291                 |    0    |    35   |
|----------|---------------------------------------------------|---------|---------|
|   icmp   |                  icmp_ln13_fu_185                 |    0    |    16   |
|----------|---------------------------------------------------|---------|---------|
|          |              weights_read_read_fu_106             |    0    |    0    |
|   read   |             output_r_read_read_fu_112             |    0    |    0    |
|          |              input_r_read_read_fu_125             |    0    |    0    |
|          |             gmem_addr_read_read_fu_131            |    0    |    0    |
|----------|---------------------------------------------------|---------|---------|
|  readreq |                 grp_readreq_fu_118                |    0    |    0    |
|----------|---------------------------------------------------|---------|---------|
| writeresp|                grp_writeresp_fu_136               |    0    |    0    |
|----------|---------------------------------------------------|---------|---------|
|   write  |              write_ln28_write_fu_143              |    0    |    0    |
|----------|---------------------------------------------------|---------|---------|
|partselect|                  trunc_ln_fu_157                  |    0    |    0    |
|          |                trunc_ln28_1_fu_216                |    0    |    0    |
|----------|---------------------------------------------------|---------|---------|
|          |                  sext_ln13_fu_172                 |    0    |    0    |
|   sext   |                 sext_ln28_1_fu_263                |    0    |    0    |
|          |                  sext_ln28_fu_297                 |    0    |    0    |
|----------|---------------------------------------------------|---------|---------|
|          |                  zext_ln28_fu_203                 |    0    |    0    |
|   zext   |                 zext_ln28_2_fu_267                |    0    |    0    |
|          |                 zext_ln28_1_fu_271                |    0    |    0    |
|          |                 zext_ln28_3_fu_287                |    0    |    0    |
|----------|---------------------------------------------------|---------|---------|
|   trunc  |                 trunc_ln28_fu_212                 |    0    |    0    |
|          |                 trunc_ln17_fu_231                 |    0    |    0    |
|----------|---------------------------------------------------|---------|---------|
|bitconcatenate|                 shl_ln28_4_fu_249                 |    0    |    0    |
|          |                 shl_ln28_2_fu_280                 |    0    |    0    |
|----------|---------------------------------------------------|---------|---------|
|   Total  |                                                   |    20   |   1787  |
|----------|---------------------------------------------------|---------|---------|

Memories:
N/A

* Register list:
+----------------------+--------+
|                      |   FF   |
+----------------------+--------+
|   count_loc_reg_319  |   10   |
|  gmem_addr_1_reg_375 |  1024  |
|gmem_addr_read_reg_355|  1024  |
|   gmem_addr_reg_330  |  1024  |
| input_r_read_reg_336 |   784  |
|       n_reg_307      |    9   |
| output_r_read_reg_314|   64   |
|  shl_ln28_1_reg_370  |  1024  |
|   shl_ln28_reg_365   |   128  |
| trunc_ln28_1_reg_350 |   57   |
|  trunc_ln28_reg_344  |    7   |
|   trunc_ln_reg_325   |   57   |
|  xnor_result_reg_360 |   784  |
+----------------------+--------+
|         Total        |  5996  |
+----------------------+--------+

* Multiplexer (MUX) list: 
|---------------------------------------------------|------|------|------|--------||---------||---------||---------|
|                        Comp                       |  Pin | Size |  BW  | S x BW ||  Delay  ||    FF   ||   LUT   |
|---------------------------------------------------|------|------|------|--------||---------||---------||---------|
|                 grp_readreq_fu_118                |  p1  |   2  | 1024 |  2048  ||    0    ||    9    |
|                grp_writeresp_fu_136               |  p0  |   2  |   1  |    2   |
|                grp_writeresp_fu_136               |  p1  |   2  | 1024 |  2048  ||    0    ||    9    |
| grp_bnn_layer1_xnor_Pipeline_POPCOUNT_LOOP_fu_151 |  p1  |   2  |  784 |  1568  ||    0    ||    9    |
|---------------------------------------------------|------|------|------|--------||---------||---------||---------|
|                       Total                       |      |      |      |  5666  ||  1.708  ||    0    ||    27   |
|---------------------------------------------------|------|------|------|--------||---------||---------||---------|



* Summary:
+-----------+--------+--------+--------+
|           |  Delay |   FF   |   LUT  |
+-----------+--------+--------+--------+
|  Function |    -   |   20   |  1787  |
|   Memory  |    -   |    -   |    -   |
|Multiplexer|    1   |    0   |   27   |
|  Register |    -   |  5996  |    -   |
+-----------+--------+--------+--------+
|   Total   |    1   |  6016  |  1814  |
+-----------+--------+--------+--------+
