

================================================================
== Vitis HLS Report for 'bnn_layer1_xnor'
================================================================
* Date:           Fri Mar 13 00:11:27 2026

* Version:        2024.1 (Build 5069499 on May 21 2024)
* Project:        bnn_layer1
* Solution:       hls (Vivado IP Flow Target)
* Product family: zynquplus
* Target device:  xczu3eg-sfvc784-2-e


================================================================
== Performance Estimates
================================================================
+ Timing: 
    * Summary: 
    +--------+---------+----------+------------+
    |  Clock |  Target | Estimated| Uncertainty|
    +--------+---------+----------+------------+
    |ap_clk  |  5.00 ns|  3.650 ns|     1.35 ns|
    +--------+---------+----------+------------+

+ Latency: 
    * Summary: 
    +---------+---------+----------+----------+--------+--------+---------+
    |  Latency (cycles) |  Latency (absolute) |     Interval    | Pipeline|
    |   min   |   max   |    min   |    max   |   min  |   max  |   Type  |
    +---------+---------+----------+----------+--------+--------+---------+
    |   204041|   204041|  1.020 ms|  1.020 ms|  204042|  204042|       no|
    +---------+---------+----------+----------+--------+--------+---------+

    + Detail: 
        * Instance: 
        N/A

        * Loop: 
        +---------------+---------+---------+----------+-----------+-----------+------+----------+
        |               |  Latency (cycles) | Iteration|  Initiation Interval  | Trip |          |
        |   Loop Name   |   min   |   max   |  Latency |  achieved |   target  | Count| Pipelined|
        +---------------+---------+---------+----------+-----------+-----------+------+----------+
        |- NEURON_LOOP  |   204032|   204032|       797|          -|          -|   256|        no|
        +---------------+---------+---------+----------+-----------+-----------+------+----------+

============================================================
+ Verbose Summary: Synthesis Manager
============================================================
InlineROM: 1
ExposeGlobal: 0
============================================================
+ Verbose Summary: CDFG Model
============================================================
IsTopModel: 1
ResetActiveHigh: 1
IsCombinational: 0
IsDatapathOnly: 0
HasWiredReturn: 1
HasMFsm: 0
HasVarLatency: 1
IsPipeline: 0
IsRtlPipelined: 0
IsInstanceOverlapped: 0
IsDontTouch: 0
HasImplIP: 0
IsGatedGlobalClock: 0


============================================================
+ Verbose Summary: Schedule
============================================================
* Number of FSM states : 20
* Pipeline : 0
* Dataflow Pipeline: 0

* FSM state transitions: 
1 --> 2 
2 --> 3 
3 --> 4 
4 --> 5 
5 --> 6 
6 --> 7 
7 --> 8 
8 --> 9 
9 --> 10 
10 --> 11 
11 --> 12 
12 --> 13 
13 --> 14 
14 --> 15 
15 --> 16 
16 --> 17 
17 --> 18 
18 --> 19 
19 --> 20 
20 --> 10 

* FSM state operations: 

State 1 <SV = 0> <Delay = 1.00>
ST_1 : Operation 21 [1/1] (0.00ns)   --->   "%n = alloca i32 1" [bnn_layer1.cpp:13]   --->   Operation 21 'alloca' 'n' <Predicate = true> <Delay = 0.00>
ST_1 : Operation 22 [1/1] (1.00ns)   --->   "%weights_read = read i64 @_ssdm_op_Read.s_axilite.i64, i64 %weights"   --->   Operation 22 'read' 'weights_read' <Predicate = true> <Delay = 1.00> <CoreInst = "s_axilite">   --->   Core 120 's_axilite' <Latency = 0> <II = 1> <Delay = 1.00> <Adapter> <Opcode : 'read' 'write'>
ST_1 : Operation 23 [1/1] (1.00ns)   --->   "%output_r_read = read i64 @_ssdm_op_Read.s_axilite.i64, i64 %output_r"   --->   Operation 23 'read' 'output_r_read' <Predicate = true> <Delay = 1.00> <CoreInst = "s_axilite">   --->   Core 120 's_axilite' <Latency = 0> <II = 1> <Delay = 1.00> <Adapter> <Opcode : 'read' 'write'>
ST_1 : Operation 24 [1/1] (0.00ns)   --->   "%count_loc = alloca i64 1"   --->   Operation 24 'alloca' 'count_loc' <Predicate = true> <Delay = 0.00>
ST_1 : Operation 25 [1/1] (0.00ns)   --->   "%trunc_ln = partselect i57 @_ssdm_op_PartSelect.i57.i64.i32.i32, i64 %weights_read, i32 7, i32 63" [bnn_layer1.cpp:13]   --->   Operation 25 'partselect' 'trunc_ln' <Predicate = true> <Delay = 0.00>
ST_1 : Operation 26 [1/1] (0.42ns)   --->   "%store_ln13 = store i9 0, i9 %n" [bnn_layer1.cpp:13]   --->   Operation 26 'store' 'store_ln13' <Predicate = true> <Delay = 0.42>

State 2 <SV = 1> <Delay = 3.65>
ST_2 : Operation 27 [1/1] (0.00ns)   --->   "%sext_ln13 = sext i57 %trunc_ln" [bnn_layer1.cpp:13]   --->   Operation 27 'sext' 'sext_ln13' <Predicate = true> <Delay = 0.00>
ST_2 : Operation 28 [1/1] (0.00ns)   --->   "%gmem_addr = getelementptr i1024 %gmem, i64 %sext_ln13" [bnn_layer1.cpp:13]   --->   Operation 28 'getelementptr' 'gmem_addr' <Predicate = true> <Delay = 0.00>
ST_2 : Operation 29 [8/8] (3.65ns)   --->   "%empty = readreq i1 @_ssdm_op_ReadReq.m_axi.p1i1024, i1024 %gmem_addr, i64 256" [bnn_layer1.cpp:13]   --->   Operation 29 'readreq' 'empty' <Predicate = true> <Delay = 3.65> <CoreInst = "m_axi">   --->   Core 119 'm_axi' <Latency = 0> <II = 1> <Delay = 1.00> <Adapter> <Opcode : 'read' 'write' 'readreq' 'writereq' 'writeresp'>

State 3 <SV = 2> <Delay = 3.65>
ST_3 : Operation 30 [7/8] (3.65ns)   --->   "%empty = readreq i1 @_ssdm_op_ReadReq.m_axi.p1i1024, i1024 %gmem_addr, i64 256" [bnn_layer1.cpp:13]   --->   Operation 30 'readreq' 'empty' <Predicate = true> <Delay = 3.65> <CoreInst = "m_axi">   --->   Core 119 'm_axi' <Latency = 0> <II = 1> <Delay = 1.00> <Adapter> <Opcode : 'read' 'write' 'readreq' 'writereq' 'writeresp'>

State 4 <SV = 3> <Delay = 3.65>
ST_4 : Operation 31 [6/8] (3.65ns)   --->   "%empty = readreq i1 @_ssdm_op_ReadReq.m_axi.p1i1024, i1024 %gmem_addr, i64 256" [bnn_layer1.cpp:13]   --->   Operation 31 'readreq' 'empty' <Predicate = true> <Delay = 3.65> <CoreInst = "m_axi">   --->   Core 119 'm_axi' <Latency = 0> <II = 1> <Delay = 1.00> <Adapter> <Opcode : 'read' 'write' 'readreq' 'writereq' 'writeresp'>

State 5 <SV = 4> <Delay = 3.65>
ST_5 : Operation 32 [5/8] (3.65ns)   --->   "%empty = readreq i1 @_ssdm_op_ReadReq.m_axi.p1i1024, i1024 %gmem_addr, i64 256" [bnn_layer1.cpp:13]   --->   Operation 32 'readreq' 'empty' <Predicate = true> <Delay = 3.65> <CoreInst = "m_axi">   --->   Core 119 'm_axi' <Latency = 0> <II = 1> <Delay = 1.00> <Adapter> <Opcode : 'read' 'write' 'readreq' 'writereq' 'writeresp'>

State 6 <SV = 5> <Delay = 3.65>
ST_6 : Operation 33 [4/8] (3.65ns)   --->   "%empty = readreq i1 @_ssdm_op_ReadReq.m_axi.p1i1024, i1024 %gmem_addr, i64 256" [bnn_layer1.cpp:13]   --->   Operation 33 'readreq' 'empty' <Predicate = true> <Delay = 3.65> <CoreInst = "m_axi">   --->   Core 119 'm_axi' <Latency = 0> <II = 1> <Delay = 1.00> <Adapter> <Opcode : 'read' 'write' 'readreq' 'writereq' 'writeresp'>

State 7 <SV = 6> <Delay = 3.65>
ST_7 : Operation 34 [3/8] (3.65ns)   --->   "%empty = readreq i1 @_ssdm_op_ReadReq.m_axi.p1i1024, i1024 %gmem_addr, i64 256" [bnn_layer1.cpp:13]   --->   Operation 34 'readreq' 'empty' <Predicate = true> <Delay = 3.65> <CoreInst = "m_axi">   --->   Core 119 'm_axi' <Latency = 0> <II = 1> <Delay = 1.00> <Adapter> <Opcode : 'read' 'write' 'readreq' 'writereq' 'writeresp'>

State 8 <SV = 7> <Delay = 3.65>
ST_8 : Operation 35 [2/8] (3.65ns)   --->   "%empty = readreq i1 @_ssdm_op_ReadReq.m_axi.p1i1024, i1024 %gmem_addr, i64 256" [bnn_layer1.cpp:13]   --->   Operation 35 'readreq' 'empty' <Predicate = true> <Delay = 3.65> <CoreInst = "m_axi">   --->   Core 119 'm_axi' <Latency = 0> <II = 1> <Delay = 1.00> <Adapter> <Opcode : 'read' 'write' 'readreq' 'writereq' 'writeresp'>

State 9 <SV = 8> <Delay = 3.65>
ST_9 : Operation 36 [1/1] (0.00ns)   --->   "%input_r_read = read i784 @_ssdm_op_Read.ap_auto.i784, i784 %input_r"   --->   Operation 36 'read' 'input_r_read' <Predicate = true> <Delay = 0.00>
ST_9 : Operation 37 [1/1] (0.00ns)   --->   "%spectopmodule_ln3 = spectopmodule void @_ssdm_op_SpecTopModule, void @empty_9" [bnn_layer1.cpp:3]   --->   Operation 37 'spectopmodule' 'spectopmodule_ln3' <Predicate = true> <Delay = 0.00>
ST_9 : Operation 38 [1/1] (0.00ns)   --->   "%specinterface_ln0 = specinterface void @_ssdm_op_SpecInterface, i1024 %gmem, void @empty, i32 0, i32 0, void @empty_0, i32 0, i32 4, void @empty_1, void @empty_2, void @empty_0, i32 16, i32 16, i32 16, i32 16, void @empty_0, void @empty_0, i32 4294967295, i32 0, i32 0"   --->   Operation 38 'specinterface' 'specinterface_ln0' <Predicate = true> <Delay = 0.00>
ST_9 : Operation 39 [1/1] (0.00ns)   --->   "%specbitsmap_ln0 = specbitsmap void @_ssdm_op_SpecBitsMap, i1024 %gmem"   --->   Operation 39 'specbitsmap' 'specbitsmap_ln0' <Predicate = true> <Delay = 0.00>
ST_9 : Operation 40 [1/1] (0.00ns)   --->   "%specbitsmap_ln0 = specbitsmap void @_ssdm_op_SpecBitsMap, i784 %input_r"   --->   Operation 40 'specbitsmap' 'specbitsmap_ln0' <Predicate = true> <Delay = 0.00>
ST_9 : Operation 41 [1/1] (0.00ns)   --->   "%specinterface_ln0 = specinterface void @_ssdm_op_SpecInterface, i784 %input_r, void @empty_3, i32 0, i32 0, void @empty_0, i32 0, i32 0, void @empty_0, void @empty_0, void @empty_0, i32 0, i32 0, i32 0, i32 0, void @empty_0, void @empty_0, i32 4294967295, i32 0, i32 0"   --->   Operation 41 'specinterface' 'specinterface_ln0' <Predicate = true> <Delay = 0.00>
ST_9 : Operation 42 [1/1] (0.00ns)   --->   "%specinterface_ln0 = specinterface void @_ssdm_op_SpecInterface, i64 %output_r, void @empty_4, i32 0, i32 0, void @empty_0, i32 0, i32 0, void @empty_5, void @empty_6, void @empty_0, i32 0, i32 0, i32 0, i32 0, void @empty_0, void @empty_7, i32 4294967295, i32 0, i32 0"   --->   Operation 42 'specinterface' 'specinterface_ln0' <Predicate = true> <Delay = 0.00>
ST_9 : Operation 43 [1/1] (0.00ns)   --->   "%specinterface_ln0 = specinterface void @_ssdm_op_SpecInterface, i64 %output_r, void @empty_3, i32 0, i32 0, void @empty_0, i32 0, i32 0, void @empty_0, void @empty_0, void @empty_0, i32 0, i32 0, i32 0, i32 0, void @empty_0, void @empty_7, i32 4294967295, i32 0, i32 0"   --->   Operation 43 'specinterface' 'specinterface_ln0' <Predicate = true> <Delay = 0.00>
ST_9 : Operation 44 [1/1] (0.00ns)   --->   "%specinterface_ln0 = specinterface void @_ssdm_op_SpecInterface, i64 %weights, void @empty_4, i32 0, i32 0, void @empty_0, i32 0, i32 0, void @empty_5, void @empty_8, void @empty_0, i32 0, i32 0, i32 0, i32 0, void @empty_0, void @empty_7, i32 4294967295, i32 0, i32 0"   --->   Operation 44 'specinterface' 'specinterface_ln0' <Predicate = true> <Delay = 0.00>
ST_9 : Operation 45 [1/1] (0.00ns)   --->   "%specinterface_ln0 = specinterface void @_ssdm_op_SpecInterface, i64 %weights, void @empty_3, i32 0, i32 0, void @empty_0, i32 0, i32 0, void @empty_0, void @empty_0, void @empty_0, i32 0, i32 0, i32 0, i32 0, void @empty_0, void @empty_7, i32 4294967295, i32 0, i32 0"   --->   Operation 45 'specinterface' 'specinterface_ln0' <Predicate = true> <Delay = 0.00>
ST_9 : Operation 46 [1/1] (0.00ns)   --->   "%specinterface_ln0 = specinterface void @_ssdm_op_SpecInterface, i32 0, void @empty_4, i32 0, i32 0, void @empty_0, i32 0, i32 0, void @empty_5, void @empty_0, void @empty_0, i32 0, i32 0, i32 0, i32 0, void @empty_0, void @empty_0, i32 4294967295, i32 0, i32 0"   --->   Operation 46 'specinterface' 'specinterface_ln0' <Predicate = true> <Delay = 0.00>
ST_9 : Operation 47 [1/8] (3.65ns)   --->   "%empty = readreq i1 @_ssdm_op_ReadReq.m_axi.p1i1024, i1024 %gmem_addr, i64 256" [bnn_layer1.cpp:13]   --->   Operation 47 'readreq' 'empty' <Predicate = true> <Delay = 3.65> <CoreInst = "m_axi">   --->   Core 119 'm_axi' <Latency = 0> <II = 1> <Delay = 1.00> <Adapter> <Opcode : 'read' 'write' 'readreq' 'writereq' 'writeresp'>
ST_9 : Operation 48 [1/1] (0.00ns)   --->   "%br_ln13 = br void %POPCOUNT_LOOP" [bnn_layer1.cpp:13]   --->   Operation 48 'br' 'br_ln13' <Predicate = true> <Delay = 0.00>

State 10 <SV = 9> <Delay = 1.20>
ST_10 : Operation 49 [1/1] (0.00ns)   --->   "%n_1 = load i9 %n" [bnn_layer1.cpp:28]   --->   Operation 49 'load' 'n_1' <Predicate = true> <Delay = 0.00>
ST_10 : Operation 50 [1/1] (0.77ns)   --->   "%icmp_ln13 = icmp_eq  i9 %n_1, i9 256" [bnn_layer1.cpp:13]   --->   Operation 50 'icmp' 'icmp_ln13' <Predicate = true> <Delay = 0.77> <CoreInst = "Cmp">   --->   Core 9 'Cmp' <Latency = 0> <II = 1> <Delay = 0.77> <FuncUnit> <Opcode : 'seteq' 'setne' 'setle' 'setge' 'setlt' 'setgt'> <InPorts = 2> <OutPorts = 1>
ST_10 : Operation 51 [1/1] (0.77ns)   --->   "%add_ln13 = add i9 %n_1, i9 1" [bnn_layer1.cpp:13]   --->   Operation 51 'add' 'add_ln13' <Predicate = true> <Delay = 0.77> <CoreInst = "Adder">   --->   Core 1 'Adder' <Latency = 0> <II = 1> <Delay = 0.77> <FuncUnit> <Opcode : 'add' 'sub'> <InPorts = 2> <OutPorts = 1>
ST_10 : Operation 52 [1/1] (0.00ns)   --->   "%br_ln13 = br i1 %icmp_ln13, void %POPCOUNT_LOOP.split, void %for.end11" [bnn_layer1.cpp:13]   --->   Operation 52 'br' 'br_ln13' <Predicate = true> <Delay = 0.00>
ST_10 : Operation 53 [1/1] (0.00ns) (grouped into LUT with out node add_ln28_1)   --->   "%shl_ln28_3 = shl i9 %n_1, i9 1" [bnn_layer1.cpp:28]   --->   Operation 53 'shl' 'shl_ln28_3' <Predicate = (!icmp_ln13)> <Delay = 0.00>
ST_10 : Operation 54 [1/1] (0.00ns) (grouped into LUT with out node add_ln28_1)   --->   "%zext_ln28 = zext i9 %shl_ln28_3" [bnn_layer1.cpp:28]   --->   Operation 54 'zext' 'zext_ln28' <Predicate = (!icmp_ln13)> <Delay = 0.00>
ST_10 : Operation 55 [1/1] (1.08ns) (out node of the LUT)   --->   "%add_ln28_1 = add i64 %zext_ln28, i64 %output_r_read" [bnn_layer1.cpp:28]   --->   Operation 55 'add' 'add_ln28_1' <Predicate = (!icmp_ln13)> <Delay = 1.08> <CoreInst = "Adder">   --->   Core 1 'Adder' <Latency = 0> <II = 1> <Delay = 1.08> <FuncUnit> <Opcode : 'add' 'sub'> <InPorts = 2> <OutPorts = 1>
ST_10 : Operation 56 [1/1] (0.00ns)   --->   "%trunc_ln28 = trunc i64 %add_ln28_1" [bnn_layer1.cpp:28]   --->   Operation 56 'trunc' 'trunc_ln28' <Predicate = (!icmp_ln13)> <Delay = 0.00>
ST_10 : Operation 57 [1/1] (0.00ns)   --->   "%trunc_ln28_1 = partselect i57 @_ssdm_op_PartSelect.i57.i64.i32.i32, i64 %add_ln28_1, i32 7, i32 63" [bnn_layer1.cpp:28]   --->   Operation 57 'partselect' 'trunc_ln28_1' <Predicate = (!icmp_ln13)> <Delay = 0.00>
ST_10 : Operation 58 [1/1] (0.42ns)   --->   "%store_ln13 = store i9 %add_ln13, i9 %n" [bnn_layer1.cpp:13]   --->   Operation 58 'store' 'store_ln13' <Predicate = (!icmp_ln13)> <Delay = 0.42>
ST_10 : Operation 59 [1/1] (0.00ns)   --->   "%ret_ln30 = ret" [bnn_layer1.cpp:30]   --->   Operation 59 'ret' 'ret_ln30' <Predicate = (icmp_ln13)> <Delay = 0.00>

State 11 <SV = 10> <Delay = 3.65>
ST_11 : Operation 60 [1/1] (3.65ns)   --->   "%gmem_addr_read = read i1024 @_ssdm_op_Read.m_axi.p1i1024, i1024 %gmem_addr" [bnn_layer1.cpp:17]   --->   Operation 60 'read' 'gmem_addr_read' <Predicate = true> <Delay = 3.65> <CoreInst = "m_axi">   --->   Core 119 'm_axi' <Latency = 0> <II = 1> <Delay = 1.00> <Adapter> <Opcode : 'read' 'write' 'readreq' 'writereq' 'writeresp'>

State 12 <SV = 11> <Delay = 1.59>
ST_12 : Operation 61 [1/1] (0.00ns) (grouped into LUT with out node xnor_result)   --->   "%trunc_ln17 = trunc i1024 %gmem_addr_read" [bnn_layer1.cpp:17]   --->   Operation 61 'trunc' 'trunc_ln17' <Predicate = true> <Delay = 0.00>
ST_12 : Operation 62 [1/1] (0.00ns) (grouped into LUT with out node xnor_result)   --->   "%xor_ln17 = xor i784 %trunc_ln17, i784 101745825697019260773923519755878567461315282017759829107608914364075275235254395622580447400994175578963163918967182013639660669771108475957692810857098847138903161308502419410142185759152435680068435915159402496058513611411689167650815" [bnn_layer1.cpp:17]   --->   Operation 62 'xor' 'xor_ln17' <Predicate = true> <Delay = 0.00> <CoreInst = "LogicGate">   --->   Core 74 'LogicGate' <Latency = 0> <II = 1> <Delay = 0.37> <FuncUnit> <Opcode : 'and' 'or' 'xor'> <InPorts = 2> <OutPorts = 1>
ST_12 : Operation 63 [1/1] (0.37ns) (out node of the LUT)   --->   "%xnor_result = xor i784 %input_r_read, i784 %xor_ln17" [bnn_layer1.cpp:17]   --->   Operation 63 'xor' 'xnor_result' <Predicate = true> <Delay = 0.37> <CoreInst = "LogicGate">   --->   Core 74 'LogicGate' <Latency = 0> <II = 1> <Delay = 0.37> <FuncUnit> <Opcode : 'and' 'or' 'xor'> <InPorts = 2> <OutPorts = 1>
ST_12 : Operation 64 [2/2] (1.21ns)   --->   "%call_ln17 = call void @bnn_layer1_xnor_Pipeline_POPCOUNT_LOOP, i784 %xnor_result, i10 %count_loc" [bnn_layer1.cpp:17]   --->   Operation 64 'call' 'call_ln17' <Predicate = true> <Delay = 1.21> <CoreType = "Generic">   --->   Core 0 '' <Latency = 0> <II = 1> <Delay = 1.00> <Generic> <Opcode : >

State 13 <SV = 12> <Delay = 1.64>
ST_13 : Operation 65 [1/2] (1.64ns)   --->   "%call_ln17 = call void @bnn_layer1_xnor_Pipeline_POPCOUNT_LOOP, i784 %xnor_result, i10 %count_loc" [bnn_layer1.cpp:17]   --->   Operation 65 'call' 'call_ln17' <Predicate = true> <Delay = 1.64> <CoreType = "Generic">   --->   Core 0 '' <Latency = 0> <II = 1> <Delay = 1.00> <Generic> <Opcode : >

State 14 <SV = 13> <Delay = 3.65>
ST_14 : Operation 66 [1/1] (0.00ns)   --->   "%count_loc_load = load i10 %count_loc"   --->   Operation 66 'load' 'count_loc_load' <Predicate = true> <Delay = 0.00>
ST_14 : Operation 67 [1/1] (0.00ns)   --->   "%shl_ln28_4 = bitconcatenate i11 @_ssdm_op_BitConcatenate.i11.i10.i1, i10 %count_loc_load, i1 0" [bnn_layer1.cpp:28]   --->   Operation 67 'bitconcatenate' 'shl_ln28_4' <Predicate = true> <Delay = 0.00>
ST_14 : Operation 68 [1/1] (0.79ns)   --->   "%add_ln28 = add i11 %shl_ln28_4, i11 1264" [bnn_layer1.cpp:28]   --->   Operation 68 'add' 'add_ln28' <Predicate = true> <Delay = 0.79> <CoreInst = "Adder">   --->   Core 1 'Adder' <Latency = 0> <II = 1> <Delay = 0.79> <FuncUnit> <Opcode : 'add' 'sub'> <InPorts = 2> <OutPorts = 1>
ST_14 : Operation 69 [1/1] (0.00ns)   --->   "%sext_ln28_1 = sext i11 %add_ln28" [bnn_layer1.cpp:28]   --->   Operation 69 'sext' 'sext_ln28_1' <Predicate = true> <Delay = 0.00>
ST_14 : Operation 70 [1/1] (0.00ns)   --->   "%zext_ln28_2 = zext i16 %sext_ln28_1" [bnn_layer1.cpp:28]   --->   Operation 70 'zext' 'zext_ln28_2' <Predicate = true> <Delay = 0.00>
ST_14 : Operation 71 [1/1] (0.00ns)   --->   "%zext_ln28_1 = zext i7 %trunc_ln28" [bnn_layer1.cpp:28]   --->   Operation 71 'zext' 'zext_ln28_1' <Predicate = true> <Delay = 0.00>
ST_14 : Operation 72 [1/1] (0.73ns)   --->   "%shl_ln28 = shl i128 3, i128 %zext_ln28_1" [bnn_layer1.cpp:28]   --->   Operation 72 'shl' 'shl_ln28' <Predicate = true> <Delay = 0.73> <CoreInst = "Shifter">   --->   Core 75 'Shifter' <Latency = 0> <II = 1> <Delay = 0.73> <FuncUnit> <Opcode : 'shl' 'lshr' 'ashr'> <InPorts = 2> <OutPorts = 1>
ST_14 : Operation 73 [1/1] (0.00ns)   --->   "%shl_ln28_2 = bitconcatenate i10 @_ssdm_op_BitConcatenate.i10.i7.i3, i7 %trunc_ln28, i3 0" [bnn_layer1.cpp:28]   --->   Operation 73 'bitconcatenate' 'shl_ln28_2' <Predicate = true> <Delay = 0.00>
ST_14 : Operation 74 [1/1] (0.00ns)   --->   "%zext_ln28_3 = zext i10 %shl_ln28_2" [bnn_layer1.cpp:28]   --->   Operation 74 'zext' 'zext_ln28_3' <Predicate = true> <Delay = 0.00>
ST_14 : Operation 75 [1/1] (0.90ns)   --->   "%shl_ln28_1 = shl i1024 %zext_ln28_2, i1024 %zext_ln28_3" [bnn_layer1.cpp:28]   --->   Operation 75 'shl' 'shl_ln28_1' <Predicate = true> <Delay = 0.90> <CoreInst = "Shifter">   --->   Core 75 'Shifter' <Latency = 0> <II = 1> <Delay = 0.90> <FuncUnit> <Opcode : 'shl' 'lshr' 'ashr'> <InPorts = 2> <OutPorts = 1>
ST_14 : Operation 76 [1/1] (0.00ns)   --->   "%sext_ln28 = sext i57 %trunc_ln28_1" [bnn_layer1.cpp:28]   --->   Operation 76 'sext' 'sext_ln28' <Predicate = true> <Delay = 0.00>
ST_14 : Operation 77 [1/1] (0.00ns)   --->   "%gmem_addr_1 = getelementptr i1024 %gmem, i64 %sext_ln28" [bnn_layer1.cpp:28]   --->   Operation 77 'getelementptr' 'gmem_addr_1' <Predicate = true> <Delay = 0.00>
ST_14 : Operation 78 [1/1] (3.65ns)   --->   "%empty_17 = writereq i1 @_ssdm_op_WriteReq.m_axi.p1i1024, i1024 %gmem_addr_1, i64 1" [bnn_layer1.cpp:28]   --->   Operation 78 'writereq' 'empty_17' <Predicate = true> <Delay = 3.65> <CoreInst = "m_axi">   --->   Core 119 'm_axi' <Latency = 0> <II = 1> <Delay = 1.00> <Adapter> <Opcode : 'read' 'write' 'readreq' 'writereq' 'writeresp'>

State 15 <SV = 14> <Delay = 3.65>
ST_15 : Operation 79 [1/1] (3.65ns)   --->   "%write_ln28 = write void @_ssdm_op_Write.m_axi.p1i1024, i1024 %gmem_addr_1, i1024 %shl_ln28_1, i128 %shl_ln28" [bnn_layer1.cpp:28]   --->   Operation 79 'write' 'write_ln28' <Predicate = true> <Delay = 3.65> <CoreInst = "m_axi">   --->   Core 119 'm_axi' <Latency = 0> <II = 1> <Delay = 1.00> <Adapter> <Opcode : 'read' 'write' 'readreq' 'writereq' 'writeresp'>

State 16 <SV = 15> <Delay = 3.65>
ST_16 : Operation 80 [5/5] (3.65ns)   --->   "%empty_18 = writeresp i1 @_ssdm_op_WriteResp.m_axi.p1i1024, i1024 %gmem_addr_1" [bnn_layer1.cpp:28]   --->   Operation 80 'writeresp' 'empty_18' <Predicate = true> <Delay = 3.65> <CoreInst = "m_axi">   --->   Core 119 'm_axi' <Latency = 0> <II = 1> <Delay = 1.00> <Adapter> <Opcode : 'read' 'write' 'readreq' 'writereq' 'writeresp'>

State 17 <SV = 16> <Delay = 3.65>
ST_17 : Operation 81 [4/5] (3.65ns)   --->   "%empty_18 = writeresp i1 @_ssdm_op_WriteResp.m_axi.p1i1024, i1024 %gmem_addr_1" [bnn_layer1.cpp:28]   --->   Operation 81 'writeresp' 'empty_18' <Predicate = true> <Delay = 3.65> <CoreInst = "m_axi">   --->   Core 119 'm_axi' <Latency = 0> <II = 1> <Delay = 1.00> <Adapter> <Opcode : 'read' 'write' 'readreq' 'writereq' 'writeresp'>

State 18 <SV = 17> <Delay = 3.65>
ST_18 : Operation 82 [3/5] (3.65ns)   --->   "%empty_18 = writeresp i1 @_ssdm_op_WriteResp.m_axi.p1i1024, i1024 %gmem_addr_1" [bnn_layer1.cpp:28]   --->   Operation 82 'writeresp' 'empty_18' <Predicate = true> <Delay = 3.65> <CoreInst = "m_axi">   --->   Core 119 'm_axi' <Latency = 0> <II = 1> <Delay = 1.00> <Adapter> <Opcode : 'read' 'write' 'readreq' 'writereq' 'writeresp'>

State 19 <SV = 18> <Delay = 3.65>
ST_19 : Operation 83 [2/5] (3.65ns)   --->   "%empty_18 = writeresp i1 @_ssdm_op_WriteResp.m_axi.p1i1024, i1024 %gmem_addr_1" [bnn_layer1.cpp:28]   --->   Operation 83 'writeresp' 'empty_18' <Predicate = true> <Delay = 3.65> <CoreInst = "m_axi">   --->   Core 119 'm_axi' <Latency = 0> <II = 1> <Delay = 1.00> <Adapter> <Opcode : 'read' 'write' 'readreq' 'writereq' 'writeresp'>

State 20 <SV = 19> <Delay = 3.65>
ST_20 : Operation 84 [1/1] (0.00ns)   --->   "%speclooptripcount_ln13 = speclooptripcount void @_ssdm_op_SpecLoopTripCount, i64 256, i64 256, i64 256" [bnn_layer1.cpp:13]   --->   Operation 84 'speclooptripcount' 'speclooptripcount_ln13' <Predicate = true> <Delay = 0.00>
ST_20 : Operation 85 [1/1] (0.00ns)   --->   "%specloopname_ln13 = specloopname void @_ssdm_op_SpecLoopName, void @empty_11" [bnn_layer1.cpp:13]   --->   Operation 85 'specloopname' 'specloopname_ln13' <Predicate = true> <Delay = 0.00>
ST_20 : Operation 86 [1/5] (3.65ns)   --->   "%empty_18 = writeresp i1 @_ssdm_op_WriteResp.m_axi.p1i1024, i1024 %gmem_addr_1" [bnn_layer1.cpp:28]   --->   Operation 86 'writeresp' 'empty_18' <Predicate = true> <Delay = 3.65> <CoreInst = "m_axi">   --->   Core 119 'm_axi' <Latency = 0> <II = 1> <Delay = 1.00> <Adapter> <Opcode : 'read' 'write' 'readreq' 'writereq' 'writeresp'>
ST_20 : Operation 87 [1/1] (0.00ns)   --->   "%br_ln13 = br void %POPCOUNT_LOOP" [bnn_layer1.cpp:13]   --->   Operation 87 'br' 'br_ln13' <Predicate = true> <Delay = 0.00>


============================================================
+ Verbose Summary: Timing violations
============================================================
Target clock period: 5.000ns, clock uncertainty: 1.350ns.

 <State 1>: 1.000ns
The critical path consists of the following:
	s_axi read operation ('weights_read') on port 'weights' [6]  (1.000 ns)

 <State 2>: 3.650ns
The critical path consists of the following:
	'getelementptr' operation 1024 bit ('gmem_addr', bnn_layer1.cpp:13) [22]  (0.000 ns)
	bus request operation ('empty', bnn_layer1.cpp:13) on port 'gmem' (bnn_layer1.cpp:13) [23]  (3.650 ns)

 <State 3>: 3.650ns
The critical path consists of the following:
	bus request operation ('empty', bnn_layer1.cpp:13) on port 'gmem' (bnn_layer1.cpp:13) [23]  (3.650 ns)

 <State 4>: 3.650ns
The critical path consists of the following:
	bus request operation ('empty', bnn_layer1.cpp:13) on port 'gmem' (bnn_layer1.cpp:13) [23]  (3.650 ns)

 <State 5>: 3.650ns
The critical path consists of the following:
	bus request operation ('empty', bnn_layer1.cpp:13) on port 'gmem' (bnn_layer1.cpp:13) [23]  (3.650 ns)

 <State 6>: 3.650ns
The critical path consists of the following:
	bus request operation ('empty', bnn_layer1.cpp:13) on port 'gmem' (bnn_layer1.cpp:13) [23]  (3.650 ns)

 <State 7>: 3.650ns
The critical path consists of the following:
	bus request operation ('empty', bnn_layer1.cpp:13) on port 'gmem' (bnn_layer1.cpp:13) [23]  (3.650 ns)

 <State 8>: 3.650ns
The critical path consists of the following:
	bus request operation ('empty', bnn_layer1.cpp:13) on port 'gmem' (bnn_layer1.cpp:13) [23]  (3.650 ns)

 <State 9>: 3.650ns
The critical path consists of the following:
	bus request operation ('empty', bnn_layer1.cpp:13) on port 'gmem' (bnn_layer1.cpp:13) [23]  (3.650 ns)

 <State 10>: 1.203ns
The critical path consists of the following:
	'load' operation 9 bit ('n', bnn_layer1.cpp:28) on local variable 'n', bnn_layer1.cpp:13 [27]  (0.000 ns)
	'icmp' operation 1 bit ('icmp_ln13', bnn_layer1.cpp:13) [28]  (0.776 ns)
	'store' operation 0 bit ('store_ln13', bnn_layer1.cpp:13) of variable 'add_ln13', bnn_layer1.cpp:13 on local variable 'n', bnn_layer1.cpp:13 [59]  (0.427 ns)

 <State 11>: 3.650ns
The critical path consists of the following:
	bus read operation ('gmem_addr_read', bnn_layer1.cpp:17) on port 'gmem' (bnn_layer1.cpp:17) [34]  (3.650 ns)

 <State 12>: 1.593ns
The critical path consists of the following:
	'xor' operation 784 bit ('xor_ln17', bnn_layer1.cpp:17) [36]  (0.000 ns)
	'xor' operation 784 bit ('xnor_result', bnn_layer1.cpp:17) [37]  (0.379 ns)
	'call' operation 0 bit ('call_ln17', bnn_layer1.cpp:17) to 'bnn_layer1_xnor_Pipeline_POPCOUNT_LOOP' [38]  (1.214 ns)

 <State 13>: 1.641ns
The critical path consists of the following:
	'call' operation 0 bit ('call_ln17', bnn_layer1.cpp:17) to 'bnn_layer1_xnor_Pipeline_POPCOUNT_LOOP' [38]  (1.641 ns)

 <State 14>: 3.650ns
The critical path consists of the following:
	'getelementptr' operation 1024 bit ('gmem_addr_1', bnn_layer1.cpp:28) [55]  (0.000 ns)
	bus request operation ('empty_17', bnn_layer1.cpp:28) on port 'gmem' (bnn_layer1.cpp:28) [56]  (3.650 ns)

 <State 15>: 3.650ns
The critical path consists of the following:
	bus write operation ('write_ln28', bnn_layer1.cpp:28) on port 'gmem' (bnn_layer1.cpp:28) [57]  (3.650 ns)

 <State 16>: 3.650ns
The critical path consists of the following:
	bus response operation ('empty_18', bnn_layer1.cpp:28) on port 'gmem' (bnn_layer1.cpp:28) [58]  (3.650 ns)

 <State 17>: 3.650ns
The critical path consists of the following:
	bus response operation ('empty_18', bnn_layer1.cpp:28) on port 'gmem' (bnn_layer1.cpp:28) [58]  (3.650 ns)

 <State 18>: 3.650ns
The critical path consists of the following:
	bus response operation ('empty_18', bnn_layer1.cpp:28) on port 'gmem' (bnn_layer1.cpp:28) [58]  (3.650 ns)

 <State 19>: 3.650ns
The critical path consists of the following:
	bus response operation ('empty_18', bnn_layer1.cpp:28) on port 'gmem' (bnn_layer1.cpp:28) [58]  (3.650 ns)

 <State 20>: 3.650ns
The critical path consists of the following:
	bus response operation ('empty_18', bnn_layer1.cpp:28) on port 'gmem' (bnn_layer1.cpp:28) [58]  (3.650 ns)


============================================================
+ Verbose Summary: Binding
============================================================
N/A
* FSMD analyzer results:
  - Output states:
 - Input state : 
  - Chain level:
	State 1
	State 2
	State 3
	State 4
	State 5
	State 6
	State 7
	State 8
	State 9
	State 10
	State 11
	State 12
	State 13
	State 14
	State 15
	State 16
	State 17
	State 18
	State 19
	State 20


============================================================
+ Verbose Summary: Datapath Resource usage 
============================================================
N/A
