

================================================================
== Synthesis Summary Report of 'bnn_layer1_xnor'
================================================================
+ General Information: 
    * Date:           Tue Mar  3 20:51:07 2026
    * Version:        2024.1 (Build 5069499 on May 21 2024)
    * Project:        bnn_layer1_Stream_BRAM
    * Solution:       hls (Vivado IP Flow Target)
    * Product family: zynquplus
    * Target device:  xczu3eg-sfvc784-2-e
    

+ Performance & Resource Estimates: 
    
    PS: '+' for module; 'o' for loop; '*' for dataflow
    +-----------------------------------------+------+------+---------+-----------+----------+---------+------+----------+----------+----+-----------+-------------+-----+
    |                 Modules                 | Issue|      | Latency |  Latency  | Iteration|         | Trip |          |          |    |           |             |     |
    |                 & Loops                 | Type | Slack| (cycles)|    (ns)   |  Latency | Interval| Count| Pipelined|   BRAM   | DSP|     FF    |     LUT     | URAM|
    +-----------------------------------------+------+------+---------+-----------+----------+---------+------+----------+----------+----+-----------+-------------+-----+
    |+ bnn_layer1_xnor                        |     -|  0.00|      269|  1.345e+03|         -|      270|     -|        no|  79 (18%)|   -|  5596 (3%)|  10489 (14%)|    -|
    | + bnn_layer1_xnor_Pipeline_NEURON_LOOP  |     -|  0.51|      260|  1.300e+03|         -|      260|     -|        no|         -|   -|  369 (~0%)|    5793 (8%)|    -|
    |  o NEURON_LOOP                          |     -|  3.65|      258|  1.290e+03|         4|        1|   256|       yes|         -|   -|          -|            -|    -|
    | + bnn_layer1_xnor_Pipeline_LOAD_LOOP    |     -|  0.00|      259|  1.295e+03|         -|      259|     -|        no|         -|   -|  816 (~0%)|     82 (~0%)|    -|
    |  o LOAD_LOOP                            |     -|  3.65|      257|  1.285e+03|         3|        1|   256|       yes|         -|   -|          -|            -|    -|
    +-----------------------------------------+------+------+---------+-----------+----------+---------+------+----------+----------+----+-----------+-------------+-----+


================================================================
== HW Interfaces
================================================================
* M_AXI
+-------------+------------+-------------+---------------+---------+--------+----------+-----------+--------------+--------------+-------------+-------------+-------------------+
| Interface   | Read/Write | Data Width  | Address Width | Latency | Offset | Register | Max Widen | Max Read     | Max Write    | Num Read    | Num Write   | Resource Estimate |
|             |            | (SW->HW)    |               |         |        |          | Bitwidth  | Burst Length | Burst Length | Outstanding | Outstanding |                   |
+-------------+------------+-------------+---------------+---------+--------+----------+-----------+--------------+--------------+-------------+-------------+-------------------+
| m_axi_gmem0 | READ_ONLY  | 784 -> 1024 | 64            | 0       | slave  | 0        | 0         | 16           | 16           | 16          | 16          | BRAM=57           |
+-------------+------------+-------------+---------------+---------+--------+----------+-----------+--------------+--------------+-------------+-------------+-------------------+

* S_AXILITE Interfaces
+---------------+------------+---------------+--------+----------+
| Interface     | Data Width | Address Width | Offset | Register |
+---------------+------------+---------------+--------+----------+
| s_axi_control | 32         | 8             | 16     | 0        |
+---------------+------------+---------------+--------+----------+

* S_AXILITE Registers
+---------------+--------------+--------+-------+--------+----------------------------------+----------------------------------------------------------------------+
| Interface     | Register     | Offset | Width | Access | Description                      | Bit Fields                                                           |
+---------------+--------------+--------+-------+--------+----------------------------------+----------------------------------------------------------------------+
| s_axi_control | CTRL         | 0x00   | 32    | RW     | Control signals                  | 0=AP_START 1=AP_DONE 2=AP_IDLE 3=AP_READY 7=AUTO_RESTART 9=INTERRUPT |
| s_axi_control | GIER         | 0x04   | 32    | RW     | Global Interrupt Enable Register | 0=Enable                                                             |
| s_axi_control | IP_IER       | 0x08   | 32    | RW     | IP Interrupt Enable Register     | 0=CHAN0_INT_EN 1=CHAN1_INT_EN                                        |
| s_axi_control | IP_ISR       | 0x0c   | 32    | RW     | IP Interrupt Status Register     | 0=CHAN0_INT_ST 1=CHAN1_INT_ST                                        |
| s_axi_control | input_r_1    | 0x10   | 32    | W      | Data signal of input_r           |                                                                      |
| s_axi_control | input_r_2    | 0x14   | 32    | W      | Data signal of input_r           |                                                                      |
| s_axi_control | input_r_3    | 0x18   | 32    | W      | Data signal of input_r           |                                                                      |
| s_axi_control | input_r_4    | 0x1c   | 32    | W      | Data signal of input_r           |                                                                      |
| s_axi_control | input_r_5    | 0x20   | 32    | W      | Data signal of input_r           |                                                                      |
| s_axi_control | input_r_6    | 0x24   | 32    | W      | Data signal of input_r           |                                                                      |
| s_axi_control | input_r_7    | 0x28   | 32    | W      | Data signal of input_r           |                                                                      |
| s_axi_control | input_r_8    | 0x2c   | 32    | W      | Data signal of input_r           |                                                                      |
| s_axi_control | input_r_9    | 0x30   | 32    | W      | Data signal of input_r           |                                                                      |
| s_axi_control | input_r_10   | 0x34   | 32    | W      | Data signal of input_r           |                                                                      |
| s_axi_control | input_r_11   | 0x38   | 32    | W      | Data signal of input_r           |                                                                      |
| s_axi_control | input_r_12   | 0x3c   | 32    | W      | Data signal of input_r           |                                                                      |
| s_axi_control | input_r_13   | 0x40   | 32    | W      | Data signal of input_r           |                                                                      |
| s_axi_control | input_r_14   | 0x44   | 32    | W      | Data signal of input_r           |                                                                      |
| s_axi_control | input_r_15   | 0x48   | 32    | W      | Data signal of input_r           |                                                                      |
| s_axi_control | input_r_16   | 0x4c   | 32    | W      | Data signal of input_r           |                                                                      |
| s_axi_control | input_r_17   | 0x50   | 32    | W      | Data signal of input_r           |                                                                      |
| s_axi_control | input_r_18   | 0x54   | 32    | W      | Data signal of input_r           |                                                                      |
| s_axi_control | input_r_19   | 0x58   | 32    | W      | Data signal of input_r           |                                                                      |
| s_axi_control | input_r_20   | 0x5c   | 32    | W      | Data signal of input_r           |                                                                      |
| s_axi_control | input_r_21   | 0x60   | 32    | W      | Data signal of input_r           |                                                                      |
| s_axi_control | input_r_22   | 0x64   | 32    | W      | Data signal of input_r           |                                                                      |
| s_axi_control | input_r_23   | 0x68   | 32    | W      | Data signal of input_r           |                                                                      |
| s_axi_control | input_r_24   | 0x6c   | 32    | W      | Data signal of input_r           |                                                                      |
| s_axi_control | input_r_25   | 0x70   | 32    | W      | Data signal of input_r           |                                                                      |
| s_axi_control | weights_1    | 0x78   | 32    | W      | Data signal of weights           |                                                                      |
| s_axi_control | weights_2    | 0x7c   | 32    | W      | Data signal of weights           |                                                                      |
| s_axi_control | load_weights | 0x84   | 32    | W      | Data signal of load_weights      |                                                                      |
+---------------+--------------+--------+-------+--------+----------------------------------+----------------------------------------------------------------------+

* AXIS
+---------------+-----------+---------------+-------+-------+-------+--------+-------+--------+
| Interface     | Direction | Register Mode | TDATA | TKEEP | TLAST | TREADY | TSTRB | TVALID |
+---------------+-----------+---------------+-------+-------+-------+--------+-------+--------+
| output_stream | out       | both          | 16    | 2     | 1     | 1      | 2     | 1      |
+---------------+-----------+---------------+-------+-------+-------+--------+-------+--------+

* TOP LEVEL CONTROL
+-----------+------------+-----------+
| Interface | Type       | Ports     |
+-----------+------------+-----------+
| ap_clk    | clock      | ap_clk    |
| ap_rst_n  | reset      | ap_rst_n  |
| interrupt | interrupt  | interrupt |
| ap_ctrl   | ap_ctrl_hs |           |
+-----------+------------+-----------+


================================================================
== SW I/O Information
================================================================
* Top Function Arguments
+---------------+-----------+---------------------------------------------------------+
| Argument      | Direction | Datatype                                                |
+---------------+-----------+---------------------------------------------------------+
| output_stream | out       | stream<hls::axis<ap_uint<16>, 0, 0, 0, '8', false>, 0>& |
| input         | in        | ap_uint<784>                                            |
| weights       | in        | ap_uint<784>*                                           |
| load_weights  | in        | ap_uint<1>                                              |
+---------------+-----------+---------------------------------------------------------+

* SW-to-HW Mapping
+---------------+---------------+-----------+----------+----------------------------------------+
| Argument      | HW Interface  | HW Type   | HW Usage | HW Info                                |
+---------------+---------------+-----------+----------+----------------------------------------+
| output_stream | output_stream | interface |          |                                        |
| input         | s_axi_control | register  |          | name=input_r_1 offset=0x10 range=32    |
| input         | s_axi_control | register  |          | name=input_r_2 offset=0x14 range=32    |
| input         | s_axi_control | register  |          | name=input_r_3 offset=0x18 range=32    |
| input         | s_axi_control | register  |          | name=input_r_4 offset=0x1c range=32    |
| input         | s_axi_control | register  |          | name=input_r_5 offset=0x20 range=32    |
| input         | s_axi_control | register  |          | name=input_r_6 offset=0x24 range=32    |
| input         | s_axi_control | register  |          | name=input_r_7 offset=0x28 range=32    |
| input         | s_axi_control | register  |          | name=input_r_8 offset=0x2c range=32    |
| input         | s_axi_control | register  |          | name=input_r_9 offset=0x30 range=32    |
| input         | s_axi_control | register  |          | name=input_r_10 offset=0x34 range=32   |
| input         | s_axi_control | register  |          | name=input_r_11 offset=0x38 range=32   |
| input         | s_axi_control | register  |          | name=input_r_12 offset=0x3c range=32   |
| input         | s_axi_control | register  |          | name=input_r_13 offset=0x40 range=32   |
| input         | s_axi_control | register  |          | name=input_r_14 offset=0x44 range=32   |
| input         | s_axi_control | register  |          | name=input_r_15 offset=0x48 range=32   |
| input         | s_axi_control | register  |          | name=input_r_16 offset=0x4c range=32   |
| input         | s_axi_control | register  |          | name=input_r_17 offset=0x50 range=32   |
| input         | s_axi_control | register  |          | name=input_r_18 offset=0x54 range=32   |
| input         | s_axi_control | register  |          | name=input_r_19 offset=0x58 range=32   |
| input         | s_axi_control | register  |          | name=input_r_20 offset=0x5c range=32   |
| input         | s_axi_control | register  |          | name=input_r_21 offset=0x60 range=32   |
| input         | s_axi_control | register  |          | name=input_r_22 offset=0x64 range=32   |
| input         | s_axi_control | register  |          | name=input_r_23 offset=0x68 range=32   |
| input         | s_axi_control | register  |          | name=input_r_24 offset=0x6c range=32   |
| input         | s_axi_control | register  |          | name=input_r_25 offset=0x70 range=32   |
| weights       | m_axi_gmem0   | interface |          | channel=0                              |
| weights       | s_axi_control | register  | offset   | name=weights_1 offset=0x78 range=32    |
| weights       | s_axi_control | register  | offset   | name=weights_2 offset=0x7c range=32    |
| load_weights  | s_axi_control | register  |          | name=load_weights offset=0x84 range=32 |
+---------------+---------------+-----------+----------+----------------------------------------+


================================================================
== M_AXI Burst Information
================================================================
 Note: All burst requests might be further partitioned into multiple requests during RTL generation based on max_read_burst_length or max_write_burst_length settings.

* Inferred Burst Summary
+--------------+-----------+--------+-------+-----------+----------------------+
| HW Interface | Direction | Length | Width | Loop      | Loop Location        |
+--------------+-----------+--------+-------+-----------+----------------------+
| m_axi_gmem0  | read      | 256    | 1024  | LOAD_LOOP | bnn_layer1.cpp:22:20 |
+--------------+-----------+--------+-------+-----------+----------------------+

* All M_AXI Variable Accesses
+--------------+----------+----------------------+-----------+--------------+--------+-----------+----------------------+------------------------------------------------------------+
| HW Interface | Variable | Access Location      | Direction | Burst Status | Length | Loop      | Loop Location        | Problem                                                    |
+--------------+----------+----------------------+-----------+--------------+--------+-----------+----------------------+------------------------------------------------------------+
| m_axi_gmem0  | weights  | bnn_layer1.cpp:24:19 | read      | Widen Fail   |        |           |                      | i784 allocated space contains padding. This is unsupported |
| m_axi_gmem0  | weights  | bnn_layer1.cpp:24:19 | read      | Inferred     | 256    | LOAD_LOOP | bnn_layer1.cpp:22:20 |                                                            |
+--------------+----------+----------------------+-----------+--------------+--------+-----------+----------------------+------------------------------------------------------------+


================================================================
== Bind Op Report
================================================================
+-----------------------------------------+-----+--------+---------------+-------+--------+---------+
| Name                                    | DSP | Pragma | Variable      | Op    | Impl   | Latency |
+-----------------------------------------+-----+--------+---------------+-------+--------+---------+
| + bnn_layer1_xnor                       | 0   |        |               |       |        |         |
|  + bnn_layer1_xnor_Pipeline_NEURON_LOOP | 0   |        |               |       |        |         |
|    icmp_ln30_fu_1689_p2                 |     |        | icmp_ln30     | seteq | auto   | 0       |
|    add_ln30_fu_1695_p2                  |     |        | add_ln30      | add   | fabric | 0       |
|    xor_ln34_fu_1717_p2                  |     |        | xor_ln34      | xor   | auto   | 0       |
|    xnor_result_fu_1722_p2               |     |        | xnor_result   | xor   | auto   | 0       |
|    add_ln44_4_fu_11164_p2               |     |        | add_ln44_4    | add   | fabric | 0       |
|    add_ln44_9_fu_11206_p2               |     |        | add_ln44_9    | add   | fabric | 0       |
|    add_ln44_10_fu_11216_p2              |     |        | add_ln44_10   | add   | fabric | 0       |
|    add_ln44_15_fu_11254_p2              |     |        | add_ln44_15   | add   | fabric | 0       |
|    add_ln44_20_fu_11296_p2              |     |        | add_ln44_20   | add   | fabric | 0       |
|    add_ln44_21_fu_11306_p2              |     |        | add_ln44_21   | add   | fabric | 0       |
|    add_ln44_22_fu_17058_p2              |     |        | add_ln44_22   | add   | fabric | 0       |
|    add_ln44_27_fu_11344_p2              |     |        | add_ln44_27   | add   | fabric | 0       |
|    add_ln44_32_fu_11386_p2              |     |        | add_ln44_32   | add   | fabric | 0       |
|    add_ln44_33_fu_11396_p2              |     |        | add_ln44_33   | add   | fabric | 0       |
|    add_ln44_38_fu_11434_p2              |     |        | add_ln44_38   | add   | fabric | 0       |
|    add_ln44_41_fu_11460_p2              |     |        | add_ln44_41   | add   | fabric | 0       |
|    add_ln44_42_fu_11470_p2              |     |        | add_ln44_42   | add   | fabric | 0       |
|    add_ln44_45_fu_11496_p2              |     |        | add_ln44_45   | add   | fabric | 0       |
|    add_ln44_46_fu_17074_p2              |     |        | add_ln44_46   | add   | fabric | 0       |
|    add_ln44_47_fu_17084_p2              |     |        | add_ln44_47   | add   | fabric | 0       |
|    add_ln44_52_fu_11534_p2              |     |        | add_ln44_52   | add   | fabric | 0       |
|    add_ln44_57_fu_11576_p2              |     |        | add_ln44_57   | add   | fabric | 0       |
|    add_ln44_58_fu_11586_p2              |     |        | add_ln44_58   | add   | fabric | 0       |
|    add_ln44_63_fu_11624_p2              |     |        | add_ln44_63   | add   | fabric | 0       |
|    add_ln44_68_fu_11666_p2              |     |        | add_ln44_68   | add   | fabric | 0       |
|    add_ln44_69_fu_11676_p2              |     |        | add_ln44_69   | add   | fabric | 0       |
|    add_ln44_70_fu_17100_p2              |     |        | add_ln44_70   | add   | fabric | 0       |
|    add_ln44_75_fu_11714_p2              |     |        | add_ln44_75   | add   | fabric | 0       |
|    add_ln44_80_fu_11756_p2              |     |        | add_ln44_80   | add   | fabric | 0       |
|    add_ln44_81_fu_11766_p2              |     |        | add_ln44_81   | add   | fabric | 0       |
|    add_ln44_86_fu_11804_p2              |     |        | add_ln44_86   | add   | fabric | 0       |
|    add_ln44_89_fu_11830_p2              |     |        | add_ln44_89   | add   | fabric | 0       |
|    add_ln44_90_fu_11840_p2              |     |        | add_ln44_90   | add   | fabric | 0       |
|    add_ln44_93_fu_11866_p2              |     |        | add_ln44_93   | add   | fabric | 0       |
|    add_ln44_94_fu_17116_p2              |     |        | add_ln44_94   | add   | fabric | 0       |
|    add_ln44_95_fu_17126_p2              |     |        | add_ln44_95   | add   | fabric | 0       |
|    add_ln44_96_fu_17136_p2              |     |        | add_ln44_96   | add   | fabric | 0       |
|    add_ln44_101_fu_11904_p2             |     |        | add_ln44_101  | add   | fabric | 0       |
|    add_ln44_106_fu_11946_p2             |     |        | add_ln44_106  | add   | fabric | 0       |
|    add_ln44_107_fu_11956_p2             |     |        | add_ln44_107  | add   | fabric | 0       |
|    add_ln44_112_fu_11994_p2             |     |        | add_ln44_112  | add   | fabric | 0       |
|    add_ln44_117_fu_12036_p2             |     |        | add_ln44_117  | add   | fabric | 0       |
|    add_ln44_118_fu_12046_p2             |     |        | add_ln44_118  | add   | fabric | 0       |
|    add_ln44_119_fu_17152_p2             |     |        | add_ln44_119  | add   | fabric | 0       |
|    add_ln44_124_fu_12084_p2             |     |        | add_ln44_124  | add   | fabric | 0       |
|    add_ln44_129_fu_12126_p2             |     |        | add_ln44_129  | add   | fabric | 0       |
|    add_ln44_130_fu_12136_p2             |     |        | add_ln44_130  | add   | fabric | 0       |
|    add_ln44_135_fu_12174_p2             |     |        | add_ln44_135  | add   | fabric | 0       |
|    add_ln44_138_fu_12200_p2             |     |        | add_ln44_138  | add   | fabric | 0       |
|    add_ln44_139_fu_12210_p2             |     |        | add_ln44_139  | add   | fabric | 0       |
|    add_ln44_142_fu_12236_p2             |     |        | add_ln44_142  | add   | fabric | 0       |
|    add_ln44_143_fu_17168_p2             |     |        | add_ln44_143  | add   | fabric | 0       |
|    add_ln44_144_fu_17178_p2             |     |        | add_ln44_144  | add   | fabric | 0       |
|    add_ln44_149_fu_12274_p2             |     |        | add_ln44_149  | add   | fabric | 0       |
|    add_ln44_154_fu_12316_p2             |     |        | add_ln44_154  | add   | fabric | 0       |
|    add_ln44_155_fu_12326_p2             |     |        | add_ln44_155  | add   | fabric | 0       |
|    add_ln44_160_fu_12364_p2             |     |        | add_ln44_160  | add   | fabric | 0       |
|    add_ln44_165_fu_12406_p2             |     |        | add_ln44_165  | add   | fabric | 0       |
|    add_ln44_166_fu_12416_p2             |     |        | add_ln44_166  | add   | fabric | 0       |
|    add_ln44_167_fu_17194_p2             |     |        | add_ln44_167  | add   | fabric | 0       |
|    add_ln44_172_fu_12454_p2             |     |        | add_ln44_172  | add   | fabric | 0       |
|    add_ln44_177_fu_12496_p2             |     |        | add_ln44_177  | add   | fabric | 0       |
|    add_ln44_178_fu_12506_p2             |     |        | add_ln44_178  | add   | fabric | 0       |
|    add_ln44_183_fu_12544_p2             |     |        | add_ln44_183  | add   | fabric | 0       |
|    add_ln44_186_fu_12570_p2             |     |        | add_ln44_186  | add   | fabric | 0       |
|    add_ln44_187_fu_12580_p2             |     |        | add_ln44_187  | add   | fabric | 0       |
|    add_ln44_190_fu_12606_p2             |     |        | add_ln44_190  | add   | fabric | 0       |
|    add_ln44_191_fu_17210_p2             |     |        | add_ln44_191  | add   | fabric | 0       |
|    add_ln44_192_fu_17220_p2             |     |        | add_ln44_192  | add   | fabric | 0       |
|    add_ln44_193_fu_17230_p2             |     |        | add_ln44_193  | add   | fabric | 0       |
|    add_ln44_194_fu_17240_p2             |     |        | add_ln44_194  | add   | fabric | 0       |
|    add_ln44_199_fu_12644_p2             |     |        | add_ln44_199  | add   | fabric | 0       |
|    add_ln44_204_fu_12686_p2             |     |        | add_ln44_204  | add   | fabric | 0       |
|    add_ln44_205_fu_12696_p2             |     |        | add_ln44_205  | add   | fabric | 0       |
|    add_ln44_210_fu_12734_p2             |     |        | add_ln44_210  | add   | fabric | 0       |
|    add_ln44_215_fu_12776_p2             |     |        | add_ln44_215  | add   | fabric | 0       |
|    add_ln44_216_fu_12786_p2             |     |        | add_ln44_216  | add   | fabric | 0       |
|    add_ln44_217_fu_17252_p2             |     |        | add_ln44_217  | add   | fabric | 0       |
|    add_ln44_222_fu_12824_p2             |     |        | add_ln44_222  | add   | fabric | 0       |
|    add_ln44_227_fu_12866_p2             |     |        | add_ln44_227  | add   | fabric | 0       |
|    add_ln44_228_fu_12876_p2             |     |        | add_ln44_228  | add   | fabric | 0       |
|    add_ln44_233_fu_12914_p2             |     |        | add_ln44_233  | add   | fabric | 0       |
|    add_ln44_236_fu_12940_p2             |     |        | add_ln44_236  | add   | fabric | 0       |
|    add_ln44_237_fu_12950_p2             |     |        | add_ln44_237  | add   | fabric | 0       |
|    add_ln44_240_fu_12976_p2             |     |        | add_ln44_240  | add   | fabric | 0       |
|    add_ln44_241_fu_17268_p2             |     |        | add_ln44_241  | add   | fabric | 0       |
|    add_ln44_242_fu_17278_p2             |     |        | add_ln44_242  | add   | fabric | 0       |
|    add_ln44_247_fu_13014_p2             |     |        | add_ln44_247  | add   | fabric | 0       |
|    add_ln44_252_fu_13056_p2             |     |        | add_ln44_252  | add   | fabric | 0       |
|    add_ln44_253_fu_13066_p2             |     |        | add_ln44_253  | add   | fabric | 0       |
|    add_ln44_258_fu_13104_p2             |     |        | add_ln44_258  | add   | fabric | 0       |
|    add_ln44_263_fu_13146_p2             |     |        | add_ln44_263  | add   | fabric | 0       |
|    add_ln44_264_fu_13156_p2             |     |        | add_ln44_264  | add   | fabric | 0       |
|    add_ln44_265_fu_17294_p2             |     |        | add_ln44_265  | add   | fabric | 0       |
|    add_ln44_270_fu_13194_p2             |     |        | add_ln44_270  | add   | fabric | 0       |
|    add_ln44_275_fu_13236_p2             |     |        | add_ln44_275  | add   | fabric | 0       |
|    add_ln44_276_fu_13246_p2             |     |        | add_ln44_276  | add   | fabric | 0       |
|    add_ln44_281_fu_13284_p2             |     |        | add_ln44_281  | add   | fabric | 0       |
|    add_ln44_284_fu_13310_p2             |     |        | add_ln44_284  | add   | fabric | 0       |
|    add_ln44_285_fu_13320_p2             |     |        | add_ln44_285  | add   | fabric | 0       |
|    add_ln44_288_fu_13346_p2             |     |        | add_ln44_288  | add   | fabric | 0       |
|    add_ln44_289_fu_17310_p2             |     |        | add_ln44_289  | add   | fabric | 0       |
|    add_ln44_290_fu_17320_p2             |     |        | add_ln44_290  | add   | fabric | 0       |
|    add_ln44_291_fu_17330_p2             |     |        | add_ln44_291  | add   | fabric | 0       |
|    add_ln44_296_fu_13384_p2             |     |        | add_ln44_296  | add   | fabric | 0       |
|    add_ln44_301_fu_13426_p2             |     |        | add_ln44_301  | add   | fabric | 0       |
|    add_ln44_302_fu_13436_p2             |     |        | add_ln44_302  | add   | fabric | 0       |
|    add_ln44_307_fu_13474_p2             |     |        | add_ln44_307  | add   | fabric | 0       |
|    add_ln44_312_fu_13516_p2             |     |        | add_ln44_312  | add   | fabric | 0       |
|    add_ln44_313_fu_13526_p2             |     |        | add_ln44_313  | add   | fabric | 0       |
|    add_ln44_314_fu_17346_p2             |     |        | add_ln44_314  | add   | fabric | 0       |
|    add_ln44_319_fu_13564_p2             |     |        | add_ln44_319  | add   | fabric | 0       |
|    add_ln44_324_fu_13606_p2             |     |        | add_ln44_324  | add   | fabric | 0       |
|    add_ln44_325_fu_13616_p2             |     |        | add_ln44_325  | add   | fabric | 0       |
|    add_ln44_330_fu_13654_p2             |     |        | add_ln44_330  | add   | fabric | 0       |
|    add_ln44_333_fu_13680_p2             |     |        | add_ln44_333  | add   | fabric | 0       |
|    add_ln44_334_fu_13690_p2             |     |        | add_ln44_334  | add   | fabric | 0       |
|    add_ln44_337_fu_13716_p2             |     |        | add_ln44_337  | add   | fabric | 0       |
|    add_ln44_338_fu_17362_p2             |     |        | add_ln44_338  | add   | fabric | 0       |
|    add_ln44_339_fu_17372_p2             |     |        | add_ln44_339  | add   | fabric | 0       |
|    add_ln44_344_fu_13754_p2             |     |        | add_ln44_344  | add   | fabric | 0       |
|    add_ln44_349_fu_13796_p2             |     |        | add_ln44_349  | add   | fabric | 0       |
|    add_ln44_350_fu_13806_p2             |     |        | add_ln44_350  | add   | fabric | 0       |
|    add_ln44_355_fu_13844_p2             |     |        | add_ln44_355  | add   | fabric | 0       |
|    add_ln44_360_fu_13886_p2             |     |        | add_ln44_360  | add   | fabric | 0       |
|    add_ln44_361_fu_13896_p2             |     |        | add_ln44_361  | add   | fabric | 0       |
|    add_ln44_362_fu_17388_p2             |     |        | add_ln44_362  | add   | fabric | 0       |
|    add_ln44_367_fu_13934_p2             |     |        | add_ln44_367  | add   | fabric | 0       |
|    add_ln44_372_fu_13976_p2             |     |        | add_ln44_372  | add   | fabric | 0       |
|    add_ln44_373_fu_13986_p2             |     |        | add_ln44_373  | add   | fabric | 0       |
|    add_ln44_378_fu_14024_p2             |     |        | add_ln44_378  | add   | fabric | 0       |
|    add_ln44_381_fu_14050_p2             |     |        | add_ln44_381  | add   | fabric | 0       |
|    add_ln44_382_fu_14060_p2             |     |        | add_ln44_382  | add   | fabric | 0       |
|    add_ln44_385_fu_14086_p2             |     |        | add_ln44_385  | add   | fabric | 0       |
|    add_ln44_386_fu_17404_p2             |     |        | add_ln44_386  | add   | fabric | 0       |
|    add_ln44_387_fu_17414_p2             |     |        | add_ln44_387  | add   | fabric | 0       |
|    add_ln44_388_fu_17424_p2             |     |        | add_ln44_388  | add   | fabric | 0       |
|    add_ln44_389_fu_17434_p2             |     |        | add_ln44_389  | add   | fabric | 0       |
|    add_ln44_390_fu_17834_p2             |     |        | add_ln44_390  | add   | fabric | 0       |
|    add_ln44_395_fu_14124_p2             |     |        | add_ln44_395  | add   | fabric | 0       |
|    add_ln44_400_fu_14166_p2             |     |        | add_ln44_400  | add   | fabric | 0       |
|    add_ln44_401_fu_14176_p2             |     |        | add_ln44_401  | add   | fabric | 0       |
|    add_ln44_406_fu_14214_p2             |     |        | add_ln44_406  | add   | fabric | 0       |
|    add_ln44_411_fu_14256_p2             |     |        | add_ln44_411  | add   | fabric | 0       |
|    add_ln44_412_fu_14266_p2             |     |        | add_ln44_412  | add   | fabric | 0       |
|    add_ln44_413_fu_17446_p2             |     |        | add_ln44_413  | add   | fabric | 0       |
|    add_ln44_418_fu_14304_p2             |     |        | add_ln44_418  | add   | fabric | 0       |
|    add_ln44_423_fu_14346_p2             |     |        | add_ln44_423  | add   | fabric | 0       |
|    add_ln44_424_fu_14356_p2             |     |        | add_ln44_424  | add   | fabric | 0       |
|    add_ln44_429_fu_14394_p2             |     |        | add_ln44_429  | add   | fabric | 0       |
|    add_ln44_432_fu_14420_p2             |     |        | add_ln44_432  | add   | fabric | 0       |
|    add_ln44_433_fu_14430_p2             |     |        | add_ln44_433  | add   | fabric | 0       |
|    add_ln44_436_fu_14456_p2             |     |        | add_ln44_436  | add   | fabric | 0       |
|    add_ln44_437_fu_17462_p2             |     |        | add_ln44_437  | add   | fabric | 0       |
|    add_ln44_438_fu_17472_p2             |     |        | add_ln44_438  | add   | fabric | 0       |
|    add_ln44_443_fu_14494_p2             |     |        | add_ln44_443  | add   | fabric | 0       |
|    add_ln44_448_fu_14536_p2             |     |        | add_ln44_448  | add   | fabric | 0       |
|    add_ln44_449_fu_14546_p2             |     |        | add_ln44_449  | add   | fabric | 0       |
|    add_ln44_454_fu_14584_p2             |     |        | add_ln44_454  | add   | fabric | 0       |
|    add_ln44_459_fu_14626_p2             |     |        | add_ln44_459  | add   | fabric | 0       |
|    add_ln44_460_fu_14636_p2             |     |        | add_ln44_460  | add   | fabric | 0       |
|    add_ln44_461_fu_17488_p2             |     |        | add_ln44_461  | add   | fabric | 0       |
|    add_ln44_466_fu_14674_p2             |     |        | add_ln44_466  | add   | fabric | 0       |
|    add_ln44_471_fu_14716_p2             |     |        | add_ln44_471  | add   | fabric | 0       |
|    add_ln44_472_fu_14726_p2             |     |        | add_ln44_472  | add   | fabric | 0       |
|    add_ln44_477_fu_14764_p2             |     |        | add_ln44_477  | add   | fabric | 0       |
|    add_ln44_480_fu_14790_p2             |     |        | add_ln44_480  | add   | fabric | 0       |
|    add_ln44_481_fu_14800_p2             |     |        | add_ln44_481  | add   | fabric | 0       |
|    add_ln44_484_fu_14826_p2             |     |        | add_ln44_484  | add   | fabric | 0       |
|    add_ln44_485_fu_17504_p2             |     |        | add_ln44_485  | add   | fabric | 0       |
|    add_ln44_486_fu_17514_p2             |     |        | add_ln44_486  | add   | fabric | 0       |
|    add_ln44_487_fu_17524_p2             |     |        | add_ln44_487  | add   | fabric | 0       |
|    add_ln44_492_fu_14864_p2             |     |        | add_ln44_492  | add   | fabric | 0       |
|    add_ln44_497_fu_14906_p2             |     |        | add_ln44_497  | add   | fabric | 0       |
|    add_ln44_498_fu_14916_p2             |     |        | add_ln44_498  | add   | fabric | 0       |
|    add_ln44_503_fu_14954_p2             |     |        | add_ln44_503  | add   | fabric | 0       |
|    add_ln44_508_fu_14996_p2             |     |        | add_ln44_508  | add   | fabric | 0       |
|    add_ln44_509_fu_15006_p2             |     |        | add_ln44_509  | add   | fabric | 0       |
|    add_ln44_510_fu_17540_p2             |     |        | add_ln44_510  | add   | fabric | 0       |
|    add_ln44_515_fu_15044_p2             |     |        | add_ln44_515  | add   | fabric | 0       |
|    add_ln44_520_fu_15086_p2             |     |        | add_ln44_520  | add   | fabric | 0       |
|    add_ln44_521_fu_15096_p2             |     |        | add_ln44_521  | add   | fabric | 0       |
|    add_ln44_526_fu_15134_p2             |     |        | add_ln44_526  | add   | fabric | 0       |
|    add_ln44_529_fu_15160_p2             |     |        | add_ln44_529  | add   | fabric | 0       |
|    add_ln44_530_fu_15170_p2             |     |        | add_ln44_530  | add   | fabric | 0       |
|    add_ln44_533_fu_15196_p2             |     |        | add_ln44_533  | add   | fabric | 0       |
|    add_ln44_534_fu_17556_p2             |     |        | add_ln44_534  | add   | fabric | 0       |
|    add_ln44_535_fu_17566_p2             |     |        | add_ln44_535  | add   | fabric | 0       |
|    add_ln44_540_fu_15234_p2             |     |        | add_ln44_540  | add   | fabric | 0       |
|    add_ln44_545_fu_15276_p2             |     |        | add_ln44_545  | add   | fabric | 0       |
|    add_ln44_546_fu_15286_p2             |     |        | add_ln44_546  | add   | fabric | 0       |
|    add_ln44_551_fu_15324_p2             |     |        | add_ln44_551  | add   | fabric | 0       |
|    add_ln44_556_fu_15366_p2             |     |        | add_ln44_556  | add   | fabric | 0       |
|    add_ln44_557_fu_15376_p2             |     |        | add_ln44_557  | add   | fabric | 0       |
|    add_ln44_558_fu_17582_p2             |     |        | add_ln44_558  | add   | fabric | 0       |
|    add_ln44_563_fu_15414_p2             |     |        | add_ln44_563  | add   | fabric | 0       |
|    add_ln44_568_fu_15456_p2             |     |        | add_ln44_568  | add   | fabric | 0       |
|    add_ln44_569_fu_15466_p2             |     |        | add_ln44_569  | add   | fabric | 0       |
|    add_ln44_574_fu_15504_p2             |     |        | add_ln44_574  | add   | fabric | 0       |
|    add_ln44_577_fu_15530_p2             |     |        | add_ln44_577  | add   | fabric | 0       |
|    add_ln44_578_fu_15540_p2             |     |        | add_ln44_578  | add   | fabric | 0       |
|    add_ln44_581_fu_15566_p2             |     |        | add_ln44_581  | add   | fabric | 0       |
|    add_ln44_582_fu_17598_p2             |     |        | add_ln44_582  | add   | fabric | 0       |
|    add_ln44_583_fu_17608_p2             |     |        | add_ln44_583  | add   | fabric | 0       |
|    add_ln44_584_fu_17618_p2             |     |        | add_ln44_584  | add   | fabric | 0       |
|    add_ln44_585_fu_17628_p2             |     |        | add_ln44_585  | add   | fabric | 0       |
|    add_ln44_590_fu_15604_p2             |     |        | add_ln44_590  | add   | fabric | 0       |
|    add_ln44_595_fu_15646_p2             |     |        | add_ln44_595  | add   | fabric | 0       |
|    add_ln44_596_fu_15656_p2             |     |        | add_ln44_596  | add   | fabric | 0       |
|    add_ln44_601_fu_15694_p2             |     |        | add_ln44_601  | add   | fabric | 0       |
|    add_ln44_606_fu_15736_p2             |     |        | add_ln44_606  | add   | fabric | 0       |
|    add_ln44_607_fu_15746_p2             |     |        | add_ln44_607  | add   | fabric | 0       |
|    add_ln44_608_fu_17640_p2             |     |        | add_ln44_608  | add   | fabric | 0       |
|    add_ln44_613_fu_15784_p2             |     |        | add_ln44_613  | add   | fabric | 0       |
|    add_ln44_618_fu_15826_p2             |     |        | add_ln44_618  | add   | fabric | 0       |
|    add_ln44_619_fu_15836_p2             |     |        | add_ln44_619  | add   | fabric | 0       |
|    add_ln44_624_fu_15874_p2             |     |        | add_ln44_624  | add   | fabric | 0       |
|    add_ln44_627_fu_15900_p2             |     |        | add_ln44_627  | add   | fabric | 0       |
|    add_ln44_628_fu_15910_p2             |     |        | add_ln44_628  | add   | fabric | 0       |
|    add_ln44_631_fu_15936_p2             |     |        | add_ln44_631  | add   | fabric | 0       |
|    add_ln44_632_fu_17656_p2             |     |        | add_ln44_632  | add   | fabric | 0       |
|    add_ln44_633_fu_17666_p2             |     |        | add_ln44_633  | add   | fabric | 0       |
|    add_ln44_638_fu_15974_p2             |     |        | add_ln44_638  | add   | fabric | 0       |
|    add_ln44_643_fu_16016_p2             |     |        | add_ln44_643  | add   | fabric | 0       |
|    add_ln44_644_fu_16026_p2             |     |        | add_ln44_644  | add   | fabric | 0       |
|    add_ln44_649_fu_16064_p2             |     |        | add_ln44_649  | add   | fabric | 0       |
|    add_ln44_654_fu_16106_p2             |     |        | add_ln44_654  | add   | fabric | 0       |
|    add_ln44_655_fu_16116_p2             |     |        | add_ln44_655  | add   | fabric | 0       |
|    add_ln44_656_fu_17682_p2             |     |        | add_ln44_656  | add   | fabric | 0       |
|    add_ln44_661_fu_16154_p2             |     |        | add_ln44_661  | add   | fabric | 0       |
|    add_ln44_666_fu_16196_p2             |     |        | add_ln44_666  | add   | fabric | 0       |
|    add_ln44_667_fu_16206_p2             |     |        | add_ln44_667  | add   | fabric | 0       |
|    add_ln44_672_fu_16244_p2             |     |        | add_ln44_672  | add   | fabric | 0       |
|    add_ln44_675_fu_16270_p2             |     |        | add_ln44_675  | add   | fabric | 0       |
|    add_ln44_676_fu_16280_p2             |     |        | add_ln44_676  | add   | fabric | 0       |
|    add_ln44_679_fu_16306_p2             |     |        | add_ln44_679  | add   | fabric | 0       |
|    add_ln44_680_fu_17698_p2             |     |        | add_ln44_680  | add   | fabric | 0       |
|    add_ln44_681_fu_17708_p2             |     |        | add_ln44_681  | add   | fabric | 0       |
|    add_ln44_682_fu_17718_p2             |     |        | add_ln44_682  | add   | fabric | 0       |
|    add_ln44_687_fu_16344_p2             |     |        | add_ln44_687  | add   | fabric | 0       |
|    add_ln44_692_fu_16386_p2             |     |        | add_ln44_692  | add   | fabric | 0       |
|    add_ln44_693_fu_16396_p2             |     |        | add_ln44_693  | add   | fabric | 0       |
|    add_ln44_698_fu_16434_p2             |     |        | add_ln44_698  | add   | fabric | 0       |
|    add_ln44_703_fu_16476_p2             |     |        | add_ln44_703  | add   | fabric | 0       |
|    add_ln44_704_fu_16486_p2             |     |        | add_ln44_704  | add   | fabric | 0       |
|    add_ln44_705_fu_17734_p2             |     |        | add_ln44_705  | add   | fabric | 0       |
|    add_ln44_710_fu_16524_p2             |     |        | add_ln44_710  | add   | fabric | 0       |
|    add_ln44_715_fu_16566_p2             |     |        | add_ln44_715  | add   | fabric | 0       |
|    add_ln44_716_fu_16576_p2             |     |        | add_ln44_716  | add   | fabric | 0       |
|    add_ln44_721_fu_16614_p2             |     |        | add_ln44_721  | add   | fabric | 0       |
|    add_ln44_724_fu_16640_p2             |     |        | add_ln44_724  | add   | fabric | 0       |
|    add_ln44_725_fu_16650_p2             |     |        | add_ln44_725  | add   | fabric | 0       |
|    add_ln44_728_fu_16676_p2             |     |        | add_ln44_728  | add   | fabric | 0       |
|    add_ln44_729_fu_17750_p2             |     |        | add_ln44_729  | add   | fabric | 0       |
|    add_ln44_730_fu_17760_p2             |     |        | add_ln44_730  | add   | fabric | 0       |
|    add_ln44_735_fu_16714_p2             |     |        | add_ln44_735  | add   | fabric | 0       |
|    add_ln44_740_fu_16756_p2             |     |        | add_ln44_740  | add   | fabric | 0       |
|    add_ln44_741_fu_16766_p2             |     |        | add_ln44_741  | add   | fabric | 0       |
|    add_ln44_746_fu_16804_p2             |     |        | add_ln44_746  | add   | fabric | 0       |
|    add_ln44_751_fu_16846_p2             |     |        | add_ln44_751  | add   | fabric | 0       |
|    add_ln44_752_fu_16856_p2             |     |        | add_ln44_752  | add   | fabric | 0       |
|    add_ln44_753_fu_17776_p2             |     |        | add_ln44_753  | add   | fabric | 0       |
|    add_ln44_758_fu_16894_p2             |     |        | add_ln44_758  | add   | fabric | 0       |
|    add_ln44_763_fu_16936_p2             |     |        | add_ln44_763  | add   | fabric | 0       |
|    add_ln44_764_fu_16946_p2             |     |        | add_ln44_764  | add   | fabric | 0       |
|    add_ln44_769_fu_16984_p2             |     |        | add_ln44_769  | add   | fabric | 0       |
|    add_ln44_772_fu_17010_p2             |     |        | add_ln44_772  | add   | fabric | 0       |
|    add_ln44_773_fu_17020_p2             |     |        | add_ln44_773  | add   | fabric | 0       |
|    add_ln44_776_fu_17046_p2             |     |        | add_ln44_776  | add   | fabric | 0       |
|    add_ln44_777_fu_17792_p2             |     |        | add_ln44_777  | add   | fabric | 0       |
|    add_ln44_778_fu_17802_p2             |     |        | add_ln44_778  | add   | fabric | 0       |
|    add_ln44_779_fu_17812_p2             |     |        | add_ln44_779  | add   | fabric | 0       |
|    add_ln44_780_fu_17822_p2             |     |        | add_ln44_780  | add   | fabric | 0       |
|    add_ln44_781_fu_17850_p2             |     |        | add_ln44_781  | add   | fabric | 0       |
|    add_ln44_782_fu_17860_p2             |     |        | add_ln44_782  | add   | fabric | 0       |
|    out_word_data_fu_17874_p2            |     |        | out_word_data | add   | fabric | 0       |
|    out_word_last_fu_1706_p2             |     |        | out_word_last | seteq | auto   | 0       |
|  + bnn_layer1_xnor_Pipeline_LOAD_LOOP   | 0   |        |               |       |        |         |
|    icmp_ln22_fu_102_p2                  |     |        | icmp_ln22     | seteq | auto   | 0       |
|    add_ln22_fu_108_p2                   |     |        | add_ln22      | add   | fabric | 0       |
+-----------------------------------------+-----+--------+---------------+-------+--------+---------+


================================================================
== Storage Report
================================================================
+-------------------+-----------+-----------+------+------+--------+---------------+------+---------+------------------+
| Name              | Usage     | Type      | BRAM | URAM | Pragma | Variable      | Impl | Latency | Bitwidth, Depth, |
|                   |           |           |      |      |        |               |      |         | Banks            |
+-------------------+-----------+-----------+------+------+--------+---------------+------+---------+------------------+
| + bnn_layer1_xnor |           |           | 79   | 0    |        |               |      |         |                  |
|   control_s_axi_U | interface | s_axilite |      |      |        |               |      |         |                  |
|   gmem0_m_axi_U   | interface | m_axi     | 57   |      |        |               |      |         |                  |
|   local_weights_U | ram_2p    |           | 22   |      | pragma | local_weights | bram | 1       | 784, 256, 1      |
+-------------------+-----------+-----------+------+------+--------+---------------+------+---------+------------------+


================================================================
== Pragma Report
================================================================
* Valid Pragma Syntax
+--------------+----------------------------------------------+-----------------------------------------------------+
| Type         | Options                                      | Location                                            |
+--------------+----------------------------------------------+-----------------------------------------------------+
| interface    | s_axilite port=return                        | bnn_layer1.cpp:10 in bnn_layer1_xnor, return        |
| interface    | s_axilite port=input                         | bnn_layer1.cpp:11 in bnn_layer1_xnor, input         |
| interface    | s_axilite port=load_weights                  | bnn_layer1.cpp:12 in bnn_layer1_xnor, load_weights  |
| interface    | axis port=output_stream                      | bnn_layer1.cpp:13 in bnn_layer1_xnor, output_stream |
| interface    | m_axi depth=256 port=weights bundle=gmem0    | bnn_layer1.cpp:14 in bnn_layer1_xnor, weights       |
| bind_storage | variable=local_weights type=ram_2p impl=bram | bnn_layer1.cpp:18 in bnn_layer1_xnor, local_weights |
| pipeline     | II=1                                         | bnn_layer1.cpp:23 in bnn_layer1_xnor                |
| pipeline     | II=1                                         | bnn_layer1.cpp:31 in bnn_layer1_xnor                |
+--------------+----------------------------------------------+-----------------------------------------------------+


