

================================================================
== Vitis HLS Report for 'bnn_layer1_xnor'
================================================================
* Date:           Tue Mar  3 20:51:02 2026

* Version:        2024.1 (Build 5069499 on May 21 2024)
* Project:        bnn_layer1_Stream_BRAM
* Solution:       hls (Vivado IP Flow Target)
* Product family: zynquplus
* Target device:  xczu3eg-sfvc784-2-e


================================================================
== Performance Estimates
================================================================
+ Timing: 
    * Summary: 
    +--------+---------+----------+------------+
    |  Clock |  Target | Estimated| Uncertainty|
    +--------+---------+----------+------------+
    |ap_clk  |  5.00 ns|  3.650 ns|     1.35 ns|
    +--------+---------+----------+------------+

+ Latency: 
    * Summary: 
    +---------+---------+----------+----------+-----+-----+---------+
    |  Latency (cycles) |  Latency (absolute) |  Interval | Pipeline|
    |   min   |   max   |    min   |    max   | min | max |   Type  |
    +---------+---------+----------+----------+-----+-----+---------+
    |      262|      269|  1.310 us|  1.345 us|  263|  270|       no|
    +---------+---------+----------+----------+-----+-----+---------+

    + Detail: 
        * Instance: 
        N/A

        * Loop: 
        N/A

============================================================
+ Verbose Summary: Synthesis Manager
============================================================
InlineROM: 1
ExposeGlobal: 0
============================================================
+ Verbose Summary: CDFG Model
============================================================
IsTopModel: 1
ResetActiveHigh: 1
IsCombinational: 0
IsDatapathOnly: 0
HasWiredReturn: 1
HasMFsm: 0
HasVarLatency: 1
IsPipeline: 0
IsRtlPipelined: 0
IsInstanceOverlapped: 0
IsDontTouch: 0
HasImplIP: 0
IsGatedGlobalClock: 0


============================================================
+ Verbose Summary: Schedule
============================================================
* Number of FSM states : 12
* Pipeline : 0
* Dataflow Pipeline: 0

* FSM state transitions: 
1 --> 2 3 
2 --> 12 
3 --> 4 
4 --> 5 
5 --> 6 
6 --> 7 
7 --> 8 
8 --> 9 
9 --> 10 
10 --> 11 
11 --> 12 
12 --> 

* FSM state operations: 

State 1 <SV = 0> <Delay = 1.00>
ST_1 : Operation 13 [1/1] (0.00ns)   --->   "%spectopmodule_ln3 = spectopmodule void @_ssdm_op_SpecTopModule, void @empty_13" [bnn_layer1.cpp:3]   --->   Operation 13 'spectopmodule' 'spectopmodule_ln3' <Predicate = true> <Delay = 0.00>
ST_1 : Operation 14 [1/1] (0.00ns)   --->   "%specinterface_ln0 = specinterface void @_ssdm_op_SpecInterface, i1024 %gmem0, void @empty, i32 0, i32 0, void @empty_0, i32 0, i32 256, void @empty_1, void @empty_2, void @empty_0, i32 16, i32 16, i32 16, i32 16, void @empty_0, void @empty_0, i32 4294967295, i32 0, i32 0"   --->   Operation 14 'specinterface' 'specinterface_ln0' <Predicate = true> <Delay = 0.00>
ST_1 : Operation 15 [1/1] (0.00ns)   --->   "%specbitsmap_ln0 = specbitsmap void @_ssdm_op_SpecBitsMap, i1024 %gmem0"   --->   Operation 15 'specbitsmap' 'specbitsmap_ln0' <Predicate = true> <Delay = 0.00>
ST_1 : Operation 16 [1/1] (0.00ns)   --->   "%specinterface_ln0 = specinterface void @_ssdm_op_SpecInterface, i16 %output_stream_V_data_V, i2 %output_stream_V_keep_V, i2 %output_stream_V_strb_V, i1 %output_stream_V_last_V, void @empty_3, i32 1, i32 1, void @empty_4, i32 0, i32 0, void @empty_0, void @empty_0, void @empty_0, i32 0, i32 0, i32 0, i32 0, void @empty_0, void @empty_0, i32 4294967295, i32 0, i32 0"   --->   Operation 16 'specinterface' 'specinterface_ln0' <Predicate = true> <Delay = 0.00>
ST_1 : Operation 17 [1/1] (0.00ns)   --->   "%specbitsmap_ln0 = specbitsmap void @_ssdm_op_SpecBitsMap, i16 %output_stream_V_data_V"   --->   Operation 17 'specbitsmap' 'specbitsmap_ln0' <Predicate = true> <Delay = 0.00>
ST_1 : Operation 18 [1/1] (0.00ns)   --->   "%specbitsmap_ln0 = specbitsmap void @_ssdm_op_SpecBitsMap, i2 %output_stream_V_keep_V"   --->   Operation 18 'specbitsmap' 'specbitsmap_ln0' <Predicate = true> <Delay = 0.00>
ST_1 : Operation 19 [1/1] (0.00ns)   --->   "%specbitsmap_ln0 = specbitsmap void @_ssdm_op_SpecBitsMap, i2 %output_stream_V_strb_V"   --->   Operation 19 'specbitsmap' 'specbitsmap_ln0' <Predicate = true> <Delay = 0.00>
ST_1 : Operation 20 [1/1] (0.00ns)   --->   "%specbitsmap_ln0 = specbitsmap void @_ssdm_op_SpecBitsMap, i1 %output_stream_V_last_V"   --->   Operation 20 'specbitsmap' 'specbitsmap_ln0' <Predicate = true> <Delay = 0.00>
ST_1 : Operation 21 [1/1] (0.00ns)   --->   "%specbitsmap_ln0 = specbitsmap void @_ssdm_op_SpecBitsMap, i784 %input_r"   --->   Operation 21 'specbitsmap' 'specbitsmap_ln0' <Predicate = true> <Delay = 0.00>
ST_1 : Operation 22 [1/1] (0.00ns)   --->   "%specinterface_ln0 = specinterface void @_ssdm_op_SpecInterface, i784 %input_r, void @empty_5, i32 4294967295, i32 4294967295, void @empty_4, i32 0, i32 0, void @empty_6, void @empty_7, void @empty_0, i32 0, i32 0, i32 0, i32 0, void @empty_0, void @empty_0, i32 4294967295, i32 0, i32 0"   --->   Operation 22 'specinterface' 'specinterface_ln0' <Predicate = true> <Delay = 0.00>
ST_1 : Operation 23 [1/1] (0.00ns)   --->   "%specinterface_ln0 = specinterface void @_ssdm_op_SpecInterface, i784 %input_r, void @empty_8, i32 4294967295, i32 4294967295, void @empty_0, i32 0, i32 0, void @empty_0, void @empty_0, void @empty_0, i32 0, i32 0, i32 0, i32 0, void @empty_0, void @empty_0, i32 4294967295, i32 0, i32 0"   --->   Operation 23 'specinterface' 'specinterface_ln0' <Predicate = true> <Delay = 0.00>
ST_1 : Operation 24 [1/1] (0.00ns)   --->   "%specinterface_ln0 = specinterface void @_ssdm_op_SpecInterface, i64 %weights, void @empty_5, i32 0, i32 0, void @empty_0, i32 0, i32 0, void @empty_6, void @empty_9, void @empty_0, i32 0, i32 0, i32 0, i32 0, void @empty_0, void @empty_10, i32 4294967295, i32 0, i32 0"   --->   Operation 24 'specinterface' 'specinterface_ln0' <Predicate = true> <Delay = 0.00>
ST_1 : Operation 25 [1/1] (0.00ns)   --->   "%specinterface_ln0 = specinterface void @_ssdm_op_SpecInterface, i64 %weights, void @empty_8, i32 0, i32 0, void @empty_0, i32 0, i32 0, void @empty_0, void @empty_0, void @empty_0, i32 0, i32 0, i32 0, i32 0, void @empty_0, void @empty_10, i32 4294967295, i32 0, i32 0"   --->   Operation 25 'specinterface' 'specinterface_ln0' <Predicate = true> <Delay = 0.00>
ST_1 : Operation 26 [1/1] (0.00ns)   --->   "%specbitsmap_ln0 = specbitsmap void @_ssdm_op_SpecBitsMap, i1 %load_weights"   --->   Operation 26 'specbitsmap' 'specbitsmap_ln0' <Predicate = true> <Delay = 0.00>
ST_1 : Operation 27 [1/1] (0.00ns)   --->   "%specinterface_ln0 = specinterface void @_ssdm_op_SpecInterface, i1 %load_weights, void @empty_5, i32 4294967295, i32 4294967295, void @empty_4, i32 0, i32 0, void @empty_6, void @empty_11, void @empty_0, i32 0, i32 0, i32 0, i32 0, void @empty_0, void @empty_0, i32 4294967295, i32 0, i32 0"   --->   Operation 27 'specinterface' 'specinterface_ln0' <Predicate = true> <Delay = 0.00>
ST_1 : Operation 28 [1/1] (0.00ns)   --->   "%specinterface_ln0 = specinterface void @_ssdm_op_SpecInterface, i1 %load_weights, void @empty_8, i32 4294967295, i32 4294967295, void @empty_0, i32 0, i32 0, void @empty_0, void @empty_0, void @empty_0, i32 0, i32 0, i32 0, i32 0, void @empty_0, void @empty_0, i32 4294967295, i32 0, i32 0"   --->   Operation 28 'specinterface' 'specinterface_ln0' <Predicate = true> <Delay = 0.00>
ST_1 : Operation 29 [1/1] (0.00ns)   --->   "%specinterface_ln0 = specinterface void @_ssdm_op_SpecInterface, i32 0, void @empty_5, i32 0, i32 0, void @empty_0, i32 0, i32 0, void @empty_6, void @empty_0, void @empty_0, i32 0, i32 0, i32 0, i32 0, void @empty_0, void @empty_0, i32 4294967295, i32 0, i32 0"   --->   Operation 29 'specinterface' 'specinterface_ln0' <Predicate = true> <Delay = 0.00>
ST_1 : Operation 30 [1/1] (1.00ns)   --->   "%load_weights_read = read i1 @_ssdm_op_Read.s_axilite.i1, i1 %load_weights" [bnn_layer1.cpp:5]   --->   Operation 30 'read' 'load_weights_read' <Predicate = true> <Delay = 1.00> <CoreInst = "s_axilite">   --->   Core 120 's_axilite' <Latency = 0> <II = 1> <Delay = 1.00> <Adapter> <Opcode : 'read' 'write'>
ST_1 : Operation 31 [1/1] (1.00ns)   --->   "%weights_read = read i64 @_ssdm_op_Read.s_axilite.i64, i64 %weights" [bnn_layer1.cpp:5]   --->   Operation 31 'read' 'weights_read' <Predicate = true> <Delay = 1.00> <CoreInst = "s_axilite">   --->   Core 120 's_axilite' <Latency = 0> <II = 1> <Delay = 1.00> <Adapter> <Opcode : 'read' 'write'>
ST_1 : Operation 32 [1/1] (1.00ns)   --->   "%input_r_read = read i784 @_ssdm_op_Read.s_axilite.i784, i784 %input_r" [bnn_layer1.cpp:5]   --->   Operation 32 'read' 'input_r_read' <Predicate = true> <Delay = 1.00> <CoreInst = "s_axilite">   --->   Core 120 's_axilite' <Latency = 0> <II = 1> <Delay = 1.00> <Adapter> <Opcode : 'read' 'write'>
ST_1 : Operation 33 [1/1] (0.00ns)   --->   "%specmemcore_ln18 = specmemcore void @_ssdm_op_SpecMemCore, i784 %local_weights, i64 666, i64 22, i64 18446744073709551615" [bnn_layer1.cpp:18]   --->   Operation 33 'specmemcore' 'specmemcore_ln18' <Predicate = true> <Delay = 0.00>
ST_1 : Operation 34 [1/1] (0.00ns)   --->   "%specaxissidechannel_ln21 = specaxissidechannel void @_ssdm_op_SpecAXISSideChannel, i16 %output_stream_V_data_V, i2 %output_stream_V_keep_V, i2 %output_stream_V_strb_V, i1 0, i1 %output_stream_V_last_V, i1 0, i1 0, void @empty_12" [bnn_layer1.cpp:21]   --->   Operation 34 'specaxissidechannel' 'specaxissidechannel_ln21' <Predicate = true> <Delay = 0.00>
ST_1 : Operation 35 [1/1] (0.00ns)   --->   "%br_ln21 = br i1 %load_weights_read, void %POPCOUNT_LOOP.preheader, void %LOAD_LOOP" [bnn_layer1.cpp:21]   --->   Operation 35 'br' 'br_ln21' <Predicate = true> <Delay = 0.00>
ST_1 : Operation 36 [1/1] (0.00ns)   --->   "%empty = wait i32 @_ssdm_op_Wait"   --->   Operation 36 'wait' 'empty' <Predicate = (!load_weights_read)> <Delay = 0.00>
ST_1 : Operation 37 [2/2] (0.00ns)   --->   "%call_ln5 = call void @bnn_layer1_xnor_Pipeline_NEURON_LOOP, i784 %input_r_read, i16 %output_stream_V_data_V, i2 %output_stream_V_keep_V, i2 %output_stream_V_strb_V, i1 %output_stream_V_last_V, i784 %local_weights" [bnn_layer1.cpp:5]   --->   Operation 37 'call' 'call_ln5' <Predicate = (!load_weights_read)> <Delay = 0.00> <CoreType = "Generic">   --->   Core 0 '' <Latency = 0> <II = 1> <Delay = 1.00> <Generic> <Opcode : >
ST_1 : Operation 38 [1/1] (0.00ns)   --->   "%trunc_ln = partselect i57 @_ssdm_op_PartSelect.i57.i64.i32.i32, i64 %weights_read, i32 7, i32 63" [bnn_layer1.cpp:22]   --->   Operation 38 'partselect' 'trunc_ln' <Predicate = (load_weights_read)> <Delay = 0.00>

State 2 <SV = 1> <Delay = 2.79>
ST_2 : Operation 39 [1/2] (2.79ns)   --->   "%call_ln5 = call void @bnn_layer1_xnor_Pipeline_NEURON_LOOP, i784 %input_r_read, i16 %output_stream_V_data_V, i2 %output_stream_V_keep_V, i2 %output_stream_V_strb_V, i1 %output_stream_V_last_V, i784 %local_weights" [bnn_layer1.cpp:5]   --->   Operation 39 'call' 'call_ln5' <Predicate = true> <Delay = 2.79> <CoreType = "Generic">   --->   Core 0 '' <Latency = 0> <II = 1> <Delay = 1.00> <Generic> <Opcode : >
ST_2 : Operation 40 [1/1] (0.00ns)   --->   "%br_ln0 = br void %if.end30"   --->   Operation 40 'br' 'br_ln0' <Predicate = true> <Delay = 0.00>

State 3 <SV = 1> <Delay = 3.65>
ST_3 : Operation 41 [1/1] (0.00ns)   --->   "%sext_ln22 = sext i57 %trunc_ln" [bnn_layer1.cpp:22]   --->   Operation 41 'sext' 'sext_ln22' <Predicate = true> <Delay = 0.00>
ST_3 : Operation 42 [1/1] (0.00ns)   --->   "%gmem0_addr = getelementptr i1024 %gmem0, i64 %sext_ln22" [bnn_layer1.cpp:22]   --->   Operation 42 'getelementptr' 'gmem0_addr' <Predicate = true> <Delay = 0.00>
ST_3 : Operation 43 [8/8] (3.65ns)   --->   "%empty_21 = readreq i1 @_ssdm_op_ReadReq.m_axi.p1i1024, i1024 %gmem0_addr, i64 256" [bnn_layer1.cpp:22]   --->   Operation 43 'readreq' 'empty_21' <Predicate = true> <Delay = 3.65> <CoreInst = "m_axi">   --->   Core 119 'm_axi' <Latency = 0> <II = 1> <Delay = 1.00> <Adapter> <Opcode : 'read' 'write' 'readreq' 'writereq' 'writeresp'>

State 4 <SV = 2> <Delay = 3.65>
ST_4 : Operation 44 [7/8] (3.65ns)   --->   "%empty_21 = readreq i1 @_ssdm_op_ReadReq.m_axi.p1i1024, i1024 %gmem0_addr, i64 256" [bnn_layer1.cpp:22]   --->   Operation 44 'readreq' 'empty_21' <Predicate = true> <Delay = 3.65> <CoreInst = "m_axi">   --->   Core 119 'm_axi' <Latency = 0> <II = 1> <Delay = 1.00> <Adapter> <Opcode : 'read' 'write' 'readreq' 'writereq' 'writeresp'>

State 5 <SV = 3> <Delay = 3.65>
ST_5 : Operation 45 [6/8] (3.65ns)   --->   "%empty_21 = readreq i1 @_ssdm_op_ReadReq.m_axi.p1i1024, i1024 %gmem0_addr, i64 256" [bnn_layer1.cpp:22]   --->   Operation 45 'readreq' 'empty_21' <Predicate = true> <Delay = 3.65> <CoreInst = "m_axi">   --->   Core 119 'm_axi' <Latency = 0> <II = 1> <Delay = 1.00> <Adapter> <Opcode : 'read' 'write' 'readreq' 'writereq' 'writeresp'>

State 6 <SV = 4> <Delay = 3.65>
ST_6 : Operation 46 [5/8] (3.65ns)   --->   "%empty_21 = readreq i1 @_ssdm_op_ReadReq.m_axi.p1i1024, i1024 %gmem0_addr, i64 256" [bnn_layer1.cpp:22]   --->   Operation 46 'readreq' 'empty_21' <Predicate = true> <Delay = 3.65> <CoreInst = "m_axi">   --->   Core 119 'm_axi' <Latency = 0> <II = 1> <Delay = 1.00> <Adapter> <Opcode : 'read' 'write' 'readreq' 'writereq' 'writeresp'>

State 7 <SV = 5> <Delay = 3.65>
ST_7 : Operation 47 [4/8] (3.65ns)   --->   "%empty_21 = readreq i1 @_ssdm_op_ReadReq.m_axi.p1i1024, i1024 %gmem0_addr, i64 256" [bnn_layer1.cpp:22]   --->   Operation 47 'readreq' 'empty_21' <Predicate = true> <Delay = 3.65> <CoreInst = "m_axi">   --->   Core 119 'm_axi' <Latency = 0> <II = 1> <Delay = 1.00> <Adapter> <Opcode : 'read' 'write' 'readreq' 'writereq' 'writeresp'>

State 8 <SV = 6> <Delay = 3.65>
ST_8 : Operation 48 [3/8] (3.65ns)   --->   "%empty_21 = readreq i1 @_ssdm_op_ReadReq.m_axi.p1i1024, i1024 %gmem0_addr, i64 256" [bnn_layer1.cpp:22]   --->   Operation 48 'readreq' 'empty_21' <Predicate = true> <Delay = 3.65> <CoreInst = "m_axi">   --->   Core 119 'm_axi' <Latency = 0> <II = 1> <Delay = 1.00> <Adapter> <Opcode : 'read' 'write' 'readreq' 'writereq' 'writeresp'>

State 9 <SV = 7> <Delay = 3.65>
ST_9 : Operation 49 [2/8] (3.65ns)   --->   "%empty_21 = readreq i1 @_ssdm_op_ReadReq.m_axi.p1i1024, i1024 %gmem0_addr, i64 256" [bnn_layer1.cpp:22]   --->   Operation 49 'readreq' 'empty_21' <Predicate = true> <Delay = 3.65> <CoreInst = "m_axi">   --->   Core 119 'm_axi' <Latency = 0> <II = 1> <Delay = 1.00> <Adapter> <Opcode : 'read' 'write' 'readreq' 'writereq' 'writeresp'>

State 10 <SV = 8> <Delay = 3.65>
ST_10 : Operation 50 [1/8] (3.65ns)   --->   "%empty_21 = readreq i1 @_ssdm_op_ReadReq.m_axi.p1i1024, i1024 %gmem0_addr, i64 256" [bnn_layer1.cpp:22]   --->   Operation 50 'readreq' 'empty_21' <Predicate = true> <Delay = 3.65> <CoreInst = "m_axi">   --->   Core 119 'm_axi' <Latency = 0> <II = 1> <Delay = 1.00> <Adapter> <Opcode : 'read' 'write' 'readreq' 'writereq' 'writeresp'>

State 11 <SV = 9> <Delay = 0.00>
ST_11 : Operation 51 [2/2] (0.00ns)   --->   "%call_ln22 = call void @bnn_layer1_xnor_Pipeline_LOAD_LOOP, i1024 %gmem0, i57 %trunc_ln, i784 %local_weights" [bnn_layer1.cpp:22]   --->   Operation 51 'call' 'call_ln22' <Predicate = true> <Delay = 0.00> <CoreType = "Generic">   --->   Core 0 '' <Latency = 0> <II = 1> <Delay = 1.00> <Generic> <Opcode : >

State 12 <SV = 10> <Delay = 0.00>
ST_12 : Operation 52 [1/2] (0.00ns)   --->   "%call_ln22 = call void @bnn_layer1_xnor_Pipeline_LOAD_LOOP, i1024 %gmem0, i57 %trunc_ln, i784 %local_weights" [bnn_layer1.cpp:22]   --->   Operation 52 'call' 'call_ln22' <Predicate = (load_weights_read)> <Delay = 0.00> <CoreType = "Generic">   --->   Core 0 '' <Latency = 0> <II = 1> <Delay = 1.00> <Generic> <Opcode : >
ST_12 : Operation 53 [1/1] (0.00ns)   --->   "%br_ln0 = br void %if.end30"   --->   Operation 53 'br' 'br_ln0' <Predicate = (load_weights_read)> <Delay = 0.00>
ST_12 : Operation 54 [1/1] (0.00ns)   --->   "%ret_ln51 = ret" [bnn_layer1.cpp:51]   --->   Operation 54 'ret' 'ret_ln51' <Predicate = true> <Delay = 0.00>


============================================================
+ Verbose Summary: Timing violations
============================================================
Target clock period: 5.000ns, clock uncertainty: 1.350ns.

 <State 1>: 1.000ns
The critical path consists of the following:
	s_axi read operation ('weights_read', bnn_layer1.cpp:5) on port 'weights' (bnn_layer1.cpp:5) [28]  (1.000 ns)

 <State 2>: 2.792ns
The critical path consists of the following:
	'call' operation 0 bit ('call_ln5', bnn_layer1.cpp:5) to 'bnn_layer1_xnor_Pipeline_NEURON_LOOP' [35]  (2.792 ns)

 <State 3>: 3.650ns
The critical path consists of the following:
	'getelementptr' operation 1024 bit ('gmem0_addr', bnn_layer1.cpp:22) [40]  (0.000 ns)
	bus request operation ('empty_21', bnn_layer1.cpp:22) on port 'gmem0' (bnn_layer1.cpp:22) [41]  (3.650 ns)

 <State 4>: 3.650ns
The critical path consists of the following:
	bus request operation ('empty_21', bnn_layer1.cpp:22) on port 'gmem0' (bnn_layer1.cpp:22) [41]  (3.650 ns)

 <State 5>: 3.650ns
The critical path consists of the following:
	bus request operation ('empty_21', bnn_layer1.cpp:22) on port 'gmem0' (bnn_layer1.cpp:22) [41]  (3.650 ns)

 <State 6>: 3.650ns
The critical path consists of the following:
	bus request operation ('empty_21', bnn_layer1.cpp:22) on port 'gmem0' (bnn_layer1.cpp:22) [41]  (3.650 ns)

 <State 7>: 3.650ns
The critical path consists of the following:
	bus request operation ('empty_21', bnn_layer1.cpp:22) on port 'gmem0' (bnn_layer1.cpp:22) [41]  (3.650 ns)

 <State 8>: 3.650ns
The critical path consists of the following:
	bus request operation ('empty_21', bnn_layer1.cpp:22) on port 'gmem0' (bnn_layer1.cpp:22) [41]  (3.650 ns)

 <State 9>: 3.650ns
The critical path consists of the following:
	bus request operation ('empty_21', bnn_layer1.cpp:22) on port 'gmem0' (bnn_layer1.cpp:22) [41]  (3.650 ns)

 <State 10>: 3.650ns
The critical path consists of the following:
	bus request operation ('empty_21', bnn_layer1.cpp:22) on port 'gmem0' (bnn_layer1.cpp:22) [41]  (3.650 ns)

 <State 11>: 0.000ns
The critical path consists of the following:

 <State 12>: 0.000ns
The critical path consists of the following:


============================================================
+ Verbose Summary: Binding
============================================================
N/A
* FSMD analyzer results:
  - Output states:
 - Input state : 
  - Chain level:
	State 1
	State 2
	State 3
	State 4
	State 5
	State 6
	State 7
	State 8
	State 9
	State 10
	State 11
	State 12


============================================================
+ Verbose Summary: Datapath Resource usage 
============================================================
N/A
