

================================================================
== Synthesis Summary Report of 'bnn_layer1_xnor'
================================================================
+ General Information: 
    * Date:           Mon Mar  2 16:34:34 2026
    * Version:        2024.1 (Build 5069499 on May 21 2024)
    * Project:        bnn_layer1
    * Solution:       hls (Vivado IP Flow Target)
    * Product family: zynquplus
    * Target device:  xczu3eg-sfvc784-2-e
    

+ Performance & Resource Estimates: 
    
    PS: '+' for module; 'o' for loop; '*' for dataflow
    +-------------------+------+------+---------+-----------+----------+---------+------+----------+----------+----+-----------+------------+-----+
    |      Modules      | Issue|      | Latency |  Latency  | Iteration|         | Trip |          |          |    |           |            |     |
    |      & Loops      | Type | Slack| (cycles)|    (ns)   |  Latency | Interval| Count| Pipelined|   BRAM   | DSP|     FF    |     LUT    | URAM|
    +-------------------+------+------+---------+-----------+----------+---------+------+----------+----------+----+-----------+------------+-----+
    |+ bnn_layer1_xnor  |    II|  0.00|      275|  1.375e+03|         -|      256|     -|    rewind|  58 (13%)|   -|  5874 (4%)|  9654 (13%)|    -|
    | o NEURON_LOOP     |     -|  3.65|      273|  1.365e+03|        19|        1|   256|       yes|         -|   -|          -|           -|    -|
    +-------------------+------+------+---------+-----------+----------+---------+------+----------+----------+----+-----------+------------+-----+


================================================================
== HW Interfaces
================================================================
* M_AXI
+-------------+------------+-------------+---------------+---------+--------+----------+-----------+--------------+--------------+-------------+-------------+-------------------+
| Interface   | Read/Write | Data Width  | Address Width | Latency | Offset | Register | Max Widen | Max Read     | Max Write    | Num Read    | Num Write   | Resource Estimate |
|             |            | (SW->HW)    |               |         |        |          | Bitwidth  | Burst Length | Burst Length | Outstanding | Outstanding |                   |
+-------------+------------+-------------+---------------+---------+--------+----------+-----------+--------------+--------------+-------------+-------------+-------------------+
| m_axi_gmem0 | WRITE_ONLY | 16 -> 16    | 64            | 0       | slave  | 0        | 0         | 16           | 16           | 16          | 16          | BRAM=1            |
| m_axi_gmem1 | READ_ONLY  | 784 -> 1024 | 64            | 0       | slave  | 0        | 0         | 16           | 16           | 16          | 16          | BRAM=57           |
+-------------+------------+-------------+---------------+---------+--------+----------+-----------+--------------+--------------+-------------+-------------+-------------------+

* S_AXILITE Interfaces
+---------------+------------+---------------+--------+----------+
| Interface     | Data Width | Address Width | Offset | Register |
+---------------+------------+---------------+--------+----------+
| s_axi_control | 32         | 6             | 16     | 0        |
+---------------+------------+---------------+--------+----------+

* S_AXILITE Registers
+---------------+------------+--------+-------+--------+----------------------------------+----------------------------------------------------------------------+
| Interface     | Register   | Offset | Width | Access | Description                      | Bit Fields                                                           |
+---------------+------------+--------+-------+--------+----------------------------------+----------------------------------------------------------------------+
| s_axi_control | CTRL       | 0x00   | 32    | RW     | Control signals                  | 0=AP_START 1=AP_DONE 2=AP_IDLE 3=AP_READY 7=AUTO_RESTART 9=INTERRUPT |
| s_axi_control | GIER       | 0x04   | 32    | RW     | Global Interrupt Enable Register | 0=Enable                                                             |
| s_axi_control | IP_IER     | 0x08   | 32    | RW     | IP Interrupt Enable Register     | 0=CHAN0_INT_EN 1=CHAN1_INT_EN                                        |
| s_axi_control | IP_ISR     | 0x0c   | 32    | RW     | IP Interrupt Status Register     | 0=CHAN0_INT_ST 1=CHAN1_INT_ST                                        |
| s_axi_control | output_r_1 | 0x10   | 32    | W      | Data signal of output_r          |                                                                      |
| s_axi_control | output_r_2 | 0x14   | 32    | W      | Data signal of output_r          |                                                                      |
| s_axi_control | weights_1  | 0x1c   | 32    | W      | Data signal of weights           |                                                                      |
| s_axi_control | weights_2  | 0x20   | 32    | W      | Data signal of weights           |                                                                      |
+---------------+------------+--------+-------+--------+----------------------------------+----------------------------------------------------------------------+

* Other Ports
+---------+---------+-----------+----------+
| Port    | Mode    | Direction | Bitwidth |
+---------+---------+-----------+----------+
| input_r | ap_none | in        | 784      |
+---------+---------+-----------+----------+

* TOP LEVEL CONTROL
+-----------+------------+-----------+
| Interface | Type       | Ports     |
+-----------+------------+-----------+
| ap_clk    | clock      | ap_clk    |
| ap_rst_n  | reset      | ap_rst_n  |
| interrupt | interrupt  | interrupt |
| ap_ctrl   | ap_ctrl_hs |           |
+-----------+------------+-----------+


================================================================
== SW I/O Information
================================================================
* Top Function Arguments
+----------+-----------+---------------+
| Argument | Direction | Datatype      |
+----------+-----------+---------------+
| input    | in        | ap_uint<784>  |
| output   | out       | ap_int<16>*   |
| weights  | in        | ap_uint<784>* |
+----------+-----------+---------------+

* SW-to-HW Mapping
+----------+---------------+-----------+----------+--------------------------------------+
| Argument | HW Interface  | HW Type   | HW Usage | HW Info                              |
+----------+---------------+-----------+----------+--------------------------------------+
| input    | input_r       | port      |          |                                      |
| output   | m_axi_gmem0   | interface |          | channel=0                            |
| output   | s_axi_control | register  | offset   | name=output_r_1 offset=0x10 range=32 |
| output   | s_axi_control | register  | offset   | name=output_r_2 offset=0x14 range=32 |
| weights  | m_axi_gmem1   | interface |          | channel=0                            |
| weights  | s_axi_control | register  | offset   | name=weights_1 offset=0x1c range=32  |
| weights  | s_axi_control | register  | offset   | name=weights_2 offset=0x20 range=32  |
+----------+---------------+-----------+----------+--------------------------------------+


================================================================
== M_AXI Burst Information
================================================================
 Note: All burst requests might be further partitioned into multiple requests during RTL generation based on max_read_burst_length or max_write_burst_length settings.

* Inferred Burst Summary
+--------------+-----------+--------+-------+-------------+----------------------+
| HW Interface | Direction | Length | Width | Loop        | Loop Location        |
+--------------+-----------+--------+-------+-------------+----------------------+
| m_axi_gmem0  | write     | 256    | 16    | NEURON_LOOP | bnn_layer1.cpp:13:15 |
| m_axi_gmem1  | read      | 256    | 1024  | NEURON_LOOP | bnn_layer1.cpp:13:15 |
+--------------+-----------+--------+-------+-------------+----------------------+

* All M_AXI Variable Accesses
+--------------+----------+----------------------+-----------+--------------+--------+-------------+----------------------+------------+-------------------------------------------------------------------------------------------------------+
| HW Interface | Variable | Access Location      | Direction | Burst Status | Length | Loop        | Loop Location        | Resolution | Problem                                                                                               |
+--------------+----------+----------------------+-----------+--------------+--------+-------------+----------------------+------------+-------------------------------------------------------------------------------------------------------+
| m_axi_gmem0  | output   | bnn_layer1.cpp:30:19 | write     | Widen Fail   |        | NEURON_LOOP | bnn_layer1.cpp:13:15 | 214-353    | Could not widen since type i16 size is greater than or equal to the max_widen_bitwidth threshold of 0 |
| m_axi_gmem0  | output   | bnn_layer1.cpp:30:19 | write     | Inferred     | 256    | NEURON_LOOP | bnn_layer1.cpp:13:15 |            |                                                                                                       |
| m_axi_gmem1  | weights  | bnn_layer1.cpp:19:37 | read      | Widen Fail   |        |             |                      |            | i784 allocated space contains padding. This is unsupported                                            |
| m_axi_gmem1  | weights  | bnn_layer1.cpp:19:37 | read      | Inferred     | 256    | NEURON_LOOP | bnn_layer1.cpp:13:15 |            |                                                                                                       |
+--------------+----------+----------------------+-----------+--------------+--------+-------------+----------------------+------------+-------------------------------------------------------------------------------------------------------+

    * Resolution URL: docs.xilinx.com/access/sources/dita/topic?Doc_Version=2024.1%20English&url=ug1448-hls-guidance&resourceid=XXX-YYY.html (replace XXX-YYY with column value)

================================================================
== Bind Op Report
================================================================
+----------------------------+-----+--------+--------------+-------+--------+---------+
| Name                       | DSP | Pragma | Variable     | Op    | Impl   | Latency |
+----------------------------+-----+--------+--------------+-------+--------+---------+
| + bnn_layer1_xnor          | 0   |        |              |       |        |         |
|   xor_ln19_fu_1768_p2      |     |        | xor_ln19     | xor   | auto   | 0       |
|   xnor_result_fu_1774_p2   |     |        | xnor_result  | xor   | auto   | 0       |
|   add_ln30_4_fu_11215_p2   |     |        | add_ln30_4   | add   | fabric | 0       |
|   add_ln30_9_fu_11257_p2   |     |        | add_ln30_9   | add   | fabric | 0       |
|   add_ln30_10_fu_11267_p2  |     |        | add_ln30_10  | add   | fabric | 0       |
|   add_ln30_15_fu_11309_p2  |     |        | add_ln30_15  | add   | fabric | 0       |
|   add_ln30_20_fu_11351_p2  |     |        | add_ln30_20  | add   | fabric | 0       |
|   add_ln30_21_fu_11361_p2  |     |        | add_ln30_21  | add   | fabric | 0       |
|   add_ln30_22_fu_11371_p2  |     |        | add_ln30_22  | add   | fabric | 0       |
|   add_ln30_27_fu_11413_p2  |     |        | add_ln30_27  | add   | fabric | 0       |
|   add_ln30_32_fu_11455_p2  |     |        | add_ln30_32  | add   | fabric | 0       |
|   add_ln30_33_fu_11465_p2  |     |        | add_ln30_33  | add   | fabric | 0       |
|   add_ln30_38_fu_11507_p2  |     |        | add_ln30_38  | add   | fabric | 0       |
|   add_ln30_41_fu_11533_p2  |     |        | add_ln30_41  | add   | fabric | 0       |
|   add_ln30_42_fu_11543_p2  |     |        | add_ln30_42  | add   | fabric | 0       |
|   add_ln30_45_fu_11569_p2  |     |        | add_ln30_45  | add   | fabric | 0       |
|   add_ln30_46_fu_11579_p2  |     |        | add_ln30_46  | add   | fabric | 0       |
|   add_ln30_47_fu_11589_p2  |     |        | add_ln30_47  | add   | fabric | 0       |
|   add_ln30_52_fu_11627_p2  |     |        | add_ln30_52  | add   | fabric | 0       |
|   add_ln30_57_fu_11669_p2  |     |        | add_ln30_57  | add   | fabric | 0       |
|   add_ln30_58_fu_11679_p2  |     |        | add_ln30_58  | add   | fabric | 0       |
|   add_ln30_63_fu_11721_p2  |     |        | add_ln30_63  | add   | fabric | 0       |
|   add_ln30_68_fu_11763_p2  |     |        | add_ln30_68  | add   | fabric | 0       |
|   add_ln30_69_fu_11773_p2  |     |        | add_ln30_69  | add   | fabric | 0       |
|   add_ln30_70_fu_11783_p2  |     |        | add_ln30_70  | add   | fabric | 0       |
|   add_ln30_75_fu_11825_p2  |     |        | add_ln30_75  | add   | fabric | 0       |
|   add_ln30_80_fu_11867_p2  |     |        | add_ln30_80  | add   | fabric | 0       |
|   add_ln30_81_fu_11877_p2  |     |        | add_ln30_81  | add   | fabric | 0       |
|   add_ln30_86_fu_11919_p2  |     |        | add_ln30_86  | add   | fabric | 0       |
|   add_ln30_89_fu_11945_p2  |     |        | add_ln30_89  | add   | fabric | 0       |
|   add_ln30_90_fu_11955_p2  |     |        | add_ln30_90  | add   | fabric | 0       |
|   add_ln30_93_fu_11981_p2  |     |        | add_ln30_93  | add   | fabric | 0       |
|   add_ln30_94_fu_11991_p2  |     |        | add_ln30_94  | add   | fabric | 0       |
|   add_ln30_95_fu_12001_p2  |     |        | add_ln30_95  | add   | fabric | 0       |
|   add_ln30_96_fu_17781_p2  |     |        | add_ln30_96  | add   | fabric | 0       |
|   add_ln30_101_fu_12039_p2 |     |        | add_ln30_101 | add   | fabric | 0       |
|   add_ln30_106_fu_12081_p2 |     |        | add_ln30_106 | add   | fabric | 0       |
|   add_ln30_107_fu_12091_p2 |     |        | add_ln30_107 | add   | fabric | 0       |
|   add_ln30_112_fu_12133_p2 |     |        | add_ln30_112 | add   | fabric | 0       |
|   add_ln30_117_fu_12175_p2 |     |        | add_ln30_117 | add   | fabric | 0       |
|   add_ln30_118_fu_12185_p2 |     |        | add_ln30_118 | add   | fabric | 0       |
|   add_ln30_119_fu_12195_p2 |     |        | add_ln30_119 | add   | fabric | 0       |
|   add_ln30_124_fu_12237_p2 |     |        | add_ln30_124 | add   | fabric | 0       |
|   add_ln30_129_fu_12279_p2 |     |        | add_ln30_129 | add   | fabric | 0       |
|   add_ln30_130_fu_12289_p2 |     |        | add_ln30_130 | add   | fabric | 0       |
|   add_ln30_135_fu_12331_p2 |     |        | add_ln30_135 | add   | fabric | 0       |
|   add_ln30_138_fu_12357_p2 |     |        | add_ln30_138 | add   | fabric | 0       |
|   add_ln30_139_fu_12367_p2 |     |        | add_ln30_139 | add   | fabric | 0       |
|   add_ln30_142_fu_12393_p2 |     |        | add_ln30_142 | add   | fabric | 0       |
|   add_ln30_143_fu_12403_p2 |     |        | add_ln30_143 | add   | fabric | 0       |
|   add_ln30_144_fu_12413_p2 |     |        | add_ln30_144 | add   | fabric | 0       |
|   add_ln30_149_fu_12451_p2 |     |        | add_ln30_149 | add   | fabric | 0       |
|   add_ln30_154_fu_12493_p2 |     |        | add_ln30_154 | add   | fabric | 0       |
|   add_ln30_155_fu_12503_p2 |     |        | add_ln30_155 | add   | fabric | 0       |
|   add_ln30_160_fu_12545_p2 |     |        | add_ln30_160 | add   | fabric | 0       |
|   add_ln30_165_fu_12587_p2 |     |        | add_ln30_165 | add   | fabric | 0       |
|   add_ln30_166_fu_12597_p2 |     |        | add_ln30_166 | add   | fabric | 0       |
|   add_ln30_167_fu_12607_p2 |     |        | add_ln30_167 | add   | fabric | 0       |
|   add_ln30_172_fu_12649_p2 |     |        | add_ln30_172 | add   | fabric | 0       |
|   add_ln30_177_fu_12691_p2 |     |        | add_ln30_177 | add   | fabric | 0       |
|   add_ln30_178_fu_12701_p2 |     |        | add_ln30_178 | add   | fabric | 0       |
|   add_ln30_183_fu_12743_p2 |     |        | add_ln30_183 | add   | fabric | 0       |
|   add_ln30_186_fu_12769_p2 |     |        | add_ln30_186 | add   | fabric | 0       |
|   add_ln30_187_fu_12779_p2 |     |        | add_ln30_187 | add   | fabric | 0       |
|   add_ln30_190_fu_12805_p2 |     |        | add_ln30_190 | add   | fabric | 0       |
|   add_ln30_191_fu_12815_p2 |     |        | add_ln30_191 | add   | fabric | 0       |
|   add_ln30_192_fu_12825_p2 |     |        | add_ln30_192 | add   | fabric | 0       |
|   add_ln30_193_fu_17797_p2 |     |        | add_ln30_193 | add   | fabric | 0       |
|   add_ln30_194_fu_17807_p2 |     |        | add_ln30_194 | add   | fabric | 0       |
|   add_ln30_199_fu_12863_p2 |     |        | add_ln30_199 | add   | fabric | 0       |
|   add_ln30_204_fu_12905_p2 |     |        | add_ln30_204 | add   | fabric | 0       |
|   add_ln30_205_fu_12915_p2 |     |        | add_ln30_205 | add   | fabric | 0       |
|   add_ln30_210_fu_12957_p2 |     |        | add_ln30_210 | add   | fabric | 0       |
|   add_ln30_215_fu_12999_p2 |     |        | add_ln30_215 | add   | fabric | 0       |
|   add_ln30_216_fu_13009_p2 |     |        | add_ln30_216 | add   | fabric | 0       |
|   add_ln30_217_fu_13019_p2 |     |        | add_ln30_217 | add   | fabric | 0       |
|   add_ln30_222_fu_13061_p2 |     |        | add_ln30_222 | add   | fabric | 0       |
|   add_ln30_227_fu_13103_p2 |     |        | add_ln30_227 | add   | fabric | 0       |
|   add_ln30_228_fu_13113_p2 |     |        | add_ln30_228 | add   | fabric | 0       |
|   add_ln30_233_fu_13155_p2 |     |        | add_ln30_233 | add   | fabric | 0       |
|   add_ln30_236_fu_13181_p2 |     |        | add_ln30_236 | add   | fabric | 0       |
|   add_ln30_237_fu_13191_p2 |     |        | add_ln30_237 | add   | fabric | 0       |
|   add_ln30_240_fu_13217_p2 |     |        | add_ln30_240 | add   | fabric | 0       |
|   add_ln30_241_fu_13227_p2 |     |        | add_ln30_241 | add   | fabric | 0       |
|   add_ln30_242_fu_13237_p2 |     |        | add_ln30_242 | add   | fabric | 0       |
|   add_ln30_247_fu_13275_p2 |     |        | add_ln30_247 | add   | fabric | 0       |
|   add_ln30_252_fu_13317_p2 |     |        | add_ln30_252 | add   | fabric | 0       |
|   add_ln30_253_fu_13327_p2 |     |        | add_ln30_253 | add   | fabric | 0       |
|   add_ln30_258_fu_13369_p2 |     |        | add_ln30_258 | add   | fabric | 0       |
|   add_ln30_263_fu_13411_p2 |     |        | add_ln30_263 | add   | fabric | 0       |
|   add_ln30_264_fu_13421_p2 |     |        | add_ln30_264 | add   | fabric | 0       |
|   add_ln30_265_fu_13431_p2 |     |        | add_ln30_265 | add   | fabric | 0       |
|   add_ln30_270_fu_13473_p2 |     |        | add_ln30_270 | add   | fabric | 0       |
|   add_ln30_275_fu_13515_p2 |     |        | add_ln30_275 | add   | fabric | 0       |
|   add_ln30_276_fu_13525_p2 |     |        | add_ln30_276 | add   | fabric | 0       |
|   add_ln30_281_fu_13567_p2 |     |        | add_ln30_281 | add   | fabric | 0       |
|   add_ln30_284_fu_13593_p2 |     |        | add_ln30_284 | add   | fabric | 0       |
|   add_ln30_285_fu_13603_p2 |     |        | add_ln30_285 | add   | fabric | 0       |
|   add_ln30_288_fu_13629_p2 |     |        | add_ln30_288 | add   | fabric | 0       |
|   add_ln30_289_fu_13639_p2 |     |        | add_ln30_289 | add   | fabric | 0       |
|   add_ln30_290_fu_13649_p2 |     |        | add_ln30_290 | add   | fabric | 0       |
|   add_ln30_291_fu_17823_p2 |     |        | add_ln30_291 | add   | fabric | 0       |
|   add_ln30_296_fu_13687_p2 |     |        | add_ln30_296 | add   | fabric | 0       |
|   add_ln30_301_fu_13729_p2 |     |        | add_ln30_301 | add   | fabric | 0       |
|   add_ln30_302_fu_13739_p2 |     |        | add_ln30_302 | add   | fabric | 0       |
|   add_ln30_307_fu_13781_p2 |     |        | add_ln30_307 | add   | fabric | 0       |
|   add_ln30_312_fu_13823_p2 |     |        | add_ln30_312 | add   | fabric | 0       |
|   add_ln30_313_fu_13833_p2 |     |        | add_ln30_313 | add   | fabric | 0       |
|   add_ln30_314_fu_13843_p2 |     |        | add_ln30_314 | add   | fabric | 0       |
|   add_ln30_319_fu_13885_p2 |     |        | add_ln30_319 | add   | fabric | 0       |
|   add_ln30_324_fu_13927_p2 |     |        | add_ln30_324 | add   | fabric | 0       |
|   add_ln30_325_fu_13937_p2 |     |        | add_ln30_325 | add   | fabric | 0       |
|   add_ln30_330_fu_13979_p2 |     |        | add_ln30_330 | add   | fabric | 0       |
|   add_ln30_333_fu_14005_p2 |     |        | add_ln30_333 | add   | fabric | 0       |
|   add_ln30_334_fu_14015_p2 |     |        | add_ln30_334 | add   | fabric | 0       |
|   add_ln30_337_fu_14041_p2 |     |        | add_ln30_337 | add   | fabric | 0       |
|   add_ln30_338_fu_14051_p2 |     |        | add_ln30_338 | add   | fabric | 0       |
|   add_ln30_339_fu_14061_p2 |     |        | add_ln30_339 | add   | fabric | 0       |
|   add_ln30_344_fu_14099_p2 |     |        | add_ln30_344 | add   | fabric | 0       |
|   add_ln30_349_fu_14141_p2 |     |        | add_ln30_349 | add   | fabric | 0       |
|   add_ln30_350_fu_14151_p2 |     |        | add_ln30_350 | add   | fabric | 0       |
|   add_ln30_355_fu_14193_p2 |     |        | add_ln30_355 | add   | fabric | 0       |
|   add_ln30_360_fu_14235_p2 |     |        | add_ln30_360 | add   | fabric | 0       |
|   add_ln30_361_fu_14245_p2 |     |        | add_ln30_361 | add   | fabric | 0       |
|   add_ln30_362_fu_14255_p2 |     |        | add_ln30_362 | add   | fabric | 0       |
|   add_ln30_367_fu_14297_p2 |     |        | add_ln30_367 | add   | fabric | 0       |
|   add_ln30_372_fu_14339_p2 |     |        | add_ln30_372 | add   | fabric | 0       |
|   add_ln30_373_fu_14349_p2 |     |        | add_ln30_373 | add   | fabric | 0       |
|   add_ln30_378_fu_14391_p2 |     |        | add_ln30_378 | add   | fabric | 0       |
|   add_ln30_381_fu_14417_p2 |     |        | add_ln30_381 | add   | fabric | 0       |
|   add_ln30_382_fu_14427_p2 |     |        | add_ln30_382 | add   | fabric | 0       |
|   add_ln30_385_fu_14453_p2 |     |        | add_ln30_385 | add   | fabric | 0       |
|   add_ln30_386_fu_14463_p2 |     |        | add_ln30_386 | add   | fabric | 0       |
|   add_ln30_387_fu_14473_p2 |     |        | add_ln30_387 | add   | fabric | 0       |
|   add_ln30_388_fu_17839_p2 |     |        | add_ln30_388 | add   | fabric | 0       |
|   add_ln30_389_fu_17849_p2 |     |        | add_ln30_389 | add   | fabric | 0       |
|   add_ln30_390_fu_17859_p2 |     |        | add_ln30_390 | add   | fabric | 0       |
|   add_ln30_395_fu_14511_p2 |     |        | add_ln30_395 | add   | fabric | 0       |
|   add_ln30_400_fu_14553_p2 |     |        | add_ln30_400 | add   | fabric | 0       |
|   add_ln30_401_fu_14563_p2 |     |        | add_ln30_401 | add   | fabric | 0       |
|   add_ln30_406_fu_14605_p2 |     |        | add_ln30_406 | add   | fabric | 0       |
|   add_ln30_411_fu_14647_p2 |     |        | add_ln30_411 | add   | fabric | 0       |
|   add_ln30_412_fu_14657_p2 |     |        | add_ln30_412 | add   | fabric | 0       |
|   add_ln30_413_fu_14667_p2 |     |        | add_ln30_413 | add   | fabric | 0       |
|   add_ln30_418_fu_14709_p2 |     |        | add_ln30_418 | add   | fabric | 0       |
|   add_ln30_423_fu_14751_p2 |     |        | add_ln30_423 | add   | fabric | 0       |
|   add_ln30_424_fu_14761_p2 |     |        | add_ln30_424 | add   | fabric | 0       |
|   add_ln30_429_fu_14803_p2 |     |        | add_ln30_429 | add   | fabric | 0       |
|   add_ln30_432_fu_14829_p2 |     |        | add_ln30_432 | add   | fabric | 0       |
|   add_ln30_433_fu_14839_p2 |     |        | add_ln30_433 | add   | fabric | 0       |
|   add_ln30_436_fu_14865_p2 |     |        | add_ln30_436 | add   | fabric | 0       |
|   add_ln30_437_fu_14875_p2 |     |        | add_ln30_437 | add   | fabric | 0       |
|   add_ln30_438_fu_14885_p2 |     |        | add_ln30_438 | add   | fabric | 0       |
|   add_ln30_443_fu_14923_p2 |     |        | add_ln30_443 | add   | fabric | 0       |
|   add_ln30_448_fu_14965_p2 |     |        | add_ln30_448 | add   | fabric | 0       |
|   add_ln30_449_fu_14975_p2 |     |        | add_ln30_449 | add   | fabric | 0       |
|   add_ln30_454_fu_15017_p2 |     |        | add_ln30_454 | add   | fabric | 0       |
|   add_ln30_459_fu_15059_p2 |     |        | add_ln30_459 | add   | fabric | 0       |
|   add_ln30_460_fu_15069_p2 |     |        | add_ln30_460 | add   | fabric | 0       |
|   add_ln30_461_fu_15079_p2 |     |        | add_ln30_461 | add   | fabric | 0       |
|   add_ln30_466_fu_15121_p2 |     |        | add_ln30_466 | add   | fabric | 0       |
|   add_ln30_471_fu_15163_p2 |     |        | add_ln30_471 | add   | fabric | 0       |
|   add_ln30_472_fu_15173_p2 |     |        | add_ln30_472 | add   | fabric | 0       |
|   add_ln30_477_fu_15215_p2 |     |        | add_ln30_477 | add   | fabric | 0       |
|   add_ln30_480_fu_15241_p2 |     |        | add_ln30_480 | add   | fabric | 0       |
|   add_ln30_481_fu_15251_p2 |     |        | add_ln30_481 | add   | fabric | 0       |
|   add_ln30_484_fu_15277_p2 |     |        | add_ln30_484 | add   | fabric | 0       |
|   add_ln30_485_fu_15287_p2 |     |        | add_ln30_485 | add   | fabric | 0       |
|   add_ln30_486_fu_15297_p2 |     |        | add_ln30_486 | add   | fabric | 0       |
|   add_ln30_487_fu_17875_p2 |     |        | add_ln30_487 | add   | fabric | 0       |
|   add_ln30_492_fu_15335_p2 |     |        | add_ln30_492 | add   | fabric | 0       |
|   add_ln30_497_fu_15377_p2 |     |        | add_ln30_497 | add   | fabric | 0       |
|   add_ln30_498_fu_15387_p2 |     |        | add_ln30_498 | add   | fabric | 0       |
|   add_ln30_503_fu_15429_p2 |     |        | add_ln30_503 | add   | fabric | 0       |
|   add_ln30_508_fu_15471_p2 |     |        | add_ln30_508 | add   | fabric | 0       |
|   add_ln30_509_fu_15481_p2 |     |        | add_ln30_509 | add   | fabric | 0       |
|   add_ln30_510_fu_15491_p2 |     |        | add_ln30_510 | add   | fabric | 0       |
|   add_ln30_515_fu_15533_p2 |     |        | add_ln30_515 | add   | fabric | 0       |
|   add_ln30_520_fu_15575_p2 |     |        | add_ln30_520 | add   | fabric | 0       |
|   add_ln30_521_fu_15585_p2 |     |        | add_ln30_521 | add   | fabric | 0       |
|   add_ln30_526_fu_15627_p2 |     |        | add_ln30_526 | add   | fabric | 0       |
|   add_ln30_529_fu_15653_p2 |     |        | add_ln30_529 | add   | fabric | 0       |
|   add_ln30_530_fu_15663_p2 |     |        | add_ln30_530 | add   | fabric | 0       |
|   add_ln30_533_fu_15689_p2 |     |        | add_ln30_533 | add   | fabric | 0       |
|   add_ln30_534_fu_15699_p2 |     |        | add_ln30_534 | add   | fabric | 0       |
|   add_ln30_535_fu_15709_p2 |     |        | add_ln30_535 | add   | fabric | 0       |
|   add_ln30_540_fu_15747_p2 |     |        | add_ln30_540 | add   | fabric | 0       |
|   add_ln30_545_fu_15789_p2 |     |        | add_ln30_545 | add   | fabric | 0       |
|   add_ln30_546_fu_15799_p2 |     |        | add_ln30_546 | add   | fabric | 0       |
|   add_ln30_551_fu_15841_p2 |     |        | add_ln30_551 | add   | fabric | 0       |
|   add_ln30_556_fu_15883_p2 |     |        | add_ln30_556 | add   | fabric | 0       |
|   add_ln30_557_fu_15893_p2 |     |        | add_ln30_557 | add   | fabric | 0       |
|   add_ln30_558_fu_15903_p2 |     |        | add_ln30_558 | add   | fabric | 0       |
|   add_ln30_563_fu_15945_p2 |     |        | add_ln30_563 | add   | fabric | 0       |
|   add_ln30_568_fu_15987_p2 |     |        | add_ln30_568 | add   | fabric | 0       |
|   add_ln30_569_fu_15997_p2 |     |        | add_ln30_569 | add   | fabric | 0       |
|   add_ln30_574_fu_16039_p2 |     |        | add_ln30_574 | add   | fabric | 0       |
|   add_ln30_577_fu_16065_p2 |     |        | add_ln30_577 | add   | fabric | 0       |
|   add_ln30_578_fu_16075_p2 |     |        | add_ln30_578 | add   | fabric | 0       |
|   add_ln30_581_fu_16101_p2 |     |        | add_ln30_581 | add   | fabric | 0       |
|   add_ln30_582_fu_16111_p2 |     |        | add_ln30_582 | add   | fabric | 0       |
|   add_ln30_583_fu_16121_p2 |     |        | add_ln30_583 | add   | fabric | 0       |
|   add_ln30_584_fu_17891_p2 |     |        | add_ln30_584 | add   | fabric | 0       |
|   add_ln30_585_fu_17901_p2 |     |        | add_ln30_585 | add   | fabric | 0       |
|   add_ln30_590_fu_16159_p2 |     |        | add_ln30_590 | add   | fabric | 0       |
|   add_ln30_595_fu_16201_p2 |     |        | add_ln30_595 | add   | fabric | 0       |
|   add_ln30_596_fu_16211_p2 |     |        | add_ln30_596 | add   | fabric | 0       |
|   add_ln30_601_fu_16253_p2 |     |        | add_ln30_601 | add   | fabric | 0       |
|   add_ln30_606_fu_16295_p2 |     |        | add_ln30_606 | add   | fabric | 0       |
|   add_ln30_607_fu_16305_p2 |     |        | add_ln30_607 | add   | fabric | 0       |
|   add_ln30_608_fu_16315_p2 |     |        | add_ln30_608 | add   | fabric | 0       |
|   add_ln30_613_fu_16357_p2 |     |        | add_ln30_613 | add   | fabric | 0       |
|   add_ln30_618_fu_16399_p2 |     |        | add_ln30_618 | add   | fabric | 0       |
|   add_ln30_619_fu_16409_p2 |     |        | add_ln30_619 | add   | fabric | 0       |
|   add_ln30_624_fu_16451_p2 |     |        | add_ln30_624 | add   | fabric | 0       |
|   add_ln30_627_fu_16477_p2 |     |        | add_ln30_627 | add   | fabric | 0       |
|   add_ln30_628_fu_16487_p2 |     |        | add_ln30_628 | add   | fabric | 0       |
|   add_ln30_631_fu_16513_p2 |     |        | add_ln30_631 | add   | fabric | 0       |
|   add_ln30_632_fu_16523_p2 |     |        | add_ln30_632 | add   | fabric | 0       |
|   add_ln30_633_fu_16533_p2 |     |        | add_ln30_633 | add   | fabric | 0       |
|   add_ln30_638_fu_16571_p2 |     |        | add_ln30_638 | add   | fabric | 0       |
|   add_ln30_643_fu_16613_p2 |     |        | add_ln30_643 | add   | fabric | 0       |
|   add_ln30_644_fu_16623_p2 |     |        | add_ln30_644 | add   | fabric | 0       |
|   add_ln30_649_fu_16665_p2 |     |        | add_ln30_649 | add   | fabric | 0       |
|   add_ln30_654_fu_16707_p2 |     |        | add_ln30_654 | add   | fabric | 0       |
|   add_ln30_655_fu_16717_p2 |     |        | add_ln30_655 | add   | fabric | 0       |
|   add_ln30_656_fu_16727_p2 |     |        | add_ln30_656 | add   | fabric | 0       |
|   add_ln30_661_fu_16769_p2 |     |        | add_ln30_661 | add   | fabric | 0       |
|   add_ln30_666_fu_16811_p2 |     |        | add_ln30_666 | add   | fabric | 0       |
|   add_ln30_667_fu_16821_p2 |     |        | add_ln30_667 | add   | fabric | 0       |
|   add_ln30_672_fu_16863_p2 |     |        | add_ln30_672 | add   | fabric | 0       |
|   add_ln30_675_fu_16889_p2 |     |        | add_ln30_675 | add   | fabric | 0       |
|   add_ln30_676_fu_16899_p2 |     |        | add_ln30_676 | add   | fabric | 0       |
|   add_ln30_679_fu_16925_p2 |     |        | add_ln30_679 | add   | fabric | 0       |
|   add_ln30_680_fu_16935_p2 |     |        | add_ln30_680 | add   | fabric | 0       |
|   add_ln30_681_fu_16945_p2 |     |        | add_ln30_681 | add   | fabric | 0       |
|   add_ln30_682_fu_17917_p2 |     |        | add_ln30_682 | add   | fabric | 0       |
|   add_ln30_687_fu_16983_p2 |     |        | add_ln30_687 | add   | fabric | 0       |
|   add_ln30_692_fu_17025_p2 |     |        | add_ln30_692 | add   | fabric | 0       |
|   add_ln30_693_fu_17035_p2 |     |        | add_ln30_693 | add   | fabric | 0       |
|   add_ln30_698_fu_17077_p2 |     |        | add_ln30_698 | add   | fabric | 0       |
|   add_ln30_703_fu_17119_p2 |     |        | add_ln30_703 | add   | fabric | 0       |
|   add_ln30_704_fu_17129_p2 |     |        | add_ln30_704 | add   | fabric | 0       |
|   add_ln30_705_fu_17139_p2 |     |        | add_ln30_705 | add   | fabric | 0       |
|   add_ln30_710_fu_17181_p2 |     |        | add_ln30_710 | add   | fabric | 0       |
|   add_ln30_715_fu_17223_p2 |     |        | add_ln30_715 | add   | fabric | 0       |
|   add_ln30_716_fu_17233_p2 |     |        | add_ln30_716 | add   | fabric | 0       |
|   add_ln30_721_fu_17275_p2 |     |        | add_ln30_721 | add   | fabric | 0       |
|   add_ln30_724_fu_17301_p2 |     |        | add_ln30_724 | add   | fabric | 0       |
|   add_ln30_725_fu_17311_p2 |     |        | add_ln30_725 | add   | fabric | 0       |
|   add_ln30_728_fu_17337_p2 |     |        | add_ln30_728 | add   | fabric | 0       |
|   add_ln30_729_fu_17347_p2 |     |        | add_ln30_729 | add   | fabric | 0       |
|   add_ln30_730_fu_17357_p2 |     |        | add_ln30_730 | add   | fabric | 0       |
|   add_ln30_735_fu_17395_p2 |     |        | add_ln30_735 | add   | fabric | 0       |
|   add_ln30_740_fu_17437_p2 |     |        | add_ln30_740 | add   | fabric | 0       |
|   add_ln30_741_fu_17447_p2 |     |        | add_ln30_741 | add   | fabric | 0       |
|   add_ln30_746_fu_17489_p2 |     |        | add_ln30_746 | add   | fabric | 0       |
|   add_ln30_751_fu_17531_p2 |     |        | add_ln30_751 | add   | fabric | 0       |
|   add_ln30_752_fu_17541_p2 |     |        | add_ln30_752 | add   | fabric | 0       |
|   add_ln30_753_fu_17551_p2 |     |        | add_ln30_753 | add   | fabric | 0       |
|   add_ln30_758_fu_17593_p2 |     |        | add_ln30_758 | add   | fabric | 0       |
|   add_ln30_763_fu_17635_p2 |     |        | add_ln30_763 | add   | fabric | 0       |
|   add_ln30_764_fu_17645_p2 |     |        | add_ln30_764 | add   | fabric | 0       |
|   add_ln30_769_fu_17687_p2 |     |        | add_ln30_769 | add   | fabric | 0       |
|   add_ln30_772_fu_17713_p2 |     |        | add_ln30_772 | add   | fabric | 0       |
|   add_ln30_773_fu_17723_p2 |     |        | add_ln30_773 | add   | fabric | 0       |
|   add_ln30_776_fu_17749_p2 |     |        | add_ln30_776 | add   | fabric | 0       |
|   add_ln30_777_fu_17759_p2 |     |        | add_ln30_777 | add   | fabric | 0       |
|   add_ln30_778_fu_17769_p2 |     |        | add_ln30_778 | add   | fabric | 0       |
|   add_ln30_779_fu_17933_p2 |     |        | add_ln30_779 | add   | fabric | 0       |
|   add_ln30_780_fu_17943_p2 |     |        | add_ln30_780 | add   | fabric | 0       |
|   add_ln30_781_fu_17953_p2 |     |        | add_ln30_781 | add   | fabric | 0       |
|   add_ln30_782_fu_17963_p2 |     |        | add_ln30_782 | add   | fabric | 0       |
|   add_ln30_783_fu_17996_p2 |     |        | add_ln30_783 | add   | fabric | 0       |
|   n_fu_1728_p2             |     |        | n            | add   | fabric | 0       |
|   icmp_ln13_fu_1734_p2     |     |        | icmp_ln13    | seteq | auto   | 0       |
+----------------------------+-----+--------+--------------+-------+--------+---------+


================================================================
== Storage Report
================================================================
+-------------------+-----------+-----------+------+------+--------+----------+------+---------+------------------+
| Name              | Usage     | Type      | BRAM | URAM | Pragma | Variable | Impl | Latency | Bitwidth, Depth, |
|                   |           |           |      |      |        |          |      |         | Banks            |
+-------------------+-----------+-----------+------+------+--------+----------+------+---------+------------------+
| + bnn_layer1_xnor |           |           | 58   | 0    |        |          |      |         |                  |
|   control_s_axi_U | interface | s_axilite |      |      |        |          |      |         |                  |
|   gmem0_m_axi_U   | interface | m_axi     | 1    |      |        |          |      |         |                  |
|   gmem1_m_axi_U   | interface | m_axi     | 57   |      |        |          |      |         |                  |
+-------------------+-----------+-----------+------+------+--------+----------+------+---------+------------------+


================================================================
== Pragma Report
================================================================
* Valid Pragma Syntax
+-----------+-------------------------------------------+-----------------------------------------------+
| Type      | Options                                   | Location                                      |
+-----------+-------------------------------------------+-----------------------------------------------+
| interface | s_axilite port=return                     | bnn_layer1.cpp:9 in bnn_layer1_xnor, return   |
| interface | m_axi depth=256 port=output bundle=gmem0  | bnn_layer1.cpp:10 in bnn_layer1_xnor, output  |
| interface | m_axi depth=256 port=weights bundle=gmem1 | bnn_layer1.cpp:11 in bnn_layer1_xnor, weights |
| pipeline  | II=1                                      | bnn_layer1.cpp:16 in bnn_layer1_xnor          |
+-----------+-------------------------------------------+-----------------------------------------------+


