

================================================================
== Vitis HLS Report for 'bnn_layer2_xnor'
================================================================
* Date:           Tue Mar  3 21:35:16 2026

* Version:        2024.1 (Build 5069499 on May 21 2024)
* Project:        bnn_layer2_Stream_BRAM
* Solution:       hls (Vivado IP Flow Target)
* Product family: zynquplus
* Target device:  xczu3eg-sfvc784-2-e


================================================================
== Performance Estimates
================================================================
+ Timing: 
    * Summary: 
    +--------+---------+----------+------------+
    |  Clock |  Target | Estimated| Uncertainty|
    +--------+---------+----------+------------+
    |ap_clk  |  5.00 ns|  3.650 ns|     1.35 ns|
    +--------+---------+----------+------------+

+ Latency: 
    * Summary: 
    +---------+---------+----------+----------+-----+-----+---------+
    |  Latency (cycles) |  Latency (absolute) |  Interval | Pipeline|
    |   min   |   max   |    min   |    max   | min | max |   Type  |
    +---------+---------+----------+----------+-----+-----+---------+
    |      262|      269|  1.310 us|  1.345 us|  263|  270|       no|
    +---------+---------+----------+----------+-----+-----+---------+

    + Detail: 
        * Instance: 
        +-------------------------------------------------+--------------------------------------+---------+---------+----------+----------+-----+-----+-----------------------------------------------+
        |                                                 |                                      |  Latency (cycles) |  Latency (absolute) |  Interval |                    Pipeline                   |
        |                     Instance                    |                Module                |   min   |   max   |    min   |    max   | min | max |                      Type                     |
        +-------------------------------------------------+--------------------------------------+---------+---------+----------+----------+-----+-----+-----------------------------------------------+
        |grp_bnn_layer2_xnor_Pipeline_NEURON_LOOP_fu_123  |bnn_layer2_xnor_Pipeline_NEURON_LOOP  |      260|      260|  1.300 us|  1.300 us|  257|  257|  loop auto-rewind stp(delay=0 clock cycles(s))|
        |grp_bnn_layer2_xnor_Pipeline_LOAD_LOOP_fu_139    |bnn_layer2_xnor_Pipeline_LOAD_LOOP    |      259|      259|  1.295 us|  1.295 us|  257|  257|  loop auto-rewind stp(delay=0 clock cycles(s))|
        +-------------------------------------------------+--------------------------------------+---------+---------+----------+----------+-----+-----+-----------------------------------------------+

        * Loop: 
        N/A



================================================================
== Utilization Estimates
================================================================
* Summary: 
+-----------------+---------+-----+--------+-------+-----+
|       Name      | BRAM_18K| DSP |   FF   |  LUT  | URAM|
+-----------------+---------+-----+--------+-------+-----+
|DSP              |        -|    -|       -|      -|    -|
|Expression       |        -|    -|       0|      4|    -|
|FIFO             |        -|    -|       -|      -|    -|
|Instance         |       15|    -|    1928|   5108|    0|
|Memory           |        8|    -|       0|      0|    -|
|Multiplexer      |        -|    -|       0|    152|    -|
|Register         |        -|    -|     330|      -|    -|
+-----------------+---------+-----+--------+-------+-----+
|Total            |       23|    0|    2258|   5264|    0|
+-----------------+---------+-----+--------+-------+-----+
|Available        |      432|  360|  141120|  70560|    0|
+-----------------+---------+-----+--------+-------+-----+
|Utilization (%)  |        5|    0|       1|      7|    0|
+-----------------+---------+-----+--------+-------+-----+

+ Detail: 
    * Instance: 
    +-------------------------------------------------+--------------------------------------+---------+----+------+------+-----+
    |                     Instance                    |                Module                | BRAM_18K| DSP|  FF  |  LUT | URAM|
    +-------------------------------------------------+--------------------------------------+---------+----+------+------+-----+
    |grp_bnn_layer2_xnor_Pipeline_LOAD_LOOP_fu_139    |bnn_layer2_xnor_Pipeline_LOAD_LOOP    |        0|   0|   288|    82|    0|
    |grp_bnn_layer2_xnor_Pipeline_NEURON_LOOP_fu_123  |bnn_layer2_xnor_Pipeline_NEURON_LOOP  |        0|   0|   225|  3235|    0|
    |control_s_axi_U                                  |control_s_axi                         |        0|   0|   375|   682|    0|
    |gmem0_m_axi_U                                    |gmem0_m_axi                           |       15|   0|  1040|  1109|    0|
    +-------------------------------------------------+--------------------------------------+---------+----+------+------+-----+
    |Total                                            |                                      |       15|   0|  1928|  5108|    0|
    +-------------------------------------------------+--------------------------------------+---------+----+------+------+-----+

    * DSP: 
    N/A

    * Memory: 
    +-----------------+--------------------------------+---------+---+----+-----+------+-----+------+-------------+
    |      Memory     |             Module             | BRAM_18K| FF| LUT| URAM| Words| Bits| Banks| W*Bits*Banks|
    +-----------------+--------------------------------+---------+---+----+-----+------+-----+------+-------------+
    |local_weights_U  |local_weights_RAM_2P_BRAM_1R1W  |        8|  0|   0|    0|   256|  256|     1|        65536|
    +-----------------+--------------------------------+---------+---+----+-----+------+-----+------+-------------+
    |Total            |                                |        8|  0|   0|    0|   256|  256|     1|        65536|
    +-----------------+--------------------------------+---------+---+----+-----+------+-----+------+-------------+

    * FIFO: 
    N/A

    * Expression: 
    +----------------------------------------------------------------------+----------+----+---+----+------------+------------+
    |                             Variable Name                            | Operation| DSP| FF| LUT| Bitwidth P0| Bitwidth P1|
    +----------------------------------------------------------------------+----------+----+---+----+------------+------------+
    |ap_block_state12_on_subcall_done                                      |       and|   0|  0|   2|           1|           1|
    |grp_bnn_layer2_xnor_Pipeline_NEURON_LOOP_fu_123_output_stream_TREADY  |       and|   0|  0|   2|           1|           1|
    +----------------------------------------------------------------------+----------+----+---+----+------------+------------+
    |Total                                                                 |          |   0|  0|   4|           2|           2|
    +----------------------------------------------------------------------+----------+----+---+----+------------+------------+

    * Multiplexer: 
    +-------------------+----+-----------+-----+-----------+
    |        Name       | LUT| Input Size| Bits| Total Bits|
    +-------------------+----+-----------+-----+-----------+
    |ap_NS_fsm          |  65|         13|    1|         13|
    |gmem0_ARADDR       |  14|          3|   64|        192|
    |gmem0_ARLEN        |  14|          3|   32|         96|
    |gmem0_ARVALID      |  14|          3|    1|          3|
    |gmem0_RREADY       |   9|          2|    1|          2|
    |gmem0_blk_n_AR     |   9|          2|    1|          2|
    |local_weights_ce0  |   9|          2|    1|          2|
    |local_weights_ce1  |   9|          2|    1|          2|
    |local_weights_we1  |   9|          2|    1|          2|
    +-------------------+----+-----------+-----+-----------+
    |Total              | 152|         32|  103|        314|
    +-------------------+----+-----------+-----+-----------+

    * Register: 
    +--------------------------------------------------------------+-----+----+-----+-----------+
    |                             Name                             |  FF | LUT| Bits| Const Bits|
    +--------------------------------------------------------------+-----+----+-----+-----------+
    |ap_CS_fsm                                                     |   12|   0|   12|          0|
    |grp_bnn_layer2_xnor_Pipeline_LOAD_LOOP_fu_139_ap_start_reg    |    1|   0|    1|          0|
    |grp_bnn_layer2_xnor_Pipeline_NEURON_LOOP_fu_123_ap_start_reg  |    1|   0|    1|          0|
    |input_r_read_reg_172                                          |  256|   0|  256|          0|
    |load_weights_read_reg_168                                     |    1|   0|    1|          0|
    |trunc_ln_reg_177                                              |   59|   0|   59|          0|
    +--------------------------------------------------------------+-----+----+-----+-----------+
    |Total                                                         |  330|   0|  330|          0|
    +--------------------------------------------------------------+-----+----+-----+-----------+



================================================================
== Interface
================================================================
* Summary: 
+-----------------------+-----+-----+------------+------------------------+--------------+
|       RTL Ports       | Dir | Bits|  Protocol  |      Source Object     |    C Type    |
+-----------------------+-----+-----+------------+------------------------+--------------+
|s_axi_control_AWVALID  |   in|    1|       s_axi|                 control|        scalar|
|s_axi_control_AWREADY  |  out|    1|       s_axi|                 control|        scalar|
|s_axi_control_AWADDR   |   in|    7|       s_axi|                 control|        scalar|
|s_axi_control_WVALID   |   in|    1|       s_axi|                 control|        scalar|
|s_axi_control_WREADY   |  out|    1|       s_axi|                 control|        scalar|
|s_axi_control_WDATA    |   in|   32|       s_axi|                 control|        scalar|
|s_axi_control_WSTRB    |   in|    4|       s_axi|                 control|        scalar|
|s_axi_control_ARVALID  |   in|    1|       s_axi|                 control|        scalar|
|s_axi_control_ARREADY  |  out|    1|       s_axi|                 control|        scalar|
|s_axi_control_ARADDR   |   in|    7|       s_axi|                 control|        scalar|
|s_axi_control_RVALID   |  out|    1|       s_axi|                 control|        scalar|
|s_axi_control_RREADY   |   in|    1|       s_axi|                 control|        scalar|
|s_axi_control_RDATA    |  out|   32|       s_axi|                 control|        scalar|
|s_axi_control_RRESP    |  out|    2|       s_axi|                 control|        scalar|
|s_axi_control_BVALID   |  out|    1|       s_axi|                 control|        scalar|
|s_axi_control_BREADY   |   in|    1|       s_axi|                 control|        scalar|
|s_axi_control_BRESP    |  out|    2|       s_axi|                 control|        scalar|
|ap_clk                 |   in|    1|  ap_ctrl_hs|         bnn_layer2_xnor|  return value|
|ap_rst_n               |   in|    1|  ap_ctrl_hs|         bnn_layer2_xnor|  return value|
|interrupt              |  out|    1|  ap_ctrl_hs|         bnn_layer2_xnor|  return value|
|m_axi_gmem0_AWVALID    |  out|    1|       m_axi|                   gmem0|       pointer|
|m_axi_gmem0_AWREADY    |   in|    1|       m_axi|                   gmem0|       pointer|
|m_axi_gmem0_AWADDR     |  out|   64|       m_axi|                   gmem0|       pointer|
|m_axi_gmem0_AWID       |  out|    1|       m_axi|                   gmem0|       pointer|
|m_axi_gmem0_AWLEN      |  out|    8|       m_axi|                   gmem0|       pointer|
|m_axi_gmem0_AWSIZE     |  out|    3|       m_axi|                   gmem0|       pointer|
|m_axi_gmem0_AWBURST    |  out|    2|       m_axi|                   gmem0|       pointer|
|m_axi_gmem0_AWLOCK     |  out|    2|       m_axi|                   gmem0|       pointer|
|m_axi_gmem0_AWCACHE    |  out|    4|       m_axi|                   gmem0|       pointer|
|m_axi_gmem0_AWPROT     |  out|    3|       m_axi|                   gmem0|       pointer|
|m_axi_gmem0_AWQOS      |  out|    4|       m_axi|                   gmem0|       pointer|
|m_axi_gmem0_AWREGION   |  out|    4|       m_axi|                   gmem0|       pointer|
|m_axi_gmem0_AWUSER     |  out|    1|       m_axi|                   gmem0|       pointer|
|m_axi_gmem0_WVALID     |  out|    1|       m_axi|                   gmem0|       pointer|
|m_axi_gmem0_WREADY     |   in|    1|       m_axi|                   gmem0|       pointer|
|m_axi_gmem0_WDATA      |  out|  256|       m_axi|                   gmem0|       pointer|
|m_axi_gmem0_WSTRB      |  out|   32|       m_axi|                   gmem0|       pointer|
|m_axi_gmem0_WLAST      |  out|    1|       m_axi|                   gmem0|       pointer|
|m_axi_gmem0_WID        |  out|    1|       m_axi|                   gmem0|       pointer|
|m_axi_gmem0_WUSER      |  out|    1|       m_axi|                   gmem0|       pointer|
|m_axi_gmem0_ARVALID    |  out|    1|       m_axi|                   gmem0|       pointer|
|m_axi_gmem0_ARREADY    |   in|    1|       m_axi|                   gmem0|       pointer|
|m_axi_gmem0_ARADDR     |  out|   64|       m_axi|                   gmem0|       pointer|
|m_axi_gmem0_ARID       |  out|    1|       m_axi|                   gmem0|       pointer|
|m_axi_gmem0_ARLEN      |  out|    8|       m_axi|                   gmem0|       pointer|
|m_axi_gmem0_ARSIZE     |  out|    3|       m_axi|                   gmem0|       pointer|
|m_axi_gmem0_ARBURST    |  out|    2|       m_axi|                   gmem0|       pointer|
|m_axi_gmem0_ARLOCK     |  out|    2|       m_axi|                   gmem0|       pointer|
|m_axi_gmem0_ARCACHE    |  out|    4|       m_axi|                   gmem0|       pointer|
|m_axi_gmem0_ARPROT     |  out|    3|       m_axi|                   gmem0|       pointer|
|m_axi_gmem0_ARQOS      |  out|    4|       m_axi|                   gmem0|       pointer|
|m_axi_gmem0_ARREGION   |  out|    4|       m_axi|                   gmem0|       pointer|
|m_axi_gmem0_ARUSER     |  out|    1|       m_axi|                   gmem0|       pointer|
|m_axi_gmem0_RVALID     |   in|    1|       m_axi|                   gmem0|       pointer|
|m_axi_gmem0_RREADY     |  out|    1|       m_axi|                   gmem0|       pointer|
|m_axi_gmem0_RDATA      |   in|  256|       m_axi|                   gmem0|       pointer|
|m_axi_gmem0_RLAST      |   in|    1|       m_axi|                   gmem0|       pointer|
|m_axi_gmem0_RID        |   in|    1|       m_axi|                   gmem0|       pointer|
|m_axi_gmem0_RUSER      |   in|    1|       m_axi|                   gmem0|       pointer|
|m_axi_gmem0_RRESP      |   in|    2|       m_axi|                   gmem0|       pointer|
|m_axi_gmem0_BVALID     |   in|    1|       m_axi|                   gmem0|       pointer|
|m_axi_gmem0_BREADY     |  out|    1|       m_axi|                   gmem0|       pointer|
|m_axi_gmem0_BRESP      |   in|    2|       m_axi|                   gmem0|       pointer|
|m_axi_gmem0_BID        |   in|    1|       m_axi|                   gmem0|       pointer|
|m_axi_gmem0_BUSER      |   in|    1|       m_axi|                   gmem0|       pointer|
|output_stream_TDATA    |  out|   16|        axis|  output_stream_V_data_V|       pointer|
|output_stream_TVALID   |  out|    1|        axis|  output_stream_V_last_V|       pointer|
|output_stream_TREADY   |   in|    1|        axis|  output_stream_V_last_V|       pointer|
|output_stream_TLAST    |  out|    1|        axis|  output_stream_V_last_V|       pointer|
|output_stream_TKEEP    |  out|    2|        axis|  output_stream_V_keep_V|       pointer|
|output_stream_TSTRB    |  out|    2|        axis|  output_stream_V_strb_V|       pointer|
+-----------------------+-----+-----+------------+------------------------+--------------+

============================================================
+ Verbose Summary: Synthesis Manager
============================================================
InlineROM: 1
ExposeGlobal: 0
============================================================
+ Verbose Summary: CDFG Model
============================================================
IsTopModel: 1
ResetActiveHigh: 1
IsCombinational: 2
IsDatapathOnly: 2
HasWiredReturn: 1
HasMFsm: 0
HasVarLatency: 1
IsPipeline: 0
IsRtlPipelined: 0
IsInstanceOverlapped: 0
IsDontTouch: 0
HasImplIP: 0
IsGatedGlobalClock: 0


============================================================
+ Verbose Summary: Schedule
============================================================
* Number of FSM states : 12
* Pipeline : 0
* Dataflow Pipeline: 0

* FSM state transitions: 
1 --> 2 3 
2 --> 12 
3 --> 4 
4 --> 5 
5 --> 6 
6 --> 7 
7 --> 8 
8 --> 9 
9 --> 10 
10 --> 11 
11 --> 12 
12 --> 

* FSM state operations: 

State 1 <SV = 0> <Delay = 1.00>
ST_1 : Operation 13 [1/1] (0.00ns)   --->   "%spectopmodule_ln3 = spectopmodule void @_ssdm_op_SpecTopModule, void @empty_13" [bnn_layer2.cpp:3]   --->   Operation 13 'spectopmodule' 'spectopmodule_ln3' <Predicate = true> <Delay = 0.00>
ST_1 : Operation 14 [1/1] (0.00ns)   --->   "%specinterface_ln0 = specinterface void @_ssdm_op_SpecInterface, i256 %gmem0, void @empty, i32 0, i32 0, void @empty_0, i32 0, i32 256, void @empty_1, void @empty_2, void @empty_0, i32 16, i32 16, i32 16, i32 16, void @empty_0, void @empty_0, i32 4294967295, i32 0, i32 0"   --->   Operation 14 'specinterface' 'specinterface_ln0' <Predicate = true> <Delay = 0.00>
ST_1 : Operation 15 [1/1] (0.00ns)   --->   "%specbitsmap_ln0 = specbitsmap void @_ssdm_op_SpecBitsMap, i256 %gmem0"   --->   Operation 15 'specbitsmap' 'specbitsmap_ln0' <Predicate = true> <Delay = 0.00>
ST_1 : Operation 16 [1/1] (0.00ns)   --->   "%specinterface_ln0 = specinterface void @_ssdm_op_SpecInterface, i16 %output_stream_V_data_V, i2 %output_stream_V_keep_V, i2 %output_stream_V_strb_V, i1 %output_stream_V_last_V, void @empty_3, i32 1, i32 1, void @empty_4, i32 0, i32 0, void @empty_0, void @empty_0, void @empty_0, i32 0, i32 0, i32 0, i32 0, void @empty_0, void @empty_0, i32 4294967295, i32 0, i32 0"   --->   Operation 16 'specinterface' 'specinterface_ln0' <Predicate = true> <Delay = 0.00>
ST_1 : Operation 17 [1/1] (0.00ns)   --->   "%specbitsmap_ln0 = specbitsmap void @_ssdm_op_SpecBitsMap, i16 %output_stream_V_data_V"   --->   Operation 17 'specbitsmap' 'specbitsmap_ln0' <Predicate = true> <Delay = 0.00>
ST_1 : Operation 18 [1/1] (0.00ns)   --->   "%specbitsmap_ln0 = specbitsmap void @_ssdm_op_SpecBitsMap, i2 %output_stream_V_keep_V"   --->   Operation 18 'specbitsmap' 'specbitsmap_ln0' <Predicate = true> <Delay = 0.00>
ST_1 : Operation 19 [1/1] (0.00ns)   --->   "%specbitsmap_ln0 = specbitsmap void @_ssdm_op_SpecBitsMap, i2 %output_stream_V_strb_V"   --->   Operation 19 'specbitsmap' 'specbitsmap_ln0' <Predicate = true> <Delay = 0.00>
ST_1 : Operation 20 [1/1] (0.00ns)   --->   "%specbitsmap_ln0 = specbitsmap void @_ssdm_op_SpecBitsMap, i1 %output_stream_V_last_V"   --->   Operation 20 'specbitsmap' 'specbitsmap_ln0' <Predicate = true> <Delay = 0.00>
ST_1 : Operation 21 [1/1] (0.00ns)   --->   "%specbitsmap_ln0 = specbitsmap void @_ssdm_op_SpecBitsMap, i256 %input_r"   --->   Operation 21 'specbitsmap' 'specbitsmap_ln0' <Predicate = true> <Delay = 0.00>
ST_1 : Operation 22 [1/1] (0.00ns)   --->   "%specinterface_ln0 = specinterface void @_ssdm_op_SpecInterface, i256 %input_r, void @empty_5, i32 4294967295, i32 4294967295, void @empty_4, i32 0, i32 0, void @empty_6, void @empty_7, void @empty_0, i32 0, i32 0, i32 0, i32 0, void @empty_0, void @empty_0, i32 4294967295, i32 0, i32 0"   --->   Operation 22 'specinterface' 'specinterface_ln0' <Predicate = true> <Delay = 0.00>
ST_1 : Operation 23 [1/1] (0.00ns)   --->   "%specinterface_ln0 = specinterface void @_ssdm_op_SpecInterface, i256 %input_r, void @empty_8, i32 4294967295, i32 4294967295, void @empty_0, i32 0, i32 0, void @empty_0, void @empty_0, void @empty_0, i32 0, i32 0, i32 0, i32 0, void @empty_0, void @empty_0, i32 4294967295, i32 0, i32 0"   --->   Operation 23 'specinterface' 'specinterface_ln0' <Predicate = true> <Delay = 0.00>
ST_1 : Operation 24 [1/1] (0.00ns)   --->   "%specinterface_ln0 = specinterface void @_ssdm_op_SpecInterface, i64 %weights, void @empty_5, i32 0, i32 0, void @empty_0, i32 0, i32 0, void @empty_6, void @empty_9, void @empty_0, i32 0, i32 0, i32 0, i32 0, void @empty_0, void @empty_10, i32 4294967295, i32 0, i32 0"   --->   Operation 24 'specinterface' 'specinterface_ln0' <Predicate = true> <Delay = 0.00>
ST_1 : Operation 25 [1/1] (0.00ns)   --->   "%specinterface_ln0 = specinterface void @_ssdm_op_SpecInterface, i64 %weights, void @empty_8, i32 0, i32 0, void @empty_0, i32 0, i32 0, void @empty_0, void @empty_0, void @empty_0, i32 0, i32 0, i32 0, i32 0, void @empty_0, void @empty_10, i32 4294967295, i32 0, i32 0"   --->   Operation 25 'specinterface' 'specinterface_ln0' <Predicate = true> <Delay = 0.00>
ST_1 : Operation 26 [1/1] (0.00ns)   --->   "%specbitsmap_ln0 = specbitsmap void @_ssdm_op_SpecBitsMap, i1 %load_weights"   --->   Operation 26 'specbitsmap' 'specbitsmap_ln0' <Predicate = true> <Delay = 0.00>
ST_1 : Operation 27 [1/1] (0.00ns)   --->   "%specinterface_ln0 = specinterface void @_ssdm_op_SpecInterface, i1 %load_weights, void @empty_5, i32 4294967295, i32 4294967295, void @empty_4, i32 0, i32 0, void @empty_6, void @empty_11, void @empty_0, i32 0, i32 0, i32 0, i32 0, void @empty_0, void @empty_0, i32 4294967295, i32 0, i32 0"   --->   Operation 27 'specinterface' 'specinterface_ln0' <Predicate = true> <Delay = 0.00>
ST_1 : Operation 28 [1/1] (0.00ns)   --->   "%specinterface_ln0 = specinterface void @_ssdm_op_SpecInterface, i1 %load_weights, void @empty_8, i32 4294967295, i32 4294967295, void @empty_0, i32 0, i32 0, void @empty_0, void @empty_0, void @empty_0, i32 0, i32 0, i32 0, i32 0, void @empty_0, void @empty_0, i32 4294967295, i32 0, i32 0"   --->   Operation 28 'specinterface' 'specinterface_ln0' <Predicate = true> <Delay = 0.00>
ST_1 : Operation 29 [1/1] (0.00ns)   --->   "%specinterface_ln0 = specinterface void @_ssdm_op_SpecInterface, i32 0, void @empty_5, i32 0, i32 0, void @empty_0, i32 0, i32 0, void @empty_6, void @empty_0, void @empty_0, i32 0, i32 0, i32 0, i32 0, void @empty_0, void @empty_0, i32 4294967295, i32 0, i32 0"   --->   Operation 29 'specinterface' 'specinterface_ln0' <Predicate = true> <Delay = 0.00>
ST_1 : Operation 30 [1/1] (1.00ns)   --->   "%load_weights_read = read i1 @_ssdm_op_Read.s_axilite.i1, i1 %load_weights" [bnn_layer2.cpp:5]   --->   Operation 30 'read' 'load_weights_read' <Predicate = true> <Delay = 1.00> <CoreInst = "s_axilite">   --->   Core 120 's_axilite' <Latency = 0> <II = 1> <Delay = 1.00> <Adapter> <Opcode : 'read' 'write'>
ST_1 : Operation 31 [1/1] (1.00ns)   --->   "%weights_read = read i64 @_ssdm_op_Read.s_axilite.i64, i64 %weights" [bnn_layer2.cpp:5]   --->   Operation 31 'read' 'weights_read' <Predicate = true> <Delay = 1.00> <CoreInst = "s_axilite">   --->   Core 120 's_axilite' <Latency = 0> <II = 1> <Delay = 1.00> <Adapter> <Opcode : 'read' 'write'>
ST_1 : Operation 32 [1/1] (1.00ns)   --->   "%input_r_read = read i256 @_ssdm_op_Read.s_axilite.i256, i256 %input_r" [bnn_layer2.cpp:5]   --->   Operation 32 'read' 'input_r_read' <Predicate = true> <Delay = 1.00> <CoreInst = "s_axilite">   --->   Core 120 's_axilite' <Latency = 0> <II = 1> <Delay = 1.00> <Adapter> <Opcode : 'read' 'write'>
ST_1 : Operation 33 [1/1] (0.00ns)   --->   "%specmemcore_ln18 = specmemcore void @_ssdm_op_SpecMemCore, i256 %local_weights, i64 666, i64 22, i64 18446744073709551615" [bnn_layer2.cpp:18]   --->   Operation 33 'specmemcore' 'specmemcore_ln18' <Predicate = true> <Delay = 0.00>
ST_1 : Operation 34 [1/1] (0.00ns)   --->   "%specaxissidechannel_ln21 = specaxissidechannel void @_ssdm_op_SpecAXISSideChannel, i16 %output_stream_V_data_V, i2 %output_stream_V_keep_V, i2 %output_stream_V_strb_V, i1 0, i1 %output_stream_V_last_V, i1 0, i1 0, void @empty_12" [bnn_layer2.cpp:21]   --->   Operation 34 'specaxissidechannel' 'specaxissidechannel_ln21' <Predicate = true> <Delay = 0.00>
ST_1 : Operation 35 [1/1] (0.00ns)   --->   "%br_ln21 = br i1 %load_weights_read, void %POPCOUNT_LOOP.preheader, void %LOAD_LOOP" [bnn_layer2.cpp:21]   --->   Operation 35 'br' 'br_ln21' <Predicate = true> <Delay = 0.00>
ST_1 : Operation 36 [1/1] (0.00ns)   --->   "%empty = wait i32 @_ssdm_op_Wait"   --->   Operation 36 'wait' 'empty' <Predicate = (!load_weights_read)> <Delay = 0.00>
ST_1 : Operation 37 [2/2] (0.00ns)   --->   "%call_ln5 = call void @bnn_layer2_xnor_Pipeline_NEURON_LOOP, i256 %input_r_read, i16 %output_stream_V_data_V, i2 %output_stream_V_keep_V, i2 %output_stream_V_strb_V, i1 %output_stream_V_last_V, i256 %local_weights" [bnn_layer2.cpp:5]   --->   Operation 37 'call' 'call_ln5' <Predicate = (!load_weights_read)> <Delay = 0.00> <CoreType = "Generic">   --->   Core 0 '' <Latency = 0> <II = 1> <Delay = 1.00> <Generic> <Opcode : >
ST_1 : Operation 38 [1/1] (0.00ns)   --->   "%trunc_ln = partselect i59 @_ssdm_op_PartSelect.i59.i64.i32.i32, i64 %weights_read, i32 5, i32 63" [bnn_layer2.cpp:22]   --->   Operation 38 'partselect' 'trunc_ln' <Predicate = (load_weights_read)> <Delay = 0.00>

State 2 <SV = 1> <Delay = 2.00>
ST_2 : Operation 39 [1/2] (2.00ns)   --->   "%call_ln5 = call void @bnn_layer2_xnor_Pipeline_NEURON_LOOP, i256 %input_r_read, i16 %output_stream_V_data_V, i2 %output_stream_V_keep_V, i2 %output_stream_V_strb_V, i1 %output_stream_V_last_V, i256 %local_weights" [bnn_layer2.cpp:5]   --->   Operation 39 'call' 'call_ln5' <Predicate = true> <Delay = 2.00> <CoreType = "Generic">   --->   Core 0 '' <Latency = 0> <II = 1> <Delay = 1.00> <Generic> <Opcode : >
ST_2 : Operation 40 [1/1] (0.00ns)   --->   "%br_ln0 = br void %if.end30"   --->   Operation 40 'br' 'br_ln0' <Predicate = true> <Delay = 0.00>

State 3 <SV = 1> <Delay = 3.65>
ST_3 : Operation 41 [1/1] (0.00ns)   --->   "%sext_ln22 = sext i59 %trunc_ln" [bnn_layer2.cpp:22]   --->   Operation 41 'sext' 'sext_ln22' <Predicate = true> <Delay = 0.00>
ST_3 : Operation 42 [1/1] (0.00ns)   --->   "%gmem0_addr = getelementptr i256 %gmem0, i64 %sext_ln22" [bnn_layer2.cpp:22]   --->   Operation 42 'getelementptr' 'gmem0_addr' <Predicate = true> <Delay = 0.00>
ST_3 : Operation 43 [8/8] (3.65ns)   --->   "%empty_21 = readreq i1 @_ssdm_op_ReadReq.m_axi.p1i256, i64 %gmem0_addr, i64 256" [bnn_layer2.cpp:22]   --->   Operation 43 'readreq' 'empty_21' <Predicate = true> <Delay = 3.65> <CoreInst = "m_axi">   --->   Core 119 'm_axi' <Latency = 0> <II = 1> <Delay = 1.00> <Adapter> <Opcode : 'read' 'write' 'readreq' 'writereq' 'writeresp'>

State 4 <SV = 2> <Delay = 3.65>
ST_4 : Operation 44 [7/8] (3.65ns)   --->   "%empty_21 = readreq i1 @_ssdm_op_ReadReq.m_axi.p1i256, i64 %gmem0_addr, i64 256" [bnn_layer2.cpp:22]   --->   Operation 44 'readreq' 'empty_21' <Predicate = true> <Delay = 3.65> <CoreInst = "m_axi">   --->   Core 119 'm_axi' <Latency = 0> <II = 1> <Delay = 1.00> <Adapter> <Opcode : 'read' 'write' 'readreq' 'writereq' 'writeresp'>

State 5 <SV = 3> <Delay = 3.65>
ST_5 : Operation 45 [6/8] (3.65ns)   --->   "%empty_21 = readreq i1 @_ssdm_op_ReadReq.m_axi.p1i256, i64 %gmem0_addr, i64 256" [bnn_layer2.cpp:22]   --->   Operation 45 'readreq' 'empty_21' <Predicate = true> <Delay = 3.65> <CoreInst = "m_axi">   --->   Core 119 'm_axi' <Latency = 0> <II = 1> <Delay = 1.00> <Adapter> <Opcode : 'read' 'write' 'readreq' 'writereq' 'writeresp'>

State 6 <SV = 4> <Delay = 3.65>
ST_6 : Operation 46 [5/8] (3.65ns)   --->   "%empty_21 = readreq i1 @_ssdm_op_ReadReq.m_axi.p1i256, i64 %gmem0_addr, i64 256" [bnn_layer2.cpp:22]   --->   Operation 46 'readreq' 'empty_21' <Predicate = true> <Delay = 3.65> <CoreInst = "m_axi">   --->   Core 119 'm_axi' <Latency = 0> <II = 1> <Delay = 1.00> <Adapter> <Opcode : 'read' 'write' 'readreq' 'writereq' 'writeresp'>

State 7 <SV = 5> <Delay = 3.65>
ST_7 : Operation 47 [4/8] (3.65ns)   --->   "%empty_21 = readreq i1 @_ssdm_op_ReadReq.m_axi.p1i256, i64 %gmem0_addr, i64 256" [bnn_layer2.cpp:22]   --->   Operation 47 'readreq' 'empty_21' <Predicate = true> <Delay = 3.65> <CoreInst = "m_axi">   --->   Core 119 'm_axi' <Latency = 0> <II = 1> <Delay = 1.00> <Adapter> <Opcode : 'read' 'write' 'readreq' 'writereq' 'writeresp'>

State 8 <SV = 6> <Delay = 3.65>
ST_8 : Operation 48 [3/8] (3.65ns)   --->   "%empty_21 = readreq i1 @_ssdm_op_ReadReq.m_axi.p1i256, i64 %gmem0_addr, i64 256" [bnn_layer2.cpp:22]   --->   Operation 48 'readreq' 'empty_21' <Predicate = true> <Delay = 3.65> <CoreInst = "m_axi">   --->   Core 119 'm_axi' <Latency = 0> <II = 1> <Delay = 1.00> <Adapter> <Opcode : 'read' 'write' 'readreq' 'writereq' 'writeresp'>

State 9 <SV = 7> <Delay = 3.65>
ST_9 : Operation 49 [2/8] (3.65ns)   --->   "%empty_21 = readreq i1 @_ssdm_op_ReadReq.m_axi.p1i256, i64 %gmem0_addr, i64 256" [bnn_layer2.cpp:22]   --->   Operation 49 'readreq' 'empty_21' <Predicate = true> <Delay = 3.65> <CoreInst = "m_axi">   --->   Core 119 'm_axi' <Latency = 0> <II = 1> <Delay = 1.00> <Adapter> <Opcode : 'read' 'write' 'readreq' 'writereq' 'writeresp'>

State 10 <SV = 8> <Delay = 3.65>
ST_10 : Operation 50 [1/8] (3.65ns)   --->   "%empty_21 = readreq i1 @_ssdm_op_ReadReq.m_axi.p1i256, i64 %gmem0_addr, i64 256" [bnn_layer2.cpp:22]   --->   Operation 50 'readreq' 'empty_21' <Predicate = true> <Delay = 3.65> <CoreInst = "m_axi">   --->   Core 119 'm_axi' <Latency = 0> <II = 1> <Delay = 1.00> <Adapter> <Opcode : 'read' 'write' 'readreq' 'writereq' 'writeresp'>

State 11 <SV = 9> <Delay = 0.00>
ST_11 : Operation 51 [2/2] (0.00ns)   --->   "%call_ln22 = call void @bnn_layer2_xnor_Pipeline_LOAD_LOOP, i256 %gmem0, i59 %trunc_ln, i256 %local_weights" [bnn_layer2.cpp:22]   --->   Operation 51 'call' 'call_ln22' <Predicate = true> <Delay = 0.00> <CoreType = "Generic">   --->   Core 0 '' <Latency = 0> <II = 1> <Delay = 1.00> <Generic> <Opcode : >

State 12 <SV = 10> <Delay = 0.00>
ST_12 : Operation 52 [1/2] (0.00ns)   --->   "%call_ln22 = call void @bnn_layer2_xnor_Pipeline_LOAD_LOOP, i256 %gmem0, i59 %trunc_ln, i256 %local_weights" [bnn_layer2.cpp:22]   --->   Operation 52 'call' 'call_ln22' <Predicate = (load_weights_read)> <Delay = 0.00> <CoreType = "Generic">   --->   Core 0 '' <Latency = 0> <II = 1> <Delay = 1.00> <Generic> <Opcode : >
ST_12 : Operation 53 [1/1] (0.00ns)   --->   "%br_ln0 = br void %if.end30"   --->   Operation 53 'br' 'br_ln0' <Predicate = (load_weights_read)> <Delay = 0.00>
ST_12 : Operation 54 [1/1] (0.00ns)   --->   "%ret_ln51 = ret" [bnn_layer2.cpp:51]   --->   Operation 54 'ret' 'ret_ln51' <Predicate = true> <Delay = 0.00>


============================================================
+ Verbose Summary: Binding
============================================================
STG Binding: 
---------------- STG Properties BEGIN ----------------
- Is combinational: 0
- Is one-state seq: 0
- Is datapath-only: 0
- Is pipelined: 0
- Is top level: 1
Port [ Return ] is wired: 1; IO mode=ap_ctrl_hs:ce=0
Port [ gmem0]:  wired=1; compound=1; hidden=0; nouse=0; global=0; static=0; extern=0; dir=0; type=4; pingpong=0; private_global=0; IO mode=m_axi:ce=0
Port [ output_stream_V_data_V]:  wired=1; compound=1; hidden=0; nouse=0; global=0; static=0; extern=0; dir=1; type=0; pingpong=0; private_global=0; IO mode=axis:ce=0
Port [ output_stream_V_keep_V]:  wired=1; compound=1; hidden=0; nouse=0; global=0; static=0; extern=0; dir=1; type=0; pingpong=0; private_global=0; IO mode=axis:ce=0
Port [ output_stream_V_strb_V]:  wired=1; compound=1; hidden=0; nouse=0; global=0; static=0; extern=0; dir=1; type=0; pingpong=0; private_global=0; IO mode=axis:ce=0
Port [ output_stream_V_last_V]:  wired=1; compound=1; hidden=0; nouse=0; global=0; static=0; extern=0; dir=1; type=0; pingpong=0; private_global=0; IO mode=axis:ce=0
Port [ input_r]:  wired=1; compound=0; hidden=0; nouse=0; global=0; static=0; extern=0; dir=0; type=0; pingpong=0; private_global=0; IO mode=ap_none:ce=0
Port [ weights]:  wired=1; compound=0; hidden=0; nouse=0; global=0; static=0; extern=0; dir=0; type=0; pingpong=0; private_global=0; IO mode=ap_none:ce=0
Port [ load_weights]:  wired=1; compound=0; hidden=0; nouse=0; global=0; static=0; extern=0; dir=0; type=0; pingpong=0; private_global=0; IO mode=ap_none:ce=0
Port [ local_weights]:  wired=0; compound=1; hidden=1; nouse=0; global=1; static=1; extern=0; dir=2; type=1; pingpong=0; private_global=1; MemPort=[10]; IO mode=ap_memory:ce=0
---------------- STG Properties END ------------------

---------------- Datapath Model BEGIN ----------------

<LifeTime>
<method=bitvector/>
spectopmodule_ln3        (spectopmodule      ) [ 0000000000000]
specinterface_ln0        (specinterface      ) [ 0000000000000]
specbitsmap_ln0          (specbitsmap        ) [ 0000000000000]
specinterface_ln0        (specinterface      ) [ 0000000000000]
specbitsmap_ln0          (specbitsmap        ) [ 0000000000000]
specbitsmap_ln0          (specbitsmap        ) [ 0000000000000]
specbitsmap_ln0          (specbitsmap        ) [ 0000000000000]
specbitsmap_ln0          (specbitsmap        ) [ 0000000000000]
specbitsmap_ln0          (specbitsmap        ) [ 0000000000000]
specinterface_ln0        (specinterface      ) [ 0000000000000]
specinterface_ln0        (specinterface      ) [ 0000000000000]
specinterface_ln0        (specinterface      ) [ 0000000000000]
specinterface_ln0        (specinterface      ) [ 0000000000000]
specbitsmap_ln0          (specbitsmap        ) [ 0000000000000]
specinterface_ln0        (specinterface      ) [ 0000000000000]
specinterface_ln0        (specinterface      ) [ 0000000000000]
specinterface_ln0        (specinterface      ) [ 0000000000000]
load_weights_read        (read               ) [ 0111111111111]
weights_read             (read               ) [ 0000000000000]
input_r_read             (read               ) [ 0010000000000]
specmemcore_ln18         (specmemcore        ) [ 0000000000000]
specaxissidechannel_ln21 (specaxissidechannel) [ 0000000000000]
br_ln21                  (br                 ) [ 0000000000000]
empty                    (wait               ) [ 0000000000000]
trunc_ln                 (partselect         ) [ 0011111111111]
call_ln5                 (call               ) [ 0000000000000]
br_ln0                   (br                 ) [ 0000000000000]
sext_ln22                (sext               ) [ 0000000000000]
gmem0_addr               (getelementptr      ) [ 0000111111100]
empty_21                 (readreq            ) [ 0000000000000]
call_ln22                (call               ) [ 0000000000000]
br_ln0                   (br                 ) [ 0000000000000]
ret_ln51                 (ret                ) [ 0000000000000]
</LifeTime>

<model>

<comp_list>
<comp id="0" class="1000" name="gmem0">
<pin_list>
<pin id="1" dir="1" index="0" bw="1" slack="0"/>
</pin_list>
<bind>
<StgValue><ssdm name="gmem0"/></StgValue>
</bind>
</comp>

<comp id="2" class="1000" name="output_stream_V_data_V">
<pin_list>
<pin id="3" dir="1" index="0" bw="1" slack="0"/>
</pin_list>
<bind>
<StgValue><ssdm name="output_stream_V_data_V"/></StgValue>
</bind>
</comp>

<comp id="4" class="1000" name="output_stream_V_keep_V">
<pin_list>
<pin id="5" dir="1" index="0" bw="1" slack="0"/>
</pin_list>
<bind>
<StgValue><ssdm name="output_stream_V_keep_V"/></StgValue>
</bind>
</comp>

<comp id="6" class="1000" name="output_stream_V_strb_V">
<pin_list>
<pin id="7" dir="1" index="0" bw="1" slack="0"/>
</pin_list>
<bind>
<StgValue><ssdm name="output_stream_V_strb_V"/></StgValue>
</bind>
</comp>

<comp id="8" class="1000" name="output_stream_V_last_V">
<pin_list>
<pin id="9" dir="1" index="0" bw="1" slack="0"/>
</pin_list>
<bind>
<StgValue><ssdm name="output_stream_V_last_V"/></StgValue>
</bind>
</comp>

<comp id="10" class="1000" name="input_r">
<pin_list>
<pin id="11" dir="1" index="0" bw="1" slack="0"/>
</pin_list>
<bind>
<StgValue><ssdm name="input_r"/></StgValue>
</bind>
</comp>

<comp id="12" class="1000" name="weights">
<pin_list>
<pin id="13" dir="1" index="0" bw="1" slack="0"/>
</pin_list>
<bind>
<StgValue><ssdm name="weights"/></StgValue>
</bind>
</comp>

<comp id="14" class="1000" name="load_weights">
<pin_list>
<pin id="15" dir="1" index="0" bw="1" slack="0"/>
</pin_list>
<bind>
<StgValue><ssdm name="load_weights"/></StgValue>
</bind>
</comp>

<comp id="16" class="1000" name="local_weights">
<pin_list>
<pin id="17" dir="1" index="0" bw="1" slack="0"/>
</pin_list>
<bind>
<StgValue><ssdm name="local_weights"/><MemPortTyVec>1 0 </MemPortTyVec>
</StgValue>
</bind>
</comp>

<comp id="18" class="1001" name="const_18">
<pin_list>
<pin id="19" dir="1" index="0" bw="1" slack="2147483647"/>
</pin_list>
<bind>
<StgValue><ssdm name="_ssdm_op_SpecTopModule"/></StgValue>
</bind>
</comp>

<comp id="20" class="1001" name="const_20">
<pin_list>
<pin id="21" dir="1" index="0" bw="1" slack="2147483647"/>
</pin_list>
<bind>
<StgValue><ssdm name="empty_13"/></StgValue>
</bind>
</comp>

<comp id="22" class="1001" name="const_22">
<pin_list>
<pin id="23" dir="1" index="0" bw="1" slack="2147483647"/>
</pin_list>
<bind>
<StgValue><ssdm name="_ssdm_op_SpecInterface"/></StgValue>
</bind>
</comp>

<comp id="24" class="1001" name="const_24">
<pin_list>
<pin id="25" dir="1" index="0" bw="1" slack="2147483647"/>
</pin_list>
<bind>
<StgValue><ssdm name="empty"/></StgValue>
</bind>
</comp>

<comp id="26" class="1001" name="const_26">
<pin_list>
<pin id="27" dir="1" index="0" bw="1" slack="2147483647"/>
</pin_list>
<bind>
<StgValue><ssdm name=""/></StgValue>
</bind>
</comp>

<comp id="28" class="1001" name="const_28">
<pin_list>
<pin id="29" dir="1" index="0" bw="1" slack="2147483647"/>
</pin_list>
<bind>
<StgValue><ssdm name="empty_0"/></StgValue>
</bind>
</comp>

<comp id="30" class="1001" name="const_30">
<pin_list>
<pin id="31" dir="1" index="0" bw="1" slack="2147483647"/>
</pin_list>
<bind>
<StgValue><ssdm name=""/></StgValue>
</bind>
</comp>

<comp id="32" class="1001" name="const_32">
<pin_list>
<pin id="33" dir="1" index="0" bw="1" slack="2147483647"/>
</pin_list>
<bind>
<StgValue><ssdm name="empty_1"/></StgValue>
</bind>
</comp>

<comp id="34" class="1001" name="const_34">
<pin_list>
<pin id="35" dir="1" index="0" bw="1" slack="2147483647"/>
</pin_list>
<bind>
<StgValue><ssdm name="empty_2"/></StgValue>
</bind>
</comp>

<comp id="36" class="1001" name="const_36">
<pin_list>
<pin id="37" dir="1" index="0" bw="1" slack="2147483647"/>
</pin_list>
<bind>
<StgValue><ssdm name=""/></StgValue>
</bind>
</comp>

<comp id="38" class="1001" name="const_38">
<pin_list>
<pin id="39" dir="1" index="0" bw="1" slack="2147483647"/>
</pin_list>
<bind>
<StgValue><ssdm name=""/></StgValue>
</bind>
</comp>

<comp id="40" class="1001" name="const_40">
<pin_list>
<pin id="41" dir="1" index="0" bw="1" slack="2147483647"/>
</pin_list>
<bind>
<StgValue><ssdm name="_ssdm_op_SpecBitsMap"/></StgValue>
</bind>
</comp>

<comp id="42" class="1001" name="const_42">
<pin_list>
<pin id="43" dir="1" index="0" bw="1" slack="2147483647"/>
</pin_list>
<bind>
<StgValue><ssdm name="empty_3"/></StgValue>
</bind>
</comp>

<comp id="44" class="1001" name="const_44">
<pin_list>
<pin id="45" dir="1" index="0" bw="1" slack="2147483647"/>
</pin_list>
<bind>
<StgValue><ssdm name=""/></StgValue>
</bind>
</comp>

<comp id="46" class="1001" name="const_46">
<pin_list>
<pin id="47" dir="1" index="0" bw="1" slack="2147483647"/>
</pin_list>
<bind>
<StgValue><ssdm name="empty_4"/></StgValue>
</bind>
</comp>

<comp id="48" class="1001" name="const_48">
<pin_list>
<pin id="49" dir="1" index="0" bw="1" slack="2147483647"/>
</pin_list>
<bind>
<StgValue><ssdm name="empty_5"/></StgValue>
</bind>
</comp>

<comp id="50" class="1001" name="const_50">
<pin_list>
<pin id="51" dir="1" index="0" bw="1" slack="2147483647"/>
</pin_list>
<bind>
<StgValue><ssdm name="empty_6"/></StgValue>
</bind>
</comp>

<comp id="52" class="1001" name="const_52">
<pin_list>
<pin id="53" dir="1" index="0" bw="1" slack="2147483647"/>
</pin_list>
<bind>
<StgValue><ssdm name="empty_7"/></StgValue>
</bind>
</comp>

<comp id="54" class="1001" name="const_54">
<pin_list>
<pin id="55" dir="1" index="0" bw="1" slack="2147483647"/>
</pin_list>
<bind>
<StgValue><ssdm name="empty_8"/></StgValue>
</bind>
</comp>

<comp id="56" class="1001" name="const_56">
<pin_list>
<pin id="57" dir="1" index="0" bw="1" slack="2147483647"/>
</pin_list>
<bind>
<StgValue><ssdm name="empty_9"/></StgValue>
</bind>
</comp>

<comp id="58" class="1001" name="const_58">
<pin_list>
<pin id="59" dir="1" index="0" bw="1" slack="2147483647"/>
</pin_list>
<bind>
<StgValue><ssdm name="empty_10"/></StgValue>
</bind>
</comp>

<comp id="60" class="1001" name="const_60">
<pin_list>
<pin id="61" dir="1" index="0" bw="1" slack="2147483647"/>
</pin_list>
<bind>
<StgValue><ssdm name="empty_11"/></StgValue>
</bind>
</comp>

<comp id="62" class="1001" name="const_62">
<pin_list>
<pin id="63" dir="1" index="0" bw="1" slack="0"/>
</pin_list>
<bind>
<StgValue><ssdm name="_ssdm_op_Read.s_axilite.i1"/></StgValue>
</bind>
</comp>

<comp id="64" class="1001" name="const_64">
<pin_list>
<pin id="65" dir="1" index="0" bw="1" slack="0"/>
</pin_list>
<bind>
<StgValue><ssdm name="_ssdm_op_Read.s_axilite.i64"/></StgValue>
</bind>
</comp>

<comp id="66" class="1001" name="const_66">
<pin_list>
<pin id="67" dir="1" index="0" bw="1" slack="0"/>
</pin_list>
<bind>
<StgValue><ssdm name="_ssdm_op_Read.s_axilite.i256"/></StgValue>
</bind>
</comp>

<comp id="68" class="1001" name="const_68">
<pin_list>
<pin id="69" dir="1" index="0" bw="1" slack="2147483647"/>
</pin_list>
<bind>
<StgValue><ssdm name="_ssdm_op_SpecMemCore"/></StgValue>
</bind>
</comp>

<comp id="70" class="1001" name="const_70">
<pin_list>
<pin id="71" dir="1" index="0" bw="1" slack="2147483647"/>
</pin_list>
<bind>
<StgValue><ssdm name=""/></StgValue>
</bind>
</comp>

<comp id="72" class="1001" name="const_72">
<pin_list>
<pin id="73" dir="1" index="0" bw="1" slack="2147483647"/>
</pin_list>
<bind>
<StgValue><ssdm name=""/></StgValue>
</bind>
</comp>

<comp id="74" class="1001" name="const_74">
<pin_list>
<pin id="75" dir="1" index="0" bw="1" slack="2147483647"/>
</pin_list>
<bind>
<StgValue><ssdm name=""/></StgValue>
</bind>
</comp>

<comp id="76" class="1001" name="const_76">
<pin_list>
<pin id="77" dir="1" index="0" bw="1" slack="2147483647"/>
</pin_list>
<bind>
<StgValue><ssdm name="_ssdm_op_SpecAXISSideChannel"/></StgValue>
</bind>
</comp>

<comp id="78" class="1001" name="const_78">
<pin_list>
<pin id="79" dir="1" index="0" bw="1" slack="2147483647"/>
</pin_list>
<bind>
<StgValue><ssdm name=""/></StgValue>
</bind>
</comp>

<comp id="80" class="1001" name="const_80">
<pin_list>
<pin id="81" dir="1" index="0" bw="1" slack="2147483647"/>
</pin_list>
<bind>
<StgValue><ssdm name="empty_12"/></StgValue>
</bind>
</comp>

<comp id="82" class="1001" name="const_82">
<pin_list>
<pin id="83" dir="1" index="0" bw="1" slack="2147483647"/>
</pin_list>
<bind>
<StgValue><ssdm name="_ssdm_op_Wait"/></StgValue>
</bind>
</comp>

<comp id="84" class="1001" name="const_84">
<pin_list>
<pin id="85" dir="1" index="0" bw="1" slack="0"/>
</pin_list>
<bind>
<StgValue><ssdm name="bnn_layer2_xnor_Pipeline_NEURON_LOOP"/></StgValue>
</bind>
</comp>

<comp id="86" class="1001" name="const_86">
<pin_list>
<pin id="87" dir="1" index="0" bw="1" slack="0"/>
</pin_list>
<bind>
<StgValue><ssdm name="_ssdm_op_PartSelect.i59.i64.i32.i32"/></StgValue>
</bind>
</comp>

<comp id="88" class="1001" name="const_88">
<pin_list>
<pin id="89" dir="1" index="0" bw="1" slack="0"/>
</pin_list>
<bind>
<StgValue><ssdm name=""/></StgValue>
</bind>
</comp>

<comp id="90" class="1001" name="const_90">
<pin_list>
<pin id="91" dir="1" index="0" bw="1" slack="0"/>
</pin_list>
<bind>
<StgValue><ssdm name=""/></StgValue>
</bind>
</comp>

<comp id="92" class="1001" name="const_92">
<pin_list>
<pin id="93" dir="1" index="0" bw="1" slack="0"/>
</pin_list>
<bind>
<StgValue><ssdm name="_ssdm_op_ReadReq.m_axi.p1i256"/></StgValue>
</bind>
</comp>

<comp id="94" class="1001" name="const_94">
<pin_list>
<pin id="95" dir="1" index="0" bw="1" slack="0"/>
</pin_list>
<bind>
<StgValue><ssdm name=""/></StgValue>
</bind>
</comp>

<comp id="96" class="1001" name="const_96">
<pin_list>
<pin id="97" dir="1" index="0" bw="1" slack="0"/>
</pin_list>
<bind>
<StgValue><ssdm name="bnn_layer2_xnor_Pipeline_LOAD_LOOP"/></StgValue>
</bind>
</comp>

<comp id="98" class="1004" name="load_weights_read_read_fu_98">
<pin_list>
<pin id="99" dir="0" index="0" bw="1" slack="0"/>
<pin id="100" dir="0" index="1" bw="1" slack="0"/>
<pin id="101" dir="1" index="2" bw="1" slack="10"/>
</pin_list>
<bind>
<opcode="read(1150) " fcode="read"/>
<opset="load_weights_read/1 "/>
</bind>
</comp>

<comp id="104" class="1004" name="weights_read_read_fu_104">
<pin_list>
<pin id="105" dir="0" index="0" bw="64" slack="0"/>
<pin id="106" dir="0" index="1" bw="64" slack="0"/>
<pin id="107" dir="1" index="2" bw="64" slack="0"/>
</pin_list>
<bind>
<opcode="read(1150) " fcode="read"/>
<opset="weights_read/1 "/>
</bind>
</comp>

<comp id="110" class="1004" name="input_r_read_read_fu_110">
<pin_list>
<pin id="111" dir="0" index="0" bw="256" slack="0"/>
<pin id="112" dir="0" index="1" bw="256" slack="0"/>
<pin id="113" dir="1" index="2" bw="256" slack="0"/>
</pin_list>
<bind>
<opcode="read(1150) " fcode="read"/>
<opset="input_r_read/1 "/>
</bind>
</comp>

<comp id="116" class="1004" name="grp_readreq_fu_116">
<pin_list>
<pin id="117" dir="0" index="0" bw="1" slack="0"/>
<pin id="118" dir="0" index="1" bw="256" slack="0"/>
<pin id="119" dir="0" index="2" bw="10" slack="0"/>
<pin id="120" dir="1" index="3" bw="1" slack="2147483647"/>
</pin_list>
<bind>
<opcode="readreq(1154) " fcode="readreq"/>
<opset="empty_21/3 "/>
</bind>
</comp>

<comp id="123" class="1004" name="grp_bnn_layer2_xnor_Pipeline_NEURON_LOOP_fu_123">
<pin_list>
<pin id="124" dir="0" index="0" bw="0" slack="0"/>
<pin id="125" dir="0" index="1" bw="256" slack="0"/>
<pin id="126" dir="0" index="2" bw="16" slack="0"/>
<pin id="127" dir="0" index="3" bw="2" slack="0"/>
<pin id="128" dir="0" index="4" bw="2" slack="0"/>
<pin id="129" dir="0" index="5" bw="1" slack="0"/>
<pin id="130" dir="0" index="6" bw="256" slack="0"/>
<pin id="131" dir="1" index="7" bw="0" slack="2147483647"/>
</pin_list>
<bind>
<opcode="call(48) " fcode="call"/>
<opset="call_ln5/1 "/>
</bind>
</comp>

<comp id="139" class="1004" name="grp_bnn_layer2_xnor_Pipeline_LOAD_LOOP_fu_139">
<pin_list>
<pin id="140" dir="0" index="0" bw="0" slack="0"/>
<pin id="141" dir="0" index="1" bw="256" slack="0"/>
<pin id="142" dir="0" index="2" bw="59" slack="9"/>
<pin id="143" dir="0" index="3" bw="256" slack="0"/>
<pin id="144" dir="1" index="4" bw="0" slack="2147483647"/>
</pin_list>
<bind>
<opcode="call(48) " fcode="call"/>
<opset="call_ln22/11 "/>
</bind>
</comp>

<comp id="148" class="1004" name="trunc_ln_fu_148">
<pin_list>
<pin id="149" dir="0" index="0" bw="59" slack="0"/>
<pin id="150" dir="0" index="1" bw="64" slack="0"/>
<pin id="151" dir="0" index="2" bw="4" slack="0"/>
<pin id="152" dir="0" index="3" bw="7" slack="0"/>
<pin id="153" dir="1" index="4" bw="59" slack="1"/>
</pin_list>
<bind>
<opcode="partselect(1002) " fcode="partselect"/>
<opset="trunc_ln/1 "/>
</bind>
</comp>

<comp id="158" class="1004" name="sext_ln22_fu_158">
<pin_list>
<pin id="159" dir="0" index="0" bw="59" slack="1"/>
<pin id="160" dir="1" index="1" bw="64" slack="0"/>
</pin_list>
<bind>
<opcode="sext(35) " fcode="sext"/>
<opset="sext_ln22/3 "/>
</bind>
</comp>

<comp id="161" class="1004" name="gmem0_addr_fu_161">
<pin_list>
<pin id="162" dir="0" index="0" bw="64" slack="0"/>
<pin id="163" dir="0" index="1" bw="64" slack="0"/>
<pin id="164" dir="1" index="2" bw="64" slack="0"/>
</pin_list>
<bind>
<opcode="getelementptr(29) " fcode="getelementptr"/>
<opset="gmem0_addr/3 "/>
</bind>
</comp>

<comp id="168" class="1005" name="load_weights_read_reg_168">
<pin_list>
<pin id="169" dir="0" index="0" bw="1" slack="10"/>
<pin id="170" dir="1" index="1" bw="1" slack="2147483647"/>
</pin_list>
<bind>
<opset="load_weights_read "/>
</bind>
</comp>

<comp id="172" class="1005" name="input_r_read_reg_172">
<pin_list>
<pin id="173" dir="0" index="0" bw="256" slack="1"/>
<pin id="174" dir="1" index="1" bw="256" slack="1"/>
</pin_list>
<bind>
<opset="input_r_read "/>
</bind>
</comp>

<comp id="177" class="1005" name="trunc_ln_reg_177">
<pin_list>
<pin id="178" dir="0" index="0" bw="59" slack="1"/>
<pin id="179" dir="1" index="1" bw="59" slack="1"/>
</pin_list>
<bind>
<opset="trunc_ln "/>
</bind>
</comp>

<comp id="183" class="1005" name="gmem0_addr_reg_183">
<pin_list>
<pin id="184" dir="0" index="0" bw="256" slack="1"/>
<pin id="185" dir="1" index="1" bw="256" slack="1"/>
</pin_list>
<bind>
<opset="gmem0_addr "/>
</bind>
</comp>

</comp_list>

<net_list>
<net id="102"><net_src comp="62" pin="0"/><net_sink comp="98" pin=0"/></net>

<net id="103"><net_src comp="14" pin="0"/><net_sink comp="98" pin=1"/></net>

<net id="108"><net_src comp="64" pin="0"/><net_sink comp="104" pin=0"/></net>

<net id="109"><net_src comp="12" pin="0"/><net_sink comp="104" pin=1"/></net>

<net id="114"><net_src comp="66" pin="0"/><net_sink comp="110" pin=0"/></net>

<net id="115"><net_src comp="10" pin="0"/><net_sink comp="110" pin=1"/></net>

<net id="121"><net_src comp="92" pin="0"/><net_sink comp="116" pin=0"/></net>

<net id="122"><net_src comp="94" pin="0"/><net_sink comp="116" pin=2"/></net>

<net id="132"><net_src comp="84" pin="0"/><net_sink comp="123" pin=0"/></net>

<net id="133"><net_src comp="110" pin="2"/><net_sink comp="123" pin=1"/></net>

<net id="134"><net_src comp="2" pin="0"/><net_sink comp="123" pin=2"/></net>

<net id="135"><net_src comp="4" pin="0"/><net_sink comp="123" pin=3"/></net>

<net id="136"><net_src comp="6" pin="0"/><net_sink comp="123" pin=4"/></net>

<net id="137"><net_src comp="8" pin="0"/><net_sink comp="123" pin=5"/></net>

<net id="138"><net_src comp="16" pin="0"/><net_sink comp="123" pin=6"/></net>

<net id="145"><net_src comp="96" pin="0"/><net_sink comp="139" pin=0"/></net>

<net id="146"><net_src comp="0" pin="0"/><net_sink comp="139" pin=1"/></net>

<net id="147"><net_src comp="16" pin="0"/><net_sink comp="139" pin=3"/></net>

<net id="154"><net_src comp="86" pin="0"/><net_sink comp="148" pin=0"/></net>

<net id="155"><net_src comp="104" pin="2"/><net_sink comp="148" pin=1"/></net>

<net id="156"><net_src comp="88" pin="0"/><net_sink comp="148" pin=2"/></net>

<net id="157"><net_src comp="90" pin="0"/><net_sink comp="148" pin=3"/></net>

<net id="165"><net_src comp="0" pin="0"/><net_sink comp="161" pin=0"/></net>

<net id="166"><net_src comp="158" pin="1"/><net_sink comp="161" pin=1"/></net>

<net id="167"><net_src comp="161" pin="2"/><net_sink comp="116" pin=1"/></net>

<net id="171"><net_src comp="98" pin="2"/><net_sink comp="168" pin=0"/></net>

<net id="175"><net_src comp="110" pin="2"/><net_sink comp="172" pin=0"/></net>

<net id="176"><net_src comp="172" pin="1"/><net_sink comp="123" pin=1"/></net>

<net id="180"><net_src comp="148" pin="4"/><net_sink comp="177" pin=0"/></net>

<net id="181"><net_src comp="177" pin="1"/><net_sink comp="158" pin=0"/></net>

<net id="182"><net_src comp="177" pin="1"/><net_sink comp="139" pin=2"/></net>

<net id="186"><net_src comp="161" pin="2"/><net_sink comp="183" pin=0"/></net>

<net id="187"><net_src comp="183" pin="1"/><net_sink comp="116" pin=1"/></net>

</net_list>

</model> 
---------------- Datapath Model END ------------------

* FSMD analyzer results:
  - Output states:
	Port: output_stream_V_data_V | {1 2 }
	Port: output_stream_V_keep_V | {1 2 }
	Port: output_stream_V_strb_V | {1 2 }
	Port: output_stream_V_last_V | {1 2 }
	Port: local_weights | {11 12 }
 - Input state : 
	Port: bnn_layer2_xnor : gmem0 | {3 4 5 6 7 8 9 10 11 12 }
	Port: bnn_layer2_xnor : input_r | {1 }
	Port: bnn_layer2_xnor : weights | {1 }
	Port: bnn_layer2_xnor : load_weights | {1 }
	Port: bnn_layer2_xnor : local_weights | {1 2 }
  - Chain level:
	State 1
	State 2
	State 3
		gmem0_addr : 1
		empty_21 : 2
	State 4
	State 5
	State 6
	State 7
	State 8
	State 9
	State 10
	State 11
	State 12


============================================================
+ Verbose Summary: Datapath Resource usage 
============================================================

* Functional unit list:
|----------|-------------------------------------------------|---------|---------|---------|
| Operation|                 Functional Unit                 |  Delay  |    FF   |   LUT   |
|----------|-------------------------------------------------|---------|---------|---------|
|   call   | grp_bnn_layer2_xnor_Pipeline_NEURON_LOOP_fu_123 |  0.427  |   419   |   3017  |
|          |  grp_bnn_layer2_xnor_Pipeline_LOAD_LOOP_fu_139  |    0    |   339   |    32   |
|----------|-------------------------------------------------|---------|---------|---------|
|          |           load_weights_read_read_fu_98          |    0    |    0    |    0    |
|   read   |             weights_read_read_fu_104            |    0    |    0    |    0    |
|          |             input_r_read_read_fu_110            |    0    |    0    |    0    |
|----------|-------------------------------------------------|---------|---------|---------|
|  readreq |                grp_readreq_fu_116               |    0    |    0    |    0    |
|----------|-------------------------------------------------|---------|---------|---------|
|partselect|                 trunc_ln_fu_148                 |    0    |    0    |    0    |
|----------|-------------------------------------------------|---------|---------|---------|
|   sext   |                 sext_ln22_fu_158                |    0    |    0    |    0    |
|----------|-------------------------------------------------|---------|---------|---------|
|   Total  |                                                 |  0.427  |   758   |   3049  |
|----------|-------------------------------------------------|---------|---------|---------|

Memories:
+-------------+--------+--------+--------+
|             |  BRAM  |   FF   |   LUT  |
+-------------+--------+--------+--------+
|local_weights|    8   |    0   |    0   |
+-------------+--------+--------+--------+
|    Total    |    8   |    0   |    0   |
+-------------+--------+--------+--------+

* Register list:
+-------------------------+--------+
|                         |   FF   |
+-------------------------+--------+
|    gmem0_addr_reg_183   |   256  |
|   input_r_read_reg_172  |   256  |
|load_weights_read_reg_168|    1   |
|     trunc_ln_reg_177    |   59   |
+-------------------------+--------+
|          Total          |   572  |
+-------------------------+--------+

* Multiplexer (MUX) list: 
|-------------------------------------------------|------|------|------|--------||---------||---------||---------|
|                       Comp                      |  Pin | Size |  BW  | S x BW ||  Delay  ||    FF   ||   LUT   |
|-------------------------------------------------|------|------|------|--------||---------||---------||---------|
|                grp_readreq_fu_116               |  p1  |   2  |  256 |   512  ||    0    ||    9    |
| grp_bnn_layer2_xnor_Pipeline_NEURON_LOOP_fu_123 |  p1  |   2  |  256 |   512  ||    0    ||    9    |
|-------------------------------------------------|------|------|------|--------||---------||---------||---------|
|                      Total                      |      |      |      |  1024  ||  0.854  ||    0    ||    18   |
|-------------------------------------------------|------|------|------|--------||---------||---------||---------|



* Summary:
+-----------+--------+--------+--------+--------+
|           |  BRAM  |  Delay |   FF   |   LUT  |
+-----------+--------+--------+--------+--------+
|  Function |    -   |    0   |   758  |  3049  |
|   Memory  |    8   |    -   |    0   |    0   |
|Multiplexer|    -   |    0   |    0   |   18   |
|  Register |    -   |    -   |   572  |    -   |
+-----------+--------+--------+--------+--------+
|   Total   |    8   |    1   |  1330  |  3067  |
+-----------+--------+--------+--------+--------+
