

================================================================
== Vitis HLS Report for 'bnn_layer2_xnor'
================================================================
* Date:           Tue Mar  3 21:06:50 2026

* Version:        2024.1 (Build 5069499 on May 21 2024)
* Project:        bnn_layer2_BRAM
* Solution:       hls (Vivado IP Flow Target)
* Product family: zynquplus
* Target device:  xczu3eg-sfvc784-2-e


================================================================
== Performance Estimates
================================================================
+ Timing: 
    * Summary: 
    +--------+---------+----------+------------+
    |  Clock |  Target | Estimated| Uncertainty|
    +--------+---------+----------+------------+
    |ap_clk  |  5.00 ns|  3.650 ns|     1.35 ns|
    +--------+---------+----------+------------+

+ Latency: 
    * Summary: 
    +---------+---------+----------+----------+-----+-----+---------+
    |  Latency (cycles) |  Latency (absolute) |  Interval | Pipeline|
    |   min   |   max   |    min   |    max   | min | max |   Type  |
    +---------+---------+----------+----------+-----+-----+---------+
    |      269|      270|  1.345 us|  1.350 us|  270|  271|       no|
    +---------+---------+----------+----------+-----+-----+---------+

    + Detail: 
        * Instance: 
        N/A

        * Loop: 
        N/A

============================================================
+ Verbose Summary: Synthesis Manager
============================================================
InlineROM: 1
ExposeGlobal: 0
============================================================
+ Verbose Summary: CDFG Model
============================================================
IsTopModel: 1
ResetActiveHigh: 1
IsCombinational: 0
IsDatapathOnly: 0
HasWiredReturn: 1
HasMFsm: 0
HasVarLatency: 1
IsPipeline: 0
IsRtlPipelined: 0
IsInstanceOverlapped: 0
IsDontTouch: 0
HasImplIP: 0
IsGatedGlobalClock: 0


============================================================
+ Verbose Summary: Schedule
============================================================
* Number of FSM states : 19
* Pipeline : 0
* Dataflow Pipeline: 0

* FSM state transitions: 
1 --> 2 10 
2 --> 3 
3 --> 4 
4 --> 5 
5 --> 6 
6 --> 7 
7 --> 8 
8 --> 9 
9 --> 19 
10 --> 11 
11 --> 12 
12 --> 13 
13 --> 14 
14 --> 15 
15 --> 16 
16 --> 17 
17 --> 18 
18 --> 19 
19 --> 

* FSM state operations: 

State 1 <SV = 0> <Delay = 1.00>
ST_1 : Operation 20 [1/1] (0.00ns)   --->   "%spectopmodule_ln3 = spectopmodule void @_ssdm_op_SpecTopModule, void @empty_13" [bnn_layer2.cpp:3]   --->   Operation 20 'spectopmodule' 'spectopmodule_ln3' <Predicate = true> <Delay = 0.00>
ST_1 : Operation 21 [1/1] (0.00ns)   --->   "%specinterface_ln0 = specinterface void @_ssdm_op_SpecInterface, i16 %gmem0, void @empty, i32 0, i32 0, void @empty_0, i32 0, i32 256, void @empty_1, void @empty_2, void @empty_0, i32 16, i32 16, i32 16, i32 16, void @empty_0, void @empty_0, i32 4294967295, i32 0, i32 0"   --->   Operation 21 'specinterface' 'specinterface_ln0' <Predicate = true> <Delay = 0.00>
ST_1 : Operation 22 [1/1] (0.00ns)   --->   "%specbitsmap_ln0 = specbitsmap void @_ssdm_op_SpecBitsMap, i16 %gmem0"   --->   Operation 22 'specbitsmap' 'specbitsmap_ln0' <Predicate = true> <Delay = 0.00>
ST_1 : Operation 23 [1/1] (0.00ns)   --->   "%specinterface_ln0 = specinterface void @_ssdm_op_SpecInterface, i256 %gmem1, void @empty, i32 0, i32 0, void @empty_0, i32 0, i32 256, void @empty_3, void @empty_2, void @empty_0, i32 16, i32 16, i32 16, i32 16, void @empty_0, void @empty_0, i32 4294967295, i32 0, i32 0"   --->   Operation 23 'specinterface' 'specinterface_ln0' <Predicate = true> <Delay = 0.00>
ST_1 : Operation 24 [1/1] (0.00ns)   --->   "%specbitsmap_ln0 = specbitsmap void @_ssdm_op_SpecBitsMap, i256 %gmem1"   --->   Operation 24 'specbitsmap' 'specbitsmap_ln0' <Predicate = true> <Delay = 0.00>
ST_1 : Operation 25 [1/1] (0.00ns)   --->   "%specbitsmap_ln0 = specbitsmap void @_ssdm_op_SpecBitsMap, i256 %input_r"   --->   Operation 25 'specbitsmap' 'specbitsmap_ln0' <Predicate = true> <Delay = 0.00>
ST_1 : Operation 26 [1/1] (0.00ns)   --->   "%specinterface_ln0 = specinterface void @_ssdm_op_SpecInterface, i256 %input_r, void @empty_4, i32 4294967295, i32 4294967295, void @empty_5, i32 0, i32 0, void @empty_6, void @empty_7, void @empty_0, i32 0, i32 0, i32 0, i32 0, void @empty_0, void @empty_0, i32 4294967295, i32 0, i32 0"   --->   Operation 26 'specinterface' 'specinterface_ln0' <Predicate = true> <Delay = 0.00>
ST_1 : Operation 27 [1/1] (0.00ns)   --->   "%specinterface_ln0 = specinterface void @_ssdm_op_SpecInterface, i256 %input_r, void @empty_8, i32 4294967295, i32 4294967295, void @empty_0, i32 0, i32 0, void @empty_0, void @empty_0, void @empty_0, i32 0, i32 0, i32 0, i32 0, void @empty_0, void @empty_0, i32 4294967295, i32 0, i32 0"   --->   Operation 27 'specinterface' 'specinterface_ln0' <Predicate = true> <Delay = 0.00>
ST_1 : Operation 28 [1/1] (0.00ns)   --->   "%specinterface_ln0 = specinterface void @_ssdm_op_SpecInterface, i64 %output_r, void @empty_4, i32 0, i32 0, void @empty_0, i32 0, i32 0, void @empty_6, void @empty_9, void @empty_0, i32 0, i32 0, i32 0, i32 0, void @empty_0, void @empty_10, i32 4294967295, i32 0, i32 0"   --->   Operation 28 'specinterface' 'specinterface_ln0' <Predicate = true> <Delay = 0.00>
ST_1 : Operation 29 [1/1] (0.00ns)   --->   "%specinterface_ln0 = specinterface void @_ssdm_op_SpecInterface, i64 %output_r, void @empty_8, i32 0, i32 0, void @empty_0, i32 0, i32 0, void @empty_0, void @empty_0, void @empty_0, i32 0, i32 0, i32 0, i32 0, void @empty_0, void @empty_10, i32 4294967295, i32 0, i32 0"   --->   Operation 29 'specinterface' 'specinterface_ln0' <Predicate = true> <Delay = 0.00>
ST_1 : Operation 30 [1/1] (0.00ns)   --->   "%specinterface_ln0 = specinterface void @_ssdm_op_SpecInterface, i64 %weights, void @empty_4, i32 0, i32 0, void @empty_0, i32 0, i32 0, void @empty_6, void @empty_11, void @empty_0, i32 0, i32 0, i32 0, i32 0, void @empty_0, void @empty_10, i32 4294967295, i32 0, i32 0"   --->   Operation 30 'specinterface' 'specinterface_ln0' <Predicate = true> <Delay = 0.00>
ST_1 : Operation 31 [1/1] (0.00ns)   --->   "%specinterface_ln0 = specinterface void @_ssdm_op_SpecInterface, i64 %weights, void @empty_8, i32 0, i32 0, void @empty_0, i32 0, i32 0, void @empty_0, void @empty_0, void @empty_0, i32 0, i32 0, i32 0, i32 0, void @empty_0, void @empty_10, i32 4294967295, i32 0, i32 0"   --->   Operation 31 'specinterface' 'specinterface_ln0' <Predicate = true> <Delay = 0.00>
ST_1 : Operation 32 [1/1] (0.00ns)   --->   "%specbitsmap_ln0 = specbitsmap void @_ssdm_op_SpecBitsMap, i1 %load_weights"   --->   Operation 32 'specbitsmap' 'specbitsmap_ln0' <Predicate = true> <Delay = 0.00>
ST_1 : Operation 33 [1/1] (0.00ns)   --->   "%specinterface_ln0 = specinterface void @_ssdm_op_SpecInterface, i1 %load_weights, void @empty_4, i32 4294967295, i32 4294967295, void @empty_5, i32 0, i32 0, void @empty_6, void @empty_12, void @empty_0, i32 0, i32 0, i32 0, i32 0, void @empty_0, void @empty_0, i32 4294967295, i32 0, i32 0"   --->   Operation 33 'specinterface' 'specinterface_ln0' <Predicate = true> <Delay = 0.00>
ST_1 : Operation 34 [1/1] (0.00ns)   --->   "%specinterface_ln0 = specinterface void @_ssdm_op_SpecInterface, i1 %load_weights, void @empty_8, i32 4294967295, i32 4294967295, void @empty_0, i32 0, i32 0, void @empty_0, void @empty_0, void @empty_0, i32 0, i32 0, i32 0, i32 0, void @empty_0, void @empty_0, i32 4294967295, i32 0, i32 0"   --->   Operation 34 'specinterface' 'specinterface_ln0' <Predicate = true> <Delay = 0.00>
ST_1 : Operation 35 [1/1] (0.00ns)   --->   "%specinterface_ln0 = specinterface void @_ssdm_op_SpecInterface, i32 0, void @empty_4, i32 0, i32 0, void @empty_0, i32 0, i32 0, void @empty_6, void @empty_0, void @empty_0, i32 0, i32 0, i32 0, i32 0, void @empty_0, void @empty_0, i32 4294967295, i32 0, i32 0"   --->   Operation 35 'specinterface' 'specinterface_ln0' <Predicate = true> <Delay = 0.00>
ST_1 : Operation 36 [1/1] (1.00ns)   --->   "%load_weights_read = read i1 @_ssdm_op_Read.s_axilite.i1, i1 %load_weights" [bnn_layer2.cpp:4]   --->   Operation 36 'read' 'load_weights_read' <Predicate = true> <Delay = 1.00> <CoreInst = "s_axilite">   --->   Core 120 's_axilite' <Latency = 0> <II = 1> <Delay = 1.00> <Adapter> <Opcode : 'read' 'write'>
ST_1 : Operation 37 [1/1] (1.00ns)   --->   "%weights_read = read i64 @_ssdm_op_Read.s_axilite.i64, i64 %weights" [bnn_layer2.cpp:4]   --->   Operation 37 'read' 'weights_read' <Predicate = true> <Delay = 1.00> <CoreInst = "s_axilite">   --->   Core 120 's_axilite' <Latency = 0> <II = 1> <Delay = 1.00> <Adapter> <Opcode : 'read' 'write'>
ST_1 : Operation 38 [1/1] (1.00ns)   --->   "%output_r_read = read i64 @_ssdm_op_Read.s_axilite.i64, i64 %output_r" [bnn_layer2.cpp:4]   --->   Operation 38 'read' 'output_r_read' <Predicate = true> <Delay = 1.00> <CoreInst = "s_axilite">   --->   Core 120 's_axilite' <Latency = 0> <II = 1> <Delay = 1.00> <Adapter> <Opcode : 'read' 'write'>
ST_1 : Operation 39 [1/1] (1.00ns)   --->   "%input_r_read = read i256 @_ssdm_op_Read.s_axilite.i256, i256 %input_r" [bnn_layer2.cpp:4]   --->   Operation 39 'read' 'input_r_read' <Predicate = true> <Delay = 1.00> <CoreInst = "s_axilite">   --->   Core 120 's_axilite' <Latency = 0> <II = 1> <Delay = 1.00> <Adapter> <Opcode : 'read' 'write'>
ST_1 : Operation 40 [1/1] (0.00ns)   --->   "%specmemcore_ln18 = specmemcore void @_ssdm_op_SpecMemCore, i256 %local_weights, i64 666, i64 22, i64 18446744073709551615" [bnn_layer2.cpp:18]   --->   Operation 40 'specmemcore' 'specmemcore_ln18' <Predicate = true> <Delay = 0.00>
ST_1 : Operation 41 [1/1] (0.00ns)   --->   "%br_ln21 = br i1 %load_weights_read, void %NEURON_LOOP, void %LOAD_LOOP" [bnn_layer2.cpp:21]   --->   Operation 41 'br' 'br_ln21' <Predicate = true> <Delay = 0.00>
ST_1 : Operation 42 [1/1] (0.00ns)   --->   "%trunc_ln1 = partselect i63 @_ssdm_op_PartSelect.i63.i64.i32.i32, i64 %output_r_read, i32 1, i32 63" [bnn_layer2.cpp:30]   --->   Operation 42 'partselect' 'trunc_ln1' <Predicate = (!load_weights_read)> <Delay = 0.00>
ST_1 : Operation 43 [1/1] (0.00ns)   --->   "%trunc_ln = partselect i59 @_ssdm_op_PartSelect.i59.i64.i32.i32, i64 %weights_read, i32 5, i32 63" [bnn_layer2.cpp:22]   --->   Operation 43 'partselect' 'trunc_ln' <Predicate = (load_weights_read)> <Delay = 0.00>

State 2 <SV = 1> <Delay = 3.65>
ST_2 : Operation 44 [1/1] (0.00ns)   --->   "%sext_ln30 = sext i63 %trunc_ln1" [bnn_layer2.cpp:30]   --->   Operation 44 'sext' 'sext_ln30' <Predicate = true> <Delay = 0.00>
ST_2 : Operation 45 [1/1] (0.00ns)   --->   "%gmem0_addr = getelementptr i16 %gmem0, i64 %sext_ln30" [bnn_layer2.cpp:30]   --->   Operation 45 'getelementptr' 'gmem0_addr' <Predicate = true> <Delay = 0.00>
ST_2 : Operation 46 [1/1] (3.65ns)   --->   "%empty_21 = writereq i1 @_ssdm_op_WriteReq.m_axi.p1i16, i16 %gmem0_addr, i64 256" [bnn_layer2.cpp:30]   --->   Operation 46 'writereq' 'empty_21' <Predicate = true> <Delay = 3.65> <CoreInst = "m_axi">   --->   Core 119 'm_axi' <Latency = 0> <II = 1> <Delay = 1.00> <Adapter> <Opcode : 'read' 'write' 'readreq' 'writereq' 'writeresp'>

State 3 <SV = 2> <Delay = 0.00>
ST_3 : Operation 47 [2/2] (0.00ns)   --->   "%call_ln30 = call void @bnn_layer2_xnor_Pipeline_NEURON_LOOP, i16 %gmem0, i63 %trunc_ln1, i256 %input_r_read, i256 %local_weights" [bnn_layer2.cpp:30]   --->   Operation 47 'call' 'call_ln30' <Predicate = true> <Delay = 0.00> <CoreType = "Generic">   --->   Core 0 '' <Latency = 0> <II = 1> <Delay = 1.00> <Generic> <Opcode : >

State 4 <SV = 3> <Delay = 0.00>
ST_4 : Operation 48 [1/2] (0.00ns)   --->   "%call_ln30 = call void @bnn_layer2_xnor_Pipeline_NEURON_LOOP, i16 %gmem0, i63 %trunc_ln1, i256 %input_r_read, i256 %local_weights" [bnn_layer2.cpp:30]   --->   Operation 48 'call' 'call_ln30' <Predicate = true> <Delay = 0.00> <CoreType = "Generic">   --->   Core 0 '' <Latency = 0> <II = 1> <Delay = 1.00> <Generic> <Opcode : >

State 5 <SV = 4> <Delay = 3.65>
ST_5 : Operation 49 [5/5] (3.65ns)   --->   "%empty_22 = writeresp i1 @_ssdm_op_WriteResp.m_axi.p1i16, i16 %gmem0_addr" [bnn_layer2.cpp:46]   --->   Operation 49 'writeresp' 'empty_22' <Predicate = true> <Delay = 3.65> <CoreInst = "m_axi">   --->   Core 119 'm_axi' <Latency = 0> <II = 1> <Delay = 1.00> <Adapter> <Opcode : 'read' 'write' 'readreq' 'writereq' 'writeresp'>

State 6 <SV = 5> <Delay = 3.65>
ST_6 : Operation 50 [4/5] (3.65ns)   --->   "%empty_22 = writeresp i1 @_ssdm_op_WriteResp.m_axi.p1i16, i16 %gmem0_addr" [bnn_layer2.cpp:46]   --->   Operation 50 'writeresp' 'empty_22' <Predicate = true> <Delay = 3.65> <CoreInst = "m_axi">   --->   Core 119 'm_axi' <Latency = 0> <II = 1> <Delay = 1.00> <Adapter> <Opcode : 'read' 'write' 'readreq' 'writereq' 'writeresp'>

State 7 <SV = 6> <Delay = 3.65>
ST_7 : Operation 51 [3/5] (3.65ns)   --->   "%empty_22 = writeresp i1 @_ssdm_op_WriteResp.m_axi.p1i16, i16 %gmem0_addr" [bnn_layer2.cpp:46]   --->   Operation 51 'writeresp' 'empty_22' <Predicate = true> <Delay = 3.65> <CoreInst = "m_axi">   --->   Core 119 'm_axi' <Latency = 0> <II = 1> <Delay = 1.00> <Adapter> <Opcode : 'read' 'write' 'readreq' 'writereq' 'writeresp'>

State 8 <SV = 7> <Delay = 3.65>
ST_8 : Operation 52 [2/5] (3.65ns)   --->   "%empty_22 = writeresp i1 @_ssdm_op_WriteResp.m_axi.p1i16, i16 %gmem0_addr" [bnn_layer2.cpp:46]   --->   Operation 52 'writeresp' 'empty_22' <Predicate = true> <Delay = 3.65> <CoreInst = "m_axi">   --->   Core 119 'm_axi' <Latency = 0> <II = 1> <Delay = 1.00> <Adapter> <Opcode : 'read' 'write' 'readreq' 'writereq' 'writeresp'>

State 9 <SV = 8> <Delay = 3.65>
ST_9 : Operation 53 [1/5] (3.65ns)   --->   "%empty_22 = writeresp i1 @_ssdm_op_WriteResp.m_axi.p1i16, i16 %gmem0_addr" [bnn_layer2.cpp:46]   --->   Operation 53 'writeresp' 'empty_22' <Predicate = true> <Delay = 3.65> <CoreInst = "m_axi">   --->   Core 119 'm_axi' <Latency = 0> <II = 1> <Delay = 1.00> <Adapter> <Opcode : 'read' 'write' 'readreq' 'writereq' 'writeresp'>
ST_9 : Operation 54 [1/1] (0.00ns)   --->   "%br_ln46 = br void %if.end28" [bnn_layer2.cpp:46]   --->   Operation 54 'br' 'br_ln46' <Predicate = true> <Delay = 0.00>

State 10 <SV = 1> <Delay = 3.65>
ST_10 : Operation 55 [1/1] (0.00ns)   --->   "%sext_ln22 = sext i59 %trunc_ln" [bnn_layer2.cpp:22]   --->   Operation 55 'sext' 'sext_ln22' <Predicate = true> <Delay = 0.00>
ST_10 : Operation 56 [1/1] (0.00ns)   --->   "%gmem1_addr = getelementptr i256 %gmem1, i64 %sext_ln22" [bnn_layer2.cpp:22]   --->   Operation 56 'getelementptr' 'gmem1_addr' <Predicate = true> <Delay = 0.00>
ST_10 : Operation 57 [8/8] (3.65ns)   --->   "%empty = readreq i1 @_ssdm_op_ReadReq.m_axi.p1i256, i256 %gmem1_addr, i64 256" [bnn_layer2.cpp:22]   --->   Operation 57 'readreq' 'empty' <Predicate = true> <Delay = 3.65> <CoreInst = "m_axi">   --->   Core 119 'm_axi' <Latency = 0> <II = 1> <Delay = 1.00> <Adapter> <Opcode : 'read' 'write' 'readreq' 'writereq' 'writeresp'>

State 11 <SV = 2> <Delay = 3.65>
ST_11 : Operation 58 [7/8] (3.65ns)   --->   "%empty = readreq i1 @_ssdm_op_ReadReq.m_axi.p1i256, i256 %gmem1_addr, i64 256" [bnn_layer2.cpp:22]   --->   Operation 58 'readreq' 'empty' <Predicate = true> <Delay = 3.65> <CoreInst = "m_axi">   --->   Core 119 'm_axi' <Latency = 0> <II = 1> <Delay = 1.00> <Adapter> <Opcode : 'read' 'write' 'readreq' 'writereq' 'writeresp'>

State 12 <SV = 3> <Delay = 3.65>
ST_12 : Operation 59 [6/8] (3.65ns)   --->   "%empty = readreq i1 @_ssdm_op_ReadReq.m_axi.p1i256, i256 %gmem1_addr, i64 256" [bnn_layer2.cpp:22]   --->   Operation 59 'readreq' 'empty' <Predicate = true> <Delay = 3.65> <CoreInst = "m_axi">   --->   Core 119 'm_axi' <Latency = 0> <II = 1> <Delay = 1.00> <Adapter> <Opcode : 'read' 'write' 'readreq' 'writereq' 'writeresp'>

State 13 <SV = 4> <Delay = 3.65>
ST_13 : Operation 60 [5/8] (3.65ns)   --->   "%empty = readreq i1 @_ssdm_op_ReadReq.m_axi.p1i256, i256 %gmem1_addr, i64 256" [bnn_layer2.cpp:22]   --->   Operation 60 'readreq' 'empty' <Predicate = true> <Delay = 3.65> <CoreInst = "m_axi">   --->   Core 119 'm_axi' <Latency = 0> <II = 1> <Delay = 1.00> <Adapter> <Opcode : 'read' 'write' 'readreq' 'writereq' 'writeresp'>

State 14 <SV = 5> <Delay = 3.65>
ST_14 : Operation 61 [4/8] (3.65ns)   --->   "%empty = readreq i1 @_ssdm_op_ReadReq.m_axi.p1i256, i256 %gmem1_addr, i64 256" [bnn_layer2.cpp:22]   --->   Operation 61 'readreq' 'empty' <Predicate = true> <Delay = 3.65> <CoreInst = "m_axi">   --->   Core 119 'm_axi' <Latency = 0> <II = 1> <Delay = 1.00> <Adapter> <Opcode : 'read' 'write' 'readreq' 'writereq' 'writeresp'>

State 15 <SV = 6> <Delay = 3.65>
ST_15 : Operation 62 [3/8] (3.65ns)   --->   "%empty = readreq i1 @_ssdm_op_ReadReq.m_axi.p1i256, i256 %gmem1_addr, i64 256" [bnn_layer2.cpp:22]   --->   Operation 62 'readreq' 'empty' <Predicate = true> <Delay = 3.65> <CoreInst = "m_axi">   --->   Core 119 'm_axi' <Latency = 0> <II = 1> <Delay = 1.00> <Adapter> <Opcode : 'read' 'write' 'readreq' 'writereq' 'writeresp'>

State 16 <SV = 7> <Delay = 3.65>
ST_16 : Operation 63 [2/8] (3.65ns)   --->   "%empty = readreq i1 @_ssdm_op_ReadReq.m_axi.p1i256, i256 %gmem1_addr, i64 256" [bnn_layer2.cpp:22]   --->   Operation 63 'readreq' 'empty' <Predicate = true> <Delay = 3.65> <CoreInst = "m_axi">   --->   Core 119 'm_axi' <Latency = 0> <II = 1> <Delay = 1.00> <Adapter> <Opcode : 'read' 'write' 'readreq' 'writereq' 'writeresp'>

State 17 <SV = 8> <Delay = 3.65>
ST_17 : Operation 64 [1/8] (3.65ns)   --->   "%empty = readreq i1 @_ssdm_op_ReadReq.m_axi.p1i256, i256 %gmem1_addr, i64 256" [bnn_layer2.cpp:22]   --->   Operation 64 'readreq' 'empty' <Predicate = true> <Delay = 3.65> <CoreInst = "m_axi">   --->   Core 119 'm_axi' <Latency = 0> <II = 1> <Delay = 1.00> <Adapter> <Opcode : 'read' 'write' 'readreq' 'writereq' 'writeresp'>

State 18 <SV = 9> <Delay = 0.00>
ST_18 : Operation 65 [2/2] (0.00ns)   --->   "%call_ln22 = call void @bnn_layer2_xnor_Pipeline_LOAD_LOOP, i256 %gmem1, i59 %trunc_ln, i256 %local_weights" [bnn_layer2.cpp:22]   --->   Operation 65 'call' 'call_ln22' <Predicate = true> <Delay = 0.00> <CoreType = "Generic">   --->   Core 0 '' <Latency = 0> <II = 1> <Delay = 1.00> <Generic> <Opcode : >

State 19 <SV = 10> <Delay = 0.00>
ST_19 : Operation 66 [1/2] (0.00ns)   --->   "%call_ln22 = call void @bnn_layer2_xnor_Pipeline_LOAD_LOOP, i256 %gmem1, i59 %trunc_ln, i256 %local_weights" [bnn_layer2.cpp:22]   --->   Operation 66 'call' 'call_ln22' <Predicate = (load_weights_read)> <Delay = 0.00> <CoreType = "Generic">   --->   Core 0 '' <Latency = 0> <II = 1> <Delay = 1.00> <Generic> <Opcode : >
ST_19 : Operation 67 [1/1] (0.00ns)   --->   "%br_ln0 = br void %if.end28"   --->   Operation 67 'br' 'br_ln0' <Predicate = (load_weights_read)> <Delay = 0.00>
ST_19 : Operation 68 [1/1] (0.00ns)   --->   "%ret_ln46 = ret" [bnn_layer2.cpp:46]   --->   Operation 68 'ret' 'ret_ln46' <Predicate = true> <Delay = 0.00>


============================================================
+ Verbose Summary: Timing violations
============================================================
Target clock period: 5.000ns, clock uncertainty: 1.350ns.

 <State 1>: 1.000ns
The critical path consists of the following:
	s_axi read operation ('output_r_read', bnn_layer2.cpp:4) on port 'output_r' (bnn_layer2.cpp:4) [26]  (1.000 ns)

 <State 2>: 3.650ns
The critical path consists of the following:
	'getelementptr' operation 16 bit ('gmem0_addr', bnn_layer2.cpp:30) [33]  (0.000 ns)
	bus request operation ('empty_21', bnn_layer2.cpp:30) on port 'gmem0' (bnn_layer2.cpp:30) [34]  (3.650 ns)

 <State 3>: 0.000ns
The critical path consists of the following:

 <State 4>: 0.000ns
The critical path consists of the following:

 <State 5>: 3.650ns
The critical path consists of the following:
	bus response operation ('empty_22', bnn_layer2.cpp:46) on port 'gmem0' (bnn_layer2.cpp:46) [36]  (3.650 ns)

 <State 6>: 3.650ns
The critical path consists of the following:
	bus response operation ('empty_22', bnn_layer2.cpp:46) on port 'gmem0' (bnn_layer2.cpp:46) [36]  (3.650 ns)

 <State 7>: 3.650ns
The critical path consists of the following:
	bus response operation ('empty_22', bnn_layer2.cpp:46) on port 'gmem0' (bnn_layer2.cpp:46) [36]  (3.650 ns)

 <State 8>: 3.650ns
The critical path consists of the following:
	bus response operation ('empty_22', bnn_layer2.cpp:46) on port 'gmem0' (bnn_layer2.cpp:46) [36]  (3.650 ns)

 <State 9>: 3.650ns
The critical path consists of the following:
	bus response operation ('empty_22', bnn_layer2.cpp:46) on port 'gmem0' (bnn_layer2.cpp:46) [36]  (3.650 ns)

 <State 10>: 3.650ns
The critical path consists of the following:
	'getelementptr' operation 256 bit ('gmem1_addr', bnn_layer2.cpp:22) [41]  (0.000 ns)
	bus request operation ('empty', bnn_layer2.cpp:22) on port 'gmem1' (bnn_layer2.cpp:22) [42]  (3.650 ns)

 <State 11>: 3.650ns
The critical path consists of the following:
	bus request operation ('empty', bnn_layer2.cpp:22) on port 'gmem1' (bnn_layer2.cpp:22) [42]  (3.650 ns)

 <State 12>: 3.650ns
The critical path consists of the following:
	bus request operation ('empty', bnn_layer2.cpp:22) on port 'gmem1' (bnn_layer2.cpp:22) [42]  (3.650 ns)

 <State 13>: 3.650ns
The critical path consists of the following:
	bus request operation ('empty', bnn_layer2.cpp:22) on port 'gmem1' (bnn_layer2.cpp:22) [42]  (3.650 ns)

 <State 14>: 3.650ns
The critical path consists of the following:
	bus request operation ('empty', bnn_layer2.cpp:22) on port 'gmem1' (bnn_layer2.cpp:22) [42]  (3.650 ns)

 <State 15>: 3.650ns
The critical path consists of the following:
	bus request operation ('empty', bnn_layer2.cpp:22) on port 'gmem1' (bnn_layer2.cpp:22) [42]  (3.650 ns)

 <State 16>: 3.650ns
The critical path consists of the following:
	bus request operation ('empty', bnn_layer2.cpp:22) on port 'gmem1' (bnn_layer2.cpp:22) [42]  (3.650 ns)

 <State 17>: 3.650ns
The critical path consists of the following:
	bus request operation ('empty', bnn_layer2.cpp:22) on port 'gmem1' (bnn_layer2.cpp:22) [42]  (3.650 ns)

 <State 18>: 0.000ns
The critical path consists of the following:

 <State 19>: 0.000ns
The critical path consists of the following:


============================================================
+ Verbose Summary: Binding
============================================================
N/A
* FSMD analyzer results:
  - Output states:
 - Input state : 
  - Chain level:
	State 1
	State 2
	State 3
	State 4
	State 5
	State 6
	State 7
	State 8
	State 9
	State 10
	State 11
	State 12
	State 13
	State 14
	State 15
	State 16
	State 17
	State 18
	State 19


============================================================
+ Verbose Summary: Datapath Resource usage 
============================================================
N/A
